[2.487s] Invoking command in '/home/josea/ros2_ws/src/challenge01': PYTHONPATH=/home/josea/ros2_ws/build/challenge01/prefix_override:/usr/lib/python3/dist-packages/colcon_core/task/python/colcon_distutils_commands:/home/josea/ros2_ws/install/challenge01/lib/python3.10/site-packages:${PYTHONPATH} /usr/bin/python3 -W ignore:setup.py install is deprecated -W ignore:easy_install command is deprecated setup.py egg_info --egg-base ../../build/challenge01 build --build-base /home/josea/ros2_ws/build/challenge01/build install --record /home/josea/ros2_ws/build/challenge01/install.log --single-version-externally-managed install_data
[3.992s] running egg_info
[3.992s] writing ../../build/challenge01/challenge01.egg-info/PKG-INFO
[3.995s] writing dependency_links to ../../build/challenge01/challenge01.egg-info/dependency_links.txt
[3.995s] writing entry points to ../../build/challenge01/challenge01.egg-info/entry_points.txt
[3.996s] writing requirements to ../../build/challenge01/challenge01.egg-info/requires.txt
[3.997s] writing top-level names to ../../build/challenge01/challenge01.egg-info/top_level.txt
[4.006s] reading manifest file '../../build/challenge01/challenge01.egg-info/SOURCES.txt'
[4.014s] writing manifest file '../../build/challenge01/challenge01.egg-info/SOURCES.txt'
[4.014s] running build
[4.015s] running build_py
[4.019s] running install
[4.019s] running install_lib
[4.028s] running install_data
[4.029s] running install_egg_info
[4.037s] removing '/home/josea/ros2_ws/install/challenge01/lib/python3.10/site-packages/challenge01-0.0.0-py3.10.egg-info' (and everything under it)
[4.037s] Copying ../../build/challenge01/challenge01.egg-info to /home/josea/ros2_ws/install/challenge01/lib/python3.10/site-packages/challenge01-0.0.0-py3.10.egg-info
[4.042s] running install_scripts
[4.118s] Installing proccess script to /home/josea/ros2_ws/install/challenge01/lib/challenge01
[4.121s] Installing signal_generetor script to /home/josea/ros2_ws/install/challenge01/lib/challenge01
[4.130s] writing list of installed files to '/home/josea/ros2_ws/build/challenge01/install.log'
[4.279s] Invoked command in '/home/josea/ros2_ws/src/challenge01' returned '0': PYTHONPATH=/home/josea/ros2_ws/build/challenge01/prefix_override:/usr/lib/python3/dist-packages/colcon_core/task/python/colcon_distutils_commands:/home/josea/ros2_ws/install/challenge01/lib/python3.10/site-packages:${PYTHONPATH} /usr/bin/python3 -W ignore:setup.py install is deprecated -W ignore:easy_install command is deprecated setup.py egg_info --egg-base ../../build/challenge01 build --build-base /home/josea/ros2_ws/build/challenge01/build install --record /home/josea/ros2_ws/build/challenge01/install.log --single-version-externally-managed install_data
