[2.567s] Invoking command in '/home/josea/ros2_ws/src/basic_comms': PYTHONPATH=/home/josea/ros2_ws/build/basic_comms/prefix_override:/usr/lib/python3/dist-packages/colcon_core/task/python/colcon_distutils_commands:/home/josea/ros2_ws/install/basic_comms/lib/python3.10/site-packages:${PYTHONPATH} /usr/bin/python3 -W ignore:setup.py install is deprecated -W ignore:easy_install command is deprecated setup.py egg_info --egg-base ../../build/basic_comms build --build-base /home/josea/ros2_ws/build/basic_comms/build install --record /home/josea/ros2_ws/build/basic_comms/install.log --single-version-externally-managed install_data
[3.346s] running egg_info
[3.348s] writing ../../build/basic_comms/basic_comms.egg-info/PKG-INFO
[3.350s] writing dependency_links to ../../build/basic_comms/basic_comms.egg-info/dependency_links.txt
[3.351s] writing entry points to ../../build/basic_comms/basic_comms.egg-info/entry_points.txt
[3.353s] writing requirements to ../../build/basic_comms/basic_comms.egg-info/requires.txt
[3.353s] writing top-level names to ../../build/basic_comms/basic_comms.egg-info/top_level.txt
[3.364s] reading manifest file '../../build/basic_comms/basic_comms.egg-info/SOURCES.txt'
[3.371s] writing manifest file '../../build/basic_comms/basic_comms.egg-info/SOURCES.txt'
[3.371s] running build
[3.371s] running build_py
[3.376s] running install
[3.376s] running install_lib
[3.381s] running install_data
[3.382s] running install_egg_info
[3.389s] removing '/home/josea/ros2_ws/install/basic_comms/lib/python3.10/site-packages/basic_comms-0.0.0-py3.10.egg-info' (and everything under it)
[3.391s] Copying ../../build/basic_comms/basic_comms.egg-info to /home/josea/ros2_ws/install/basic_comms/lib/python3.10/site-packages/basic_comms-0.0.0-py3.10.egg-info
[3.393s] running install_scripts
[3.461s] Installing talker script to /home/josea/ros2_ws/install/basic_comms/lib/basic_comms
[3.463s] writing list of installed files to '/home/josea/ros2_ws/build/basic_comms/install.log'
[3.555s] Invoked command in '/home/josea/ros2_ws/src/basic_comms' returned '0': PYTHONPATH=/home/josea/ros2_ws/build/basic_comms/prefix_override:/usr/lib/python3/dist-packages/colcon_core/task/python/colcon_distutils_commands:/home/josea/ros2_ws/install/basic_comms/lib/python3.10/site-packages:${PYTHONPATH} /usr/bin/python3 -W ignore:setup.py install is deprecated -W ignore:easy_install command is deprecated setup.py egg_info --egg-base ../../build/basic_comms build --build-base /home/josea/ros2_ws/build/basic_comms/build install --record /home/josea/ros2_ws/build/basic_comms/install.log --single-version-externally-managed install_data
