[2.807s] Invoking command in '/home/josea/ros2_ws/src/motor_control': PYTHONPATH=/home/josea/ros2_ws/build/motor_control/prefix_override:/usr/lib/python3/dist-packages/colcon_core/task/python/colcon_distutils_commands:/home/josea/ros2_ws/install/motor_control/lib/python3.10/site-packages:${PYTHONPATH} /usr/bin/python3 -W ignore:setup.py install is deprecated -W ignore:easy_install command is deprecated setup.py egg_info --egg-base ../../build/motor_control build --build-base /home/josea/ros2_ws/build/motor_control/build install --record /home/josea/ros2_ws/build/motor_control/install.log --single-version-externally-managed install_data
[3.596s] running egg_info
[3.599s] writing ../../build/motor_control/motor_control.egg-info/PKG-INFO
[3.600s] writing dependency_links to ../../build/motor_control/motor_control.egg-info/dependency_links.txt
[3.608s] writing entry points to ../../build/motor_control/motor_control.egg-info/entry_points.txt
[3.610s] writing requirements to ../../build/motor_control/motor_control.egg-info/requires.txt
[3.610s] writing top-level names to ../../build/motor_control/motor_control.egg-info/top_level.txt
[3.617s] reading manifest file '../../build/motor_control/motor_control.egg-info/SOURCES.txt'
[3.617s] adding license file 'LICENSE'
[3.620s] writing manifest file '../../build/motor_control/motor_control.egg-info/SOURCES.txt'
[3.622s] running build
[3.622s] running build_py
[3.622s] running install
[3.624s] running install_lib
[3.630s] running install_data
[3.633s] running install_egg_info
[3.637s] removing '/home/josea/ros2_ws/install/motor_control/lib/python3.10/site-packages/motor_control-0.0.0-py3.10.egg-info' (and everything under it)
[3.641s] Copying ../../build/motor_control/motor_control.egg-info to /home/josea/ros2_ws/install/motor_control/lib/python3.10/site-packages/motor_control-0.0.0-py3.10.egg-info
[3.649s] running install_scripts
[3.714s] Installing dc_motor script to /home/josea/ros2_ws/install/motor_control/lib/motor_control
[3.715s] Installing set_point script to /home/josea/ros2_ws/install/motor_control/lib/motor_control
[3.718s] writing list of installed files to '/home/josea/ros2_ws/build/motor_control/install.log'
[3.829s] Invoked command in '/home/josea/ros2_ws/src/motor_control' returned '0': PYTHONPATH=/home/josea/ros2_ws/build/motor_control/prefix_override:/usr/lib/python3/dist-packages/colcon_core/task/python/colcon_distutils_commands:/home/josea/ros2_ws/install/motor_control/lib/python3.10/site-packages:${PYTHONPATH} /usr/bin/python3 -W ignore:setup.py install is deprecated -W ignore:easy_install command is deprecated setup.py egg_info --egg-base ../../build/motor_control build --build-base /home/josea/ros2_ws/build/motor_control/build install --record /home/josea/ros2_ws/build/motor_control/install.log --single-version-externally-managed install_data
