running egg_info
writing ../build/my_pack_clas/my_pack_clas.egg-info/PKG-INFO
writing dependency_links to ../build/my_pack_clas/my_pack_clas.egg-info/dependency_links.txt
writing entry points to ../build/my_pack_clas/my_pack_clas.egg-info/entry_points.txt
writing requirements to ../build/my_pack_clas/my_pack_clas.egg-info/requires.txt
writing top-level names to ../build/my_pack_clas/my_pack_clas.egg-info/top_level.txt
reading manifest file '../build/my_pack_clas/my_pack_clas.egg-info/SOURCES.txt'
writing manifest file '../build/my_pack_clas/my_pack_clas.egg-info/SOURCES.txt'
running build
running build_py
running install
running install_lib
running install_data
running install_egg_info
removing '/home/josea/ros2_ws/src/install/my_pack_clas/lib/python3.10/site-packages/my_pack_clas-0.0.0-py3.10.egg-info' (and everything under it)
Copying ../build/my_pack_clas/my_pack_clas.egg-info to /home/josea/ros2_ws/src/install/my_pack_clas/lib/python3.10/site-packages/my_pack_clas-0.0.0-py3.10.egg-info
running install_scripts
Installing my_pack script to /home/josea/ros2_ws/src/install/my_pack_clas/lib/my_pack_clas
Installing my_publisher script to /home/josea/ros2_ws/src/install/my_pack_clas/lib/my_pack_clas
Installing my_subscriber script to /home/josea/ros2_ws/src/install/my_pack_clas/lib/my_pack_clas
writing list of installed files to '/home/josea/ros2_ws/src/build/my_pack_clas/install.log'
