[2.721s] Invoking command in '/home/josea/ros2_ws/src/challenge02': PYTHONPATH=/home/josea/ros2_ws/build/challenge02/prefix_override:/usr/lib/python3/dist-packages/colcon_core/task/python/colcon_distutils_commands:/home/josea/ros2_ws/install/challenge02/lib/python3.10/site-packages:${PYTHONPATH} /usr/bin/python3 -W ignore:setup.py install is deprecated -W ignore:easy_install command is deprecated setup.py egg_info --egg-base ../../build/challenge02 build --build-base /home/josea/ros2_ws/build/challenge02/build install --record /home/josea/ros2_ws/build/challenge02/install.log --single-version-externally-managed install_data
[3.877s] running egg_info
[3.881s] writing ../../build/challenge02/challenge02.egg-info/PKG-INFO
[3.881s] writing dependency_links to ../../build/challenge02/challenge02.egg-info/dependency_links.txt
[3.883s] writing entry points to ../../build/challenge02/challenge02.egg-info/entry_points.txt
[3.883s] writing requirements to ../../build/challenge02/challenge02.egg-info/requires.txt
[3.886s] writing top-level names to ../../build/challenge02/challenge02.egg-info/top_level.txt
[3.889s] reading manifest file '../../build/challenge02/challenge02.egg-info/SOURCES.txt'
[3.895s] writing manifest file '../../build/challenge02/challenge02.egg-info/SOURCES.txt'
[3.896s] running build
[3.896s] running build_py
[3.897s] copying challenge02/dc_motor.py -> /home/josea/ros2_ws/build/challenge02/build/lib/challenge02
[3.898s] copying challenge02/set_point.py -> /home/josea/ros2_ws/build/challenge02/build/lib/challenge02
[3.900s] copying challenge02/controller.py -> /home/josea/ros2_ws/build/challenge02/build/lib/challenge02
[3.901s] running install
[3.901s] running install_lib
[3.910s] copying /home/josea/ros2_ws/build/challenge02/build/lib/challenge02/dc_motor.py -> /home/josea/ros2_ws/install/challenge02/lib/python3.10/site-packages/challenge02
[3.911s] copying /home/josea/ros2_ws/build/challenge02/build/lib/challenge02/set_point.py -> /home/josea/ros2_ws/install/challenge02/lib/python3.10/site-packages/challenge02
[3.914s] copying /home/josea/ros2_ws/build/challenge02/build/lib/challenge02/controller.py -> /home/josea/ros2_ws/install/challenge02/lib/python3.10/site-packages/challenge02
[3.915s] byte-compiling /home/josea/ros2_ws/install/challenge02/lib/python3.10/site-packages/challenge02/dc_motor.py to dc_motor.cpython-310.pyc
[3.921s] byte-compiling /home/josea/ros2_ws/install/challenge02/lib/python3.10/site-packages/challenge02/set_point.py to set_point.cpython-310.pyc
[3.927s] byte-compiling /home/josea/ros2_ws/install/challenge02/lib/python3.10/site-packages/challenge02/controller.py to controller.cpython-310.pyc
[3.933s] running install_data
[3.934s] running install_egg_info
[3.941s] removing '/home/josea/ros2_ws/install/challenge02/lib/python3.10/site-packages/challenge02-0.0.0-py3.10.egg-info' (and everything under it)
[3.941s] Copying ../../build/challenge02/challenge02.egg-info to /home/josea/ros2_ws/install/challenge02/lib/python3.10/site-packages/challenge02-0.0.0-py3.10.egg-info
[3.945s] running install_scripts
[4.033s] Installing controller script to /home/josea/ros2_ws/install/challenge02/lib/challenge02
[4.034s] Installing dc_motor script to /home/josea/ros2_ws/install/challenge02/lib/challenge02
[4.034s] Installing plant_test script to /home/josea/ros2_ws/install/challenge02/lib/challenge02
[4.036s] Installing set_point script to /home/josea/ros2_ws/install/challenge02/lib/challenge02
[4.036s] writing list of installed files to '/home/josea/ros2_ws/build/challenge02/install.log'
[4.272s] Invoked command in '/home/josea/ros2_ws/src/challenge02' returned '0': PYTHONPATH=/home/josea/ros2_ws/build/challenge02/prefix_override:/usr/lib/python3/dist-packages/colcon_core/task/python/colcon_distutils_commands:/home/josea/ros2_ws/install/challenge02/lib/python3.10/site-packages:${PYTHONPATH} /usr/bin/python3 -W ignore:setup.py install is deprecated -W ignore:easy_install command is deprecated setup.py egg_info --egg-base ../../build/challenge02 build --build-base /home/josea/ros2_ws/build/challenge02/build install --record /home/josea/ros2_ws/build/challenge02/install.log --single-version-externally-managed install_data
