running egg_info
creating ../build/challenge01/challenge01.egg-info
writing ../build/challenge01/challenge01.egg-info/PKG-INFO
writing dependency_links to ../build/challenge01/challenge01.egg-info/dependency_links.txt
writing entry points to ../build/challenge01/challenge01.egg-info/entry_points.txt
writing requirements to ../build/challenge01/challenge01.egg-info/requires.txt
writing top-level names to ../build/challenge01/challenge01.egg-info/top_level.txt
writing manifest file '../build/challenge01/challenge01.egg-info/SOURCES.txt'
reading manifest file '../build/challenge01/challenge01.egg-info/SOURCES.txt'
writing manifest file '../build/challenge01/challenge01.egg-info/SOURCES.txt'
running build
running build_py
creating /home/josea/ros2_ws/src/build/challenge01/build
creating /home/josea/ros2_ws/src/build/challenge01/build/lib
creating /home/josea/ros2_ws/src/build/challenge01/build/lib/challenge01
copying challenge01/signal_generetor.py -> /home/josea/ros2_ws/src/build/challenge01/build/lib/challenge01
copying challenge01/tests.py -> /home/josea/ros2_ws/src/build/challenge01/build/lib/challenge01
copying challenge01/proccess.py -> /home/josea/ros2_ws/src/build/challenge01/build/lib/challenge01
copying challenge01/__init__.py -> /home/josea/ros2_ws/src/build/challenge01/build/lib/challenge01
running install
running install_lib
creating /home/josea/ros2_ws/src/install/challenge01/lib/python3.10/site-packages/challenge01
copying /home/josea/ros2_ws/src/build/challenge01/build/lib/challenge01/signal_generetor.py -> /home/josea/ros2_ws/src/install/challenge01/lib/python3.10/site-packages/challenge01
copying /home/josea/ros2_ws/src/build/challenge01/build/lib/challenge01/tests.py -> /home/josea/ros2_ws/src/install/challenge01/lib/python3.10/site-packages/challenge01
copying /home/josea/ros2_ws/src/build/challenge01/build/lib/challenge01/proccess.py -> /home/josea/ros2_ws/src/install/challenge01/lib/python3.10/site-packages/challenge01
copying /home/josea/ros2_ws/src/build/challenge01/build/lib/challenge01/__init__.py -> /home/josea/ros2_ws/src/install/challenge01/lib/python3.10/site-packages/challenge01
byte-compiling /home/josea/ros2_ws/src/install/challenge01/lib/python3.10/site-packages/challenge01/signal_generetor.py to signal_generetor.cpython-310.pyc
byte-compiling /home/josea/ros2_ws/src/install/challenge01/lib/python3.10/site-packages/challenge01/tests.py to tests.cpython-310.pyc
byte-compiling /home/josea/ros2_ws/src/install/challenge01/lib/python3.10/site-packages/challenge01/proccess.py to proccess.cpython-310.pyc
byte-compiling /home/josea/ros2_ws/src/install/challenge01/lib/python3.10/site-packages/challenge01/__init__.py to __init__.cpython-310.pyc
running install_data
creating /home/josea/ros2_ws/src/install/challenge01/share/ament_index
creating /home/josea/ros2_ws/src/install/challenge01/share/ament_index/resource_index
creating /home/josea/ros2_ws/src/install/challenge01/share/ament_index/resource_index/packages
copying resource/challenge01 -> /home/josea/ros2_ws/src/install/challenge01/share/ament_index/resource_index/packages
copying package.xml -> /home/josea/ros2_ws/src/install/challenge01/share/challenge01
copying launch/signal.launch.py -> /home/josea/ros2_ws/src/install/challenge01/share/challenge01
running install_egg_info
Copying ../build/challenge01/challenge01.egg-info to /home/josea/ros2_ws/src/install/challenge01/lib/python3.10/site-packages/challenge01-0.0.0-py3.10.egg-info
running install_scripts
Installing proccess script to /home/josea/ros2_ws/src/install/challenge01/lib/challenge01
Installing signal_generetor script to /home/josea/ros2_ws/src/install/challenge01/lib/challenge01
writing list of installed files to '/home/josea/ros2_ws/src/build/challenge01/install.log'
