[3.474s] Invoking command in '/home/josea/ros2_ws/src/challenge01': PYTHONPATH=/home/josea/ros2_ws/src/build/challenge01/prefix_override:/usr/lib/python3/dist-packages/colcon_core/task/python/colcon_distutils_commands:/home/josea/ros2_ws/src/install/challenge01/lib/python3.10/site-packages:${PYTHONPATH} /usr/bin/python3 -W ignore:setup.py install is deprecated -W ignore:easy_install command is deprecated setup.py egg_info --egg-base ../build/challenge01 build --build-base /home/josea/ros2_ws/src/build/challenge01/build install --record /home/josea/ros2_ws/src/build/challenge01/install.log --single-version-externally-managed install_data
[5.414s] running egg_info
[5.419s] creating ../build/challenge01/challenge01.egg-info
[5.419s] writing ../build/challenge01/challenge01.egg-info/PKG-INFO
[5.422s] writing dependency_links to ../build/challenge01/challenge01.egg-info/dependency_links.txt
[5.423s] writing entry points to ../build/challenge01/challenge01.egg-info/entry_points.txt
[5.428s] writing requirements to ../build/challenge01/challenge01.egg-info/requires.txt
[5.428s] writing top-level names to ../build/challenge01/challenge01.egg-info/top_level.txt
[5.428s] writing manifest file '../build/challenge01/challenge01.egg-info/SOURCES.txt'
[5.445s] reading manifest file '../build/challenge01/challenge01.egg-info/SOURCES.txt'
[5.450s] writing manifest file '../build/challenge01/challenge01.egg-info/SOURCES.txt'
[5.450s] running build
[5.450s] running build_py
[5.453s] creating /home/josea/ros2_ws/src/build/challenge01/build
[5.453s] creating /home/josea/ros2_ws/src/build/challenge01/build/lib
[5.454s] creating /home/josea/ros2_ws/src/build/challenge01/build/lib/challenge01
[5.455s] copying challenge01/signal_generetor.py -> /home/josea/ros2_ws/src/build/challenge01/build/lib/challenge01
[5.457s] copying challenge01/tests.py -> /home/josea/ros2_ws/src/build/challenge01/build/lib/challenge01
[5.458s] copying challenge01/proccess.py -> /home/josea/ros2_ws/src/build/challenge01/build/lib/challenge01
[5.458s] copying challenge01/__init__.py -> /home/josea/ros2_ws/src/build/challenge01/build/lib/challenge01
[5.458s] running install
[5.461s] running install_lib
[5.462s] creating /home/josea/ros2_ws/src/install/challenge01/lib/python3.10/site-packages/challenge01
[5.468s] copying /home/josea/ros2_ws/src/build/challenge01/build/lib/challenge01/signal_generetor.py -> /home/josea/ros2_ws/src/install/challenge01/lib/python3.10/site-packages/challenge01
[5.468s] copying /home/josea/ros2_ws/src/build/challenge01/build/lib/challenge01/tests.py -> /home/josea/ros2_ws/src/install/challenge01/lib/python3.10/site-packages/challenge01
[5.468s] copying /home/josea/ros2_ws/src/build/challenge01/build/lib/challenge01/proccess.py -> /home/josea/ros2_ws/src/install/challenge01/lib/python3.10/site-packages/challenge01
[5.468s] copying /home/josea/ros2_ws/src/build/challenge01/build/lib/challenge01/__init__.py -> /home/josea/ros2_ws/src/install/challenge01/lib/python3.10/site-packages/challenge01
[5.474s] byte-compiling /home/josea/ros2_ws/src/install/challenge01/lib/python3.10/site-packages/challenge01/signal_generetor.py to signal_generetor.cpython-310.pyc
[5.476s] byte-compiling /home/josea/ros2_ws/src/install/challenge01/lib/python3.10/site-packages/challenge01/tests.py to tests.cpython-310.pyc
[5.476s] byte-compiling /home/josea/ros2_ws/src/install/challenge01/lib/python3.10/site-packages/challenge01/proccess.py to proccess.cpython-310.pyc
[5.480s] byte-compiling /home/josea/ros2_ws/src/install/challenge01/lib/python3.10/site-packages/challenge01/__init__.py to __init__.cpython-310.pyc
[5.481s] running install_data
[5.483s] creating /home/josea/ros2_ws/src/install/challenge01/share/ament_index
[5.484s] creating /home/josea/ros2_ws/src/install/challenge01/share/ament_index/resource_index
[5.484s] creating /home/josea/ros2_ws/src/install/challenge01/share/ament_index/resource_index/packages
[5.485s] copying resource/challenge01 -> /home/josea/ros2_ws/src/install/challenge01/share/ament_index/resource_index/packages
[5.486s] copying package.xml -> /home/josea/ros2_ws/src/install/challenge01/share/challenge01
[5.491s] copying launch/signal.launch.py -> /home/josea/ros2_ws/src/install/challenge01/share/challenge01
[5.491s] running install_egg_info
[5.504s] Copying ../build/challenge01/challenge01.egg-info to /home/josea/ros2_ws/src/install/challenge01/lib/python3.10/site-packages/challenge01-0.0.0-py3.10.egg-info
[5.512s] running install_scripts
[5.678s] Installing proccess script to /home/josea/ros2_ws/src/install/challenge01/lib/challenge01
[5.683s] Installing signal_generetor script to /home/josea/ros2_ws/src/install/challenge01/lib/challenge01
[5.689s] writing list of installed files to '/home/josea/ros2_ws/src/build/challenge01/install.log'
[5.897s] Invoked command in '/home/josea/ros2_ws/src/challenge01' returned '0': PYTHONPATH=/home/josea/ros2_ws/src/build/challenge01/prefix_override:/usr/lib/python3/dist-packages/colcon_core/task/python/colcon_distutils_commands:/home/josea/ros2_ws/src/install/challenge01/lib/python3.10/site-packages:${PYTHONPATH} /usr/bin/python3 -W ignore:setup.py install is deprecated -W ignore:easy_install command is deprecated setup.py egg_info --egg-base ../build/challenge01 build --build-base /home/josea/ros2_ws/src/build/challenge01/build install --record /home/josea/ros2_ws/src/build/challenge01/install.log --single-version-externally-managed install_data
