[0.307s] DEBUG:colcon:Command line arguments: ['/usr/bin/colcon', 'build']
[0.307s] DEBUG:colcon:Parsed command line arguments: Namespace(log_base=None, log_level=None, verb_name='build', build_base='build', install_base='install', merge_install=False, symlink_install=False, test_result_base=None, continue_on_error=False, executor='parallel', parallel_workers=2, event_handlers=None, ignore_user_meta=False, metas=['./colcon.meta'], base_paths=['.'], packages_ignore=None, packages_ignore_regex=None, paths=None, packages_up_to=None, packages_up_to_regex=None, packages_above=None, packages_above_and_dependencies=None, packages_above_depth=None, packages_select_by_dep=None, packages_skip_by_dep=None, packages_skip_up_to=None, packages_select_build_failed=False, packages_skip_build_finished=False, packages_select_test_failures=False, packages_skip_test_passed=False, packages_select=None, packages_skip=None, packages_select_regex=None, packages_skip_regex=None, packages_start=None, packages_end=None, allow_overriding=[], cmake_args=None, cmake_target=None, cmake_target_skip_unavailable=False, cmake_clean_cache=False, cmake_clean_first=False, cmake_force_configure=False, ament_cmake_args=None, catkin_cmake_args=None, catkin_skip_building_tests=False, mixin_files=None, mixin=None, verb_parser=<colcon_mixin.mixin.mixin_argument.MixinArgumentDecorator object at 0x7c3fdec60cd0>, verb_extension=<colcon_core.verb.build.BuildVerb object at 0x7c3fdec60400>, main=<bound method BuildVerb.main of <colcon_core.verb.build.BuildVerb object at 0x7c3fdec60400>>, mixin_verb=('build',))
[0.801s] Level 1:colcon.colcon_core.package_discovery:discover_packages(colcon_meta) check parameters
[0.801s] Level 1:colcon.colcon_core.package_discovery:discover_packages(recursive) check parameters
[0.801s] Level 1:colcon.colcon_core.package_discovery:discover_packages(ignore) check parameters
[0.801s] Level 1:colcon.colcon_core.package_discovery:discover_packages(path) check parameters
[0.801s] Level 1:colcon.colcon_core.package_discovery:discover_packages(colcon_meta) discover
[0.801s] Level 1:colcon.colcon_core.package_discovery:discover_packages(recursive) discover
[0.801s] INFO:colcon.colcon_core.package_discovery:Crawling recursively for packages in '/home/josea/ros2_ws/src'
[0.801s] Level 1:colcon.colcon_core.package_identification:_identify(.) by extensions ['ignore', 'ignore_ament_install']
[0.802s] Level 1:colcon.colcon_core.package_identification:_identify(.) by extension 'ignore'
[0.802s] Level 1:colcon.colcon_core.package_identification:_identify(.) by extension 'ignore_ament_install'
[0.802s] Level 1:colcon.colcon_core.package_identification:_identify(.) by extensions ['colcon_pkg']
[0.802s] Level 1:colcon.colcon_core.package_identification:_identify(.) by extension 'colcon_pkg'
[0.802s] Level 1:colcon.colcon_core.package_identification:_identify(.) by extensions ['colcon_meta']
[0.802s] Level 1:colcon.colcon_core.package_identification:_identify(.) by extension 'colcon_meta'
[0.802s] Level 1:colcon.colcon_core.package_identification:_identify(.) by extensions ['ros']
[0.802s] Level 1:colcon.colcon_core.package_identification:_identify(.) by extension 'ros'
[0.827s] Level 1:colcon.colcon_core.package_identification:_identify(.) by extensions ['cmake', 'python']
[0.827s] Level 1:colcon.colcon_core.package_identification:_identify(.) by extension 'cmake'
[0.827s] Level 1:colcon.colcon_core.package_identification:_identify(.) by extension 'python'
[0.827s] Level 1:colcon.colcon_core.package_identification:_identify(.) by extensions ['python_setup_py']
[0.827s] Level 1:colcon.colcon_core.package_identification:_identify(.) by extension 'python_setup_py'
[0.828s] Level 1:colcon.colcon_core.package_identification:_identify(basic_comms) by extensions ['ignore', 'ignore_ament_install']
[0.828s] Level 1:colcon.colcon_core.package_identification:_identify(basic_comms) by extension 'ignore'
[0.828s] Level 1:colcon.colcon_core.package_identification:_identify(basic_comms) by extension 'ignore_ament_install'
[0.828s] Level 1:colcon.colcon_core.package_identification:_identify(basic_comms) by extensions ['colcon_pkg']
[0.828s] Level 1:colcon.colcon_core.package_identification:_identify(basic_comms) by extension 'colcon_pkg'
[0.829s] Level 1:colcon.colcon_core.package_identification:_identify(basic_comms) by extensions ['colcon_meta']
[0.829s] Level 1:colcon.colcon_core.package_identification:_identify(basic_comms) by extension 'colcon_meta'
[0.829s] Level 1:colcon.colcon_core.package_identification:_identify(basic_comms) by extensions ['ros']
[0.829s] Level 1:colcon.colcon_core.package_identification:_identify(basic_comms) by extension 'ros'
[0.835s] DEBUG:colcon.colcon_core.package_identification:Package 'basic_comms' with type 'ros.ament_python' and name 'basic_comms'
[0.835s] Level 1:colcon.colcon_core.package_identification:_identify(build) by extensions ['ignore', 'ignore_ament_install']
[0.836s] Level 1:colcon.colcon_core.package_identification:_identify(build) by extension 'ignore'
[0.836s] Level 1:colcon.colcon_core.package_identification:_identify(build) ignored
[0.836s] Level 1:colcon.colcon_core.package_identification:_identify(challenge01) by extensions ['ignore', 'ignore_ament_install']
[0.836s] Level 1:colcon.colcon_core.package_identification:_identify(challenge01) by extension 'ignore'
[0.837s] Level 1:colcon.colcon_core.package_identification:_identify(challenge01) by extension 'ignore_ament_install'
[0.837s] Level 1:colcon.colcon_core.package_identification:_identify(challenge01) by extensions ['colcon_pkg']
[0.837s] Level 1:colcon.colcon_core.package_identification:_identify(challenge01) by extension 'colcon_pkg'
[0.837s] Level 1:colcon.colcon_core.package_identification:_identify(challenge01) by extensions ['colcon_meta']
[0.837s] Level 1:colcon.colcon_core.package_identification:_identify(challenge01) by extension 'colcon_meta'
[0.837s] Level 1:colcon.colcon_core.package_identification:_identify(challenge01) by extensions ['ros']
[0.837s] Level 1:colcon.colcon_core.package_identification:_identify(challenge01) by extension 'ros'
[0.839s] DEBUG:colcon.colcon_core.package_identification:Package 'challenge01' with type 'ros.ament_python' and name 'challenge01'
[0.839s] Level 1:colcon.colcon_core.package_identification:_identify(install) by extensions ['ignore', 'ignore_ament_install']
[0.839s] Level 1:colcon.colcon_core.package_identification:_identify(install) by extension 'ignore'
[0.839s] Level 1:colcon.colcon_core.package_identification:_identify(install) ignored
[0.839s] Level 1:colcon.colcon_core.package_identification:_identify(log) by extensions ['ignore', 'ignore_ament_install']
[0.840s] Level 1:colcon.colcon_core.package_identification:_identify(log) by extension 'ignore'
[0.840s] Level 1:colcon.colcon_core.package_identification:_identify(log) ignored
[0.840s] Level 1:colcon.colcon_core.package_identification:_identify(my_pack_clas) by extensions ['ignore', 'ignore_ament_install']
[0.840s] Level 1:colcon.colcon_core.package_identification:_identify(my_pack_clas) by extension 'ignore'
[0.840s] Level 1:colcon.colcon_core.package_identification:_identify(my_pack_clas) by extension 'ignore_ament_install'
[0.841s] Level 1:colcon.colcon_core.package_identification:_identify(my_pack_clas) by extensions ['colcon_pkg']
[0.841s] Level 1:colcon.colcon_core.package_identification:_identify(my_pack_clas) by extension 'colcon_pkg'
[0.841s] Level 1:colcon.colcon_core.package_identification:_identify(my_pack_clas) by extensions ['colcon_meta']
[0.841s] Level 1:colcon.colcon_core.package_identification:_identify(my_pack_clas) by extension 'colcon_meta'
[0.841s] Level 1:colcon.colcon_core.package_identification:_identify(my_pack_clas) by extensions ['ros']
[0.841s] Level 1:colcon.colcon_core.package_identification:_identify(my_pack_clas) by extension 'ros'
[0.843s] DEBUG:colcon.colcon_core.package_identification:Package 'my_pack_clas' with type 'ros.ament_python' and name 'my_pack_clas'
[0.843s] Level 1:colcon.colcon_core.package_discovery:discover_packages(recursive) using defaults
[0.843s] Level 1:colcon.colcon_core.package_discovery:discover_packages(ignore) discover
[0.843s] Level 1:colcon.colcon_core.package_discovery:discover_packages(ignore) using defaults
[0.843s] Level 1:colcon.colcon_core.package_discovery:discover_packages(path) discover
[0.843s] Level 1:colcon.colcon_core.package_discovery:discover_packages(path) using defaults
[0.927s] Level 1:colcon.colcon_core.package_discovery:discover_packages(prefix_path) check parameters
[0.927s] Level 1:colcon.colcon_core.package_discovery:discover_packages(prefix_path) discover
[0.933s] DEBUG:colcon.colcon_installed_package_information.package_discovery:Found 2 installed packages in /home/josea/ros2_ws/install
[0.936s] DEBUG:colcon.colcon_installed_package_information.package_discovery:Found 310 installed packages in /opt/ros/humble
[0.940s] Level 1:colcon.colcon_core.package_discovery:discover_packages(prefix_path) using defaults
[1.029s] Level 5:colcon.colcon_core.verb:set package 'basic_comms' build argument 'cmake_args' from command line to 'None'
[1.029s] Level 5:colcon.colcon_core.verb:set package 'basic_comms' build argument 'cmake_target' from command line to 'None'
[1.030s] Level 5:colcon.colcon_core.verb:set package 'basic_comms' build argument 'cmake_target_skip_unavailable' from command line to 'False'
[1.030s] Level 5:colcon.colcon_core.verb:set package 'basic_comms' build argument 'cmake_clean_cache' from command line to 'False'
[1.030s] Level 5:colcon.colcon_core.verb:set package 'basic_comms' build argument 'cmake_clean_first' from command line to 'False'
[1.030s] Level 5:colcon.colcon_core.verb:set package 'basic_comms' build argument 'cmake_force_configure' from command line to 'False'
[1.030s] Level 5:colcon.colcon_core.verb:set package 'basic_comms' build argument 'ament_cmake_args' from command line to 'None'
[1.030s] Level 5:colcon.colcon_core.verb:set package 'basic_comms' build argument 'catkin_cmake_args' from command line to 'None'
[1.030s] Level 5:colcon.colcon_core.verb:set package 'basic_comms' build argument 'catkin_skip_building_tests' from command line to 'False'
[1.030s] DEBUG:colcon.colcon_core.verb:Building package 'basic_comms' with the following arguments: {'ament_cmake_args': None, 'build_base': '/home/josea/ros2_ws/src/build/basic_comms', 'catkin_cmake_args': None, 'catkin_skip_building_tests': False, 'cmake_args': None, 'cmake_clean_cache': False, 'cmake_clean_first': False, 'cmake_force_configure': False, 'cmake_target': None, 'cmake_target_skip_unavailable': False, 'install_base': '/home/josea/ros2_ws/src/install/basic_comms', 'merge_install': False, 'path': '/home/josea/ros2_ws/src/basic_comms', 'symlink_install': False, 'test_result_base': None}
[1.031s] Level 5:colcon.colcon_core.verb:set package 'challenge01' build argument 'cmake_args' from command line to 'None'
[1.031s] Level 5:colcon.colcon_core.verb:set package 'challenge01' build argument 'cmake_target' from command line to 'None'
[1.031s] Level 5:colcon.colcon_core.verb:set package 'challenge01' build argument 'cmake_target_skip_unavailable' from command line to 'False'
[1.031s] Level 5:colcon.colcon_core.verb:set package 'challenge01' build argument 'cmake_clean_cache' from command line to 'False'
[1.031s] Level 5:colcon.colcon_core.verb:set package 'challenge01' build argument 'cmake_clean_first' from command line to 'False'
[1.031s] Level 5:colcon.colcon_core.verb:set package 'challenge01' build argument 'cmake_force_configure' from command line to 'False'
[1.031s] Level 5:colcon.colcon_core.verb:set package 'challenge01' build argument 'ament_cmake_args' from command line to 'None'
[1.031s] Level 5:colcon.colcon_core.verb:set package 'challenge01' build argument 'catkin_cmake_args' from command line to 'None'
[1.031s] Level 5:colcon.colcon_core.verb:set package 'challenge01' build argument 'catkin_skip_building_tests' from command line to 'False'
[1.031s] DEBUG:colcon.colcon_core.verb:Building package 'challenge01' with the following arguments: {'ament_cmake_args': None, 'build_base': '/home/josea/ros2_ws/src/build/challenge01', 'catkin_cmake_args': None, 'catkin_skip_building_tests': False, 'cmake_args': None, 'cmake_clean_cache': False, 'cmake_clean_first': False, 'cmake_force_configure': False, 'cmake_target': None, 'cmake_target_skip_unavailable': False, 'install_base': '/home/josea/ros2_ws/src/install/challenge01', 'merge_install': False, 'path': '/home/josea/ros2_ws/src/challenge01', 'symlink_install': False, 'test_result_base': None}
[1.032s] Level 5:colcon.colcon_core.verb:set package 'my_pack_clas' build argument 'cmake_args' from command line to 'None'
[1.032s] Level 5:colcon.colcon_core.verb:set package 'my_pack_clas' build argument 'cmake_target' from command line to 'None'
[1.032s] Level 5:colcon.colcon_core.verb:set package 'my_pack_clas' build argument 'cmake_target_skip_unavailable' from command line to 'False'
[1.032s] Level 5:colcon.colcon_core.verb:set package 'my_pack_clas' build argument 'cmake_clean_cache' from command line to 'False'
[1.032s] Level 5:colcon.colcon_core.verb:set package 'my_pack_clas' build argument 'cmake_clean_first' from command line to 'False'
[1.033s] Level 5:colcon.colcon_core.verb:set package 'my_pack_clas' build argument 'cmake_force_configure' from command line to 'False'
[1.033s] Level 5:colcon.colcon_core.verb:set package 'my_pack_clas' build argument 'ament_cmake_args' from command line to 'None'
[1.033s] Level 5:colcon.colcon_core.verb:set package 'my_pack_clas' build argument 'catkin_cmake_args' from command line to 'None'
[1.033s] Level 5:colcon.colcon_core.verb:set package 'my_pack_clas' build argument 'catkin_skip_building_tests' from command line to 'False'
[1.033s] DEBUG:colcon.colcon_core.verb:Building package 'my_pack_clas' with the following arguments: {'ament_cmake_args': None, 'build_base': '/home/josea/ros2_ws/src/build/my_pack_clas', 'catkin_cmake_args': None, 'catkin_skip_building_tests': False, 'cmake_args': None, 'cmake_clean_cache': False, 'cmake_clean_first': False, 'cmake_force_configure': False, 'cmake_target': None, 'cmake_target_skip_unavailable': False, 'install_base': '/home/josea/ros2_ws/src/install/my_pack_clas', 'merge_install': False, 'path': '/home/josea/ros2_ws/src/my_pack_clas', 'symlink_install': False, 'test_result_base': None}
[1.033s] INFO:colcon.colcon_core.executor:Executing jobs using 'parallel' executor
[1.035s] DEBUG:colcon.colcon_parallel_executor.executor.parallel:run_until_complete
[1.036s] INFO:colcon.colcon_ros.task.ament_python.build:Building ROS package in '/home/josea/ros2_ws/src/basic_comms' with build type 'ament_python'
[1.036s] Level 1:colcon.colcon_core.shell:create_environment_hook('basic_comms', 'ament_prefix_path')
[1.045s] INFO:colcon.colcon_core.plugin_system:Skipping extension 'colcon_core.shell.bat': Not used on non-Windows systems
[1.045s] INFO:colcon.colcon_core.shell:Creating environment hook '/home/josea/ros2_ws/src/install/basic_comms/share/basic_comms/hook/ament_prefix_path.ps1'
[1.048s] INFO:colcon.colcon_core.shell:Creating environment descriptor '/home/josea/ros2_ws/src/install/basic_comms/share/basic_comms/hook/ament_prefix_path.dsv'
[1.051s] INFO:colcon.colcon_core.shell:Creating environment hook '/home/josea/ros2_ws/src/install/basic_comms/share/basic_comms/hook/ament_prefix_path.sh'
[1.054s] INFO:colcon.colcon_core.shell:Skip shell extension 'powershell' for command environment: Not usable outside of PowerShell
[1.054s] DEBUG:colcon.colcon_core.shell:Skip shell extension 'dsv' for command environment
[1.063s] INFO:colcon.colcon_ros.task.ament_python.build:Building ROS package in '/home/josea/ros2_ws/src/challenge01' with build type 'ament_python'
[1.063s] Level 1:colcon.colcon_core.shell:create_environment_hook('challenge01', 'ament_prefix_path')
[1.064s] INFO:colcon.colcon_core.shell:Creating environment hook '/home/josea/ros2_ws/src/install/challenge01/share/challenge01/hook/ament_prefix_path.ps1'
[1.067s] INFO:colcon.colcon_core.shell:Creating environment descriptor '/home/josea/ros2_ws/src/install/challenge01/share/challenge01/hook/ament_prefix_path.dsv'
[1.068s] INFO:colcon.colcon_core.shell:Creating environment hook '/home/josea/ros2_ws/src/install/challenge01/share/challenge01/hook/ament_prefix_path.sh'
[1.070s] INFO:colcon.colcon_core.shell:Skip shell extension 'powershell' for command environment: Not usable outside of PowerShell
[1.070s] DEBUG:colcon.colcon_core.shell:Skip shell extension 'dsv' for command environment
[1.640s] INFO:colcon.colcon_core.task.python.build:Building Python package in '/home/josea/ros2_ws/src/basic_comms'
[1.640s] INFO:colcon.colcon_core.shell:Skip shell extension 'powershell' for command environment: Not usable outside of PowerShell
[1.640s] DEBUG:colcon.colcon_core.shell:Skip shell extension 'dsv' for command environment
[2.203s] INFO:colcon.colcon_core.task.python.build:Building Python package in '/home/josea/ros2_ws/src/challenge01'
[2.203s] INFO:colcon.colcon_core.shell:Skip shell extension 'powershell' for command environment: Not usable outside of PowerShell
[2.203s] DEBUG:colcon.colcon_core.shell:Skip shell extension 'dsv' for command environment
[3.208s] DEBUG:colcon.colcon_core.event_handler.log_command:Invoking command in '/home/josea/ros2_ws/src/basic_comms': PYTHONPATH=/home/josea/ros2_ws/src/build/basic_comms/prefix_override:/usr/lib/python3/dist-packages/colcon_core/task/python/colcon_distutils_commands:/home/josea/ros2_ws/src/install/basic_comms/lib/python3.10/site-packages:${PYTHONPATH} /usr/bin/python3 -W ignore:setup.py install is deprecated -W ignore:easy_install command is deprecated setup.py egg_info --egg-base ../build/basic_comms build --build-base /home/josea/ros2_ws/src/build/basic_comms/build install --record /home/josea/ros2_ws/src/build/basic_comms/install.log --single-version-externally-managed install_data
[3.225s] DEBUG:colcon.colcon_core.event_handler.log_command:Invoking command in '/home/josea/ros2_ws/src/challenge01': PYTHONPATH=/home/josea/ros2_ws/src/build/challenge01/prefix_override:/usr/lib/python3/dist-packages/colcon_core/task/python/colcon_distutils_commands:/home/josea/ros2_ws/src/install/challenge01/lib/python3.10/site-packages:${PYTHONPATH} /usr/bin/python3 -W ignore:setup.py install is deprecated -W ignore:easy_install command is deprecated setup.py egg_info --egg-base ../build/challenge01 build --build-base /home/josea/ros2_ws/src/build/challenge01/build install --record /home/josea/ros2_ws/src/build/challenge01/install.log --single-version-externally-managed install_data
[4.083s] DEBUG:colcon.colcon_core.event_handler.log_command:Invoked command in '/home/josea/ros2_ws/src/basic_comms' returned '0': PYTHONPATH=/home/josea/ros2_ws/src/build/basic_comms/prefix_override:/usr/lib/python3/dist-packages/colcon_core/task/python/colcon_distutils_commands:/home/josea/ros2_ws/src/install/basic_comms/lib/python3.10/site-packages:${PYTHONPATH} /usr/bin/python3 -W ignore:setup.py install is deprecated -W ignore:easy_install command is deprecated setup.py egg_info --egg-base ../build/basic_comms build --build-base /home/josea/ros2_ws/src/build/basic_comms/build install --record /home/josea/ros2_ws/src/build/basic_comms/install.log --single-version-externally-managed install_data
[4.103s] Level 1:colcon.colcon_core.environment:checking '/home/josea/ros2_ws/src/install/basic_comms' for CMake module files
[4.106s] Level 1:colcon.colcon_core.environment:checking '/home/josea/ros2_ws/src/install/basic_comms' for CMake config files
[4.110s] Level 1:colcon.colcon_core.environment:checking '/home/josea/ros2_ws/src/install/basic_comms/lib'
[4.111s] Level 1:colcon.colcon_core.environment:checking '/home/josea/ros2_ws/src/install/basic_comms/bin'
[4.111s] Level 1:colcon.colcon_core.environment:checking '/home/josea/ros2_ws/src/install/basic_comms/lib/pkgconfig/basic_comms.pc'
[4.112s] Level 1:colcon.colcon_core.environment:checking '/home/josea/ros2_ws/src/install/basic_comms/lib/python3.10/site-packages'
[4.112s] Level 1:colcon.colcon_core.shell:create_environment_hook('basic_comms', 'pythonpath')
[4.113s] INFO:colcon.colcon_core.shell:Creating environment hook '/home/josea/ros2_ws/src/install/basic_comms/share/basic_comms/hook/pythonpath.ps1'
[4.115s] INFO:colcon.colcon_core.shell:Creating environment descriptor '/home/josea/ros2_ws/src/install/basic_comms/share/basic_comms/hook/pythonpath.dsv'
[4.116s] INFO:colcon.colcon_core.shell:Creating environment hook '/home/josea/ros2_ws/src/install/basic_comms/share/basic_comms/hook/pythonpath.sh'
[4.118s] Level 1:colcon.colcon_core.environment:checking '/home/josea/ros2_ws/src/install/basic_comms/bin'
[4.119s] Level 1:colcon.colcon_core.environment:create_environment_scripts_only(basic_comms)
[4.120s] INFO:colcon.colcon_core.shell:Creating package script '/home/josea/ros2_ws/src/install/basic_comms/share/basic_comms/package.ps1'
[4.123s] INFO:colcon.colcon_core.shell:Creating package descriptor '/home/josea/ros2_ws/src/install/basic_comms/share/basic_comms/package.dsv'
[4.126s] INFO:colcon.colcon_core.shell:Creating package script '/home/josea/ros2_ws/src/install/basic_comms/share/basic_comms/package.sh'
[4.129s] INFO:colcon.colcon_core.shell:Creating package script '/home/josea/ros2_ws/src/install/basic_comms/share/basic_comms/package.bash'
[4.131s] INFO:colcon.colcon_core.shell:Creating package script '/home/josea/ros2_ws/src/install/basic_comms/share/basic_comms/package.zsh'
[4.134s] Level 1:colcon.colcon_core.environment:create_file_with_runtime_dependencies(/home/josea/ros2_ws/src/install/basic_comms/share/colcon-core/packages/basic_comms)
[4.135s] INFO:colcon.colcon_ros.task.ament_python.build:Building ROS package in '/home/josea/ros2_ws/src/my_pack_clas' with build type 'ament_python'
[4.135s] Level 1:colcon.colcon_core.shell:create_environment_hook('my_pack_clas', 'ament_prefix_path')
[4.136s] INFO:colcon.colcon_core.shell:Creating environment hook '/home/josea/ros2_ws/src/install/my_pack_clas/share/my_pack_clas/hook/ament_prefix_path.ps1'
[4.139s] INFO:colcon.colcon_core.shell:Creating environment descriptor '/home/josea/ros2_ws/src/install/my_pack_clas/share/my_pack_clas/hook/ament_prefix_path.dsv'
[4.140s] INFO:colcon.colcon_core.shell:Creating environment hook '/home/josea/ros2_ws/src/install/my_pack_clas/share/my_pack_clas/hook/ament_prefix_path.sh'
[4.142s] INFO:colcon.colcon_core.shell:Skip shell extension 'powershell' for command environment: Not usable outside of PowerShell
[4.142s] DEBUG:colcon.colcon_core.shell:Skip shell extension 'dsv' for command environment
[4.154s] Level 1:colcon.colcon_core.environment:checking '/home/josea/ros2_ws/src/install/challenge01' for CMake module files
[4.156s] DEBUG:colcon.colcon_core.event_handler.log_command:Invoked command in '/home/josea/ros2_ws/src/challenge01' returned '0': PYTHONPATH=/home/josea/ros2_ws/src/build/challenge01/prefix_override:/usr/lib/python3/dist-packages/colcon_core/task/python/colcon_distutils_commands:/home/josea/ros2_ws/src/install/challenge01/lib/python3.10/site-packages:${PYTHONPATH} /usr/bin/python3 -W ignore:setup.py install is deprecated -W ignore:easy_install command is deprecated setup.py egg_info --egg-base ../build/challenge01 build --build-base /home/josea/ros2_ws/src/build/challenge01/build install --record /home/josea/ros2_ws/src/build/challenge01/install.log --single-version-externally-managed install_data
[4.157s] Level 1:colcon.colcon_core.environment:checking '/home/josea/ros2_ws/src/install/challenge01' for CMake config files
[4.159s] Level 1:colcon.colcon_core.environment:checking '/home/josea/ros2_ws/src/install/challenge01/lib'
[4.160s] Level 1:colcon.colcon_core.environment:checking '/home/josea/ros2_ws/src/install/challenge01/bin'
[4.160s] Level 1:colcon.colcon_core.environment:checking '/home/josea/ros2_ws/src/install/challenge01/lib/pkgconfig/challenge01.pc'
[4.160s] Level 1:colcon.colcon_core.environment:checking '/home/josea/ros2_ws/src/install/challenge01/lib/python3.10/site-packages'
[4.160s] Level 1:colcon.colcon_core.shell:create_environment_hook('challenge01', 'pythonpath')
[4.161s] INFO:colcon.colcon_core.shell:Creating environment hook '/home/josea/ros2_ws/src/install/challenge01/share/challenge01/hook/pythonpath.ps1'
[4.162s] INFO:colcon.colcon_core.shell:Creating environment descriptor '/home/josea/ros2_ws/src/install/challenge01/share/challenge01/hook/pythonpath.dsv'
[4.163s] INFO:colcon.colcon_core.shell:Creating environment hook '/home/josea/ros2_ws/src/install/challenge01/share/challenge01/hook/pythonpath.sh'
[4.165s] Level 1:colcon.colcon_core.environment:checking '/home/josea/ros2_ws/src/install/challenge01/bin'
[4.165s] Level 1:colcon.colcon_core.environment:create_environment_scripts_only(challenge01)
[4.166s] INFO:colcon.colcon_core.shell:Creating package script '/home/josea/ros2_ws/src/install/challenge01/share/challenge01/package.ps1'
[4.168s] INFO:colcon.colcon_core.shell:Creating package descriptor '/home/josea/ros2_ws/src/install/challenge01/share/challenge01/package.dsv'
[4.170s] INFO:colcon.colcon_core.shell:Creating package script '/home/josea/ros2_ws/src/install/challenge01/share/challenge01/package.sh'
[4.172s] INFO:colcon.colcon_core.shell:Creating package script '/home/josea/ros2_ws/src/install/challenge01/share/challenge01/package.bash'
[4.173s] INFO:colcon.colcon_core.shell:Creating package script '/home/josea/ros2_ws/src/install/challenge01/share/challenge01/package.zsh'
[4.175s] Level 1:colcon.colcon_core.environment:create_file_with_runtime_dependencies(/home/josea/ros2_ws/src/install/challenge01/share/colcon-core/packages/challenge01)
[4.755s] INFO:colcon.colcon_core.task.python.build:Building Python package in '/home/josea/ros2_ws/src/my_pack_clas'
[4.755s] INFO:colcon.colcon_core.shell:Skip shell extension 'powershell' for command environment: Not usable outside of PowerShell
[4.756s] DEBUG:colcon.colcon_core.shell:Skip shell extension 'dsv' for command environment
[5.459s] DEBUG:colcon.colcon_core.event_handler.log_command:Invoking command in '/home/josea/ros2_ws/src/my_pack_clas': PYTHONPATH=/home/josea/ros2_ws/src/build/my_pack_clas/prefix_override:/usr/lib/python3/dist-packages/colcon_core/task/python/colcon_distutils_commands:/home/josea/ros2_ws/src/install/my_pack_clas/lib/python3.10/site-packages:${PYTHONPATH} /usr/bin/python3 -W ignore:setup.py install is deprecated -W ignore:easy_install command is deprecated setup.py egg_info --egg-base ../build/my_pack_clas build --build-base /home/josea/ros2_ws/src/build/my_pack_clas/build install --record /home/josea/ros2_ws/src/build/my_pack_clas/install.log --single-version-externally-managed install_data
[6.092s] Level 1:colcon.colcon_core.environment:checking '/home/josea/ros2_ws/src/install/my_pack_clas' for CMake module files
[6.094s] Level 1:colcon.colcon_core.environment:checking '/home/josea/ros2_ws/src/install/my_pack_clas' for CMake config files
[6.095s] DEBUG:colcon.colcon_core.event_handler.log_command:Invoked command in '/home/josea/ros2_ws/src/my_pack_clas' returned '0': PYTHONPATH=/home/josea/ros2_ws/src/build/my_pack_clas/prefix_override:/usr/lib/python3/dist-packages/colcon_core/task/python/colcon_distutils_commands:/home/josea/ros2_ws/src/install/my_pack_clas/lib/python3.10/site-packages:${PYTHONPATH} /usr/bin/python3 -W ignore:setup.py install is deprecated -W ignore:easy_install command is deprecated setup.py egg_info --egg-base ../build/my_pack_clas build --build-base /home/josea/ros2_ws/src/build/my_pack_clas/build install --record /home/josea/ros2_ws/src/build/my_pack_clas/install.log --single-version-externally-managed install_data
[6.097s] Level 1:colcon.colcon_core.environment:checking '/home/josea/ros2_ws/src/install/my_pack_clas/lib'
[6.097s] Level 1:colcon.colcon_core.environment:checking '/home/josea/ros2_ws/src/install/my_pack_clas/bin'
[6.097s] Level 1:colcon.colcon_core.environment:checking '/home/josea/ros2_ws/src/install/my_pack_clas/lib/pkgconfig/my_pack_clas.pc'
[6.098s] Level 1:colcon.colcon_core.environment:checking '/home/josea/ros2_ws/src/install/my_pack_clas/lib/python3.10/site-packages'
[6.098s] Level 1:colcon.colcon_core.shell:create_environment_hook('my_pack_clas', 'pythonpath')
[6.098s] INFO:colcon.colcon_core.shell:Creating environment hook '/home/josea/ros2_ws/src/install/my_pack_clas/share/my_pack_clas/hook/pythonpath.ps1'
[6.099s] INFO:colcon.colcon_core.shell:Creating environment descriptor '/home/josea/ros2_ws/src/install/my_pack_clas/share/my_pack_clas/hook/pythonpath.dsv'
[6.100s] INFO:colcon.colcon_core.shell:Creating environment hook '/home/josea/ros2_ws/src/install/my_pack_clas/share/my_pack_clas/hook/pythonpath.sh'
[6.102s] Level 1:colcon.colcon_core.environment:checking '/home/josea/ros2_ws/src/install/my_pack_clas/bin'
[6.102s] Level 1:colcon.colcon_core.environment:create_environment_scripts_only(my_pack_clas)
[6.103s] INFO:colcon.colcon_core.shell:Creating package script '/home/josea/ros2_ws/src/install/my_pack_clas/share/my_pack_clas/package.ps1'
[6.105s] INFO:colcon.colcon_core.shell:Creating package descriptor '/home/josea/ros2_ws/src/install/my_pack_clas/share/my_pack_clas/package.dsv'
[6.107s] INFO:colcon.colcon_core.shell:Creating package script '/home/josea/ros2_ws/src/install/my_pack_clas/share/my_pack_clas/package.sh'
[6.108s] INFO:colcon.colcon_core.shell:Creating package script '/home/josea/ros2_ws/src/install/my_pack_clas/share/my_pack_clas/package.bash'
[6.109s] INFO:colcon.colcon_core.shell:Creating package script '/home/josea/ros2_ws/src/install/my_pack_clas/share/my_pack_clas/package.zsh'
[6.110s] Level 1:colcon.colcon_core.environment:create_file_with_runtime_dependencies(/home/josea/ros2_ws/src/install/my_pack_clas/share/colcon-core/packages/my_pack_clas)
[6.111s] DEBUG:colcon.colcon_parallel_executor.executor.parallel:closing loop
[6.111s] DEBUG:colcon.colcon_parallel_executor.executor.parallel:loop closed
[6.112s] DEBUG:colcon.colcon_parallel_executor.executor.parallel:run_until_complete finished with '0'
[6.112s] DEBUG:colcon.colcon_core.event_reactor:joining thread
[6.128s] INFO:colcon.colcon_core.plugin_system:Skipping extension 'colcon_notification.desktop_notification.terminal_notifier': Not used on non-Darwin systems
[6.129s] INFO:colcon.colcon_core.plugin_system:Skipping extension 'colcon_notification.desktop_notification.win32': Not used on non-Windows systems
[6.129s] INFO:colcon.colcon_notification.desktop_notification:Sending desktop notification using 'notify2'
[6.161s] DEBUG:colcon.colcon_core.event_reactor:joined thread
[6.162s] INFO:colcon.colcon_core.shell:Creating prefix script '/home/josea/ros2_ws/src/install/local_setup.ps1'
[6.165s] INFO:colcon.colcon_core.shell:Creating prefix util module '/home/josea/ros2_ws/src/install/_local_setup_util_ps1.py'
[6.171s] INFO:colcon.colcon_core.shell:Creating prefix chain script '/home/josea/ros2_ws/src/install/setup.ps1'
[6.174s] INFO:colcon.colcon_core.shell:Creating prefix script '/home/josea/ros2_ws/src/install/local_setup.sh'
[6.176s] INFO:colcon.colcon_core.shell:Creating prefix util module '/home/josea/ros2_ws/src/install/_local_setup_util_sh.py'
[6.177s] INFO:colcon.colcon_core.shell:Creating prefix chain script '/home/josea/ros2_ws/src/install/setup.sh'
[6.180s] INFO:colcon.colcon_core.shell:Creating prefix script '/home/josea/ros2_ws/src/install/local_setup.bash'
[6.182s] INFO:colcon.colcon_core.shell:Creating prefix chain script '/home/josea/ros2_ws/src/install/setup.bash'
[6.185s] INFO:colcon.colcon_core.shell:Creating prefix script '/home/josea/ros2_ws/src/install/local_setup.zsh'
[6.186s] INFO:colcon.colcon_core.shell:Creating prefix chain script '/home/josea/ros2_ws/src/install/setup.zsh'
