[2.709s] Invoking command in '/home/josea/ros2_ws/src/challenge01': PYTHONPATH=/home/josea/ros2_ws/src/build/challenge01/prefix_override:/usr/lib/python3/dist-packages/colcon_core/task/python/colcon_distutils_commands:/home/josea/ros2_ws/src/install/challenge01/lib/python3.10/site-packages:${PYTHONPATH} /usr/bin/python3 -W ignore:setup.py install is deprecated -W ignore:easy_install command is deprecated setup.py egg_info --egg-base ../build/challenge01 build --build-base /home/josea/ros2_ws/src/build/challenge01/build install --record /home/josea/ros2_ws/src/build/challenge01/install.log --single-version-externally-managed install_data
[3.589s] running egg_info
[3.590s] writing ../build/challenge01/challenge01.egg-info/PKG-INFO
[3.593s] writing dependency_links to ../build/challenge01/challenge01.egg-info/dependency_links.txt
[3.595s] writing entry points to ../build/challenge01/challenge01.egg-info/entry_points.txt
[3.597s] writing requirements to ../build/challenge01/challenge01.egg-info/requires.txt
[3.599s] writing top-level names to ../build/challenge01/challenge01.egg-info/top_level.txt
[3.607s] reading manifest file '../build/challenge01/challenge01.egg-info/SOURCES.txt'
[3.611s] writing manifest file '../build/challenge01/challenge01.egg-info/SOURCES.txt'
[3.616s] running build
[3.616s] running build_py
[3.619s] running install
[3.622s] running install_lib
[3.627s] running install_data
[3.640s] running install_egg_info
[3.650s] removing '/home/josea/ros2_ws/src/install/challenge01/lib/python3.10/site-packages/challenge01-0.0.0-py3.10.egg-info' (and everything under it)
[3.655s] Copying ../build/challenge01/challenge01.egg-info to /home/josea/ros2_ws/src/install/challenge01/lib/python3.10/site-packages/challenge01-0.0.0-py3.10.egg-info
[3.661s] running install_scripts
[3.728s] Installing proccess script to /home/josea/ros2_ws/src/install/challenge01/lib/challenge01
[3.728s] Installing signal_generetor script to /home/josea/ros2_ws/src/install/challenge01/lib/challenge01
[3.728s] writing list of installed files to '/home/josea/ros2_ws/src/build/challenge01/install.log'
[3.881s] Invoked command in '/home/josea/ros2_ws/src/challenge01' returned '0': PYTHONPATH=/home/josea/ros2_ws/src/build/challenge01/prefix_override:/usr/lib/python3/dist-packages/colcon_core/task/python/colcon_distutils_commands:/home/josea/ros2_ws/src/install/challenge01/lib/python3.10/site-packages:${PYTHONPATH} /usr/bin/python3 -W ignore:setup.py install is deprecated -W ignore:easy_install command is deprecated setup.py egg_info --egg-base ../build/challenge01 build --build-base /home/josea/ros2_ws/src/build/challenge01/build install --record /home/josea/ros2_ws/src/build/challenge01/install.log --single-version-externally-managed install_data
