[0.257s] DEBUG:colcon:Command line arguments: ['/usr/bin/colcon', 'build']
[0.257s] DEBUG:colcon:Parsed command line arguments: Namespace(log_base=None, log_level=None, verb_name='build', build_base='build', install_base='install', merge_install=False, symlink_install=False, test_result_base=None, continue_on_error=False, executor='parallel', parallel_workers=2, event_handlers=None, ignore_user_meta=False, metas=['./colcon.meta'], base_paths=['.'], packages_ignore=None, packages_ignore_regex=None, paths=None, packages_up_to=None, packages_up_to_regex=None, packages_above=None, packages_above_and_dependencies=None, packages_above_depth=None, packages_select_by_dep=None, packages_skip_by_dep=None, packages_skip_up_to=None, packages_select_build_failed=False, packages_skip_build_finished=False, packages_select_test_failures=False, packages_skip_test_passed=False, packages_select=None, packages_skip=None, packages_select_regex=None, packages_skip_regex=None, packages_start=None, packages_end=None, allow_overriding=[], cmake_args=None, cmake_target=None, cmake_target_skip_unavailable=False, cmake_clean_cache=False, cmake_clean_first=False, cmake_force_configure=False, ament_cmake_args=None, catkin_cmake_args=None, catkin_skip_building_tests=False, mixin_files=None, mixin=None, verb_parser=<colcon_mixin.mixin.mixin_argument.MixinArgumentDecorator object at 0x7a9deb457010>, verb_extension=<colcon_core.verb.build.BuildVerb object at 0x7a9deb456260>, main=<bound method BuildVerb.main of <colcon_core.verb.build.BuildVerb object at 0x7a9deb456260>>, mixin_verb=('build',))
[0.670s] Level 1:colcon.colcon_core.package_discovery:discover_packages(colcon_meta) check parameters
[0.671s] Level 1:colcon.colcon_core.package_discovery:discover_packages(recursive) check parameters
[0.671s] Level 1:colcon.colcon_core.package_discovery:discover_packages(ignore) check parameters
[0.671s] Level 1:colcon.colcon_core.package_discovery:discover_packages(path) check parameters
[0.671s] Level 1:colcon.colcon_core.package_discovery:discover_packages(colcon_meta) discover
[0.671s] Level 1:colcon.colcon_core.package_discovery:discover_packages(recursive) discover
[0.672s] INFO:colcon.colcon_core.package_discovery:Crawling recursively for packages in '/home/josea/ros2_ws'
[0.672s] Level 1:colcon.colcon_core.package_identification:_identify(.) by extensions ['ignore', 'ignore_ament_install']
[0.672s] Level 1:colcon.colcon_core.package_identification:_identify(.) by extension 'ignore'
[0.672s] Level 1:colcon.colcon_core.package_identification:_identify(.) by extension 'ignore_ament_install'
[0.672s] Level 1:colcon.colcon_core.package_identification:_identify(.) by extensions ['colcon_pkg']
[0.672s] Level 1:colcon.colcon_core.package_identification:_identify(.) by extension 'colcon_pkg'
[0.673s] Level 1:colcon.colcon_core.package_identification:_identify(.) by extensions ['colcon_meta']
[0.673s] Level 1:colcon.colcon_core.package_identification:_identify(.) by extension 'colcon_meta'
[0.673s] Level 1:colcon.colcon_core.package_identification:_identify(.) by extensions ['ros']
[0.673s] Level 1:colcon.colcon_core.package_identification:_identify(.) by extension 'ros'
[0.696s] Level 1:colcon.colcon_core.package_identification:_identify(.) by extensions ['cmake', 'python']
[0.696s] Level 1:colcon.colcon_core.package_identification:_identify(.) by extension 'cmake'
[0.696s] Level 1:colcon.colcon_core.package_identification:_identify(.) by extension 'python'
[0.696s] Level 1:colcon.colcon_core.package_identification:_identify(.) by extensions ['python_setup_py']
[0.697s] Level 1:colcon.colcon_core.package_identification:_identify(.) by extension 'python_setup_py'
[0.697s] Level 1:colcon.colcon_core.package_identification:_identify(build) by extensions ['ignore', 'ignore_ament_install']
[0.697s] Level 1:colcon.colcon_core.package_identification:_identify(build) by extension 'ignore'
[0.697s] Level 1:colcon.colcon_core.package_identification:_identify(build) ignored
[0.697s] Level 1:colcon.colcon_core.package_identification:_identify(install) by extensions ['ignore', 'ignore_ament_install']
[0.697s] Level 1:colcon.colcon_core.package_identification:_identify(install) by extension 'ignore'
[0.698s] Level 1:colcon.colcon_core.package_identification:_identify(install) ignored
[0.698s] Level 1:colcon.colcon_core.package_identification:_identify(log) by extensions ['ignore', 'ignore_ament_install']
[0.698s] Level 1:colcon.colcon_core.package_identification:_identify(log) by extension 'ignore'
[0.698s] Level 1:colcon.colcon_core.package_identification:_identify(log) ignored
[0.698s] Level 1:colcon.colcon_core.package_identification:_identify(src) by extensions ['ignore', 'ignore_ament_install']
[0.698s] Level 1:colcon.colcon_core.package_identification:_identify(src) by extension 'ignore'
[0.698s] Level 1:colcon.colcon_core.package_identification:_identify(src) by extension 'ignore_ament_install'
[0.699s] Level 1:colcon.colcon_core.package_identification:_identify(src) by extensions ['colcon_pkg']
[0.699s] Level 1:colcon.colcon_core.package_identification:_identify(src) by extension 'colcon_pkg'
[0.699s] Level 1:colcon.colcon_core.package_identification:_identify(src) by extensions ['colcon_meta']
[0.699s] Level 1:colcon.colcon_core.package_identification:_identify(src) by extension 'colcon_meta'
[0.699s] Level 1:colcon.colcon_core.package_identification:_identify(src) by extensions ['ros']
[0.699s] Level 1:colcon.colcon_core.package_identification:_identify(src) by extension 'ros'
[0.699s] Level 1:colcon.colcon_core.package_identification:_identify(src) by extensions ['cmake', 'python']
[0.699s] Level 1:colcon.colcon_core.package_identification:_identify(src) by extension 'cmake'
[0.699s] Level 1:colcon.colcon_core.package_identification:_identify(src) by extension 'python'
[0.699s] Level 1:colcon.colcon_core.package_identification:_identify(src) by extensions ['python_setup_py']
[0.699s] Level 1:colcon.colcon_core.package_identification:_identify(src) by extension 'python_setup_py'
[0.699s] Level 1:colcon.colcon_core.package_identification:_identify(src/basic_comms) by extensions ['ignore', 'ignore_ament_install']
[0.700s] Level 1:colcon.colcon_core.package_identification:_identify(src/basic_comms) by extension 'ignore'
[0.700s] Level 1:colcon.colcon_core.package_identification:_identify(src/basic_comms) by extension 'ignore_ament_install'
[0.700s] Level 1:colcon.colcon_core.package_identification:_identify(src/basic_comms) by extensions ['colcon_pkg']
[0.700s] Level 1:colcon.colcon_core.package_identification:_identify(src/basic_comms) by extension 'colcon_pkg'
[0.700s] Level 1:colcon.colcon_core.package_identification:_identify(src/basic_comms) by extensions ['colcon_meta']
[0.700s] Level 1:colcon.colcon_core.package_identification:_identify(src/basic_comms) by extension 'colcon_meta'
[0.700s] Level 1:colcon.colcon_core.package_identification:_identify(src/basic_comms) by extensions ['ros']
[0.700s] Level 1:colcon.colcon_core.package_identification:_identify(src/basic_comms) by extension 'ros'
[0.705s] DEBUG:colcon.colcon_core.package_identification:Package 'src/basic_comms' with type 'ros.ament_python' and name 'basic_comms'
[0.705s] Level 1:colcon.colcon_core.package_identification:_identify(src/build) by extensions ['ignore', 'ignore_ament_install']
[0.705s] Level 1:colcon.colcon_core.package_identification:_identify(src/build) by extension 'ignore'
[0.705s] Level 1:colcon.colcon_core.package_identification:_identify(src/build) ignored
[0.706s] Level 1:colcon.colcon_core.package_identification:_identify(src/challenge01) by extensions ['ignore', 'ignore_ament_install']
[0.706s] Level 1:colcon.colcon_core.package_identification:_identify(src/challenge01) by extension 'ignore'
[0.706s] Level 1:colcon.colcon_core.package_identification:_identify(src/challenge01) by extension 'ignore_ament_install'
[0.706s] Level 1:colcon.colcon_core.package_identification:_identify(src/challenge01) by extensions ['colcon_pkg']
[0.706s] Level 1:colcon.colcon_core.package_identification:_identify(src/challenge01) by extension 'colcon_pkg'
[0.706s] Level 1:colcon.colcon_core.package_identification:_identify(src/challenge01) by extensions ['colcon_meta']
[0.706s] Level 1:colcon.colcon_core.package_identification:_identify(src/challenge01) by extension 'colcon_meta'
[0.706s] Level 1:colcon.colcon_core.package_identification:_identify(src/challenge01) by extensions ['ros']
[0.706s] Level 1:colcon.colcon_core.package_identification:_identify(src/challenge01) by extension 'ros'
[0.707s] DEBUG:colcon.colcon_core.package_identification:Package 'src/challenge01' with type 'ros.ament_python' and name 'challenge01'
[0.708s] Level 1:colcon.colcon_core.package_identification:_identify(src/challenge02) by extensions ['ignore', 'ignore_ament_install']
[0.708s] Level 1:colcon.colcon_core.package_identification:_identify(src/challenge02) by extension 'ignore'
[0.708s] Level 1:colcon.colcon_core.package_identification:_identify(src/challenge02) by extension 'ignore_ament_install'
[0.708s] Level 1:colcon.colcon_core.package_identification:_identify(src/challenge02) by extensions ['colcon_pkg']
[0.708s] Level 1:colcon.colcon_core.package_identification:_identify(src/challenge02) by extension 'colcon_pkg'
[0.708s] Level 1:colcon.colcon_core.package_identification:_identify(src/challenge02) by extensions ['colcon_meta']
[0.708s] Level 1:colcon.colcon_core.package_identification:_identify(src/challenge02) by extension 'colcon_meta'
[0.708s] Level 1:colcon.colcon_core.package_identification:_identify(src/challenge02) by extensions ['ros']
[0.709s] Level 1:colcon.colcon_core.package_identification:_identify(src/challenge02) by extension 'ros'
[0.710s] DEBUG:colcon.colcon_core.package_identification:Package 'src/challenge02' with type 'ros.ament_python' and name 'challenge02'
[0.710s] Level 1:colcon.colcon_core.package_identification:_identify(src/custom_interfaces) by extensions ['ignore', 'ignore_ament_install']
[0.710s] Level 1:colcon.colcon_core.package_identification:_identify(src/custom_interfaces) by extension 'ignore'
[0.711s] Level 1:colcon.colcon_core.package_identification:_identify(src/custom_interfaces) by extension 'ignore_ament_install'
[0.711s] Level 1:colcon.colcon_core.package_identification:_identify(src/custom_interfaces) by extensions ['colcon_pkg']
[0.711s] Level 1:colcon.colcon_core.package_identification:_identify(src/custom_interfaces) by extension 'colcon_pkg'
[0.711s] Level 1:colcon.colcon_core.package_identification:_identify(src/custom_interfaces) by extensions ['colcon_meta']
[0.711s] Level 1:colcon.colcon_core.package_identification:_identify(src/custom_interfaces) by extension 'colcon_meta'
[0.711s] Level 1:colcon.colcon_core.package_identification:_identify(src/custom_interfaces) by extensions ['ros']
[0.711s] Level 1:colcon.colcon_core.package_identification:_identify(src/custom_interfaces) by extension 'ros'
[0.712s] DEBUG:colcon.colcon_core.package_identification:Package 'src/custom_interfaces' with type 'ros.ament_cmake' and name 'custom_interfaces'
[0.713s] Level 1:colcon.colcon_core.package_identification:_identify(src/install) by extensions ['ignore', 'ignore_ament_install']
[0.713s] Level 1:colcon.colcon_core.package_identification:_identify(src/install) by extension 'ignore'
[0.713s] Level 1:colcon.colcon_core.package_identification:_identify(src/install) ignored
[0.713s] Level 1:colcon.colcon_core.package_identification:_identify(src/log) by extensions ['ignore', 'ignore_ament_install']
[0.714s] Level 1:colcon.colcon_core.package_identification:_identify(src/log) by extension 'ignore'
[0.714s] Level 1:colcon.colcon_core.package_identification:_identify(src/log) ignored
[0.714s] Level 1:colcon.colcon_core.package_identification:_identify(src/motor_control) by extensions ['ignore', 'ignore_ament_install']
[0.714s] Level 1:colcon.colcon_core.package_identification:_identify(src/motor_control) by extension 'ignore'
[0.714s] Level 1:colcon.colcon_core.package_identification:_identify(src/motor_control) by extension 'ignore_ament_install'
[0.714s] Level 1:colcon.colcon_core.package_identification:_identify(src/motor_control) by extensions ['colcon_pkg']
[0.714s] Level 1:colcon.colcon_core.package_identification:_identify(src/motor_control) by extension 'colcon_pkg'
[0.714s] Level 1:colcon.colcon_core.package_identification:_identify(src/motor_control) by extensions ['colcon_meta']
[0.714s] Level 1:colcon.colcon_core.package_identification:_identify(src/motor_control) by extension 'colcon_meta'
[0.715s] Level 1:colcon.colcon_core.package_identification:_identify(src/motor_control) by extensions ['ros']
[0.715s] Level 1:colcon.colcon_core.package_identification:_identify(src/motor_control) by extension 'ros'
[0.716s] DEBUG:colcon.colcon_core.package_identification:Package 'src/motor_control' with type 'ros.ament_python' and name 'motor_control'
[0.716s] Level 1:colcon.colcon_core.package_identification:_identify(src/my_pack_clas) by extensions ['ignore', 'ignore_ament_install']
[0.717s] Level 1:colcon.colcon_core.package_identification:_identify(src/my_pack_clas) by extension 'ignore'
[0.717s] Level 1:colcon.colcon_core.package_identification:_identify(src/my_pack_clas) by extension 'ignore_ament_install'
[0.717s] Level 1:colcon.colcon_core.package_identification:_identify(src/my_pack_clas) by extensions ['colcon_pkg']
[0.717s] Level 1:colcon.colcon_core.package_identification:_identify(src/my_pack_clas) by extension 'colcon_pkg'
[0.717s] Level 1:colcon.colcon_core.package_identification:_identify(src/my_pack_clas) by extensions ['colcon_meta']
[0.717s] Level 1:colcon.colcon_core.package_identification:_identify(src/my_pack_clas) by extension 'colcon_meta'
[0.717s] Level 1:colcon.colcon_core.package_identification:_identify(src/my_pack_clas) by extensions ['ros']
[0.717s] Level 1:colcon.colcon_core.package_identification:_identify(src/my_pack_clas) by extension 'ros'
[0.718s] DEBUG:colcon.colcon_core.package_identification:Package 'src/my_pack_clas' with type 'ros.ament_python' and name 'my_pack_clas'
[0.718s] Level 1:colcon.colcon_core.package_discovery:discover_packages(recursive) using defaults
[0.718s] Level 1:colcon.colcon_core.package_discovery:discover_packages(ignore) discover
[0.718s] Level 1:colcon.colcon_core.package_discovery:discover_packages(ignore) using defaults
[0.719s] Level 1:colcon.colcon_core.package_discovery:discover_packages(path) discover
[0.719s] Level 1:colcon.colcon_core.package_discovery:discover_packages(path) using defaults
[0.794s] Level 1:colcon.colcon_core.package_discovery:discover_packages(prefix_path) check parameters
[0.794s] Level 1:colcon.colcon_core.package_discovery:discover_packages(prefix_path) discover
[0.801s] DEBUG:colcon.colcon_installed_package_information.package_discovery:Found 7 installed packages in /home/josea/ros2_ws/install
[0.802s] DEBUG:colcon.colcon_installed_package_information.package_discovery:Found 6 installed packages in /home/josea/ros2_ws/src/install
[0.805s] DEBUG:colcon.colcon_installed_package_information.package_discovery:Found 312 installed packages in /opt/ros/humble
[0.809s] Level 1:colcon.colcon_core.package_discovery:discover_packages(prefix_path) using defaults
[0.892s] Level 5:colcon.colcon_core.verb:set package 'basic_comms' build argument 'cmake_args' from command line to 'None'
[0.892s] Level 5:colcon.colcon_core.verb:set package 'basic_comms' build argument 'cmake_target' from command line to 'None'
[0.892s] Level 5:colcon.colcon_core.verb:set package 'basic_comms' build argument 'cmake_target_skip_unavailable' from command line to 'False'
[0.892s] Level 5:colcon.colcon_core.verb:set package 'basic_comms' build argument 'cmake_clean_cache' from command line to 'False'
[0.892s] Level 5:colcon.colcon_core.verb:set package 'basic_comms' build argument 'cmake_clean_first' from command line to 'False'
[0.892s] Level 5:colcon.colcon_core.verb:set package 'basic_comms' build argument 'cmake_force_configure' from command line to 'False'
[0.892s] Level 5:colcon.colcon_core.verb:set package 'basic_comms' build argument 'ament_cmake_args' from command line to 'None'
[0.892s] Level 5:colcon.colcon_core.verb:set package 'basic_comms' build argument 'catkin_cmake_args' from command line to 'None'
[0.892s] Level 5:colcon.colcon_core.verb:set package 'basic_comms' build argument 'catkin_skip_building_tests' from command line to 'False'
[0.892s] DEBUG:colcon.colcon_core.verb:Building package 'basic_comms' with the following arguments: {'ament_cmake_args': None, 'build_base': '/home/josea/ros2_ws/build/basic_comms', 'catkin_cmake_args': None, 'catkin_skip_building_tests': False, 'cmake_args': None, 'cmake_clean_cache': False, 'cmake_clean_first': False, 'cmake_force_configure': False, 'cmake_target': None, 'cmake_target_skip_unavailable': False, 'install_base': '/home/josea/ros2_ws/install/basic_comms', 'merge_install': False, 'path': '/home/josea/ros2_ws/src/basic_comms', 'symlink_install': False, 'test_result_base': None}
[0.893s] Level 5:colcon.colcon_core.verb:set package 'challenge01' build argument 'cmake_args' from command line to 'None'
[0.893s] Level 5:colcon.colcon_core.verb:set package 'challenge01' build argument 'cmake_target' from command line to 'None'
[0.893s] Level 5:colcon.colcon_core.verb:set package 'challenge01' build argument 'cmake_target_skip_unavailable' from command line to 'False'
[0.893s] Level 5:colcon.colcon_core.verb:set package 'challenge01' build argument 'cmake_clean_cache' from command line to 'False'
[0.893s] Level 5:colcon.colcon_core.verb:set package 'challenge01' build argument 'cmake_clean_first' from command line to 'False'
[0.893s] Level 5:colcon.colcon_core.verb:set package 'challenge01' build argument 'cmake_force_configure' from command line to 'False'
[0.893s] Level 5:colcon.colcon_core.verb:set package 'challenge01' build argument 'ament_cmake_args' from command line to 'None'
[0.893s] Level 5:colcon.colcon_core.verb:set package 'challenge01' build argument 'catkin_cmake_args' from command line to 'None'
[0.893s] Level 5:colcon.colcon_core.verb:set package 'challenge01' build argument 'catkin_skip_building_tests' from command line to 'False'
[0.894s] DEBUG:colcon.colcon_core.verb:Building package 'challenge01' with the following arguments: {'ament_cmake_args': None, 'build_base': '/home/josea/ros2_ws/build/challenge01', 'catkin_cmake_args': None, 'catkin_skip_building_tests': False, 'cmake_args': None, 'cmake_clean_cache': False, 'cmake_clean_first': False, 'cmake_force_configure': False, 'cmake_target': None, 'cmake_target_skip_unavailable': False, 'install_base': '/home/josea/ros2_ws/install/challenge01', 'merge_install': False, 'path': '/home/josea/ros2_ws/src/challenge01', 'symlink_install': False, 'test_result_base': None}
[0.894s] Level 5:colcon.colcon_core.verb:set package 'challenge02' build argument 'cmake_args' from command line to 'None'
[0.894s] Level 5:colcon.colcon_core.verb:set package 'challenge02' build argument 'cmake_target' from command line to 'None'
[0.894s] Level 5:colcon.colcon_core.verb:set package 'challenge02' build argument 'cmake_target_skip_unavailable' from command line to 'False'
[0.895s] Level 5:colcon.colcon_core.verb:set package 'challenge02' build argument 'cmake_clean_cache' from command line to 'False'
[0.895s] Level 5:colcon.colcon_core.verb:set package 'challenge02' build argument 'cmake_clean_first' from command line to 'False'
[0.895s] Level 5:colcon.colcon_core.verb:set package 'challenge02' build argument 'cmake_force_configure' from command line to 'False'
[0.895s] Level 5:colcon.colcon_core.verb:set package 'challenge02' build argument 'ament_cmake_args' from command line to 'None'
[0.895s] Level 5:colcon.colcon_core.verb:set package 'challenge02' build argument 'catkin_cmake_args' from command line to 'None'
[0.895s] Level 5:colcon.colcon_core.verb:set package 'challenge02' build argument 'catkin_skip_building_tests' from command line to 'False'
[0.895s] DEBUG:colcon.colcon_core.verb:Building package 'challenge02' with the following arguments: {'ament_cmake_args': None, 'build_base': '/home/josea/ros2_ws/build/challenge02', 'catkin_cmake_args': None, 'catkin_skip_building_tests': False, 'cmake_args': None, 'cmake_clean_cache': False, 'cmake_clean_first': False, 'cmake_force_configure': False, 'cmake_target': None, 'cmake_target_skip_unavailable': False, 'install_base': '/home/josea/ros2_ws/install/challenge02', 'merge_install': False, 'path': '/home/josea/ros2_ws/src/challenge02', 'symlink_install': False, 'test_result_base': None}
[0.896s] Level 5:colcon.colcon_core.verb:set package 'custom_interfaces' build argument 'cmake_args' from command line to 'None'
[0.896s] Level 5:colcon.colcon_core.verb:set package 'custom_interfaces' build argument 'cmake_target' from command line to 'None'
[0.896s] Level 5:colcon.colcon_core.verb:set package 'custom_interfaces' build argument 'cmake_target_skip_unavailable' from command line to 'False'
[0.896s] Level 5:colcon.colcon_core.verb:set package 'custom_interfaces' build argument 'cmake_clean_cache' from command line to 'False'
[0.896s] Level 5:colcon.colcon_core.verb:set package 'custom_interfaces' build argument 'cmake_clean_first' from command line to 'False'
[0.896s] Level 5:colcon.colcon_core.verb:set package 'custom_interfaces' build argument 'cmake_force_configure' from command line to 'False'
[0.896s] Level 5:colcon.colcon_core.verb:set package 'custom_interfaces' build argument 'ament_cmake_args' from command line to 'None'
[0.896s] Level 5:colcon.colcon_core.verb:set package 'custom_interfaces' build argument 'catkin_cmake_args' from command line to 'None'
[0.896s] Level 5:colcon.colcon_core.verb:set package 'custom_interfaces' build argument 'catkin_skip_building_tests' from command line to 'False'
[0.896s] DEBUG:colcon.colcon_core.verb:Building package 'custom_interfaces' with the following arguments: {'ament_cmake_args': None, 'build_base': '/home/josea/ros2_ws/build/custom_interfaces', 'catkin_cmake_args': None, 'catkin_skip_building_tests': False, 'cmake_args': None, 'cmake_clean_cache': False, 'cmake_clean_first': False, 'cmake_force_configure': False, 'cmake_target': None, 'cmake_target_skip_unavailable': False, 'install_base': '/home/josea/ros2_ws/install/custom_interfaces', 'merge_install': False, 'path': '/home/josea/ros2_ws/src/custom_interfaces', 'symlink_install': False, 'test_result_base': None}
[0.897s] Level 5:colcon.colcon_core.verb:set package 'motor_control' build argument 'cmake_args' from command line to 'None'
[0.897s] Level 5:colcon.colcon_core.verb:set package 'motor_control' build argument 'cmake_target' from command line to 'None'
[0.897s] Level 5:colcon.colcon_core.verb:set package 'motor_control' build argument 'cmake_target_skip_unavailable' from command line to 'False'
[0.897s] Level 5:colcon.colcon_core.verb:set package 'motor_control' build argument 'cmake_clean_cache' from command line to 'False'
[0.897s] Level 5:colcon.colcon_core.verb:set package 'motor_control' build argument 'cmake_clean_first' from command line to 'False'
[0.897s] Level 5:colcon.colcon_core.verb:set package 'motor_control' build argument 'cmake_force_configure' from command line to 'False'
[0.897s] Level 5:colcon.colcon_core.verb:set package 'motor_control' build argument 'ament_cmake_args' from command line to 'None'
[0.897s] Level 5:colcon.colcon_core.verb:set package 'motor_control' build argument 'catkin_cmake_args' from command line to 'None'
[0.897s] Level 5:colcon.colcon_core.verb:set package 'motor_control' build argument 'catkin_skip_building_tests' from command line to 'False'
[0.897s] DEBUG:colcon.colcon_core.verb:Building package 'motor_control' with the following arguments: {'ament_cmake_args': None, 'build_base': '/home/josea/ros2_ws/build/motor_control', 'catkin_cmake_args': None, 'catkin_skip_building_tests': False, 'cmake_args': None, 'cmake_clean_cache': False, 'cmake_clean_first': False, 'cmake_force_configure': False, 'cmake_target': None, 'cmake_target_skip_unavailable': False, 'install_base': '/home/josea/ros2_ws/install/motor_control', 'merge_install': False, 'path': '/home/josea/ros2_ws/src/motor_control', 'symlink_install': False, 'test_result_base': None}
[0.898s] Level 5:colcon.colcon_core.verb:set package 'my_pack_clas' build argument 'cmake_args' from command line to 'None'
[0.898s] Level 5:colcon.colcon_core.verb:set package 'my_pack_clas' build argument 'cmake_target' from command line to 'None'
[0.898s] Level 5:colcon.colcon_core.verb:set package 'my_pack_clas' build argument 'cmake_target_skip_unavailable' from command line to 'False'
[0.898s] Level 5:colcon.colcon_core.verb:set package 'my_pack_clas' build argument 'cmake_clean_cache' from command line to 'False'
[0.898s] Level 5:colcon.colcon_core.verb:set package 'my_pack_clas' build argument 'cmake_clean_first' from command line to 'False'
[0.898s] Level 5:colcon.colcon_core.verb:set package 'my_pack_clas' build argument 'cmake_force_configure' from command line to 'False'
[0.898s] Level 5:colcon.colcon_core.verb:set package 'my_pack_clas' build argument 'ament_cmake_args' from command line to 'None'
[0.898s] Level 5:colcon.colcon_core.verb:set package 'my_pack_clas' build argument 'catkin_cmake_args' from command line to 'None'
[0.898s] Level 5:colcon.colcon_core.verb:set package 'my_pack_clas' build argument 'catkin_skip_building_tests' from command line to 'False'
[0.899s] DEBUG:colcon.colcon_core.verb:Building package 'my_pack_clas' with the following arguments: {'ament_cmake_args': None, 'build_base': '/home/josea/ros2_ws/build/my_pack_clas', 'catkin_cmake_args': None, 'catkin_skip_building_tests': False, 'cmake_args': None, 'cmake_clean_cache': False, 'cmake_clean_first': False, 'cmake_force_configure': False, 'cmake_target': None, 'cmake_target_skip_unavailable': False, 'install_base': '/home/josea/ros2_ws/install/my_pack_clas', 'merge_install': False, 'path': '/home/josea/ros2_ws/src/my_pack_clas', 'symlink_install': False, 'test_result_base': None}
[0.899s] INFO:colcon.colcon_core.executor:Executing jobs using 'parallel' executor
[0.901s] DEBUG:colcon.colcon_parallel_executor.executor.parallel:run_until_complete
[0.901s] INFO:colcon.colcon_ros.task.ament_python.build:Building ROS package in '/home/josea/ros2_ws/src/basic_comms' with build type 'ament_python'
[0.902s] Level 1:colcon.colcon_core.shell:create_environment_hook('basic_comms', 'ament_prefix_path')
[0.910s] INFO:colcon.colcon_core.plugin_system:Skipping extension 'colcon_core.shell.bat': Not used on non-Windows systems
[0.910s] INFO:colcon.colcon_core.shell:Creating environment hook '/home/josea/ros2_ws/install/basic_comms/share/basic_comms/hook/ament_prefix_path.ps1'
[0.913s] INFO:colcon.colcon_core.shell:Creating environment descriptor '/home/josea/ros2_ws/install/basic_comms/share/basic_comms/hook/ament_prefix_path.dsv'
[0.915s] INFO:colcon.colcon_core.shell:Creating environment hook '/home/josea/ros2_ws/install/basic_comms/share/basic_comms/hook/ament_prefix_path.sh'
[0.919s] INFO:colcon.colcon_core.shell:Skip shell extension 'powershell' for command environment: Not usable outside of PowerShell
[0.919s] DEBUG:colcon.colcon_core.shell:Skip shell extension 'dsv' for command environment
[0.930s] INFO:colcon.colcon_ros.task.ament_python.build:Building ROS package in '/home/josea/ros2_ws/src/challenge01' with build type 'ament_python'
[0.931s] Level 1:colcon.colcon_core.shell:create_environment_hook('challenge01', 'ament_prefix_path')
[0.931s] INFO:colcon.colcon_core.shell:Creating environment hook '/home/josea/ros2_ws/install/challenge01/share/challenge01/hook/ament_prefix_path.ps1'
[0.933s] INFO:colcon.colcon_core.shell:Creating environment descriptor '/home/josea/ros2_ws/install/challenge01/share/challenge01/hook/ament_prefix_path.dsv'
[0.935s] INFO:colcon.colcon_core.shell:Creating environment hook '/home/josea/ros2_ws/install/challenge01/share/challenge01/hook/ament_prefix_path.sh'
[0.939s] INFO:colcon.colcon_core.shell:Skip shell extension 'powershell' for command environment: Not usable outside of PowerShell
[0.939s] DEBUG:colcon.colcon_core.shell:Skip shell extension 'dsv' for command environment
[1.551s] INFO:colcon.colcon_core.task.python.build:Building Python package in '/home/josea/ros2_ws/src/basic_comms'
[1.552s] INFO:colcon.colcon_core.shell:Skip shell extension 'powershell' for command environment: Not usable outside of PowerShell
[1.552s] DEBUG:colcon.colcon_core.shell:Skip shell extension 'dsv' for command environment
[2.146s] INFO:colcon.colcon_core.task.python.build:Building Python package in '/home/josea/ros2_ws/src/challenge01'
[2.147s] INFO:colcon.colcon_core.shell:Skip shell extension 'powershell' for command environment: Not usable outside of PowerShell
[2.147s] DEBUG:colcon.colcon_core.shell:Skip shell extension 'dsv' for command environment
[3.270s] DEBUG:colcon.colcon_core.event_handler.log_command:Invoking command in '/home/josea/ros2_ws/src/challenge01': PYTHONPATH=/home/josea/ros2_ws/build/challenge01/prefix_override:/usr/lib/python3/dist-packages/colcon_core/task/python/colcon_distutils_commands:/home/josea/ros2_ws/install/challenge01/lib/python3.10/site-packages:${PYTHONPATH} /usr/bin/python3 -W ignore:setup.py install is deprecated -W ignore:easy_install command is deprecated setup.py egg_info --egg-base ../../build/challenge01 build --build-base /home/josea/ros2_ws/build/challenge01/build install --record /home/josea/ros2_ws/build/challenge01/install.log --single-version-externally-managed install_data
[3.285s] DEBUG:colcon.colcon_core.event_handler.log_command:Invoking command in '/home/josea/ros2_ws/src/basic_comms': PYTHONPATH=/home/josea/ros2_ws/build/basic_comms/prefix_override:/usr/lib/python3/dist-packages/colcon_core/task/python/colcon_distutils_commands:/home/josea/ros2_ws/install/basic_comms/lib/python3.10/site-packages:${PYTHONPATH} /usr/bin/python3 -W ignore:setup.py install is deprecated -W ignore:easy_install command is deprecated setup.py egg_info --egg-base ../../build/basic_comms build --build-base /home/josea/ros2_ws/build/basic_comms/build install --record /home/josea/ros2_ws/build/basic_comms/install.log --single-version-externally-managed install_data
[4.229s] DEBUG:colcon.colcon_core.event_handler.log_command:Invoked command in '/home/josea/ros2_ws/src/challenge01' returned '0': PYTHONPATH=/home/josea/ros2_ws/build/challenge01/prefix_override:/usr/lib/python3/dist-packages/colcon_core/task/python/colcon_distutils_commands:/home/josea/ros2_ws/install/challenge01/lib/python3.10/site-packages:${PYTHONPATH} /usr/bin/python3 -W ignore:setup.py install is deprecated -W ignore:easy_install command is deprecated setup.py egg_info --egg-base ../../build/challenge01 build --build-base /home/josea/ros2_ws/build/challenge01/build install --record /home/josea/ros2_ws/build/challenge01/install.log --single-version-externally-managed install_data
[4.242s] Level 1:colcon.colcon_core.environment:checking '/home/josea/ros2_ws/install/challenge01' for CMake module files
[4.244s] Level 1:colcon.colcon_core.environment:checking '/home/josea/ros2_ws/install/challenge01' for CMake config files
[4.247s] Level 1:colcon.colcon_core.environment:checking '/home/josea/ros2_ws/install/challenge01/lib'
[4.248s] Level 1:colcon.colcon_core.environment:checking '/home/josea/ros2_ws/install/challenge01/bin'
[4.248s] Level 1:colcon.colcon_core.environment:checking '/home/josea/ros2_ws/install/challenge01/lib/pkgconfig/challenge01.pc'
[4.249s] Level 1:colcon.colcon_core.environment:checking '/home/josea/ros2_ws/install/challenge01/lib/python3.10/site-packages'
[4.249s] Level 1:colcon.colcon_core.shell:create_environment_hook('challenge01', 'pythonpath')
[4.250s] INFO:colcon.colcon_core.shell:Creating environment hook '/home/josea/ros2_ws/install/challenge01/share/challenge01/hook/pythonpath.ps1'
[4.251s] INFO:colcon.colcon_core.shell:Creating environment descriptor '/home/josea/ros2_ws/install/challenge01/share/challenge01/hook/pythonpath.dsv'
[4.253s] INFO:colcon.colcon_core.shell:Creating environment hook '/home/josea/ros2_ws/install/challenge01/share/challenge01/hook/pythonpath.sh'
[4.259s] Level 1:colcon.colcon_core.environment:checking '/home/josea/ros2_ws/install/challenge01/bin'
[4.260s] Level 1:colcon.colcon_core.environment:create_environment_scripts_only(challenge01)
[4.265s] INFO:colcon.colcon_core.shell:Creating package script '/home/josea/ros2_ws/install/challenge01/share/challenge01/package.ps1'
[4.269s] INFO:colcon.colcon_core.shell:Creating package descriptor '/home/josea/ros2_ws/install/challenge01/share/challenge01/package.dsv'
[4.272s] INFO:colcon.colcon_core.shell:Creating package script '/home/josea/ros2_ws/install/challenge01/share/challenge01/package.sh'
[4.275s] INFO:colcon.colcon_core.shell:Creating package script '/home/josea/ros2_ws/install/challenge01/share/challenge01/package.bash'
[4.278s] INFO:colcon.colcon_core.shell:Creating package script '/home/josea/ros2_ws/install/challenge01/share/challenge01/package.zsh'
[4.280s] Level 1:colcon.colcon_core.environment:create_file_with_runtime_dependencies(/home/josea/ros2_ws/install/challenge01/share/colcon-core/packages/challenge01)
[4.281s] INFO:colcon.colcon_ros.task.ament_python.build:Building ROS package in '/home/josea/ros2_ws/src/challenge02' with build type 'ament_python'
[4.283s] Level 1:colcon.colcon_core.shell:create_environment_hook('challenge02', 'ament_prefix_path')
[4.286s] INFO:colcon.colcon_core.shell:Creating environment hook '/home/josea/ros2_ws/install/challenge02/share/challenge02/hook/ament_prefix_path.ps1'
[4.296s] INFO:colcon.colcon_core.shell:Creating environment descriptor '/home/josea/ros2_ws/install/challenge02/share/challenge02/hook/ament_prefix_path.dsv'
[4.304s] INFO:colcon.colcon_core.shell:Creating environment hook '/home/josea/ros2_ws/install/challenge02/share/challenge02/hook/ament_prefix_path.sh'
[4.312s] INFO:colcon.colcon_core.shell:Skip shell extension 'powershell' for command environment: Not usable outside of PowerShell
[4.312s] DEBUG:colcon.colcon_core.shell:Skip shell extension 'dsv' for command environment
[4.333s] Level 1:colcon.colcon_core.environment:checking '/home/josea/ros2_ws/install/basic_comms' for CMake module files
[4.334s] DEBUG:colcon.colcon_core.event_handler.log_command:Invoked command in '/home/josea/ros2_ws/src/basic_comms' returned '0': PYTHONPATH=/home/josea/ros2_ws/build/basic_comms/prefix_override:/usr/lib/python3/dist-packages/colcon_core/task/python/colcon_distutils_commands:/home/josea/ros2_ws/install/basic_comms/lib/python3.10/site-packages:${PYTHONPATH} /usr/bin/python3 -W ignore:setup.py install is deprecated -W ignore:easy_install command is deprecated setup.py egg_info --egg-base ../../build/basic_comms build --build-base /home/josea/ros2_ws/build/basic_comms/build install --record /home/josea/ros2_ws/build/basic_comms/install.log --single-version-externally-managed install_data
[4.335s] Level 1:colcon.colcon_core.environment:checking '/home/josea/ros2_ws/install/basic_comms' for CMake config files
[4.337s] Level 1:colcon.colcon_core.environment:checking '/home/josea/ros2_ws/install/basic_comms/lib'
[4.337s] Level 1:colcon.colcon_core.environment:checking '/home/josea/ros2_ws/install/basic_comms/bin'
[4.337s] Level 1:colcon.colcon_core.environment:checking '/home/josea/ros2_ws/install/basic_comms/lib/pkgconfig/basic_comms.pc'
[4.338s] Level 1:colcon.colcon_core.environment:checking '/home/josea/ros2_ws/install/basic_comms/lib/python3.10/site-packages'
[4.338s] Level 1:colcon.colcon_core.shell:create_environment_hook('basic_comms', 'pythonpath')
[4.338s] INFO:colcon.colcon_core.shell:Creating environment hook '/home/josea/ros2_ws/install/basic_comms/share/basic_comms/hook/pythonpath.ps1'
[4.339s] INFO:colcon.colcon_core.shell:Creating environment descriptor '/home/josea/ros2_ws/install/basic_comms/share/basic_comms/hook/pythonpath.dsv'
[4.340s] INFO:colcon.colcon_core.shell:Creating environment hook '/home/josea/ros2_ws/install/basic_comms/share/basic_comms/hook/pythonpath.sh'
[4.342s] Level 1:colcon.colcon_core.environment:checking '/home/josea/ros2_ws/install/basic_comms/bin'
[4.343s] Level 1:colcon.colcon_core.environment:create_environment_scripts_only(basic_comms)
[4.344s] INFO:colcon.colcon_core.shell:Creating package script '/home/josea/ros2_ws/install/basic_comms/share/basic_comms/package.ps1'
[4.346s] INFO:colcon.colcon_core.shell:Creating package descriptor '/home/josea/ros2_ws/install/basic_comms/share/basic_comms/package.dsv'
[4.347s] INFO:colcon.colcon_core.shell:Creating package script '/home/josea/ros2_ws/install/basic_comms/share/basic_comms/package.sh'
[4.348s] INFO:colcon.colcon_core.shell:Creating package script '/home/josea/ros2_ws/install/basic_comms/share/basic_comms/package.bash'
[4.349s] INFO:colcon.colcon_core.shell:Creating package script '/home/josea/ros2_ws/install/basic_comms/share/basic_comms/package.zsh'
[4.351s] Level 1:colcon.colcon_core.environment:create_file_with_runtime_dependencies(/home/josea/ros2_ws/install/basic_comms/share/colcon-core/packages/basic_comms)
[4.956s] INFO:colcon.colcon_core.task.python.build:Building Python package in '/home/josea/ros2_ws/src/challenge02'
[4.956s] INFO:colcon.colcon_core.shell:Skip shell extension 'powershell' for command environment: Not usable outside of PowerShell
[4.956s] DEBUG:colcon.colcon_core.shell:Skip shell extension 'dsv' for command environment
[4.969s] INFO:colcon.colcon_ros.task.ament_cmake.build:Building ROS package in '/home/josea/ros2_ws/src/custom_interfaces' with build type 'ament_cmake'
[4.969s] INFO:colcon.colcon_cmake.task.cmake.build:Building CMake package in '/home/josea/ros2_ws/src/custom_interfaces'
[4.970s] INFO:colcon.colcon_core.shell:Skip shell extension 'powershell' for command environment: Not usable outside of PowerShell
[4.970s] DEBUG:colcon.colcon_core.shell:Skip shell extension 'dsv' for command environment
[4.998s] DEBUG:colcon.colcon_core.event_handler.log_command:Invoking command in '/home/josea/ros2_ws/build/custom_interfaces': CMAKE_PREFIX_PATH=${CMAKE_PREFIX_PATH}:/home/josea/ros2_ws/install/my_pack_clas:/home/josea/ros2_ws/install/motor_control:/home/josea/ros2_ws/install/challenge02:/home/josea/ros2_ws/install/challenge01:/home/josea/ros2_ws/install/basic_comms:/home/josea/ros2_ws/install/Challenge02:/home/josea/ros2_ws/src/install/my_pack_clas:/home/josea/ros2_ws/src/install/motor_control:/home/josea/ros2_ws/src/install/challenge02:/home/josea/ros2_ws/src/install/challenge01:/home/josea/ros2_ws/src/install/basic_comms:/opt/ros/humble /usr/bin/cmake --build /home/josea/ros2_ws/build/custom_interfaces -- -j2 -l2
[6.363s] DEBUG:colcon.colcon_core.event_handler.log_command:Invoking command in '/home/josea/ros2_ws/src/challenge02': PYTHONPATH=/home/josea/ros2_ws/build/challenge02/prefix_override:/usr/lib/python3/dist-packages/colcon_core/task/python/colcon_distutils_commands:/home/josea/ros2_ws/install/challenge02/lib/python3.10/site-packages:${PYTHONPATH} /usr/bin/python3 -W ignore:setup.py install is deprecated -W ignore:easy_install command is deprecated setup.py egg_info --egg-base ../../build/challenge02 build --build-base /home/josea/ros2_ws/build/challenge02/build install --record /home/josea/ros2_ws/build/challenge02/install.log --single-version-externally-managed install_data
[6.704s] DEBUG:colcon.colcon_core.event_handler.log_command:Invoked command in '/home/josea/ros2_ws/build/custom_interfaces' returned '0': CMAKE_PREFIX_PATH=${CMAKE_PREFIX_PATH}:/home/josea/ros2_ws/install/my_pack_clas:/home/josea/ros2_ws/install/motor_control:/home/josea/ros2_ws/install/challenge02:/home/josea/ros2_ws/install/challenge01:/home/josea/ros2_ws/install/basic_comms:/home/josea/ros2_ws/install/Challenge02:/home/josea/ros2_ws/src/install/my_pack_clas:/home/josea/ros2_ws/src/install/motor_control:/home/josea/ros2_ws/src/install/challenge02:/home/josea/ros2_ws/src/install/challenge01:/home/josea/ros2_ws/src/install/basic_comms:/opt/ros/humble /usr/bin/cmake --build /home/josea/ros2_ws/build/custom_interfaces -- -j2 -l2
[6.730s] DEBUG:colcon.colcon_core.event_handler.log_command:Invoking command in '/home/josea/ros2_ws/build/custom_interfaces': CMAKE_PREFIX_PATH=${CMAKE_PREFIX_PATH}:/home/josea/ros2_ws/install/my_pack_clas:/home/josea/ros2_ws/install/motor_control:/home/josea/ros2_ws/install/challenge02:/home/josea/ros2_ws/install/challenge01:/home/josea/ros2_ws/install/basic_comms:/home/josea/ros2_ws/install/Challenge02:/home/josea/ros2_ws/src/install/my_pack_clas:/home/josea/ros2_ws/src/install/motor_control:/home/josea/ros2_ws/src/install/challenge02:/home/josea/ros2_ws/src/install/challenge01:/home/josea/ros2_ws/src/install/basic_comms:/opt/ros/humble /usr/bin/cmake --install /home/josea/ros2_ws/build/custom_interfaces
[6.964s] Level 1:colcon.colcon_core.environment:create_environment_scripts_only(custom_interfaces)
[6.965s] Level 1:colcon.colcon_core.environment:checking '/home/josea/ros2_ws/install/custom_interfaces' for CMake module files
[6.967s] DEBUG:colcon.colcon_core.event_handler.log_command:Invoked command in '/home/josea/ros2_ws/build/custom_interfaces' returned '0': CMAKE_PREFIX_PATH=${CMAKE_PREFIX_PATH}:/home/josea/ros2_ws/install/my_pack_clas:/home/josea/ros2_ws/install/motor_control:/home/josea/ros2_ws/install/challenge02:/home/josea/ros2_ws/install/challenge01:/home/josea/ros2_ws/install/basic_comms:/home/josea/ros2_ws/install/Challenge02:/home/josea/ros2_ws/src/install/my_pack_clas:/home/josea/ros2_ws/src/install/motor_control:/home/josea/ros2_ws/src/install/challenge02:/home/josea/ros2_ws/src/install/challenge01:/home/josea/ros2_ws/src/install/basic_comms:/opt/ros/humble /usr/bin/cmake --install /home/josea/ros2_ws/build/custom_interfaces
[6.969s] Level 1:colcon.colcon_core.environment:checking '/home/josea/ros2_ws/install/custom_interfaces' for CMake config files
[6.972s] Level 1:colcon.colcon_core.shell:create_environment_hook('custom_interfaces', 'cmake_prefix_path')
[6.973s] INFO:colcon.colcon_core.shell:Creating environment hook '/home/josea/ros2_ws/install/custom_interfaces/share/custom_interfaces/hook/cmake_prefix_path.ps1'
[6.974s] INFO:colcon.colcon_core.shell:Creating environment descriptor '/home/josea/ros2_ws/install/custom_interfaces/share/custom_interfaces/hook/cmake_prefix_path.dsv'
[6.976s] INFO:colcon.colcon_core.shell:Creating environment hook '/home/josea/ros2_ws/install/custom_interfaces/share/custom_interfaces/hook/cmake_prefix_path.sh'
[6.978s] Level 1:colcon.colcon_core.environment:checking '/home/josea/ros2_ws/install/custom_interfaces/lib'
[6.978s] Level 1:colcon.colcon_core.shell:create_environment_hook('custom_interfaces', 'ld_library_path_lib')
[6.979s] INFO:colcon.colcon_core.shell:Creating environment hook '/home/josea/ros2_ws/install/custom_interfaces/share/custom_interfaces/hook/ld_library_path_lib.ps1'
[6.980s] INFO:colcon.colcon_core.shell:Creating environment descriptor '/home/josea/ros2_ws/install/custom_interfaces/share/custom_interfaces/hook/ld_library_path_lib.dsv'
[6.983s] INFO:colcon.colcon_core.shell:Creating environment hook '/home/josea/ros2_ws/install/custom_interfaces/share/custom_interfaces/hook/ld_library_path_lib.sh'
[6.984s] Level 1:colcon.colcon_core.environment:checking '/home/josea/ros2_ws/install/custom_interfaces/bin'
[6.984s] Level 1:colcon.colcon_core.environment:checking '/home/josea/ros2_ws/install/custom_interfaces/lib/pkgconfig/custom_interfaces.pc'
[6.988s] Level 1:colcon.colcon_core.environment:checking '/home/josea/ros2_ws/install/custom_interfaces/lib/python3.10/site-packages'
[6.988s] Level 1:colcon.colcon_core.environment:checking '/home/josea/ros2_ws/install/custom_interfaces/bin'
[6.989s] INFO:colcon.colcon_core.shell:Creating package script '/home/josea/ros2_ws/install/custom_interfaces/share/custom_interfaces/package.ps1'
[6.991s] INFO:colcon.colcon_core.shell:Creating package descriptor '/home/josea/ros2_ws/install/custom_interfaces/share/custom_interfaces/package.dsv'
[6.993s] INFO:colcon.colcon_core.shell:Creating package script '/home/josea/ros2_ws/install/custom_interfaces/share/custom_interfaces/package.sh'
[6.994s] INFO:colcon.colcon_core.shell:Creating package script '/home/josea/ros2_ws/install/custom_interfaces/share/custom_interfaces/package.bash'
[6.996s] INFO:colcon.colcon_core.shell:Creating package script '/home/josea/ros2_ws/install/custom_interfaces/share/custom_interfaces/package.zsh'
[6.997s] Level 1:colcon.colcon_core.environment:create_file_with_runtime_dependencies(/home/josea/ros2_ws/install/custom_interfaces/share/colcon-core/packages/custom_interfaces)
[6.999s] Level 1:colcon.colcon_core.environment:create_environment_scripts_only(custom_interfaces)
[6.999s] Level 1:colcon.colcon_core.environment:checking '/home/josea/ros2_ws/install/custom_interfaces' for CMake module files
[7.001s] Level 1:colcon.colcon_core.environment:checking '/home/josea/ros2_ws/install/custom_interfaces' for CMake config files
[7.002s] Level 1:colcon.colcon_core.shell:create_environment_hook('custom_interfaces', 'cmake_prefix_path')
[7.003s] INFO:colcon.colcon_core.shell:Creating environment hook '/home/josea/ros2_ws/install/custom_interfaces/share/custom_interfaces/hook/cmake_prefix_path.ps1'
[7.004s] INFO:colcon.colcon_core.shell:Creating environment descriptor '/home/josea/ros2_ws/install/custom_interfaces/share/custom_interfaces/hook/cmake_prefix_path.dsv'
[7.007s] INFO:colcon.colcon_core.shell:Creating environment hook '/home/josea/ros2_ws/install/custom_interfaces/share/custom_interfaces/hook/cmake_prefix_path.sh'
[7.011s] Level 1:colcon.colcon_core.environment:checking '/home/josea/ros2_ws/install/custom_interfaces/lib'
[7.011s] Level 1:colcon.colcon_core.shell:create_environment_hook('custom_interfaces', 'ld_library_path_lib')
[7.013s] INFO:colcon.colcon_core.shell:Creating environment hook '/home/josea/ros2_ws/install/custom_interfaces/share/custom_interfaces/hook/ld_library_path_lib.ps1'
[7.014s] INFO:colcon.colcon_core.shell:Creating environment descriptor '/home/josea/ros2_ws/install/custom_interfaces/share/custom_interfaces/hook/ld_library_path_lib.dsv'
[7.016s] INFO:colcon.colcon_core.shell:Creating environment hook '/home/josea/ros2_ws/install/custom_interfaces/share/custom_interfaces/hook/ld_library_path_lib.sh'
[7.017s] Level 1:colcon.colcon_core.environment:checking '/home/josea/ros2_ws/install/custom_interfaces/bin'
[7.018s] Level 1:colcon.colcon_core.environment:checking '/home/josea/ros2_ws/install/custom_interfaces/lib/pkgconfig/custom_interfaces.pc'
[7.019s] Level 1:colcon.colcon_core.environment:checking '/home/josea/ros2_ws/install/custom_interfaces/lib/python3.10/site-packages'
[7.019s] Level 1:colcon.colcon_core.environment:checking '/home/josea/ros2_ws/install/custom_interfaces/bin'
[7.020s] INFO:colcon.colcon_core.shell:Creating package script '/home/josea/ros2_ws/install/custom_interfaces/share/custom_interfaces/package.ps1'
[7.022s] INFO:colcon.colcon_core.shell:Creating package descriptor '/home/josea/ros2_ws/install/custom_interfaces/share/custom_interfaces/package.dsv'
[7.024s] INFO:colcon.colcon_core.shell:Creating package script '/home/josea/ros2_ws/install/custom_interfaces/share/custom_interfaces/package.sh'
[7.025s] INFO:colcon.colcon_core.shell:Creating package script '/home/josea/ros2_ws/install/custom_interfaces/share/custom_interfaces/package.bash'
[7.027s] INFO:colcon.colcon_core.shell:Creating package script '/home/josea/ros2_ws/install/custom_interfaces/share/custom_interfaces/package.zsh'
[7.028s] Level 1:colcon.colcon_core.environment:create_file_with_runtime_dependencies(/home/josea/ros2_ws/install/custom_interfaces/share/colcon-core/packages/custom_interfaces)
[7.030s] INFO:colcon.colcon_ros.task.ament_python.build:Building ROS package in '/home/josea/ros2_ws/src/motor_control' with build type 'ament_python'
[7.030s] Level 1:colcon.colcon_core.shell:create_environment_hook('motor_control', 'ament_prefix_path')
[7.032s] INFO:colcon.colcon_core.shell:Creating environment hook '/home/josea/ros2_ws/install/motor_control/share/motor_control/hook/ament_prefix_path.ps1'
[7.033s] INFO:colcon.colcon_core.shell:Creating environment descriptor '/home/josea/ros2_ws/install/motor_control/share/motor_control/hook/ament_prefix_path.dsv'
[7.034s] INFO:colcon.colcon_core.shell:Creating environment hook '/home/josea/ros2_ws/install/motor_control/share/motor_control/hook/ament_prefix_path.sh'
[7.036s] INFO:colcon.colcon_core.shell:Skip shell extension 'powershell' for command environment: Not usable outside of PowerShell
[7.036s] DEBUG:colcon.colcon_core.shell:Skip shell extension 'dsv' for command environment
[7.780s] INFO:colcon.colcon_core.task.python.build:Building Python package in '/home/josea/ros2_ws/src/motor_control'
[7.781s] INFO:colcon.colcon_core.shell:Skip shell extension 'powershell' for command environment: Not usable outside of PowerShell
[7.782s] DEBUG:colcon.colcon_core.shell:Skip shell extension 'dsv' for command environment
[7.793s] Level 1:colcon.colcon_core.environment:checking '/home/josea/ros2_ws/install/challenge02' for CMake module files
[7.794s] DEBUG:colcon.colcon_core.event_handler.log_command:Invoked command in '/home/josea/ros2_ws/src/challenge02' returned '0': PYTHONPATH=/home/josea/ros2_ws/build/challenge02/prefix_override:/usr/lib/python3/dist-packages/colcon_core/task/python/colcon_distutils_commands:/home/josea/ros2_ws/install/challenge02/lib/python3.10/site-packages:${PYTHONPATH} /usr/bin/python3 -W ignore:setup.py install is deprecated -W ignore:easy_install command is deprecated setup.py egg_info --egg-base ../../build/challenge02 build --build-base /home/josea/ros2_ws/build/challenge02/build install --record /home/josea/ros2_ws/build/challenge02/install.log --single-version-externally-managed install_data
[7.795s] Level 1:colcon.colcon_core.environment:checking '/home/josea/ros2_ws/install/challenge02' for CMake config files
[7.797s] Level 1:colcon.colcon_core.environment:checking '/home/josea/ros2_ws/install/challenge02/lib'
[7.797s] Level 1:colcon.colcon_core.environment:checking '/home/josea/ros2_ws/install/challenge02/bin'
[7.797s] Level 1:colcon.colcon_core.environment:checking '/home/josea/ros2_ws/install/challenge02/lib/pkgconfig/challenge02.pc'
[7.798s] Level 1:colcon.colcon_core.environment:checking '/home/josea/ros2_ws/install/challenge02/lib/python3.10/site-packages'
[7.798s] Level 1:colcon.colcon_core.shell:create_environment_hook('challenge02', 'pythonpath')
[7.798s] INFO:colcon.colcon_core.shell:Creating environment hook '/home/josea/ros2_ws/install/challenge02/share/challenge02/hook/pythonpath.ps1'
[7.799s] INFO:colcon.colcon_core.shell:Creating environment descriptor '/home/josea/ros2_ws/install/challenge02/share/challenge02/hook/pythonpath.dsv'
[7.800s] INFO:colcon.colcon_core.shell:Creating environment hook '/home/josea/ros2_ws/install/challenge02/share/challenge02/hook/pythonpath.sh'
[7.802s] Level 1:colcon.colcon_core.environment:checking '/home/josea/ros2_ws/install/challenge02/bin'
[7.802s] Level 1:colcon.colcon_core.environment:create_environment_scripts_only(challenge02)
[7.803s] INFO:colcon.colcon_core.shell:Creating package script '/home/josea/ros2_ws/install/challenge02/share/challenge02/package.ps1'
[7.804s] INFO:colcon.colcon_core.shell:Creating package descriptor '/home/josea/ros2_ws/install/challenge02/share/challenge02/package.dsv'
[7.805s] INFO:colcon.colcon_core.shell:Creating package script '/home/josea/ros2_ws/install/challenge02/share/challenge02/package.sh'
[7.806s] INFO:colcon.colcon_core.shell:Creating package script '/home/josea/ros2_ws/install/challenge02/share/challenge02/package.bash'
[7.808s] INFO:colcon.colcon_core.shell:Creating package script '/home/josea/ros2_ws/install/challenge02/share/challenge02/package.zsh'
[7.809s] Level 1:colcon.colcon_core.environment:create_file_with_runtime_dependencies(/home/josea/ros2_ws/install/challenge02/share/colcon-core/packages/challenge02)
[7.812s] INFO:colcon.colcon_ros.task.ament_python.build:Building ROS package in '/home/josea/ros2_ws/src/my_pack_clas' with build type 'ament_python'
[7.812s] Level 1:colcon.colcon_core.shell:create_environment_hook('my_pack_clas', 'ament_prefix_path')
[7.813s] INFO:colcon.colcon_core.shell:Creating environment hook '/home/josea/ros2_ws/install/my_pack_clas/share/my_pack_clas/hook/ament_prefix_path.ps1'
[7.815s] INFO:colcon.colcon_core.shell:Creating environment descriptor '/home/josea/ros2_ws/install/my_pack_clas/share/my_pack_clas/hook/ament_prefix_path.dsv'
[7.816s] INFO:colcon.colcon_core.shell:Creating environment hook '/home/josea/ros2_ws/install/my_pack_clas/share/my_pack_clas/hook/ament_prefix_path.sh'
[7.818s] INFO:colcon.colcon_core.shell:Skip shell extension 'powershell' for command environment: Not usable outside of PowerShell
[7.818s] DEBUG:colcon.colcon_core.shell:Skip shell extension 'dsv' for command environment
[8.608s] INFO:colcon.colcon_core.task.python.build:Building Python package in '/home/josea/ros2_ws/src/my_pack_clas'
[8.609s] INFO:colcon.colcon_core.shell:Skip shell extension 'powershell' for command environment: Not usable outside of PowerShell
[8.609s] DEBUG:colcon.colcon_core.shell:Skip shell extension 'dsv' for command environment
[8.911s] DEBUG:colcon.colcon_core.event_handler.log_command:Invoking command in '/home/josea/ros2_ws/src/motor_control': PYTHONPATH=/home/josea/ros2_ws/build/motor_control/prefix_override:/usr/lib/python3/dist-packages/colcon_core/task/python/colcon_distutils_commands:/home/josea/ros2_ws/install/motor_control/lib/python3.10/site-packages:${PYTHONPATH} /usr/bin/python3 -W ignore:setup.py install is deprecated -W ignore:easy_install command is deprecated setup.py egg_info --egg-base ../../build/motor_control build --build-base /home/josea/ros2_ws/build/motor_control/build install --record /home/josea/ros2_ws/build/motor_control/install.log --single-version-externally-managed install_data
[9.646s] DEBUG:colcon.colcon_core.event_handler.log_command:Invoking command in '/home/josea/ros2_ws/src/my_pack_clas': PYTHONPATH=/home/josea/ros2_ws/build/my_pack_clas/prefix_override:/usr/lib/python3/dist-packages/colcon_core/task/python/colcon_distutils_commands:/home/josea/ros2_ws/install/my_pack_clas/lib/python3.10/site-packages:${PYTHONPATH} /usr/bin/python3 -W ignore:setup.py install is deprecated -W ignore:easy_install command is deprecated setup.py egg_info --egg-base ../../build/my_pack_clas build --build-base /home/josea/ros2_ws/build/my_pack_clas/build install --record /home/josea/ros2_ws/build/my_pack_clas/install.log --single-version-externally-managed install_data
[9.923s] Level 1:colcon.colcon_core.environment:checking '/home/josea/ros2_ws/install/motor_control' for CMake module files
[9.925s] DEBUG:colcon.colcon_core.event_handler.log_command:Invoked command in '/home/josea/ros2_ws/src/motor_control' returned '0': PYTHONPATH=/home/josea/ros2_ws/build/motor_control/prefix_override:/usr/lib/python3/dist-packages/colcon_core/task/python/colcon_distutils_commands:/home/josea/ros2_ws/install/motor_control/lib/python3.10/site-packages:${PYTHONPATH} /usr/bin/python3 -W ignore:setup.py install is deprecated -W ignore:easy_install command is deprecated setup.py egg_info --egg-base ../../build/motor_control build --build-base /home/josea/ros2_ws/build/motor_control/build install --record /home/josea/ros2_ws/build/motor_control/install.log --single-version-externally-managed install_data
[9.925s] Level 1:colcon.colcon_core.environment:checking '/home/josea/ros2_ws/install/motor_control' for CMake config files
[9.929s] Level 1:colcon.colcon_core.environment:checking '/home/josea/ros2_ws/install/motor_control/lib'
[9.929s] Level 1:colcon.colcon_core.environment:checking '/home/josea/ros2_ws/install/motor_control/bin'
[9.929s] Level 1:colcon.colcon_core.environment:checking '/home/josea/ros2_ws/install/motor_control/lib/pkgconfig/motor_control.pc'
[9.930s] Level 1:colcon.colcon_core.environment:checking '/home/josea/ros2_ws/install/motor_control/lib/python3.10/site-packages'
[9.930s] Level 1:colcon.colcon_core.shell:create_environment_hook('motor_control', 'pythonpath')
[9.931s] INFO:colcon.colcon_core.shell:Creating environment hook '/home/josea/ros2_ws/install/motor_control/share/motor_control/hook/pythonpath.ps1'
[9.932s] INFO:colcon.colcon_core.shell:Creating environment descriptor '/home/josea/ros2_ws/install/motor_control/share/motor_control/hook/pythonpath.dsv'
[9.933s] INFO:colcon.colcon_core.shell:Creating environment hook '/home/josea/ros2_ws/install/motor_control/share/motor_control/hook/pythonpath.sh'
[9.935s] Level 1:colcon.colcon_core.environment:checking '/home/josea/ros2_ws/install/motor_control/bin'
[9.935s] Level 1:colcon.colcon_core.environment:create_environment_scripts_only(motor_control)
[9.936s] INFO:colcon.colcon_core.shell:Creating package script '/home/josea/ros2_ws/install/motor_control/share/motor_control/package.ps1'
[9.938s] INFO:colcon.colcon_core.shell:Creating package descriptor '/home/josea/ros2_ws/install/motor_control/share/motor_control/package.dsv'
[9.939s] INFO:colcon.colcon_core.shell:Creating package script '/home/josea/ros2_ws/install/motor_control/share/motor_control/package.sh'
[9.941s] INFO:colcon.colcon_core.shell:Creating package script '/home/josea/ros2_ws/install/motor_control/share/motor_control/package.bash'
[9.943s] INFO:colcon.colcon_core.shell:Creating package script '/home/josea/ros2_ws/install/motor_control/share/motor_control/package.zsh'
[9.946s] Level 1:colcon.colcon_core.environment:create_file_with_runtime_dependencies(/home/josea/ros2_ws/install/motor_control/share/colcon-core/packages/motor_control)
[10.413s] Level 1:colcon.colcon_core.environment:checking '/home/josea/ros2_ws/install/my_pack_clas' for CMake module files
[10.414s] DEBUG:colcon.colcon_core.event_handler.log_command:Invoked command in '/home/josea/ros2_ws/src/my_pack_clas' returned '0': PYTHONPATH=/home/josea/ros2_ws/build/my_pack_clas/prefix_override:/usr/lib/python3/dist-packages/colcon_core/task/python/colcon_distutils_commands:/home/josea/ros2_ws/install/my_pack_clas/lib/python3.10/site-packages:${PYTHONPATH} /usr/bin/python3 -W ignore:setup.py install is deprecated -W ignore:easy_install command is deprecated setup.py egg_info --egg-base ../../build/my_pack_clas build --build-base /home/josea/ros2_ws/build/my_pack_clas/build install --record /home/josea/ros2_ws/build/my_pack_clas/install.log --single-version-externally-managed install_data
[10.415s] Level 1:colcon.colcon_core.environment:checking '/home/josea/ros2_ws/install/my_pack_clas' for CMake config files
[10.417s] Level 1:colcon.colcon_core.environment:checking '/home/josea/ros2_ws/install/my_pack_clas/lib'
[10.417s] Level 1:colcon.colcon_core.environment:checking '/home/josea/ros2_ws/install/my_pack_clas/bin'
[10.418s] Level 1:colcon.colcon_core.environment:checking '/home/josea/ros2_ws/install/my_pack_clas/lib/pkgconfig/my_pack_clas.pc'
[10.419s] Level 1:colcon.colcon_core.environment:checking '/home/josea/ros2_ws/install/my_pack_clas/lib/python3.10/site-packages'
[10.419s] Level 1:colcon.colcon_core.shell:create_environment_hook('my_pack_clas', 'pythonpath')
[10.420s] INFO:colcon.colcon_core.shell:Creating environment hook '/home/josea/ros2_ws/install/my_pack_clas/share/my_pack_clas/hook/pythonpath.ps1'
[10.422s] INFO:colcon.colcon_core.shell:Creating environment descriptor '/home/josea/ros2_ws/install/my_pack_clas/share/my_pack_clas/hook/pythonpath.dsv'
[10.424s] INFO:colcon.colcon_core.shell:Creating environment hook '/home/josea/ros2_ws/install/my_pack_clas/share/my_pack_clas/hook/pythonpath.sh'
[10.427s] Level 1:colcon.colcon_core.environment:checking '/home/josea/ros2_ws/install/my_pack_clas/bin'
[10.428s] Level 1:colcon.colcon_core.environment:create_environment_scripts_only(my_pack_clas)
[10.429s] INFO:colcon.colcon_core.shell:Creating package script '/home/josea/ros2_ws/install/my_pack_clas/share/my_pack_clas/package.ps1'
[10.432s] INFO:colcon.colcon_core.shell:Creating package descriptor '/home/josea/ros2_ws/install/my_pack_clas/share/my_pack_clas/package.dsv'
[10.434s] INFO:colcon.colcon_core.shell:Creating package script '/home/josea/ros2_ws/install/my_pack_clas/share/my_pack_clas/package.sh'
[10.436s] INFO:colcon.colcon_core.shell:Creating package script '/home/josea/ros2_ws/install/my_pack_clas/share/my_pack_clas/package.bash'
[10.438s] INFO:colcon.colcon_core.shell:Creating package script '/home/josea/ros2_ws/install/my_pack_clas/share/my_pack_clas/package.zsh'
[10.439s] Level 1:colcon.colcon_core.environment:create_file_with_runtime_dependencies(/home/josea/ros2_ws/install/my_pack_clas/share/colcon-core/packages/my_pack_clas)
[10.440s] DEBUG:colcon.colcon_parallel_executor.executor.parallel:closing loop
[10.441s] DEBUG:colcon.colcon_parallel_executor.executor.parallel:loop closed
[10.442s] DEBUG:colcon.colcon_parallel_executor.executor.parallel:run_until_complete finished with '0'
[10.442s] DEBUG:colcon.colcon_core.event_reactor:joining thread
[10.464s] INFO:colcon.colcon_core.plugin_system:Skipping extension 'colcon_notification.desktop_notification.terminal_notifier': Not used on non-Darwin systems
[10.465s] INFO:colcon.colcon_core.plugin_system:Skipping extension 'colcon_notification.desktop_notification.win32': Not used on non-Windows systems
[10.465s] INFO:colcon.colcon_notification.desktop_notification:Sending desktop notification using 'notify2'
[10.497s] DEBUG:colcon.colcon_core.event_reactor:joined thread
[10.498s] INFO:colcon.colcon_core.shell:Creating prefix script '/home/josea/ros2_ws/install/local_setup.ps1'
[10.501s] INFO:colcon.colcon_core.shell:Creating prefix util module '/home/josea/ros2_ws/install/_local_setup_util_ps1.py'
[10.506s] INFO:colcon.colcon_core.shell:Creating prefix chain script '/home/josea/ros2_ws/install/setup.ps1'
[10.511s] INFO:colcon.colcon_core.shell:Creating prefix script '/home/josea/ros2_ws/install/local_setup.sh'
[10.513s] INFO:colcon.colcon_core.shell:Creating prefix util module '/home/josea/ros2_ws/install/_local_setup_util_sh.py'
[10.515s] INFO:colcon.colcon_core.shell:Creating prefix chain script '/home/josea/ros2_ws/install/setup.sh'
[10.519s] INFO:colcon.colcon_core.shell:Creating prefix script '/home/josea/ros2_ws/install/local_setup.bash'
[10.521s] INFO:colcon.colcon_core.shell:Creating prefix chain script '/home/josea/ros2_ws/install/setup.bash'
[10.525s] INFO:colcon.colcon_core.shell:Creating prefix script '/home/josea/ros2_ws/install/local_setup.zsh'
[10.527s] INFO:colcon.colcon_core.shell:Creating prefix chain script '/home/josea/ros2_ws/install/setup.zsh'
