[2.560s] Invoking command in '/home/josea/ros2_ws/src/my_pack_clas': PYTHONPATH=/home/josea/ros2_ws/src/build/my_pack_clas/prefix_override:/usr/lib/python3/dist-packages/colcon_core/task/python/colcon_distutils_commands:/home/josea/ros2_ws/src/install/my_pack_clas/lib/python3.10/site-packages:${PYTHONPATH} /usr/bin/python3 -W ignore:setup.py install is deprecated -W ignore:easy_install command is deprecated setup.py egg_info --egg-base ../build/my_pack_clas build --build-base /home/josea/ros2_ws/src/build/my_pack_clas/build install --record /home/josea/ros2_ws/src/build/my_pack_clas/install.log --single-version-externally-managed install_data
[3.616s] running egg_info
[3.618s] creating ../build/my_pack_clas/my_pack_clas.egg-info
[3.620s] writing ../build/my_pack_clas/my_pack_clas.egg-info/PKG-INFO
[3.622s] writing dependency_links to ../build/my_pack_clas/my_pack_clas.egg-info/dependency_links.txt
[3.622s] writing entry points to ../build/my_pack_clas/my_pack_clas.egg-info/entry_points.txt
[3.623s] writing requirements to ../build/my_pack_clas/my_pack_clas.egg-info/requires.txt
[3.624s] writing top-level names to ../build/my_pack_clas/my_pack_clas.egg-info/top_level.txt
[3.626s] writing manifest file '../build/my_pack_clas/my_pack_clas.egg-info/SOURCES.txt'
[3.632s] reading manifest file '../build/my_pack_clas/my_pack_clas.egg-info/SOURCES.txt'
[3.638s] writing manifest file '../build/my_pack_clas/my_pack_clas.egg-info/SOURCES.txt'
[3.639s] running build
[3.641s] running build_py
[3.642s] creating /home/josea/ros2_ws/src/build/my_pack_clas/build
[3.642s] creating /home/josea/ros2_ws/src/build/my_pack_clas/build/lib
[3.643s] creating /home/josea/ros2_ws/src/build/my_pack_clas/build/lib/my_pack_clas
[3.644s] copying my_pack_clas/my_publisher.py -> /home/josea/ros2_ws/src/build/my_pack_clas/build/lib/my_pack_clas
[3.644s] copying my_pack_clas/my_subscriber.py -> /home/josea/ros2_ws/src/build/my_pack_clas/build/lib/my_pack_clas
[3.647s] copying my_pack_clas/__init__.py -> /home/josea/ros2_ws/src/build/my_pack_clas/build/lib/my_pack_clas
[3.650s] copying my_pack_clas/my_pack.py -> /home/josea/ros2_ws/src/build/my_pack_clas/build/lib/my_pack_clas
[3.651s] running install
[3.651s] running install_lib
[3.651s] creating /home/josea/ros2_ws/src/install/my_pack_clas/lib/python3.10/site-packages/my_pack_clas
[3.651s] copying /home/josea/ros2_ws/src/build/my_pack_clas/build/lib/my_pack_clas/my_publisher.py -> /home/josea/ros2_ws/src/install/my_pack_clas/lib/python3.10/site-packages/my_pack_clas
[3.651s] copying /home/josea/ros2_ws/src/build/my_pack_clas/build/lib/my_pack_clas/my_subscriber.py -> /home/josea/ros2_ws/src/install/my_pack_clas/lib/python3.10/site-packages/my_pack_clas
[3.652s] copying /home/josea/ros2_ws/src/build/my_pack_clas/build/lib/my_pack_clas/__init__.py -> /home/josea/ros2_ws/src/install/my_pack_clas/lib/python3.10/site-packages/my_pack_clas
[3.652s] copying /home/josea/ros2_ws/src/build/my_pack_clas/build/lib/my_pack_clas/my_pack.py -> /home/josea/ros2_ws/src/install/my_pack_clas/lib/python3.10/site-packages/my_pack_clas
[3.654s] byte-compiling /home/josea/ros2_ws/src/install/my_pack_clas/lib/python3.10/site-packages/my_pack_clas/my_publisher.py to my_publisher.cpython-310.pyc
[3.656s] byte-compiling /home/josea/ros2_ws/src/install/my_pack_clas/lib/python3.10/site-packages/my_pack_clas/my_subscriber.py to my_subscriber.cpython-310.pyc
[3.657s] byte-compiling /home/josea/ros2_ws/src/install/my_pack_clas/lib/python3.10/site-packages/my_pack_clas/__init__.py to __init__.cpython-310.pyc
[3.658s] byte-compiling /home/josea/ros2_ws/src/install/my_pack_clas/lib/python3.10/site-packages/my_pack_clas/my_pack.py to my_pack.cpython-310.pyc
[3.658s] running install_data
[3.658s] creating /home/josea/ros2_ws/src/install/my_pack_clas/share/ament_index
[3.658s] creating /home/josea/ros2_ws/src/install/my_pack_clas/share/ament_index/resource_index
[3.658s] creating /home/josea/ros2_ws/src/install/my_pack_clas/share/ament_index/resource_index/packages
[3.659s] copying resource/my_pack_clas -> /home/josea/ros2_ws/src/install/my_pack_clas/share/ament_index/resource_index/packages
[3.659s] copying package.xml -> /home/josea/ros2_ws/src/install/my_pack_clas/share/my_pack_clas
[3.659s] copying launch/start_two_nodes.launch.py -> /home/josea/ros2_ws/src/install/my_pack_clas/share/my_pack_clas
[3.659s] running install_egg_info
[3.664s] Copying ../build/my_pack_clas/my_pack_clas.egg-info to /home/josea/ros2_ws/src/install/my_pack_clas/lib/python3.10/site-packages/my_pack_clas-0.0.0-py3.10.egg-info
[3.669s] running install_scripts
[3.757s] Installing my_pack script to /home/josea/ros2_ws/src/install/my_pack_clas/lib/my_pack_clas
[3.758s] Installing my_publisher script to /home/josea/ros2_ws/src/install/my_pack_clas/lib/my_pack_clas
[3.760s] Installing my_subscriber script to /home/josea/ros2_ws/src/install/my_pack_clas/lib/my_pack_clas
[3.761s] writing list of installed files to '/home/josea/ros2_ws/src/build/my_pack_clas/install.log'
[3.874s] Invoked command in '/home/josea/ros2_ws/src/my_pack_clas' returned '0': PYTHONPATH=/home/josea/ros2_ws/src/build/my_pack_clas/prefix_override:/usr/lib/python3/dist-packages/colcon_core/task/python/colcon_distutils_commands:/home/josea/ros2_ws/src/install/my_pack_clas/lib/python3.10/site-packages:${PYTHONPATH} /usr/bin/python3 -W ignore:setup.py install is deprecated -W ignore:easy_install command is deprecated setup.py egg_info --egg-base ../build/my_pack_clas build --build-base /home/josea/ros2_ws/src/build/my_pack_clas/build install --record /home/josea/ros2_ws/src/build/my_pack_clas/install.log --single-version-externally-managed install_data
