[4.900s] Invoking command in '/home/josea/ros2_ws/src/challenge02': PYTHONPATH=/home/josea/ros2_ws/build/challenge02/prefix_override:/usr/lib/python3/dist-packages/colcon_core/task/python/colcon_distutils_commands:/home/josea/ros2_ws/install/challenge02/lib/python3.10/site-packages:${PYTHONPATH} /usr/bin/python3 -W ignore:setup.py install is deprecated -W ignore:easy_install command is deprecated setup.py egg_info --egg-base ../../build/challenge02 build --build-base /home/josea/ros2_ws/build/challenge02/build install --record /home/josea/ros2_ws/build/challenge02/install.log --single-version-externally-managed install_data
[6.836s] running egg_info
[6.836s] writing ../../build/challenge02/challenge02.egg-info/PKG-INFO
[6.837s] writing dependency_links to ../../build/challenge02/challenge02.egg-info/dependency_links.txt
[6.839s] writing entry points to ../../build/challenge02/challenge02.egg-info/entry_points.txt
[6.839s] writing requirements to ../../build/challenge02/challenge02.egg-info/requires.txt
[6.839s] writing top-level names to ../../build/challenge02/challenge02.egg-info/top_level.txt
[6.852s] reading manifest file '../../build/challenge02/challenge02.egg-info/SOURCES.txt'
[6.853s] writing manifest file '../../build/challenge02/challenge02.egg-info/SOURCES.txt'
[6.855s] running build
[6.855s] running build_py
[6.861s] running install
[6.869s] running install_lib
[6.887s] running install_data
[6.887s] running install_egg_info
[6.896s] removing '/home/josea/ros2_ws/install/challenge02/lib/python3.10/site-packages/challenge02-0.0.0-py3.10.egg-info' (and everything under it)
[6.898s] Copying ../../build/challenge02/challenge02.egg-info to /home/josea/ros2_ws/install/challenge02/lib/python3.10/site-packages/challenge02-0.0.0-py3.10.egg-info
[6.898s] running install_scripts
[7.043s] Installing controller script to /home/josea/ros2_ws/install/challenge02/lib/challenge02
[7.043s] Installing dc_motor script to /home/josea/ros2_ws/install/challenge02/lib/challenge02
[7.044s] Installing plant_test script to /home/josea/ros2_ws/install/challenge02/lib/challenge02
[7.047s] Installing set_point script to /home/josea/ros2_ws/install/challenge02/lib/challenge02
[7.048s] writing list of installed files to '/home/josea/ros2_ws/build/challenge02/install.log'
[7.960s] Invoked command in '/home/josea/ros2_ws/src/challenge02' returned '0': PYTHONPATH=/home/josea/ros2_ws/build/challenge02/prefix_override:/usr/lib/python3/dist-packages/colcon_core/task/python/colcon_distutils_commands:/home/josea/ros2_ws/install/challenge02/lib/python3.10/site-packages:${PYTHONPATH} /usr/bin/python3 -W ignore:setup.py install is deprecated -W ignore:easy_install command is deprecated setup.py egg_info --egg-base ../../build/challenge02 build --build-base /home/josea/ros2_ws/build/challenge02/build install --record /home/josea/ros2_ws/build/challenge02/install.log --single-version-externally-managed install_data
