[3.055s] Invoking command in '/home/josea/ros2_ws/src/challenge01': PYTHONPATH=/home/josea/ros2_ws/build/challenge01/prefix_override:/usr/lib/python3/dist-packages/colcon_core/task/python/colcon_distutils_commands:/home/josea/ros2_ws/install/challenge01/lib/python3.10/site-packages:${PYTHONPATH} /usr/bin/python3 -W ignore:setup.py install is deprecated -W ignore:easy_install command is deprecated setup.py egg_info --egg-base ../../build/challenge01 build --build-base /home/josea/ros2_ws/build/challenge01/build install --record /home/josea/ros2_ws/build/challenge01/install.log --single-version-externally-managed install_data
[3.870s] running egg_info
[3.873s] writing ../../build/challenge01/challenge01.egg-info/PKG-INFO
[3.873s] writing dependency_links to ../../build/challenge01/challenge01.egg-info/dependency_links.txt
[3.874s] writing entry points to ../../build/challenge01/challenge01.egg-info/entry_points.txt
[3.874s] writing requirements to ../../build/challenge01/challenge01.egg-info/requires.txt
[3.875s] writing top-level names to ../../build/challenge01/challenge01.egg-info/top_level.txt
[3.883s] reading manifest file '../../build/challenge01/challenge01.egg-info/SOURCES.txt'
[3.884s] writing manifest file '../../build/challenge01/challenge01.egg-info/SOURCES.txt'
[3.884s] running build
[3.885s] running build_py
[3.888s] running install
[3.888s] running install_lib
[3.896s] running install_data
[3.896s] running install_egg_info
[3.902s] removing '/home/josea/ros2_ws/install/challenge01/lib/python3.10/site-packages/challenge01-0.0.0-py3.10.egg-info' (and everything under it)
[3.906s] Copying ../../build/challenge01/challenge01.egg-info to /home/josea/ros2_ws/install/challenge01/lib/python3.10/site-packages/challenge01-0.0.0-py3.10.egg-info
[3.914s] running install_scripts
[3.990s] Installing proccess script to /home/josea/ros2_ws/install/challenge01/lib/challenge01
[3.991s] Installing signal_generetor script to /home/josea/ros2_ws/install/challenge01/lib/challenge01
[3.993s] writing list of installed files to '/home/josea/ros2_ws/build/challenge01/install.log'
[4.096s] Invoked command in '/home/josea/ros2_ws/src/challenge01' returned '0': PYTHONPATH=/home/josea/ros2_ws/build/challenge01/prefix_override:/usr/lib/python3/dist-packages/colcon_core/task/python/colcon_distutils_commands:/home/josea/ros2_ws/install/challenge01/lib/python3.10/site-packages:${PYTHONPATH} /usr/bin/python3 -W ignore:setup.py install is deprecated -W ignore:easy_install command is deprecated setup.py egg_info --egg-base ../../build/challenge01 build --build-base /home/josea/ros2_ws/build/challenge01/build install --record /home/josea/ros2_ws/build/challenge01/install.log --single-version-externally-managed install_data
