[2.053s] Invoking command in '/home/josea/ros2_ws/src/challenge03': PYTHONPATH=/home/josea/ros2_ws/build/challenge03/prefix_override:/usr/lib/python3/dist-packages/colcon_core/task/python/colcon_distutils_commands:/home/josea/ros2_ws/install/challenge03/lib/python3.10/site-packages:${PYTHONPATH} /usr/bin/python3 -W ignore:setup.py install is deprecated -W ignore:easy_install command is deprecated setup.py egg_info --egg-base ../../build/challenge03 build --build-base /home/josea/ros2_ws/build/challenge03/build install --record /home/josea/ros2_ws/build/challenge03/install.log --single-version-externally-managed install_data
[3.101s] running egg_info
[3.105s] writing ../../build/challenge03/challenge03.egg-info/PKG-INFO
[3.107s] writing dependency_links to ../../build/challenge03/challenge03.egg-info/dependency_links.txt
[3.108s] writing entry points to ../../build/challenge03/challenge03.egg-info/entry_points.txt
[3.109s] writing requirements to ../../build/challenge03/challenge03.egg-info/requires.txt
[3.111s] writing top-level names to ../../build/challenge03/challenge03.egg-info/top_level.txt
[3.120s] reading manifest file '../../build/challenge03/challenge03.egg-info/SOURCES.txt'
[3.120s] writing manifest file '../../build/challenge03/challenge03.egg-info/SOURCES.txt'
[3.120s] running build
[3.120s] running build_py
[3.121s] running install
[3.124s] running install_lib
[3.135s] running install_data
[3.135s] running install_egg_info
[3.143s] removing '/home/josea/ros2_ws/install/challenge03/lib/python3.10/site-packages/challenge03-0.0.0-py3.10.egg-info' (and everything under it)
[3.143s] Copying ../../build/challenge03/challenge03.egg-info to /home/josea/ros2_ws/install/challenge03/lib/python3.10/site-packages/challenge03-0.0.0-py3.10.egg-info
[3.144s] running install_scripts
[3.203s] writing list of installed files to '/home/josea/ros2_ws/build/challenge03/install.log'
[3.341s] Invoked command in '/home/josea/ros2_ws/src/challenge03' returned '0': PYTHONPATH=/home/josea/ros2_ws/build/challenge03/prefix_override:/usr/lib/python3/dist-packages/colcon_core/task/python/colcon_distutils_commands:/home/josea/ros2_ws/install/challenge03/lib/python3.10/site-packages:${PYTHONPATH} /usr/bin/python3 -W ignore:setup.py install is deprecated -W ignore:easy_install command is deprecated setup.py egg_info --egg-base ../../build/challenge03 build --build-base /home/josea/ros2_ws/build/challenge03/build install --record /home/josea/ros2_ws/build/challenge03/install.log --single-version-externally-managed install_data
