[4.028s] Invoking command in '/home/josea/ros2_ws/src/basic_comms': PYTHONPATH=/home/josea/ros2_ws/build/basic_comms/prefix_override:/usr/lib/python3/dist-packages/colcon_core/task/python/colcon_distutils_commands:/home/josea/ros2_ws/install/basic_comms/lib/python3.10/site-packages:${PYTHONPATH} /usr/bin/python3 -W ignore:setup.py install is deprecated -W ignore:easy_install command is deprecated setup.py egg_info --egg-base ../../build/basic_comms build --build-base /home/josea/ros2_ws/build/basic_comms/build install --record /home/josea/ros2_ws/build/basic_comms/install.log --single-version-externally-managed install_data
[5.802s] running egg_info
[5.802s] writing ../../build/basic_comms/basic_comms.egg-info/PKG-INFO
[5.802s] writing dependency_links to ../../build/basic_comms/basic_comms.egg-info/dependency_links.txt
[5.805s] writing entry points to ../../build/basic_comms/basic_comms.egg-info/entry_points.txt
[5.806s] writing requirements to ../../build/basic_comms/basic_comms.egg-info/requires.txt
[5.810s] writing top-level names to ../../build/basic_comms/basic_comms.egg-info/top_level.txt
[5.821s] reading manifest file '../../build/basic_comms/basic_comms.egg-info/SOURCES.txt'
[5.827s] writing manifest file '../../build/basic_comms/basic_comms.egg-info/SOURCES.txt'
[5.828s] running build
[5.829s] running build_py
[5.844s] running install
[5.847s] running install_lib
[5.854s] running install_data
[5.855s] running install_egg_info
[5.868s] removing '/home/josea/ros2_ws/install/basic_comms/lib/python3.10/site-packages/basic_comms-0.0.0-py3.10.egg-info' (and everything under it)
[5.870s] Copying ../../build/basic_comms/basic_comms.egg-info to /home/josea/ros2_ws/install/basic_comms/lib/python3.10/site-packages/basic_comms-0.0.0-py3.10.egg-info
[5.880s] running install_scripts
[5.994s] Installing talker script to /home/josea/ros2_ws/install/basic_comms/lib/basic_comms
[5.997s] writing list of installed files to '/home/josea/ros2_ws/build/basic_comms/install.log'
[6.221s] Invoked command in '/home/josea/ros2_ws/src/basic_comms' returned '0': PYTHONPATH=/home/josea/ros2_ws/build/basic_comms/prefix_override:/usr/lib/python3/dist-packages/colcon_core/task/python/colcon_distutils_commands:/home/josea/ros2_ws/install/basic_comms/lib/python3.10/site-packages:${PYTHONPATH} /usr/bin/python3 -W ignore:setup.py install is deprecated -W ignore:easy_install command is deprecated setup.py egg_info --egg-base ../../build/basic_comms build --build-base /home/josea/ros2_ws/build/basic_comms/build install --record /home/josea/ros2_ws/build/basic_comms/install.log --single-version-externally-managed install_data
