[4.560s] Invoking command in '/home/josea/ros2_ws/src/challenge03': PYTHONPATH=/home/josea/ros2_ws/build/challenge03/prefix_override:/usr/lib/python3/dist-packages/colcon_core/task/python/colcon_distutils_commands:/home/josea/ros2_ws/install/challenge03/lib/python3.10/site-packages:${PYTHONPATH} /usr/bin/python3 -W ignore:setup.py install is deprecated -W ignore:easy_install command is deprecated setup.py egg_info --egg-base ../../build/challenge03 build --build-base /home/josea/ros2_ws/build/challenge03/build install --record /home/josea/ros2_ws/build/challenge03/install.log --single-version-externally-managed install_data
[5.957s] running egg_info
[5.961s] writing ../../build/challenge03/challenge03.egg-info/PKG-INFO
[5.965s] writing dependency_links to ../../build/challenge03/challenge03.egg-info/dependency_links.txt
[5.968s] writing entry points to ../../build/challenge03/challenge03.egg-info/entry_points.txt
[5.968s] writing requirements to ../../build/challenge03/challenge03.egg-info/requires.txt
[5.968s] writing top-level names to ../../build/challenge03/challenge03.egg-info/top_level.txt
[5.969s] reading manifest file '../../build/challenge03/challenge03.egg-info/SOURCES.txt'
[5.974s] writing manifest file '../../build/challenge03/challenge03.egg-info/SOURCES.txt'
[5.974s] running build
[5.974s] running build_py
[5.976s] running install
[5.976s] running install_lib
[5.990s] running install_data
[5.990s] running install_egg_info
[5.993s] removing '/home/josea/ros2_ws/install/challenge03/lib/python3.10/site-packages/challenge03-0.0.0-py3.10.egg-info' (and everything under it)
[5.993s] Copying ../../build/challenge03/challenge03.egg-info to /home/josea/ros2_ws/install/challenge03/lib/python3.10/site-packages/challenge03-0.0.0-py3.10.egg-info
[5.993s] running install_scripts
[6.061s] Installing publisher_pwm script to /home/josea/ros2_ws/install/challenge03/lib/challenge03
[6.063s] writing list of installed files to '/home/josea/ros2_ws/build/challenge03/install.log'
[6.168s] Invoked command in '/home/josea/ros2_ws/src/challenge03' returned '0': PYTHONPATH=/home/josea/ros2_ws/build/challenge03/prefix_override:/usr/lib/python3/dist-packages/colcon_core/task/python/colcon_distutils_commands:/home/josea/ros2_ws/install/challenge03/lib/python3.10/site-packages:${PYTHONPATH} /usr/bin/python3 -W ignore:setup.py install is deprecated -W ignore:easy_install command is deprecated setup.py egg_info --egg-base ../../build/challenge03 build --build-base /home/josea/ros2_ws/build/challenge03/build install --record /home/josea/ros2_ws/build/challenge03/install.log --single-version-externally-managed install_data
