[3.773s] Invoking command in '/home/josea/ros2_ws/src/challenge02': PYTHONPATH=/home/josea/ros2_ws/build/challenge02/prefix_override:/usr/lib/python3/dist-packages/colcon_core/task/python/colcon_distutils_commands:/home/josea/ros2_ws/install/challenge02/lib/python3.10/site-packages:${PYTHONPATH} /usr/bin/python3 -W ignore:setup.py install is deprecated -W ignore:easy_install command is deprecated setup.py egg_info --egg-base ../../build/challenge02 build --build-base /home/josea/ros2_ws/build/challenge02/build install --record /home/josea/ros2_ws/build/challenge02/install.log --single-version-externally-managed install_data
[5.546s] running egg_info
[5.550s] writing ../../build/challenge02/challenge02.egg-info/PKG-INFO
[5.551s] writing dependency_links to ../../build/challenge02/challenge02.egg-info/dependency_links.txt
[5.551s] writing entry points to ../../build/challenge02/challenge02.egg-info/entry_points.txt
[5.555s] writing requirements to ../../build/challenge02/challenge02.egg-info/requires.txt
[5.555s] writing top-level names to ../../build/challenge02/challenge02.egg-info/top_level.txt
[5.575s] reading manifest file '../../build/challenge02/challenge02.egg-info/SOURCES.txt'
[5.580s] writing manifest file '../../build/challenge02/challenge02.egg-info/SOURCES.txt'
[5.580s] running build
[5.581s] running build_py
[5.581s] copying challenge02/controller.py -> /home/josea/ros2_ws/build/challenge02/build/lib/challenge02
[5.585s] running install
[5.586s] running install_lib
[5.599s] copying /home/josea/ros2_ws/build/challenge02/build/lib/challenge02/controller.py -> /home/josea/ros2_ws/install/challenge02/lib/python3.10/site-packages/challenge02
[5.604s] byte-compiling /home/josea/ros2_ws/install/challenge02/lib/python3.10/site-packages/challenge02/controller.py to controller.cpython-310.pyc
[5.613s] running install_data
[5.616s] running install_egg_info
[5.627s] removing '/home/josea/ros2_ws/install/challenge02/lib/python3.10/site-packages/challenge02-0.0.0-py3.10.egg-info' (and everything under it)
[5.631s] Copying ../../build/challenge02/challenge02.egg-info to /home/josea/ros2_ws/install/challenge02/lib/python3.10/site-packages/challenge02-0.0.0-py3.10.egg-info
[5.635s] running install_scripts
[5.766s] Installing controller script to /home/josea/ros2_ws/install/challenge02/lib/challenge02
[5.771s] Installing dc_motor script to /home/josea/ros2_ws/install/challenge02/lib/challenge02
[5.771s] Installing plant_test script to /home/josea/ros2_ws/install/challenge02/lib/challenge02
[5.775s] Installing set_point script to /home/josea/ros2_ws/install/challenge02/lib/challenge02
[5.781s] writing list of installed files to '/home/josea/ros2_ws/build/challenge02/install.log'
[6.244s] Invoked command in '/home/josea/ros2_ws/src/challenge02' returned '0': PYTHONPATH=/home/josea/ros2_ws/build/challenge02/prefix_override:/usr/lib/python3/dist-packages/colcon_core/task/python/colcon_distutils_commands:/home/josea/ros2_ws/install/challenge02/lib/python3.10/site-packages:${PYTHONPATH} /usr/bin/python3 -W ignore:setup.py install is deprecated -W ignore:easy_install command is deprecated setup.py egg_info --egg-base ../../build/challenge02 build --build-base /home/josea/ros2_ws/build/challenge02/build install --record /home/josea/ros2_ws/build/challenge02/install.log --single-version-externally-managed install_data
