[2.565s] Invoking command in '/home/josea/ros2_ws/src/challenge01': PYTHONPATH=/home/josea/ros2_ws/build/challenge01/prefix_override:/usr/lib/python3/dist-packages/colcon_core/task/python/colcon_distutils_commands:/home/josea/ros2_ws/install/challenge01/lib/python3.10/site-packages:${PYTHONPATH} /usr/bin/python3 -W ignore:setup.py install is deprecated -W ignore:easy_install command is deprecated setup.py egg_info --egg-base ../../build/challenge01 build --build-base /home/josea/ros2_ws/build/challenge01/build install --record /home/josea/ros2_ws/build/challenge01/install.log --single-version-externally-managed install_data
[3.739s] running egg_info
[3.741s] writing ../../build/challenge01/challenge01.egg-info/PKG-INFO
[3.742s] writing dependency_links to ../../build/challenge01/challenge01.egg-info/dependency_links.txt
[3.745s] writing entry points to ../../build/challenge01/challenge01.egg-info/entry_points.txt
[3.745s] writing requirements to ../../build/challenge01/challenge01.egg-info/requires.txt
[3.745s] writing top-level names to ../../build/challenge01/challenge01.egg-info/top_level.txt
[3.750s] reading manifest file '../../build/challenge01/challenge01.egg-info/SOURCES.txt'
[3.752s] writing manifest file '../../build/challenge01/challenge01.egg-info/SOURCES.txt'
[3.753s] running build
[3.753s] running build_py
[3.758s] running install
[3.763s] running install_lib
[3.789s] running install_data
[3.789s] running install_egg_info
[3.805s] removing '/home/josea/ros2_ws/install/challenge01/lib/python3.10/site-packages/challenge01-0.0.0-py3.10.egg-info' (and everything under it)
[3.814s] Copying ../../build/challenge01/challenge01.egg-info to /home/josea/ros2_ws/install/challenge01/lib/python3.10/site-packages/challenge01-0.0.0-py3.10.egg-info
[3.822s] running install_scripts
[3.964s] Installing proccess script to /home/josea/ros2_ws/install/challenge01/lib/challenge01
[3.965s] Installing signal_generetor script to /home/josea/ros2_ws/install/challenge01/lib/challenge01
[3.970s] writing list of installed files to '/home/josea/ros2_ws/build/challenge01/install.log'
[5.154s] Invoked command in '/home/josea/ros2_ws/src/challenge01' returned '0': PYTHONPATH=/home/josea/ros2_ws/build/challenge01/prefix_override:/usr/lib/python3/dist-packages/colcon_core/task/python/colcon_distutils_commands:/home/josea/ros2_ws/install/challenge01/lib/python3.10/site-packages:${PYTHONPATH} /usr/bin/python3 -W ignore:setup.py install is deprecated -W ignore:easy_install command is deprecated setup.py egg_info --egg-base ../../build/challenge01 build --build-base /home/josea/ros2_ws/build/challenge01/build install --record /home/josea/ros2_ws/build/challenge01/install.log --single-version-externally-managed install_data
