[1.757s] Invoking command in '/home/josea/ros2_ws/src/challenge02': PYTHONPATH=/home/josea/ros2_ws/build/challenge02/prefix_override:/usr/lib/python3/dist-packages/colcon_core/task/python/colcon_distutils_commands:/home/josea/ros2_ws/install/challenge02/lib/python3.10/site-packages:${PYTHONPATH} /usr/bin/python3 -W ignore:setup.py install is deprecated -W ignore:easy_install command is deprecated setup.py egg_info --egg-base ../../build/challenge02 build --build-base /home/josea/ros2_ws/build/challenge02/build install --record /home/josea/ros2_ws/build/challenge02/install.log --single-version-externally-managed install_data
[2.547s] running egg_info
[2.551s] writing ../../build/challenge02/challenge02.egg-info/PKG-INFO
[2.551s] writing dependency_links to ../../build/challenge02/challenge02.egg-info/dependency_links.txt
[2.553s] writing entry points to ../../build/challenge02/challenge02.egg-info/entry_points.txt
[2.553s] writing requirements to ../../build/challenge02/challenge02.egg-info/requires.txt
[2.554s] writing top-level names to ../../build/challenge02/challenge02.egg-info/top_level.txt
[2.565s] reading manifest file '../../build/challenge02/challenge02.egg-info/SOURCES.txt'
[2.567s] writing manifest file '../../build/challenge02/challenge02.egg-info/SOURCES.txt'
[2.568s] running build
[2.571s] running build_py
[2.575s] running install
[2.576s] running install_lib
[2.580s] running install_data
[2.581s] copying config/params.yaml -> /home/josea/ros2_ws/install/challenge02/share/challenge02/config
[2.582s] running install_egg_info
[2.587s] removing '/home/josea/ros2_ws/install/challenge02/lib/python3.10/site-packages/challenge02-0.0.0-py3.10.egg-info' (and everything under it)
[2.604s] Copying ../../build/challenge02/challenge02.egg-info to /home/josea/ros2_ws/install/challenge02/lib/python3.10/site-packages/challenge02-0.0.0-py3.10.egg-info
[2.606s] running install_scripts
[2.683s] Installing controller script to /home/josea/ros2_ws/install/challenge02/lib/challenge02
[2.684s] Installing dc_motor script to /home/josea/ros2_ws/install/challenge02/lib/challenge02
[2.686s] Installing plant_test script to /home/josea/ros2_ws/install/challenge02/lib/challenge02
[2.686s] Installing set_point script to /home/josea/ros2_ws/install/challenge02/lib/challenge02
[2.689s] writing list of installed files to '/home/josea/ros2_ws/build/challenge02/install.log'
[2.802s] Invoked command in '/home/josea/ros2_ws/src/challenge02' returned '0': PYTHONPATH=/home/josea/ros2_ws/build/challenge02/prefix_override:/usr/lib/python3/dist-packages/colcon_core/task/python/colcon_distutils_commands:/home/josea/ros2_ws/install/challenge02/lib/python3.10/site-packages:${PYTHONPATH} /usr/bin/python3 -W ignore:setup.py install is deprecated -W ignore:easy_install command is deprecated setup.py egg_info --egg-base ../../build/challenge02 build --build-base /home/josea/ros2_ws/build/challenge02/build install --record /home/josea/ros2_ws/build/challenge02/install.log --single-version-externally-managed install_data
