[2.862s] Invoking command in '/home/josea/ros2_ws/src/challengefinal': PYTHONPATH=/home/josea/ros2_ws/build/challengefinal/prefix_override:/usr/lib/python3/dist-packages/colcon_core/task/python/colcon_distutils_commands:/home/josea/ros2_ws/install/challengefinal/lib/python3.10/site-packages:${PYTHONPATH} /usr/bin/python3 -W ignore:setup.py install is deprecated -W ignore:easy_install command is deprecated setup.py egg_info --egg-base ../../build/challengefinal build --build-base /home/josea/ros2_ws/build/challengefinal/build install --record /home/josea/ros2_ws/build/challengefinal/install.log --single-version-externally-managed install_data
[3.768s] running egg_info
[3.769s] writing ../../build/challengefinal/challengefinal.egg-info/PKG-INFO
[3.770s] writing dependency_links to ../../build/challengefinal/challengefinal.egg-info/dependency_links.txt
[3.780s] writing entry points to ../../build/challengefinal/challengefinal.egg-info/entry_points.txt
[3.780s] writing requirements to ../../build/challengefinal/challengefinal.egg-info/requires.txt
[3.780s] writing top-level names to ../../build/challengefinal/challengefinal.egg-info/top_level.txt
[3.786s] reading manifest file '../../build/challengefinal/challengefinal.egg-info/SOURCES.txt'
[3.791s] writing manifest file '../../build/challengefinal/challengefinal.egg-info/SOURCES.txt'
[3.792s] running build
[3.792s] running build_py
[3.794s] copying challengefinal/signal_generator.py -> /home/josea/ros2_ws/build/challengefinal/build/lib/challengefinal
[3.796s] running install
[3.800s] running install_lib
[3.806s] copying /home/josea/ros2_ws/build/challengefinal/build/lib/challengefinal/signal_generator.py -> /home/josea/ros2_ws/install/challengefinal/lib/python3.10/site-packages/challengefinal
[3.811s] byte-compiling /home/josea/ros2_ws/install/challengefinal/lib/python3.10/site-packages/challengefinal/signal_generator.py to signal_generator.cpython-310.pyc
[3.816s] running install_data
[3.818s] copying launch/launch.py -> /home/josea/ros2_ws/install/challengefinal/share/challengefinal/launch
[3.820s] running install_egg_info
[3.825s] removing '/home/josea/ros2_ws/install/challengefinal/lib/python3.10/site-packages/challengefinal-0.0.0-py3.10.egg-info' (and everything under it)
[3.830s] Copying ../../build/challengefinal/challengefinal.egg-info to /home/josea/ros2_ws/install/challengefinal/lib/python3.10/site-packages/challengefinal-0.0.0-py3.10.egg-info
[3.837s] running install_scripts
[3.917s] Installing signal_generator script to /home/josea/ros2_ws/install/challengefinal/lib/challengefinal
[3.920s] writing list of installed files to '/home/josea/ros2_ws/build/challengefinal/install.log'
[4.021s] Invoked command in '/home/josea/ros2_ws/src/challengefinal' returned '0': PYTHONPATH=/home/josea/ros2_ws/build/challengefinal/prefix_override:/usr/lib/python3/dist-packages/colcon_core/task/python/colcon_distutils_commands:/home/josea/ros2_ws/install/challengefinal/lib/python3.10/site-packages:${PYTHONPATH} /usr/bin/python3 -W ignore:setup.py install is deprecated -W ignore:easy_install command is deprecated setup.py egg_info --egg-base ../../build/challengefinal build --build-base /home/josea/ros2_ws/build/challengefinal/build install --record /home/josea/ros2_ws/build/challengefinal/install.log --single-version-externally-managed install_data
