[2.187s] Invoking command in '/home/josea/ros2_ws/src/motor_control': PYTHONPATH=/home/josea/ros2_ws/build/motor_control/prefix_override:/usr/lib/python3/dist-packages/colcon_core/task/python/colcon_distutils_commands:/home/josea/ros2_ws/install/motor_control/lib/python3.10/site-packages:${PYTHONPATH} /usr/bin/python3 -W ignore:setup.py install is deprecated -W ignore:easy_install command is deprecated setup.py egg_info --egg-base ../../build/motor_control build --build-base /home/josea/ros2_ws/build/motor_control/build install --record /home/josea/ros2_ws/build/motor_control/install.log --single-version-externally-managed install_data
[2.843s] running egg_info
[2.844s] writing ../../build/motor_control/motor_control.egg-info/PKG-INFO
[2.844s] writing dependency_links to ../../build/motor_control/motor_control.egg-info/dependency_links.txt
[2.845s] writing entry points to ../../build/motor_control/motor_control.egg-info/entry_points.txt
[2.845s] writing requirements to ../../build/motor_control/motor_control.egg-info/requires.txt
[2.845s] writing top-level names to ../../build/motor_control/motor_control.egg-info/top_level.txt
[2.849s] reading manifest file '../../build/motor_control/motor_control.egg-info/SOURCES.txt'
[2.850s] adding license file 'LICENSE'
[2.852s] writing manifest file '../../build/motor_control/motor_control.egg-info/SOURCES.txt'
[2.853s] running build
[2.854s] running build_py
[2.854s] copying motor_control/dc_motor.py -> /home/josea/ros2_ws/build/motor_control/build/lib/motor_control
[2.854s] running install
[2.855s] running install_lib
[2.860s] copying /home/josea/ros2_ws/build/motor_control/build/lib/motor_control/dc_motor.py -> /home/josea/ros2_ws/install/motor_control/lib/python3.10/site-packages/motor_control
[2.861s] byte-compiling /home/josea/ros2_ws/install/motor_control/lib/python3.10/site-packages/motor_control/dc_motor.py to dc_motor.cpython-310.pyc
[2.864s] running install_data
[2.865s] copying launch/motor_2_launch.py -> /home/josea/ros2_ws/install/motor_control/share/motor_control/launch
[2.866s] copying launch/motor_3_launch.py -> /home/josea/ros2_ws/install/motor_control/share/motor_control/launch
[2.866s] copying launch/motor_launch.py -> /home/josea/ros2_ws/install/motor_control/share/motor_control/launch
[2.866s] running install_egg_info
[2.873s] removing '/home/josea/ros2_ws/install/motor_control/lib/python3.10/site-packages/motor_control-0.0.0-py3.10.egg-info' (and everything under it)
[2.877s] Copying ../../build/motor_control/motor_control.egg-info to /home/josea/ros2_ws/install/motor_control/lib/python3.10/site-packages/motor_control-0.0.0-py3.10.egg-info
[2.884s] running install_scripts
[2.942s] Installing dc_motor script to /home/josea/ros2_ws/install/motor_control/lib/motor_control
[2.942s] Installing set_point script to /home/josea/ros2_ws/install/motor_control/lib/motor_control
[2.943s] writing list of installed files to '/home/josea/ros2_ws/build/motor_control/install.log'
[3.040s] Invoked command in '/home/josea/ros2_ws/src/motor_control' returned '0': PYTHONPATH=/home/josea/ros2_ws/build/motor_control/prefix_override:/usr/lib/python3/dist-packages/colcon_core/task/python/colcon_distutils_commands:/home/josea/ros2_ws/install/motor_control/lib/python3.10/site-packages:${PYTHONPATH} /usr/bin/python3 -W ignore:setup.py install is deprecated -W ignore:easy_install command is deprecated setup.py egg_info --egg-base ../../build/motor_control build --build-base /home/josea/ros2_ws/build/motor_control/build install --record /home/josea/ros2_ws/build/motor_control/install.log --single-version-externally-managed install_data
