[2.303s] Invoking command in '/home/josea/ros2_ws/src/Challenge02': PYTHONPATH=/home/josea/ros2_ws/build/Challenge02/prefix_override:/usr/lib/python3/dist-packages/colcon_core/task/python/colcon_distutils_commands:/home/josea/ros2_ws/install/Challenge02/lib/python3.10/site-packages:${PYTHONPATH} /usr/bin/python3 -W ignore:setup.py install is deprecated -W ignore:easy_install command is deprecated setup.py egg_info --egg-base ../../build/Challenge02 build --build-base /home/josea/ros2_ws/build/Challenge02/build install --record /home/josea/ros2_ws/build/Challenge02/install.log --single-version-externally-managed install_data
[2.992s] running egg_info
[2.992s] writing ../../build/Challenge02/Challenge02.egg-info/PKG-INFO
[2.993s] writing dependency_links to ../../build/Challenge02/Challenge02.egg-info/dependency_links.txt
[2.993s] writing entry points to ../../build/Challenge02/Challenge02.egg-info/entry_points.txt
[2.993s] writing requirements to ../../build/Challenge02/Challenge02.egg-info/requires.txt
[2.994s] writing top-level names to ../../build/Challenge02/Challenge02.egg-info/top_level.txt
[2.999s] reading manifest file '../../build/Challenge02/Challenge02.egg-info/SOURCES.txt'
[3.002s] writing manifest file '../../build/Challenge02/Challenge02.egg-info/SOURCES.txt'
[3.002s] running build
[3.002s] running build_py
[3.005s] running install
[3.007s] running install_lib
[3.010s] running install_data
[3.010s] running install_egg_info
[3.015s] removing '/home/josea/ros2_ws/install/Challenge02/lib/python3.10/site-packages/Challenge02-0.0.0-py3.10.egg-info' (and everything under it)
[3.018s] Copying ../../build/Challenge02/Challenge02.egg-info to /home/josea/ros2_ws/install/Challenge02/lib/python3.10/site-packages/Challenge02-0.0.0-py3.10.egg-info
[3.018s] running install_scripts
[3.077s] Installing controller script to /home/josea/ros2_ws/install/Challenge02/lib/Challenge02
[3.077s] Installing dc_motor script to /home/josea/ros2_ws/install/Challenge02/lib/Challenge02
[3.079s] Installing plant_test script to /home/josea/ros2_ws/install/Challenge02/lib/Challenge02
[3.079s] Installing set_point script to /home/josea/ros2_ws/install/Challenge02/lib/Challenge02
[3.083s] writing list of installed files to '/home/josea/ros2_ws/build/Challenge02/install.log'
[3.167s] Invoked command in '/home/josea/ros2_ws/src/Challenge02' returned '0': PYTHONPATH=/home/josea/ros2_ws/build/Challenge02/prefix_override:/usr/lib/python3/dist-packages/colcon_core/task/python/colcon_distutils_commands:/home/josea/ros2_ws/install/Challenge02/lib/python3.10/site-packages:${PYTHONPATH} /usr/bin/python3 -W ignore:setup.py install is deprecated -W ignore:easy_install command is deprecated setup.py egg_info --egg-base ../../build/Challenge02 build --build-base /home/josea/ros2_ws/build/Challenge02/build install --record /home/josea/ros2_ws/build/Challenge02/install.log --single-version-externally-managed install_data
