[2.071s] Invoking command in '/home/josea/ros2_ws/src/challenge02': PYTHONPATH=/home/josea/ros2_ws/build/challenge02/prefix_override:/usr/lib/python3/dist-packages/colcon_core/task/python/colcon_distutils_commands:/home/josea/ros2_ws/install/challenge02/lib/python3.10/site-packages:${PYTHONPATH} /usr/bin/python3 -W ignore:setup.py install is deprecated -W ignore:easy_install command is deprecated setup.py egg_info --egg-base ../../build/challenge02 build --build-base /home/josea/ros2_ws/build/challenge02/build install --record /home/josea/ros2_ws/build/challenge02/install.log --single-version-externally-managed install_data
[3.020s] running egg_info
[3.022s] writing ../../build/challenge02/challenge02.egg-info/PKG-INFO
[3.023s] writing dependency_links to ../../build/challenge02/challenge02.egg-info/dependency_links.txt
[3.023s] writing entry points to ../../build/challenge02/challenge02.egg-info/entry_points.txt
[3.023s] writing requirements to ../../build/challenge02/challenge02.egg-info/requires.txt
[3.024s] writing top-level names to ../../build/challenge02/challenge02.egg-info/top_level.txt
[3.033s] reading manifest file '../../build/challenge02/challenge02.egg-info/SOURCES.txt'
[3.033s] writing manifest file '../../build/challenge02/challenge02.egg-info/SOURCES.txt'
[3.033s] running build
[3.034s] running build_py
[3.035s] running install
[3.035s] running install_lib
[3.041s] running install_data
[3.044s] copying launch/launch.py -> /home/josea/ros2_ws/install/challenge02/share/challenge02
[3.045s] running install_egg_info
[3.055s] removing '/home/josea/ros2_ws/install/challenge02/lib/python3.10/site-packages/challenge02-0.0.0-py3.10.egg-info' (and everything under it)
[3.059s] Copying ../../build/challenge02/challenge02.egg-info to /home/josea/ros2_ws/install/challenge02/lib/python3.10/site-packages/challenge02-0.0.0-py3.10.egg-info
[3.063s] running install_scripts
[3.132s] Installing controller script to /home/josea/ros2_ws/install/challenge02/lib/challenge02
[3.135s] Installing dc_motor script to /home/josea/ros2_ws/install/challenge02/lib/challenge02
[3.136s] Installing plant_test script to /home/josea/ros2_ws/install/challenge02/lib/challenge02
[3.138s] Installing set_point script to /home/josea/ros2_ws/install/challenge02/lib/challenge02
[3.139s] writing list of installed files to '/home/josea/ros2_ws/build/challenge02/install.log'
[4.042s] Invoked command in '/home/josea/ros2_ws/src/challenge02' returned '0': PYTHONPATH=/home/josea/ros2_ws/build/challenge02/prefix_override:/usr/lib/python3/dist-packages/colcon_core/task/python/colcon_distutils_commands:/home/josea/ros2_ws/install/challenge02/lib/python3.10/site-packages:${PYTHONPATH} /usr/bin/python3 -W ignore:setup.py install is deprecated -W ignore:easy_install command is deprecated setup.py egg_info --egg-base ../../build/challenge02 build --build-base /home/josea/ros2_ws/build/challenge02/build install --record /home/josea/ros2_ws/build/challenge02/install.log --single-version-externally-managed install_data
