[2.301s] Invoking command in '/home/josea/ros2_ws/src/my_pack_clas': PYTHONPATH=/home/josea/ros2_ws/build/my_pack_clas/prefix_override:/usr/lib/python3/dist-packages/colcon_core/task/python/colcon_distutils_commands:/home/josea/ros2_ws/install/my_pack_clas/lib/python3.10/site-packages:${PYTHONPATH} /usr/bin/python3 -W ignore:setup.py install is deprecated -W ignore:easy_install command is deprecated setup.py egg_info --egg-base ../../build/my_pack_clas build --build-base /home/josea/ros2_ws/build/my_pack_clas/build install --record /home/josea/ros2_ws/build/my_pack_clas/install.log --single-version-externally-managed install_data
[3.210s] running egg_info
[3.215s] writing ../../build/my_pack_clas/my_pack_clas.egg-info/PKG-INFO
[3.215s] writing dependency_links to ../../build/my_pack_clas/my_pack_clas.egg-info/dependency_links.txt
[3.217s] writing entry points to ../../build/my_pack_clas/my_pack_clas.egg-info/entry_points.txt
[3.218s] writing requirements to ../../build/my_pack_clas/my_pack_clas.egg-info/requires.txt
[3.220s] writing top-level names to ../../build/my_pack_clas/my_pack_clas.egg-info/top_level.txt
[3.227s] reading manifest file '../../build/my_pack_clas/my_pack_clas.egg-info/SOURCES.txt'
[3.231s] writing manifest file '../../build/my_pack_clas/my_pack_clas.egg-info/SOURCES.txt'
[3.234s] running build
[3.234s] running build_py
[3.240s] running install
[3.240s] running install_lib
[3.246s] running install_data
[3.248s] running install_egg_info
[3.255s] removing '/home/josea/ros2_ws/install/my_pack_clas/lib/python3.10/site-packages/my_pack_clas-0.0.0-py3.10.egg-info' (and everything under it)
[3.259s] Copying ../../build/my_pack_clas/my_pack_clas.egg-info to /home/josea/ros2_ws/install/my_pack_clas/lib/python3.10/site-packages/my_pack_clas-0.0.0-py3.10.egg-info
[3.266s] running install_scripts
[3.337s] Installing my_pack script to /home/josea/ros2_ws/install/my_pack_clas/lib/my_pack_clas
[3.338s] Installing my_publisher script to /home/josea/ros2_ws/install/my_pack_clas/lib/my_pack_clas
[3.340s] Installing my_subscriber script to /home/josea/ros2_ws/install/my_pack_clas/lib/my_pack_clas
[3.342s] writing list of installed files to '/home/josea/ros2_ws/build/my_pack_clas/install.log'
[3.441s] Invoked command in '/home/josea/ros2_ws/src/my_pack_clas' returned '0': PYTHONPATH=/home/josea/ros2_ws/build/my_pack_clas/prefix_override:/usr/lib/python3/dist-packages/colcon_core/task/python/colcon_distutils_commands:/home/josea/ros2_ws/install/my_pack_clas/lib/python3.10/site-packages:${PYTHONPATH} /usr/bin/python3 -W ignore:setup.py install is deprecated -W ignore:easy_install command is deprecated setup.py egg_info --egg-base ../../build/my_pack_clas build --build-base /home/josea/ros2_ws/build/my_pack_clas/build install --record /home/josea/ros2_ws/build/my_pack_clas/install.log --single-version-externally-managed install_data
