[2.180s] Invoking command in '/home/josea/ros2_ws/src/basic_comms': PYTHONPATH=/home/josea/ros2_ws/src/build/basic_comms/prefix_override:/usr/lib/python3/dist-packages/colcon_core/task/python/colcon_distutils_commands:/home/josea/ros2_ws/src/install/basic_comms/lib/python3.10/site-packages:${PYTHONPATH} /usr/bin/python3 -W ignore:setup.py install is deprecated -W ignore:easy_install command is deprecated setup.py egg_info --egg-base ../build/basic_comms build --build-base /home/josea/ros2_ws/src/build/basic_comms/build install --record /home/josea/ros2_ws/src/build/basic_comms/install.log --single-version-externally-managed install_data
[2.902s] running egg_info
[2.906s] writing ../build/basic_comms/basic_comms.egg-info/PKG-INFO
[2.906s] writing dependency_links to ../build/basic_comms/basic_comms.egg-info/dependency_links.txt
[2.906s] writing entry points to ../build/basic_comms/basic_comms.egg-info/entry_points.txt
[2.907s] writing requirements to ../build/basic_comms/basic_comms.egg-info/requires.txt
[2.907s] writing top-level names to ../build/basic_comms/basic_comms.egg-info/top_level.txt
[2.912s] reading manifest file '../build/basic_comms/basic_comms.egg-info/SOURCES.txt'
[2.915s] writing manifest file '../build/basic_comms/basic_comms.egg-info/SOURCES.txt'
[2.918s] running build
[2.918s] running build_py
[2.919s] running install
[2.920s] running install_lib
[2.925s] running install_data
[2.925s] running install_egg_info
[2.931s] removing '/home/josea/ros2_ws/src/install/basic_comms/lib/python3.10/site-packages/basic_comms-0.0.0-py3.10.egg-info' (and everything under it)
[2.934s] Copying ../build/basic_comms/basic_comms.egg-info to /home/josea/ros2_ws/src/install/basic_comms/lib/python3.10/site-packages/basic_comms-0.0.0-py3.10.egg-info
[2.940s] running install_scripts
[3.001s] Installing talker script to /home/josea/ros2_ws/src/install/basic_comms/lib/basic_comms
[3.003s] writing list of installed files to '/home/josea/ros2_ws/src/build/basic_comms/install.log'
[3.102s] Invoked command in '/home/josea/ros2_ws/src/basic_comms' returned '0': PYTHONPATH=/home/josea/ros2_ws/src/build/basic_comms/prefix_override:/usr/lib/python3/dist-packages/colcon_core/task/python/colcon_distutils_commands:/home/josea/ros2_ws/src/install/basic_comms/lib/python3.10/site-packages:${PYTHONPATH} /usr/bin/python3 -W ignore:setup.py install is deprecated -W ignore:easy_install command is deprecated setup.py egg_info --egg-base ../build/basic_comms build --build-base /home/josea/ros2_ws/src/build/basic_comms/build install --record /home/josea/ros2_ws/src/build/basic_comms/install.log --single-version-externally-managed install_data
