[0.136s] Invoking command in '/home/josea/ros2_ws/build/custom_interfaces': CMAKE_PREFIX_PATH=${CMAKE_PREFIX_PATH}:/home/josea/ros2_ws/install/my_pack_clas:/home/josea/ros2_ws/install/motor_control:/home/josea/ros2_ws/install/challenge03:/home/josea/ros2_ws/install/challenge02:/home/josea/ros2_ws/install/challenge01:/home/josea/ros2_ws/install/basic_comms:/home/josea/ros2_ws/src/install/my_pack_clas:/home/josea/ros2_ws/src/install/motor_control:/home/josea/ros2_ws/src/install/challenge02:/home/josea/ros2_ws/src/install/challenge01:/home/josea/ros2_ws/src/install/basic_comms:/opt/ros/humble /usr/bin/cmake --build /home/josea/ros2_ws/build/custom_interfaces -- -j2 -l2
[0.427s] [  3%] Built target custom_interfaces__cpp
[0.548s] [ 12%] Built target custom_interfaces__rosidl_generator_c
[0.737s] [ 12%] Built target ament_cmake_python_copy_custom_interfaces
[0.889s] [ 22%] Built target custom_interfaces__rosidl_typesupport_cpp
[1.048s] [ 32%] Built target custom_interfaces__rosidl_typesupport_fastrtps_c
[1.221s] [ 41%] Built target custom_interfaces__rosidl_typesupport_fastrtps_cpp
[1.325s] [ 51%] Built target custom_interfaces__rosidl_typesupport_introspection_c
[1.423s] [ 61%] Built target custom_interfaces__rosidl_typesupport_c
[1.594s] [ 70%] Built target custom_interfaces__rosidl_typesupport_introspection_cpp
[3.514s] running egg_info
[3.521s] writing custom_interfaces.egg-info/PKG-INFO
[3.524s] writing dependency_links to custom_interfaces.egg-info/dependency_links.txt
[3.527s] writing top-level names to custom_interfaces.egg-info/top_level.txt
[3.541s] reading manifest file 'custom_interfaces.egg-info/SOURCES.txt'
[3.549s] writing manifest file 'custom_interfaces.egg-info/SOURCES.txt'
[3.770s] [ 70%] Built target ament_cmake_python_build_custom_interfaces_egg
[3.944s] [ 70%] Built target custom_interfaces
[4.080s] [ 74%] Built target custom_interfaces__py
[4.209s] [ 80%] Built target custom_interfaces__rosidl_generator_py
[4.340s] [ 87%] Built target custom_interfaces__rosidl_typesupport_fastrtps_c__pyext
[4.461s] [ 93%] Built target custom_interfaces__rosidl_typesupport_introspection_c__pyext
[4.604s] [100%] Built target custom_interfaces__rosidl_typesupport_c__pyext
[4.671s] Invoked command in '/home/josea/ros2_ws/build/custom_interfaces' returned '0': CMAKE_PREFIX_PATH=${CMAKE_PREFIX_PATH}:/home/josea/ros2_ws/install/my_pack_clas:/home/josea/ros2_ws/install/motor_control:/home/josea/ros2_ws/install/challenge03:/home/josea/ros2_ws/install/challenge02:/home/josea/ros2_ws/install/challenge01:/home/josea/ros2_ws/install/basic_comms:/home/josea/ros2_ws/src/install/my_pack_clas:/home/josea/ros2_ws/src/install/motor_control:/home/josea/ros2_ws/src/install/challenge02:/home/josea/ros2_ws/src/install/challenge01:/home/josea/ros2_ws/src/install/basic_comms:/opt/ros/humble /usr/bin/cmake --build /home/josea/ros2_ws/build/custom_interfaces -- -j2 -l2
[4.732s] Invoking command in '/home/josea/ros2_ws/build/custom_interfaces': CMAKE_PREFIX_PATH=${CMAKE_PREFIX_PATH}:/home/josea/ros2_ws/install/my_pack_clas:/home/josea/ros2_ws/install/motor_control:/home/josea/ros2_ws/install/challenge03:/home/josea/ros2_ws/install/challenge02:/home/josea/ros2_ws/install/challenge01:/home/josea/ros2_ws/install/basic_comms:/home/josea/ros2_ws/src/install/my_pack_clas:/home/josea/ros2_ws/src/install/motor_control:/home/josea/ros2_ws/src/install/challenge02:/home/josea/ros2_ws/src/install/challenge01:/home/josea/ros2_ws/src/install/basic_comms:/opt/ros/humble /usr/bin/cmake --install /home/josea/ros2_ws/build/custom_interfaces
[4.792s] -- Install configuration: ""
[4.794s] -- Up-to-date: /home/josea/ros2_ws/install/custom_interfaces/share/ament_index/resource_index/rosidl_interfaces/custom_interfaces
[4.797s] -- Up-to-date: /home/josea/ros2_ws/install/custom_interfaces/include/custom_interfaces/custom_interfaces
[4.799s] -- Up-to-date: /home/josea/ros2_ws/install/custom_interfaces/include/custom_interfaces/custom_interfaces/msg
[4.801s] -- Up-to-date: /home/josea/ros2_ws/install/custom_interfaces/include/custom_interfaces/custom_interfaces/msg/rosidl_generator_c__visibility_control.h
[4.801s] -- Up-to-date: /home/josea/ros2_ws/install/custom_interfaces/include/custom_interfaces/custom_interfaces/srv
[4.801s] -- Up-to-date: /home/josea/ros2_ws/install/custom_interfaces/include/custom_interfaces/custom_interfaces/srv/set_process_bool.h
[4.805s] -- Up-to-date: /home/josea/ros2_ws/install/custom_interfaces/include/custom_interfaces/custom_interfaces/srv/detail
[4.805s] -- Up-to-date: /home/josea/ros2_ws/install/custom_interfaces/include/custom_interfaces/custom_interfaces/srv/detail/set_process_bool__functions.c
[4.805s] -- Up-to-date: /home/josea/ros2_ws/install/custom_interfaces/include/custom_interfaces/custom_interfaces/srv/detail/set_process_bool__functions.h
[4.809s] -- Up-to-date: /home/josea/ros2_ws/install/custom_interfaces/include/custom_interfaces/custom_interfaces/srv/detail/set_process_bool__type_support.h
[4.809s] -- Up-to-date: /home/josea/ros2_ws/install/custom_interfaces/include/custom_interfaces/custom_interfaces/srv/detail/set_process_bool__struct.h
[4.812s] -- Up-to-date: /home/josea/ros2_ws/install/custom_interfaces/share/custom_interfaces/environment/library_path.sh
[4.814s] -- Up-to-date: /home/josea/ros2_ws/install/custom_interfaces/share/custom_interfaces/environment/library_path.dsv
[4.814s] -- Up-to-date: /home/josea/ros2_ws/install/custom_interfaces/lib/libcustom_interfaces__rosidl_generator_c.so
[4.814s] -- Up-to-date: /home/josea/ros2_ws/install/custom_interfaces/include/custom_interfaces/custom_interfaces
[4.815s] -- Up-to-date: /home/josea/ros2_ws/install/custom_interfaces/include/custom_interfaces/custom_interfaces/msg
[4.815s] -- Up-to-date: /home/josea/ros2_ws/install/custom_interfaces/include/custom_interfaces/custom_interfaces/msg/rosidl_typesupport_fastrtps_c__visibility_control.h
[4.815s] -- Up-to-date: /home/josea/ros2_ws/install/custom_interfaces/include/custom_interfaces/custom_interfaces/srv
[4.815s] -- Up-to-date: /home/josea/ros2_ws/install/custom_interfaces/include/custom_interfaces/custom_interfaces/srv/detail
[4.822s] -- Up-to-date: /home/josea/ros2_ws/install/custom_interfaces/include/custom_interfaces/custom_interfaces/srv/detail/set_process_bool__rosidl_typesupport_fastrtps_c.h
[4.822s] -- Up-to-date: /home/josea/ros2_ws/install/custom_interfaces/lib/libcustom_interfaces__rosidl_typesupport_fastrtps_c.so
[4.824s] -- Up-to-date: /home/josea/ros2_ws/install/custom_interfaces/include/custom_interfaces/custom_interfaces
[4.826s] -- Up-to-date: /home/josea/ros2_ws/install/custom_interfaces/include/custom_interfaces/custom_interfaces/msg
[4.827s] -- Up-to-date: /home/josea/ros2_ws/install/custom_interfaces/include/custom_interfaces/custom_interfaces/msg/rosidl_generator_cpp__visibility_control.hpp
[4.828s] -- Up-to-date: /home/josea/ros2_ws/install/custom_interfaces/include/custom_interfaces/custom_interfaces/srv
[4.830s] -- Up-to-date: /home/josea/ros2_ws/install/custom_interfaces/include/custom_interfaces/custom_interfaces/srv/set_process_bool.hpp
[4.832s] -- Up-to-date: /home/josea/ros2_ws/install/custom_interfaces/include/custom_interfaces/custom_interfaces/srv/detail
[4.833s] -- Up-to-date: /home/josea/ros2_ws/install/custom_interfaces/include/custom_interfaces/custom_interfaces/srv/detail/set_process_bool__type_support.hpp
[4.833s] -- Up-to-date: /home/josea/ros2_ws/install/custom_interfaces/include/custom_interfaces/custom_interfaces/srv/detail/set_process_bool__struct.hpp
[4.833s] -- Up-to-date: /home/josea/ros2_ws/install/custom_interfaces/include/custom_interfaces/custom_interfaces/srv/detail/set_process_bool__traits.hpp
[4.833s] -- Up-to-date: /home/josea/ros2_ws/install/custom_interfaces/include/custom_interfaces/custom_interfaces/srv/detail/set_process_bool__builder.hpp
[4.833s] -- Up-to-date: /home/josea/ros2_ws/install/custom_interfaces/include/custom_interfaces/custom_interfaces
[4.835s] -- Up-to-date: /home/josea/ros2_ws/install/custom_interfaces/include/custom_interfaces/custom_interfaces/msg
[4.837s] -- Up-to-date: /home/josea/ros2_ws/install/custom_interfaces/include/custom_interfaces/custom_interfaces/msg/rosidl_typesupport_fastrtps_cpp__visibility_control.h
[4.839s] -- Up-to-date: /home/josea/ros2_ws/install/custom_interfaces/include/custom_interfaces/custom_interfaces/srv
[4.842s] -- Up-to-date: /home/josea/ros2_ws/install/custom_interfaces/include/custom_interfaces/custom_interfaces/srv/detail
[4.843s] -- Up-to-date: /home/josea/ros2_ws/install/custom_interfaces/include/custom_interfaces/custom_interfaces/srv/detail/dds_fastrtps
[4.843s] -- Up-to-date: /home/josea/ros2_ws/install/custom_interfaces/include/custom_interfaces/custom_interfaces/srv/detail/set_process_bool__rosidl_typesupport_fastrtps_cpp.hpp
[4.844s] -- Up-to-date: /home/josea/ros2_ws/install/custom_interfaces/lib/libcustom_interfaces__rosidl_typesupport_fastrtps_cpp.so
[4.845s] -- Up-to-date: /home/josea/ros2_ws/install/custom_interfaces/include/custom_interfaces/custom_interfaces
[4.845s] -- Up-to-date: /home/josea/ros2_ws/install/custom_interfaces/include/custom_interfaces/custom_interfaces/msg
[4.846s] -- Up-to-date: /home/josea/ros2_ws/install/custom_interfaces/include/custom_interfaces/custom_interfaces/msg/rosidl_typesupport_introspection_c__visibility_control.h
[4.846s] -- Up-to-date: /home/josea/ros2_ws/install/custom_interfaces/include/custom_interfaces/custom_interfaces/srv
[4.849s] -- Up-to-date: /home/josea/ros2_ws/install/custom_interfaces/include/custom_interfaces/custom_interfaces/srv/detail
[4.849s] -- Up-to-date: /home/josea/ros2_ws/install/custom_interfaces/include/custom_interfaces/custom_interfaces/srv/detail/set_process_bool__rosidl_typesupport_introspection_c.h
[4.850s] -- Up-to-date: /home/josea/ros2_ws/install/custom_interfaces/include/custom_interfaces/custom_interfaces/srv/detail/set_process_bool__type_support.c
[4.851s] -- Up-to-date: /home/josea/ros2_ws/install/custom_interfaces/lib/libcustom_interfaces__rosidl_typesupport_introspection_c.so
[4.855s] -- Up-to-date: /home/josea/ros2_ws/install/custom_interfaces/lib/libcustom_interfaces__rosidl_typesupport_c.so
[4.855s] -- Up-to-date: /home/josea/ros2_ws/install/custom_interfaces/include/custom_interfaces/custom_interfaces
[4.857s] -- Up-to-date: /home/josea/ros2_ws/install/custom_interfaces/include/custom_interfaces/custom_interfaces/srv
[4.857s] -- Up-to-date: /home/josea/ros2_ws/install/custom_interfaces/include/custom_interfaces/custom_interfaces/srv/detail
[4.858s] -- Up-to-date: /home/josea/ros2_ws/install/custom_interfaces/include/custom_interfaces/custom_interfaces/srv/detail/set_process_bool__rosidl_typesupport_introspection_cpp.hpp
[4.859s] -- Up-to-date: /home/josea/ros2_ws/install/custom_interfaces/include/custom_interfaces/custom_interfaces/srv/detail/set_process_bool__type_support.cpp
[4.860s] -- Up-to-date: /home/josea/ros2_ws/install/custom_interfaces/lib/libcustom_interfaces__rosidl_typesupport_introspection_cpp.so
[4.863s] -- Up-to-date: /home/josea/ros2_ws/install/custom_interfaces/lib/libcustom_interfaces__rosidl_typesupport_cpp.so
[4.863s] -- Up-to-date: /home/josea/ros2_ws/install/custom_interfaces/share/custom_interfaces/environment/pythonpath.sh
[4.864s] -- Up-to-date: /home/josea/ros2_ws/install/custom_interfaces/share/custom_interfaces/environment/pythonpath.dsv
[4.865s] -- Up-to-date: /home/josea/ros2_ws/install/custom_interfaces/local/lib/python3.10/dist-packages/custom_interfaces-0.0.0-py3.10.egg-info
[4.866s] -- Installing: /home/josea/ros2_ws/install/custom_interfaces/local/lib/python3.10/dist-packages/custom_interfaces-0.0.0-py3.10.egg-info/dependency_links.txt
[4.868s] -- Installing: /home/josea/ros2_ws/install/custom_interfaces/local/lib/python3.10/dist-packages/custom_interfaces-0.0.0-py3.10.egg-info/PKG-INFO
[4.871s] -- Installing: /home/josea/ros2_ws/install/custom_interfaces/local/lib/python3.10/dist-packages/custom_interfaces-0.0.0-py3.10.egg-info/SOURCES.txt
[4.871s] -- Installing: /home/josea/ros2_ws/install/custom_interfaces/local/lib/python3.10/dist-packages/custom_interfaces-0.0.0-py3.10.egg-info/top_level.txt
[4.871s] -- Up-to-date: /home/josea/ros2_ws/install/custom_interfaces/local/lib/python3.10/dist-packages/custom_interfaces
[4.871s] -- Up-to-date: /home/josea/ros2_ws/install/custom_interfaces/local/lib/python3.10/dist-packages/custom_interfaces/_custom_interfaces_s.ep.rosidl_typesupport_c.c
[4.874s] -- Up-to-date: /home/josea/ros2_ws/install/custom_interfaces/local/lib/python3.10/dist-packages/custom_interfaces/_custom_interfaces_s.ep.rosidl_typesupport_fastrtps_c.c
[4.877s] -- Up-to-date: /home/josea/ros2_ws/install/custom_interfaces/local/lib/python3.10/dist-packages/custom_interfaces/srv
[4.877s] -- Up-to-date: /home/josea/ros2_ws/install/custom_interfaces/local/lib/python3.10/dist-packages/custom_interfaces/srv/_set_process_bool_s.c
[4.877s] -- Up-to-date: /home/josea/ros2_ws/install/custom_interfaces/local/lib/python3.10/dist-packages/custom_interfaces/srv/_set_process_bool.py
[4.878s] -- Up-to-date: /home/josea/ros2_ws/install/custom_interfaces/local/lib/python3.10/dist-packages/custom_interfaces/srv/__init__.py
[4.878s] -- Up-to-date: /home/josea/ros2_ws/install/custom_interfaces/local/lib/python3.10/dist-packages/custom_interfaces/custom_interfaces_s__rosidl_typesupport_introspection_c.cpython-310-x86_64-linux-gnu.so
[4.882s] -- Up-to-date: /home/josea/ros2_ws/install/custom_interfaces/local/lib/python3.10/dist-packages/custom_interfaces/custom_interfaces_s__rosidl_typesupport_c.cpython-310-x86_64-linux-gnu.so
[4.882s] -- Up-to-date: /home/josea/ros2_ws/install/custom_interfaces/local/lib/python3.10/dist-packages/custom_interfaces/__init__.py
[4.883s] -- Up-to-date: /home/josea/ros2_ws/install/custom_interfaces/local/lib/python3.10/dist-packages/custom_interfaces/custom_interfaces_s__rosidl_typesupport_fastrtps_c.cpython-310-x86_64-linux-gnu.so
[4.883s] -- Up-to-date: /home/josea/ros2_ws/install/custom_interfaces/local/lib/python3.10/dist-packages/custom_interfaces/libcustom_interfaces__rosidl_generator_py.so
[4.883s] -- Up-to-date: /home/josea/ros2_ws/install/custom_interfaces/local/lib/python3.10/dist-packages/custom_interfaces/_custom_interfaces_s.ep.rosidl_typesupport_introspection_c.c
[5.235s] Listing '/home/josea/ros2_ws/install/custom_interfaces/local/lib/python3.10/dist-packages/custom_interfaces'...
[5.237s] Listing '/home/josea/ros2_ws/install/custom_interfaces/local/lib/python3.10/dist-packages/custom_interfaces/srv'...
[5.286s] -- Up-to-date: /home/josea/ros2_ws/install/custom_interfaces/local/lib/python3.10/dist-packages/custom_interfaces/custom_interfaces_s__rosidl_typesupport_fastrtps_c.cpython-310-x86_64-linux-gnu.so
[5.287s] -- Up-to-date: /home/josea/ros2_ws/install/custom_interfaces/local/lib/python3.10/dist-packages/custom_interfaces/custom_interfaces_s__rosidl_typesupport_introspection_c.cpython-310-x86_64-linux-gnu.so
[5.292s] -- Up-to-date: /home/josea/ros2_ws/install/custom_interfaces/local/lib/python3.10/dist-packages/custom_interfaces/custom_interfaces_s__rosidl_typesupport_c.cpython-310-x86_64-linux-gnu.so
[5.295s] -- Up-to-date: /home/josea/ros2_ws/install/custom_interfaces/lib/libcustom_interfaces__rosidl_generator_py.so
[5.301s] -- Up-to-date: /home/josea/ros2_ws/install/custom_interfaces/share/custom_interfaces/srv/SetProcessBool.idl
[5.301s] -- Up-to-date: /home/josea/ros2_ws/install/custom_interfaces/share/custom_interfaces/srv/SetProcessBool.srv
[5.304s] -- Up-to-date: /home/josea/ros2_ws/install/custom_interfaces/share/custom_interfaces/srv/SetProcessBool_Request.msg
[5.310s] -- Up-to-date: /home/josea/ros2_ws/install/custom_interfaces/share/custom_interfaces/srv/SetProcessBool_Response.msg
[5.310s] -- Up-to-date: /home/josea/ros2_ws/install/custom_interfaces/share/ament_index/resource_index/package_run_dependencies/custom_interfaces
[5.315s] -- Up-to-date: /home/josea/ros2_ws/install/custom_interfaces/share/ament_index/resource_index/parent_prefix_path/custom_interfaces
[5.315s] -- Up-to-date: /home/josea/ros2_ws/install/custom_interfaces/share/custom_interfaces/environment/ament_prefix_path.sh
[5.315s] -- Up-to-date: /home/josea/ros2_ws/install/custom_interfaces/share/custom_interfaces/environment/ament_prefix_path.dsv
[5.315s] -- Up-to-date: /home/josea/ros2_ws/install/custom_interfaces/share/custom_interfaces/environment/path.sh
[5.324s] -- Up-to-date: /home/josea/ros2_ws/install/custom_interfaces/share/custom_interfaces/environment/path.dsv
[5.324s] -- Up-to-date: /home/josea/ros2_ws/install/custom_interfaces/share/custom_interfaces/local_setup.bash
[5.325s] -- Up-to-date: /home/josea/ros2_ws/install/custom_interfaces/share/custom_interfaces/local_setup.sh
[5.329s] -- Up-to-date: /home/josea/ros2_ws/install/custom_interfaces/share/custom_interfaces/local_setup.zsh
[5.329s] -- Up-to-date: /home/josea/ros2_ws/install/custom_interfaces/share/custom_interfaces/local_setup.dsv
[5.329s] -- Installing: /home/josea/ros2_ws/install/custom_interfaces/share/custom_interfaces/package.dsv
[5.329s] -- Up-to-date: /home/josea/ros2_ws/install/custom_interfaces/share/ament_index/resource_index/packages/custom_interfaces
[5.329s] -- Up-to-date: /home/josea/ros2_ws/install/custom_interfaces/share/custom_interfaces/cmake/export_custom_interfaces__rosidl_generator_cExport.cmake
[5.333s] -- Up-to-date: /home/josea/ros2_ws/install/custom_interfaces/share/custom_interfaces/cmake/export_custom_interfaces__rosidl_generator_cExport-noconfig.cmake
[5.335s] -- Up-to-date: /home/josea/ros2_ws/install/custom_interfaces/share/custom_interfaces/cmake/export_custom_interfaces__rosidl_typesupport_fastrtps_cExport.cmake
[5.335s] -- Up-to-date: /home/josea/ros2_ws/install/custom_interfaces/share/custom_interfaces/cmake/export_custom_interfaces__rosidl_typesupport_fastrtps_cExport-noconfig.cmake
[5.335s] -- Up-to-date: /home/josea/ros2_ws/install/custom_interfaces/share/custom_interfaces/cmake/export_custom_interfaces__rosidl_generator_cppExport.cmake
[5.335s] -- Up-to-date: /home/josea/ros2_ws/install/custom_interfaces/share/custom_interfaces/cmake/export_custom_interfaces__rosidl_typesupport_fastrtps_cppExport.cmake
[5.338s] -- Up-to-date: /home/josea/ros2_ws/install/custom_interfaces/share/custom_interfaces/cmake/export_custom_interfaces__rosidl_typesupport_fastrtps_cppExport-noconfig.cmake
[5.338s] -- Up-to-date: /home/josea/ros2_ws/install/custom_interfaces/share/custom_interfaces/cmake/custom_interfaces__rosidl_typesupport_introspection_cExport.cmake
[5.338s] -- Up-to-date: /home/josea/ros2_ws/install/custom_interfaces/share/custom_interfaces/cmake/custom_interfaces__rosidl_typesupport_introspection_cExport-noconfig.cmake
[5.340s] -- Up-to-date: /home/josea/ros2_ws/install/custom_interfaces/share/custom_interfaces/cmake/custom_interfaces__rosidl_typesupport_cExport.cmake
[5.341s] -- Up-to-date: /home/josea/ros2_ws/install/custom_interfaces/share/custom_interfaces/cmake/custom_interfaces__rosidl_typesupport_cExport-noconfig.cmake
[5.342s] -- Up-to-date: /home/josea/ros2_ws/install/custom_interfaces/share/custom_interfaces/cmake/custom_interfaces__rosidl_typesupport_introspection_cppExport.cmake
[5.342s] -- Up-to-date: /home/josea/ros2_ws/install/custom_interfaces/share/custom_interfaces/cmake/custom_interfaces__rosidl_typesupport_introspection_cppExport-noconfig.cmake
[5.345s] -- Up-to-date: /home/josea/ros2_ws/install/custom_interfaces/share/custom_interfaces/cmake/custom_interfaces__rosidl_typesupport_cppExport.cmake
[5.347s] -- Up-to-date: /home/josea/ros2_ws/install/custom_interfaces/share/custom_interfaces/cmake/custom_interfaces__rosidl_typesupport_cppExport-noconfig.cmake
[5.347s] -- Up-to-date: /home/josea/ros2_ws/install/custom_interfaces/share/custom_interfaces/cmake/export_custom_interfaces__rosidl_generator_pyExport.cmake
[5.348s] -- Up-to-date: /home/josea/ros2_ws/install/custom_interfaces/share/custom_interfaces/cmake/export_custom_interfaces__rosidl_generator_pyExport-noconfig.cmake
[5.350s] -- Up-to-date: /home/josea/ros2_ws/install/custom_interfaces/share/custom_interfaces/cmake/rosidl_cmake-extras.cmake
[5.352s] -- Up-to-date: /home/josea/ros2_ws/install/custom_interfaces/share/custom_interfaces/cmake/ament_cmake_export_dependencies-extras.cmake
[5.352s] -- Up-to-date: /home/josea/ros2_ws/install/custom_interfaces/share/custom_interfaces/cmake/ament_cmake_export_include_directories-extras.cmake
[5.352s] -- Up-to-date: /home/josea/ros2_ws/install/custom_interfaces/share/custom_interfaces/cmake/ament_cmake_export_libraries-extras.cmake
[5.353s] -- Up-to-date: /home/josea/ros2_ws/install/custom_interfaces/share/custom_interfaces/cmake/ament_cmake_export_targets-extras.cmake
[5.353s] -- Up-to-date: /home/josea/ros2_ws/install/custom_interfaces/share/custom_interfaces/cmake/rosidl_cmake_export_typesupport_targets-extras.cmake
[5.353s] -- Up-to-date: /home/josea/ros2_ws/install/custom_interfaces/share/custom_interfaces/cmake/rosidl_cmake_export_typesupport_libraries-extras.cmake
[5.353s] -- Up-to-date: /home/josea/ros2_ws/install/custom_interfaces/share/custom_interfaces/cmake/custom_interfacesConfig.cmake
[5.357s] -- Up-to-date: /home/josea/ros2_ws/install/custom_interfaces/share/custom_interfaces/cmake/custom_interfacesConfig-version.cmake
[5.358s] -- Up-to-date: /home/josea/ros2_ws/install/custom_interfaces/share/custom_interfaces/package.xml
[5.371s] Invoked command in '/home/josea/ros2_ws/build/custom_interfaces' returned '0': CMAKE_PREFIX_PATH=${CMAKE_PREFIX_PATH}:/home/josea/ros2_ws/install/my_pack_clas:/home/josea/ros2_ws/install/motor_control:/home/josea/ros2_ws/install/challenge03:/home/josea/ros2_ws/install/challenge02:/home/josea/ros2_ws/install/challenge01:/home/josea/ros2_ws/install/basic_comms:/home/josea/ros2_ws/src/install/my_pack_clas:/home/josea/ros2_ws/src/install/motor_control:/home/josea/ros2_ws/src/install/challenge02:/home/josea/ros2_ws/src/install/challenge01:/home/josea/ros2_ws/src/install/basic_comms:/opt/ros/humble /usr/bin/cmake --install /home/josea/ros2_ws/build/custom_interfaces
