[2.810s] Invoking command in '/home/josea/ros2_ws/src/challenge02': PYTHONPATH=/home/josea/ros2_ws/build/challenge02/prefix_override:/usr/lib/python3/dist-packages/colcon_core/task/python/colcon_distutils_commands:/home/josea/ros2_ws/install/challenge02/lib/python3.10/site-packages:${PYTHONPATH} /usr/bin/python3 -W ignore:setup.py install is deprecated -W ignore:easy_install command is deprecated setup.py egg_info --egg-base ../../build/challenge02 build --build-base /home/josea/ros2_ws/build/challenge02/build install --record /home/josea/ros2_ws/build/challenge02/install.log --single-version-externally-managed install_data
[4.732s] running egg_info
[4.742s] writing ../../build/challenge02/challenge02.egg-info/PKG-INFO
[4.746s] writing dependency_links to ../../build/challenge02/challenge02.egg-info/dependency_links.txt
[4.747s] writing entry points to ../../build/challenge02/challenge02.egg-info/entry_points.txt
[4.747s] writing requirements to ../../build/challenge02/challenge02.egg-info/requires.txt
[4.747s] writing top-level names to ../../build/challenge02/challenge02.egg-info/top_level.txt
[4.753s] reading manifest file '../../build/challenge02/challenge02.egg-info/SOURCES.txt'
[4.760s] writing manifest file '../../build/challenge02/challenge02.egg-info/SOURCES.txt'
[4.761s] running build
[4.761s] running build_py
[4.766s] running install
[4.769s] running install_lib
[4.786s] running install_data
[4.790s] running install_egg_info
[4.802s] removing '/home/josea/ros2_ws/install/challenge02/lib/python3.10/site-packages/challenge02-0.0.0-py3.10.egg-info' (and everything under it)
[4.804s] Copying ../../build/challenge02/challenge02.egg-info to /home/josea/ros2_ws/install/challenge02/lib/python3.10/site-packages/challenge02-0.0.0-py3.10.egg-info
[4.815s] running install_scripts
[4.924s] Installing controller script to /home/josea/ros2_ws/install/challenge02/lib/challenge02
[4.929s] Installing dc_motor script to /home/josea/ros2_ws/install/challenge02/lib/challenge02
[4.933s] Installing plant_test script to /home/josea/ros2_ws/install/challenge02/lib/challenge02
[4.935s] Installing set_point script to /home/josea/ros2_ws/install/challenge02/lib/challenge02
[4.937s] writing list of installed files to '/home/josea/ros2_ws/build/challenge02/install.log'
[5.083s] Invoked command in '/home/josea/ros2_ws/src/challenge02' returned '0': PYTHONPATH=/home/josea/ros2_ws/build/challenge02/prefix_override:/usr/lib/python3/dist-packages/colcon_core/task/python/colcon_distutils_commands:/home/josea/ros2_ws/install/challenge02/lib/python3.10/site-packages:${PYTHONPATH} /usr/bin/python3 -W ignore:setup.py install is deprecated -W ignore:easy_install command is deprecated setup.py egg_info --egg-base ../../build/challenge02 build --build-base /home/josea/ros2_ws/build/challenge02/build install --record /home/josea/ros2_ws/build/challenge02/install.log --single-version-externally-managed install_data
