[0.352s] DEBUG:colcon:Command line arguments: ['/usr/bin/colcon', 'build']
[0.352s] DEBUG:colcon:Parsed command line arguments: Namespace(log_base=None, log_level=None, verb_name='build', build_base='build', install_base='install', merge_install=False, symlink_install=False, test_result_base=None, continue_on_error=False, executor='parallel', parallel_workers=2, event_handlers=None, ignore_user_meta=False, metas=['./colcon.meta'], base_paths=['.'], packages_ignore=None, packages_ignore_regex=None, paths=None, packages_up_to=None, packages_up_to_regex=None, packages_above=None, packages_above_and_dependencies=None, packages_above_depth=None, packages_select_by_dep=None, packages_skip_by_dep=None, packages_skip_up_to=None, packages_select_build_failed=False, packages_skip_build_finished=False, packages_select_test_failures=False, packages_skip_test_passed=False, packages_select=None, packages_skip=None, packages_select_regex=None, packages_skip_regex=None, packages_start=None, packages_end=None, allow_overriding=[], cmake_args=None, cmake_target=None, cmake_target_skip_unavailable=False, cmake_clean_cache=False, cmake_clean_first=False, cmake_force_configure=False, ament_cmake_args=None, catkin_cmake_args=None, catkin_skip_building_tests=False, mixin_files=None, mixin=None, verb_parser=<colcon_mixin.mixin.mixin_argument.MixinArgumentDecorator object at 0x711252a66da0>, verb_extension=<colcon_core.verb.build.BuildVerb object at 0x711252a65ff0>, main=<bound method BuildVerb.main of <colcon_core.verb.build.BuildVerb object at 0x711252a65ff0>>, mixin_verb=('build',))
[0.928s] Level 1:colcon.colcon_core.package_discovery:discover_packages(colcon_meta) check parameters
[0.928s] Level 1:colcon.colcon_core.package_discovery:discover_packages(recursive) check parameters
[0.928s] Level 1:colcon.colcon_core.package_discovery:discover_packages(ignore) check parameters
[0.928s] Level 1:colcon.colcon_core.package_discovery:discover_packages(path) check parameters
[0.929s] Level 1:colcon.colcon_core.package_discovery:discover_packages(colcon_meta) discover
[0.929s] Level 1:colcon.colcon_core.package_discovery:discover_packages(recursive) discover
[0.929s] INFO:colcon.colcon_core.package_discovery:Crawling recursively for packages in '/home/josea/ros2_ws'
[0.930s] Level 1:colcon.colcon_core.package_identification:_identify(.) by extensions ['ignore', 'ignore_ament_install']
[0.930s] Level 1:colcon.colcon_core.package_identification:_identify(.) by extension 'ignore'
[0.930s] Level 1:colcon.colcon_core.package_identification:_identify(.) by extension 'ignore_ament_install'
[0.931s] Level 1:colcon.colcon_core.package_identification:_identify(.) by extensions ['colcon_pkg']
[0.931s] Level 1:colcon.colcon_core.package_identification:_identify(.) by extension 'colcon_pkg'
[0.931s] Level 1:colcon.colcon_core.package_identification:_identify(.) by extensions ['colcon_meta']
[0.931s] Level 1:colcon.colcon_core.package_identification:_identify(.) by extension 'colcon_meta'
[0.932s] Level 1:colcon.colcon_core.package_identification:_identify(.) by extensions ['ros']
[0.932s] Level 1:colcon.colcon_core.package_identification:_identify(.) by extension 'ros'
[0.964s] Level 1:colcon.colcon_core.package_identification:_identify(.) by extensions ['cmake', 'python']
[0.964s] Level 1:colcon.colcon_core.package_identification:_identify(.) by extension 'cmake'
[0.964s] Level 1:colcon.colcon_core.package_identification:_identify(.) by extension 'python'
[0.965s] Level 1:colcon.colcon_core.package_identification:_identify(.) by extensions ['python_setup_py']
[0.965s] Level 1:colcon.colcon_core.package_identification:_identify(.) by extension 'python_setup_py'
[0.965s] Level 1:colcon.colcon_core.package_identification:_identify(build) by extensions ['ignore', 'ignore_ament_install']
[0.965s] Level 1:colcon.colcon_core.package_identification:_identify(build) by extension 'ignore'
[0.966s] Level 1:colcon.colcon_core.package_identification:_identify(build) ignored
[0.966s] Level 1:colcon.colcon_core.package_identification:_identify(install) by extensions ['ignore', 'ignore_ament_install']
[0.966s] Level 1:colcon.colcon_core.package_identification:_identify(install) by extension 'ignore'
[0.967s] Level 1:colcon.colcon_core.package_identification:_identify(install) ignored
[0.967s] Level 1:colcon.colcon_core.package_identification:_identify(log) by extensions ['ignore', 'ignore_ament_install']
[0.967s] Level 1:colcon.colcon_core.package_identification:_identify(log) by extension 'ignore'
[0.967s] Level 1:colcon.colcon_core.package_identification:_identify(log) ignored
[0.968s] Level 1:colcon.colcon_core.package_identification:_identify(src) by extensions ['ignore', 'ignore_ament_install']
[0.968s] Level 1:colcon.colcon_core.package_identification:_identify(src) by extension 'ignore'
[0.968s] Level 1:colcon.colcon_core.package_identification:_identify(src) by extension 'ignore_ament_install'
[0.968s] Level 1:colcon.colcon_core.package_identification:_identify(src) by extensions ['colcon_pkg']
[0.968s] Level 1:colcon.colcon_core.package_identification:_identify(src) by extension 'colcon_pkg'
[0.968s] Level 1:colcon.colcon_core.package_identification:_identify(src) by extensions ['colcon_meta']
[0.968s] Level 1:colcon.colcon_core.package_identification:_identify(src) by extension 'colcon_meta'
[0.968s] Level 1:colcon.colcon_core.package_identification:_identify(src) by extensions ['ros']
[0.968s] Level 1:colcon.colcon_core.package_identification:_identify(src) by extension 'ros'
[0.968s] Level 1:colcon.colcon_core.package_identification:_identify(src) by extensions ['cmake', 'python']
[0.969s] Level 1:colcon.colcon_core.package_identification:_identify(src) by extension 'cmake'
[0.969s] Level 1:colcon.colcon_core.package_identification:_identify(src) by extension 'python'
[0.969s] Level 1:colcon.colcon_core.package_identification:_identify(src) by extensions ['python_setup_py']
[0.969s] Level 1:colcon.colcon_core.package_identification:_identify(src) by extension 'python_setup_py'
[0.969s] Level 1:colcon.colcon_core.package_identification:_identify(src/basic_comms) by extensions ['ignore', 'ignore_ament_install']
[0.969s] Level 1:colcon.colcon_core.package_identification:_identify(src/basic_comms) by extension 'ignore'
[0.969s] Level 1:colcon.colcon_core.package_identification:_identify(src/basic_comms) by extension 'ignore_ament_install'
[0.969s] Level 1:colcon.colcon_core.package_identification:_identify(src/basic_comms) by extensions ['colcon_pkg']
[0.969s] Level 1:colcon.colcon_core.package_identification:_identify(src/basic_comms) by extension 'colcon_pkg'
[0.969s] Level 1:colcon.colcon_core.package_identification:_identify(src/basic_comms) by extensions ['colcon_meta']
[0.969s] Level 1:colcon.colcon_core.package_identification:_identify(src/basic_comms) by extension 'colcon_meta'
[0.970s] Level 1:colcon.colcon_core.package_identification:_identify(src/basic_comms) by extensions ['ros']
[0.970s] Level 1:colcon.colcon_core.package_identification:_identify(src/basic_comms) by extension 'ros'
[0.976s] DEBUG:colcon.colcon_core.package_identification:Package 'src/basic_comms' with type 'ros.ament_python' and name 'basic_comms'
[0.977s] Level 1:colcon.colcon_core.package_identification:_identify(src/build) by extensions ['ignore', 'ignore_ament_install']
[0.977s] Level 1:colcon.colcon_core.package_identification:_identify(src/build) by extension 'ignore'
[0.978s] Level 1:colcon.colcon_core.package_identification:_identify(src/build) ignored
[0.978s] Level 1:colcon.colcon_core.package_identification:_identify(src/challenge01) by extensions ['ignore', 'ignore_ament_install']
[0.979s] Level 1:colcon.colcon_core.package_identification:_identify(src/challenge01) by extension 'ignore'
[0.979s] Level 1:colcon.colcon_core.package_identification:_identify(src/challenge01) by extension 'ignore_ament_install'
[0.979s] Level 1:colcon.colcon_core.package_identification:_identify(src/challenge01) by extensions ['colcon_pkg']
[0.979s] Level 1:colcon.colcon_core.package_identification:_identify(src/challenge01) by extension 'colcon_pkg'
[0.979s] Level 1:colcon.colcon_core.package_identification:_identify(src/challenge01) by extensions ['colcon_meta']
[0.979s] Level 1:colcon.colcon_core.package_identification:_identify(src/challenge01) by extension 'colcon_meta'
[0.980s] Level 1:colcon.colcon_core.package_identification:_identify(src/challenge01) by extensions ['ros']
[0.980s] Level 1:colcon.colcon_core.package_identification:_identify(src/challenge01) by extension 'ros'
[0.982s] DEBUG:colcon.colcon_core.package_identification:Package 'src/challenge01' with type 'ros.ament_python' and name 'challenge01'
[0.982s] Level 1:colcon.colcon_core.package_identification:_identify(src/challenge02) by extensions ['ignore', 'ignore_ament_install']
[0.982s] Level 1:colcon.colcon_core.package_identification:_identify(src/challenge02) by extension 'ignore'
[0.983s] Level 1:colcon.colcon_core.package_identification:_identify(src/challenge02) by extension 'ignore_ament_install'
[0.983s] Level 1:colcon.colcon_core.package_identification:_identify(src/challenge02) by extensions ['colcon_pkg']
[0.983s] Level 1:colcon.colcon_core.package_identification:_identify(src/challenge02) by extension 'colcon_pkg'
[0.983s] Level 1:colcon.colcon_core.package_identification:_identify(src/challenge02) by extensions ['colcon_meta']
[0.983s] Level 1:colcon.colcon_core.package_identification:_identify(src/challenge02) by extension 'colcon_meta'
[0.983s] Level 1:colcon.colcon_core.package_identification:_identify(src/challenge02) by extensions ['ros']
[0.983s] Level 1:colcon.colcon_core.package_identification:_identify(src/challenge02) by extension 'ros'
[0.985s] DEBUG:colcon.colcon_core.package_identification:Package 'src/challenge02' with type 'ros.ament_python' and name 'challenge02'
[0.985s] Level 1:colcon.colcon_core.package_identification:_identify(src/custom_interfaces) by extensions ['ignore', 'ignore_ament_install']
[0.985s] Level 1:colcon.colcon_core.package_identification:_identify(src/custom_interfaces) by extension 'ignore'
[0.986s] Level 1:colcon.colcon_core.package_identification:_identify(src/custom_interfaces) by extension 'ignore_ament_install'
[0.986s] Level 1:colcon.colcon_core.package_identification:_identify(src/custom_interfaces) by extensions ['colcon_pkg']
[0.986s] Level 1:colcon.colcon_core.package_identification:_identify(src/custom_interfaces) by extension 'colcon_pkg'
[0.986s] Level 1:colcon.colcon_core.package_identification:_identify(src/custom_interfaces) by extensions ['colcon_meta']
[0.986s] Level 1:colcon.colcon_core.package_identification:_identify(src/custom_interfaces) by extension 'colcon_meta'
[0.986s] Level 1:colcon.colcon_core.package_identification:_identify(src/custom_interfaces) by extensions ['ros']
[0.986s] Level 1:colcon.colcon_core.package_identification:_identify(src/custom_interfaces) by extension 'ros'
[0.988s] DEBUG:colcon.colcon_core.package_identification:Package 'src/custom_interfaces' with type 'ros.ament_cmake' and name 'custom_interfaces'
[0.988s] Level 1:colcon.colcon_core.package_identification:_identify(src/install) by extensions ['ignore', 'ignore_ament_install']
[0.989s] Level 1:colcon.colcon_core.package_identification:_identify(src/install) by extension 'ignore'
[0.989s] Level 1:colcon.colcon_core.package_identification:_identify(src/install) ignored
[0.989s] Level 1:colcon.colcon_core.package_identification:_identify(src/log) by extensions ['ignore', 'ignore_ament_install']
[0.989s] Level 1:colcon.colcon_core.package_identification:_identify(src/log) by extension 'ignore'
[0.989s] Level 1:colcon.colcon_core.package_identification:_identify(src/log) ignored
[0.990s] Level 1:colcon.colcon_core.package_identification:_identify(src/motor_control) by extensions ['ignore', 'ignore_ament_install']
[0.990s] Level 1:colcon.colcon_core.package_identification:_identify(src/motor_control) by extension 'ignore'
[0.990s] Level 1:colcon.colcon_core.package_identification:_identify(src/motor_control) by extension 'ignore_ament_install'
[0.990s] Level 1:colcon.colcon_core.package_identification:_identify(src/motor_control) by extensions ['colcon_pkg']
[0.990s] Level 1:colcon.colcon_core.package_identification:_identify(src/motor_control) by extension 'colcon_pkg'
[0.990s] Level 1:colcon.colcon_core.package_identification:_identify(src/motor_control) by extensions ['colcon_meta']
[0.990s] Level 1:colcon.colcon_core.package_identification:_identify(src/motor_control) by extension 'colcon_meta'
[0.991s] Level 1:colcon.colcon_core.package_identification:_identify(src/motor_control) by extensions ['ros']
[0.991s] Level 1:colcon.colcon_core.package_identification:_identify(src/motor_control) by extension 'ros'
[0.993s] DEBUG:colcon.colcon_core.package_identification:Package 'src/motor_control' with type 'ros.ament_python' and name 'motor_control'
[0.993s] Level 1:colcon.colcon_core.package_identification:_identify(src/my_pack_clas) by extensions ['ignore', 'ignore_ament_install']
[0.994s] Level 1:colcon.colcon_core.package_identification:_identify(src/my_pack_clas) by extension 'ignore'
[0.994s] Level 1:colcon.colcon_core.package_identification:_identify(src/my_pack_clas) by extension 'ignore_ament_install'
[0.995s] Level 1:colcon.colcon_core.package_identification:_identify(src/my_pack_clas) by extensions ['colcon_pkg']
[0.995s] Level 1:colcon.colcon_core.package_identification:_identify(src/my_pack_clas) by extension 'colcon_pkg'
[0.995s] Level 1:colcon.colcon_core.package_identification:_identify(src/my_pack_clas) by extensions ['colcon_meta']
[0.995s] Level 1:colcon.colcon_core.package_identification:_identify(src/my_pack_clas) by extension 'colcon_meta'
[0.995s] Level 1:colcon.colcon_core.package_identification:_identify(src/my_pack_clas) by extensions ['ros']
[0.995s] Level 1:colcon.colcon_core.package_identification:_identify(src/my_pack_clas) by extension 'ros'
[0.997s] DEBUG:colcon.colcon_core.package_identification:Package 'src/my_pack_clas' with type 'ros.ament_python' and name 'my_pack_clas'
[0.997s] Level 1:colcon.colcon_core.package_discovery:discover_packages(recursive) using defaults
[0.997s] Level 1:colcon.colcon_core.package_discovery:discover_packages(ignore) discover
[0.997s] Level 1:colcon.colcon_core.package_discovery:discover_packages(ignore) using defaults
[0.997s] Level 1:colcon.colcon_core.package_discovery:discover_packages(path) discover
[0.998s] Level 1:colcon.colcon_core.package_discovery:discover_packages(path) using defaults
[1.104s] Level 1:colcon.colcon_core.package_discovery:discover_packages(prefix_path) check parameters
[1.105s] Level 1:colcon.colcon_core.package_discovery:discover_packages(prefix_path) discover
[1.112s] DEBUG:colcon.colcon_installed_package_information.package_discovery:Found 6 installed packages in /home/josea/ros2_ws/install
[1.114s] DEBUG:colcon.colcon_installed_package_information.package_discovery:Found 6 installed packages in /home/josea/ros2_ws/src/install
[1.119s] DEBUG:colcon.colcon_installed_package_information.package_discovery:Found 312 installed packages in /opt/ros/humble
[1.123s] Level 1:colcon.colcon_core.package_discovery:discover_packages(prefix_path) using defaults
[1.250s] Level 5:colcon.colcon_core.verb:set package 'basic_comms' build argument 'cmake_args' from command line to 'None'
[1.250s] Level 5:colcon.colcon_core.verb:set package 'basic_comms' build argument 'cmake_target' from command line to 'None'
[1.250s] Level 5:colcon.colcon_core.verb:set package 'basic_comms' build argument 'cmake_target_skip_unavailable' from command line to 'False'
[1.251s] Level 5:colcon.colcon_core.verb:set package 'basic_comms' build argument 'cmake_clean_cache' from command line to 'False'
[1.251s] Level 5:colcon.colcon_core.verb:set package 'basic_comms' build argument 'cmake_clean_first' from command line to 'False'
[1.251s] Level 5:colcon.colcon_core.verb:set package 'basic_comms' build argument 'cmake_force_configure' from command line to 'False'
[1.251s] Level 5:colcon.colcon_core.verb:set package 'basic_comms' build argument 'ament_cmake_args' from command line to 'None'
[1.251s] Level 5:colcon.colcon_core.verb:set package 'basic_comms' build argument 'catkin_cmake_args' from command line to 'None'
[1.251s] Level 5:colcon.colcon_core.verb:set package 'basic_comms' build argument 'catkin_skip_building_tests' from command line to 'False'
[1.251s] DEBUG:colcon.colcon_core.verb:Building package 'basic_comms' with the following arguments: {'ament_cmake_args': None, 'build_base': '/home/josea/ros2_ws/build/basic_comms', 'catkin_cmake_args': None, 'catkin_skip_building_tests': False, 'cmake_args': None, 'cmake_clean_cache': False, 'cmake_clean_first': False, 'cmake_force_configure': False, 'cmake_target': None, 'cmake_target_skip_unavailable': False, 'install_base': '/home/josea/ros2_ws/install/basic_comms', 'merge_install': False, 'path': '/home/josea/ros2_ws/src/basic_comms', 'symlink_install': False, 'test_result_base': None}
[1.252s] Level 5:colcon.colcon_core.verb:set package 'challenge01' build argument 'cmake_args' from command line to 'None'
[1.252s] Level 5:colcon.colcon_core.verb:set package 'challenge01' build argument 'cmake_target' from command line to 'None'
[1.252s] Level 5:colcon.colcon_core.verb:set package 'challenge01' build argument 'cmake_target_skip_unavailable' from command line to 'False'
[1.252s] Level 5:colcon.colcon_core.verb:set package 'challenge01' build argument 'cmake_clean_cache' from command line to 'False'
[1.252s] Level 5:colcon.colcon_core.verb:set package 'challenge01' build argument 'cmake_clean_first' from command line to 'False'
[1.252s] Level 5:colcon.colcon_core.verb:set package 'challenge01' build argument 'cmake_force_configure' from command line to 'False'
[1.252s] Level 5:colcon.colcon_core.verb:set package 'challenge01' build argument 'ament_cmake_args' from command line to 'None'
[1.252s] Level 5:colcon.colcon_core.verb:set package 'challenge01' build argument 'catkin_cmake_args' from command line to 'None'
[1.252s] Level 5:colcon.colcon_core.verb:set package 'challenge01' build argument 'catkin_skip_building_tests' from command line to 'False'
[1.252s] DEBUG:colcon.colcon_core.verb:Building package 'challenge01' with the following arguments: {'ament_cmake_args': None, 'build_base': '/home/josea/ros2_ws/build/challenge01', 'catkin_cmake_args': None, 'catkin_skip_building_tests': False, 'cmake_args': None, 'cmake_clean_cache': False, 'cmake_clean_first': False, 'cmake_force_configure': False, 'cmake_target': None, 'cmake_target_skip_unavailable': False, 'install_base': '/home/josea/ros2_ws/install/challenge01', 'merge_install': False, 'path': '/home/josea/ros2_ws/src/challenge01', 'symlink_install': False, 'test_result_base': None}
[1.253s] Level 5:colcon.colcon_core.verb:set package 'challenge02' build argument 'cmake_args' from command line to 'None'
[1.253s] Level 5:colcon.colcon_core.verb:set package 'challenge02' build argument 'cmake_target' from command line to 'None'
[1.253s] Level 5:colcon.colcon_core.verb:set package 'challenge02' build argument 'cmake_target_skip_unavailable' from command line to 'False'
[1.253s] Level 5:colcon.colcon_core.verb:set package 'challenge02' build argument 'cmake_clean_cache' from command line to 'False'
[1.253s] Level 5:colcon.colcon_core.verb:set package 'challenge02' build argument 'cmake_clean_first' from command line to 'False'
[1.253s] Level 5:colcon.colcon_core.verb:set package 'challenge02' build argument 'cmake_force_configure' from command line to 'False'
[1.253s] Level 5:colcon.colcon_core.verb:set package 'challenge02' build argument 'ament_cmake_args' from command line to 'None'
[1.253s] Level 5:colcon.colcon_core.verb:set package 'challenge02' build argument 'catkin_cmake_args' from command line to 'None'
[1.254s] Level 5:colcon.colcon_core.verb:set package 'challenge02' build argument 'catkin_skip_building_tests' from command line to 'False'
[1.254s] DEBUG:colcon.colcon_core.verb:Building package 'challenge02' with the following arguments: {'ament_cmake_args': None, 'build_base': '/home/josea/ros2_ws/build/challenge02', 'catkin_cmake_args': None, 'catkin_skip_building_tests': False, 'cmake_args': None, 'cmake_clean_cache': False, 'cmake_clean_first': False, 'cmake_force_configure': False, 'cmake_target': None, 'cmake_target_skip_unavailable': False, 'install_base': '/home/josea/ros2_ws/install/challenge02', 'merge_install': False, 'path': '/home/josea/ros2_ws/src/challenge02', 'symlink_install': False, 'test_result_base': None}
[1.254s] Level 5:colcon.colcon_core.verb:set package 'custom_interfaces' build argument 'cmake_args' from command line to 'None'
[1.254s] Level 5:colcon.colcon_core.verb:set package 'custom_interfaces' build argument 'cmake_target' from command line to 'None'
[1.254s] Level 5:colcon.colcon_core.verb:set package 'custom_interfaces' build argument 'cmake_target_skip_unavailable' from command line to 'False'
[1.255s] Level 5:colcon.colcon_core.verb:set package 'custom_interfaces' build argument 'cmake_clean_cache' from command line to 'False'
[1.255s] Level 5:colcon.colcon_core.verb:set package 'custom_interfaces' build argument 'cmake_clean_first' from command line to 'False'
[1.255s] Level 5:colcon.colcon_core.verb:set package 'custom_interfaces' build argument 'cmake_force_configure' from command line to 'False'
[1.255s] Level 5:colcon.colcon_core.verb:set package 'custom_interfaces' build argument 'ament_cmake_args' from command line to 'None'
[1.255s] Level 5:colcon.colcon_core.verb:set package 'custom_interfaces' build argument 'catkin_cmake_args' from command line to 'None'
[1.255s] Level 5:colcon.colcon_core.verb:set package 'custom_interfaces' build argument 'catkin_skip_building_tests' from command line to 'False'
[1.255s] DEBUG:colcon.colcon_core.verb:Building package 'custom_interfaces' with the following arguments: {'ament_cmake_args': None, 'build_base': '/home/josea/ros2_ws/build/custom_interfaces', 'catkin_cmake_args': None, 'catkin_skip_building_tests': False, 'cmake_args': None, 'cmake_clean_cache': False, 'cmake_clean_first': False, 'cmake_force_configure': False, 'cmake_target': None, 'cmake_target_skip_unavailable': False, 'install_base': '/home/josea/ros2_ws/install/custom_interfaces', 'merge_install': False, 'path': '/home/josea/ros2_ws/src/custom_interfaces', 'symlink_install': False, 'test_result_base': None}
[1.256s] Level 5:colcon.colcon_core.verb:set package 'motor_control' build argument 'cmake_args' from command line to 'None'
[1.256s] Level 5:colcon.colcon_core.verb:set package 'motor_control' build argument 'cmake_target' from command line to 'None'
[1.256s] Level 5:colcon.colcon_core.verb:set package 'motor_control' build argument 'cmake_target_skip_unavailable' from command line to 'False'
[1.256s] Level 5:colcon.colcon_core.verb:set package 'motor_control' build argument 'cmake_clean_cache' from command line to 'False'
[1.256s] Level 5:colcon.colcon_core.verb:set package 'motor_control' build argument 'cmake_clean_first' from command line to 'False'
[1.256s] Level 5:colcon.colcon_core.verb:set package 'motor_control' build argument 'cmake_force_configure' from command line to 'False'
[1.256s] Level 5:colcon.colcon_core.verb:set package 'motor_control' build argument 'ament_cmake_args' from command line to 'None'
[1.257s] Level 5:colcon.colcon_core.verb:set package 'motor_control' build argument 'catkin_cmake_args' from command line to 'None'
[1.257s] Level 5:colcon.colcon_core.verb:set package 'motor_control' build argument 'catkin_skip_building_tests' from command line to 'False'
[1.257s] DEBUG:colcon.colcon_core.verb:Building package 'motor_control' with the following arguments: {'ament_cmake_args': None, 'build_base': '/home/josea/ros2_ws/build/motor_control', 'catkin_cmake_args': None, 'catkin_skip_building_tests': False, 'cmake_args': None, 'cmake_clean_cache': False, 'cmake_clean_first': False, 'cmake_force_configure': False, 'cmake_target': None, 'cmake_target_skip_unavailable': False, 'install_base': '/home/josea/ros2_ws/install/motor_control', 'merge_install': False, 'path': '/home/josea/ros2_ws/src/motor_control', 'symlink_install': False, 'test_result_base': None}
[1.258s] Level 5:colcon.colcon_core.verb:set package 'my_pack_clas' build argument 'cmake_args' from command line to 'None'
[1.258s] Level 5:colcon.colcon_core.verb:set package 'my_pack_clas' build argument 'cmake_target' from command line to 'None'
[1.258s] Level 5:colcon.colcon_core.verb:set package 'my_pack_clas' build argument 'cmake_target_skip_unavailable' from command line to 'False'
[1.258s] Level 5:colcon.colcon_core.verb:set package 'my_pack_clas' build argument 'cmake_clean_cache' from command line to 'False'
[1.258s] Level 5:colcon.colcon_core.verb:set package 'my_pack_clas' build argument 'cmake_clean_first' from command line to 'False'
[1.258s] Level 5:colcon.colcon_core.verb:set package 'my_pack_clas' build argument 'cmake_force_configure' from command line to 'False'
[1.258s] Level 5:colcon.colcon_core.verb:set package 'my_pack_clas' build argument 'ament_cmake_args' from command line to 'None'
[1.258s] Level 5:colcon.colcon_core.verb:set package 'my_pack_clas' build argument 'catkin_cmake_args' from command line to 'None'
[1.258s] Level 5:colcon.colcon_core.verb:set package 'my_pack_clas' build argument 'catkin_skip_building_tests' from command line to 'False'
[1.258s] DEBUG:colcon.colcon_core.verb:Building package 'my_pack_clas' with the following arguments: {'ament_cmake_args': None, 'build_base': '/home/josea/ros2_ws/build/my_pack_clas', 'catkin_cmake_args': None, 'catkin_skip_building_tests': False, 'cmake_args': None, 'cmake_clean_cache': False, 'cmake_clean_first': False, 'cmake_force_configure': False, 'cmake_target': None, 'cmake_target_skip_unavailable': False, 'install_base': '/home/josea/ros2_ws/install/my_pack_clas', 'merge_install': False, 'path': '/home/josea/ros2_ws/src/my_pack_clas', 'symlink_install': False, 'test_result_base': None}
[1.259s] INFO:colcon.colcon_core.executor:Executing jobs using 'parallel' executor
[1.262s] DEBUG:colcon.colcon_parallel_executor.executor.parallel:run_until_complete
[1.264s] INFO:colcon.colcon_ros.task.ament_python.build:Building ROS package in '/home/josea/ros2_ws/src/basic_comms' with build type 'ament_python'
[1.265s] Level 1:colcon.colcon_core.shell:create_environment_hook('basic_comms', 'ament_prefix_path')
[1.277s] INFO:colcon.colcon_core.plugin_system:Skipping extension 'colcon_core.shell.bat': Not used on non-Windows systems
[1.278s] INFO:colcon.colcon_core.shell:Creating environment hook '/home/josea/ros2_ws/install/basic_comms/share/basic_comms/hook/ament_prefix_path.ps1'
[1.283s] INFO:colcon.colcon_core.shell:Creating environment descriptor '/home/josea/ros2_ws/install/basic_comms/share/basic_comms/hook/ament_prefix_path.dsv'
[1.284s] INFO:colcon.colcon_core.shell:Creating environment hook '/home/josea/ros2_ws/install/basic_comms/share/basic_comms/hook/ament_prefix_path.sh'
[1.286s] INFO:colcon.colcon_core.shell:Skip shell extension 'powershell' for command environment: Not usable outside of PowerShell
[1.287s] DEBUG:colcon.colcon_core.shell:Skip shell extension 'dsv' for command environment
[1.306s] INFO:colcon.colcon_ros.task.ament_python.build:Building ROS package in '/home/josea/ros2_ws/src/challenge01' with build type 'ament_python'
[1.306s] Level 1:colcon.colcon_core.shell:create_environment_hook('challenge01', 'ament_prefix_path')
[1.307s] INFO:colcon.colcon_core.shell:Creating environment hook '/home/josea/ros2_ws/install/challenge01/share/challenge01/hook/ament_prefix_path.ps1'
[1.314s] INFO:colcon.colcon_core.shell:Creating environment descriptor '/home/josea/ros2_ws/install/challenge01/share/challenge01/hook/ament_prefix_path.dsv'
[1.318s] INFO:colcon.colcon_core.shell:Creating environment hook '/home/josea/ros2_ws/install/challenge01/share/challenge01/hook/ament_prefix_path.sh'
[1.320s] INFO:colcon.colcon_core.shell:Skip shell extension 'powershell' for command environment: Not usable outside of PowerShell
[1.320s] DEBUG:colcon.colcon_core.shell:Skip shell extension 'dsv' for command environment
[2.276s] INFO:colcon.colcon_core.task.python.build:Building Python package in '/home/josea/ros2_ws/src/basic_comms'
[2.277s] INFO:colcon.colcon_core.shell:Skip shell extension 'powershell' for command environment: Not usable outside of PowerShell
[2.279s] DEBUG:colcon.colcon_core.shell:Skip shell extension 'dsv' for command environment
[3.264s] INFO:colcon.colcon_core.task.python.build:Building Python package in '/home/josea/ros2_ws/src/challenge01'
[3.264s] INFO:colcon.colcon_core.shell:Skip shell extension 'powershell' for command environment: Not usable outside of PowerShell
[3.265s] DEBUG:colcon.colcon_core.shell:Skip shell extension 'dsv' for command environment
[5.277s] DEBUG:colcon.colcon_core.event_handler.log_command:Invoking command in '/home/josea/ros2_ws/src/challenge01': PYTHONPATH=/home/josea/ros2_ws/build/challenge01/prefix_override:/usr/lib/python3/dist-packages/colcon_core/task/python/colcon_distutils_commands:/home/josea/ros2_ws/install/challenge01/lib/python3.10/site-packages:${PYTHONPATH} /usr/bin/python3 -W ignore:setup.py install is deprecated -W ignore:easy_install command is deprecated setup.py egg_info --egg-base ../../build/challenge01 build --build-base /home/josea/ros2_ws/build/challenge01/build install --record /home/josea/ros2_ws/build/challenge01/install.log --single-version-externally-managed install_data
[5.771s] DEBUG:colcon.colcon_core.event_handler.log_command:Invoking command in '/home/josea/ros2_ws/src/basic_comms': PYTHONPATH=/home/josea/ros2_ws/build/basic_comms/prefix_override:/usr/lib/python3/dist-packages/colcon_core/task/python/colcon_distutils_commands:/home/josea/ros2_ws/install/basic_comms/lib/python3.10/site-packages:${PYTHONPATH} /usr/bin/python3 -W ignore:setup.py install is deprecated -W ignore:easy_install command is deprecated setup.py egg_info --egg-base ../../build/basic_comms build --build-base /home/josea/ros2_ws/build/basic_comms/build install --record /home/josea/ros2_ws/build/basic_comms/install.log --single-version-externally-managed install_data
[7.334s] DEBUG:colcon.colcon_core.event_handler.log_command:Invoked command in '/home/josea/ros2_ws/src/challenge01' returned '0': PYTHONPATH=/home/josea/ros2_ws/build/challenge01/prefix_override:/usr/lib/python3/dist-packages/colcon_core/task/python/colcon_distutils_commands:/home/josea/ros2_ws/install/challenge01/lib/python3.10/site-packages:${PYTHONPATH} /usr/bin/python3 -W ignore:setup.py install is deprecated -W ignore:easy_install command is deprecated setup.py egg_info --egg-base ../../build/challenge01 build --build-base /home/josea/ros2_ws/build/challenge01/build install --record /home/josea/ros2_ws/build/challenge01/install.log --single-version-externally-managed install_data
[7.352s] Level 1:colcon.colcon_core.environment:checking '/home/josea/ros2_ws/install/challenge01' for CMake module files
[7.354s] Level 1:colcon.colcon_core.environment:checking '/home/josea/ros2_ws/install/challenge01' for CMake config files
[7.359s] Level 1:colcon.colcon_core.environment:checking '/home/josea/ros2_ws/install/challenge01/lib'
[7.360s] Level 1:colcon.colcon_core.environment:checking '/home/josea/ros2_ws/install/challenge01/bin'
[7.360s] Level 1:colcon.colcon_core.environment:checking '/home/josea/ros2_ws/install/challenge01/lib/pkgconfig/challenge01.pc'
[7.361s] Level 1:colcon.colcon_core.environment:checking '/home/josea/ros2_ws/install/challenge01/lib/python3.10/site-packages'
[7.361s] Level 1:colcon.colcon_core.shell:create_environment_hook('challenge01', 'pythonpath')
[7.365s] INFO:colcon.colcon_core.shell:Creating environment hook '/home/josea/ros2_ws/install/challenge01/share/challenge01/hook/pythonpath.ps1'
[7.366s] INFO:colcon.colcon_core.shell:Creating environment descriptor '/home/josea/ros2_ws/install/challenge01/share/challenge01/hook/pythonpath.dsv'
[7.367s] INFO:colcon.colcon_core.shell:Creating environment hook '/home/josea/ros2_ws/install/challenge01/share/challenge01/hook/pythonpath.sh'
[7.369s] Level 1:colcon.colcon_core.environment:checking '/home/josea/ros2_ws/install/challenge01/bin'
[7.369s] Level 1:colcon.colcon_core.environment:create_environment_scripts_only(challenge01)
[7.370s] INFO:colcon.colcon_core.shell:Creating package script '/home/josea/ros2_ws/install/challenge01/share/challenge01/package.ps1'
[7.373s] INFO:colcon.colcon_core.shell:Creating package descriptor '/home/josea/ros2_ws/install/challenge01/share/challenge01/package.dsv'
[7.375s] INFO:colcon.colcon_core.shell:Creating package script '/home/josea/ros2_ws/install/challenge01/share/challenge01/package.sh'
[7.381s] INFO:colcon.colcon_core.shell:Creating package script '/home/josea/ros2_ws/install/challenge01/share/challenge01/package.bash'
[7.389s] INFO:colcon.colcon_core.shell:Creating package script '/home/josea/ros2_ws/install/challenge01/share/challenge01/package.zsh'
[7.395s] Level 1:colcon.colcon_core.environment:create_file_with_runtime_dependencies(/home/josea/ros2_ws/install/challenge01/share/colcon-core/packages/challenge01)
[7.401s] INFO:colcon.colcon_ros.task.ament_python.build:Building ROS package in '/home/josea/ros2_ws/src/challenge02' with build type 'ament_python'
[7.402s] Level 1:colcon.colcon_core.shell:create_environment_hook('challenge02', 'ament_prefix_path')
[7.403s] INFO:colcon.colcon_core.shell:Creating environment hook '/home/josea/ros2_ws/install/challenge02/share/challenge02/hook/ament_prefix_path.ps1'
[7.407s] INFO:colcon.colcon_core.shell:Creating environment descriptor '/home/josea/ros2_ws/install/challenge02/share/challenge02/hook/ament_prefix_path.dsv'
[7.414s] INFO:colcon.colcon_core.shell:Creating environment hook '/home/josea/ros2_ws/install/challenge02/share/challenge02/hook/ament_prefix_path.sh'
[7.418s] INFO:colcon.colcon_core.shell:Skip shell extension 'powershell' for command environment: Not usable outside of PowerShell
[7.418s] DEBUG:colcon.colcon_core.shell:Skip shell extension 'dsv' for command environment
[8.621s] INFO:colcon.colcon_core.task.python.build:Building Python package in '/home/josea/ros2_ws/src/challenge02'
[8.622s] INFO:colcon.colcon_core.shell:Skip shell extension 'powershell' for command environment: Not usable outside of PowerShell
[8.622s] DEBUG:colcon.colcon_core.shell:Skip shell extension 'dsv' for command environment
[8.639s] Level 1:colcon.colcon_core.environment:checking '/home/josea/ros2_ws/install/basic_comms' for CMake module files
[8.642s] Level 1:colcon.colcon_core.environment:checking '/home/josea/ros2_ws/install/basic_comms' for CMake config files
[8.640s] DEBUG:colcon.colcon_core.event_handler.log_command:Invoked command in '/home/josea/ros2_ws/src/basic_comms' returned '0': PYTHONPATH=/home/josea/ros2_ws/build/basic_comms/prefix_override:/usr/lib/python3/dist-packages/colcon_core/task/python/colcon_distutils_commands:/home/josea/ros2_ws/install/basic_comms/lib/python3.10/site-packages:${PYTHONPATH} /usr/bin/python3 -W ignore:setup.py install is deprecated -W ignore:easy_install command is deprecated setup.py egg_info --egg-base ../../build/basic_comms build --build-base /home/josea/ros2_ws/build/basic_comms/build install --record /home/josea/ros2_ws/build/basic_comms/install.log --single-version-externally-managed install_data
[8.644s] Level 1:colcon.colcon_core.environment:checking '/home/josea/ros2_ws/install/basic_comms/lib'
[8.644s] Level 1:colcon.colcon_core.environment:checking '/home/josea/ros2_ws/install/basic_comms/bin'
[8.645s] Level 1:colcon.colcon_core.environment:checking '/home/josea/ros2_ws/install/basic_comms/lib/pkgconfig/basic_comms.pc'
[8.645s] Level 1:colcon.colcon_core.environment:checking '/home/josea/ros2_ws/install/basic_comms/lib/python3.10/site-packages'
[8.645s] Level 1:colcon.colcon_core.shell:create_environment_hook('basic_comms', 'pythonpath')
[8.646s] INFO:colcon.colcon_core.shell:Creating environment hook '/home/josea/ros2_ws/install/basic_comms/share/basic_comms/hook/pythonpath.ps1'
[8.648s] INFO:colcon.colcon_core.shell:Creating environment descriptor '/home/josea/ros2_ws/install/basic_comms/share/basic_comms/hook/pythonpath.dsv'
[8.650s] INFO:colcon.colcon_core.shell:Creating environment hook '/home/josea/ros2_ws/install/basic_comms/share/basic_comms/hook/pythonpath.sh'
[8.652s] Level 1:colcon.colcon_core.environment:checking '/home/josea/ros2_ws/install/basic_comms/bin'
[8.652s] Level 1:colcon.colcon_core.environment:create_environment_scripts_only(basic_comms)
[8.653s] INFO:colcon.colcon_core.shell:Creating package script '/home/josea/ros2_ws/install/basic_comms/share/basic_comms/package.ps1'
[8.654s] INFO:colcon.colcon_core.shell:Creating package descriptor '/home/josea/ros2_ws/install/basic_comms/share/basic_comms/package.dsv'
[8.656s] INFO:colcon.colcon_core.shell:Creating package script '/home/josea/ros2_ws/install/basic_comms/share/basic_comms/package.sh'
[8.657s] INFO:colcon.colcon_core.shell:Creating package script '/home/josea/ros2_ws/install/basic_comms/share/basic_comms/package.bash'
[8.659s] INFO:colcon.colcon_core.shell:Creating package script '/home/josea/ros2_ws/install/basic_comms/share/basic_comms/package.zsh'
[8.660s] Level 1:colcon.colcon_core.environment:create_file_with_runtime_dependencies(/home/josea/ros2_ws/install/basic_comms/share/colcon-core/packages/basic_comms)
[8.663s] INFO:colcon.colcon_ros.task.ament_cmake.build:Building ROS package in '/home/josea/ros2_ws/src/custom_interfaces' with build type 'ament_cmake'
[8.663s] INFO:colcon.colcon_cmake.task.cmake.build:Building CMake package in '/home/josea/ros2_ws/src/custom_interfaces'
[8.664s] INFO:colcon.colcon_core.shell:Skip shell extension 'powershell' for command environment: Not usable outside of PowerShell
[8.665s] DEBUG:colcon.colcon_core.shell:Skip shell extension 'dsv' for command environment
[8.716s] DEBUG:colcon.colcon_core.event_handler.log_command:Invoking command in '/home/josea/ros2_ws/build/custom_interfaces': CMAKE_PREFIX_PATH=${CMAKE_PREFIX_PATH}:/home/josea/ros2_ws/install/my_pack_clas:/home/josea/ros2_ws/install/motor_control:/home/josea/ros2_ws/install/challenge02:/home/josea/ros2_ws/install/challenge01:/home/josea/ros2_ws/install/basic_comms:/home/josea/ros2_ws/src/install/my_pack_clas:/home/josea/ros2_ws/src/install/motor_control:/home/josea/ros2_ws/src/install/challenge02:/home/josea/ros2_ws/src/install/challenge01:/home/josea/ros2_ws/src/install/basic_comms:/opt/ros/humble /usr/bin/cmake --build /home/josea/ros2_ws/build/custom_interfaces -- -j2 -l2
[11.373s] DEBUG:colcon.colcon_core.event_handler.log_command:Invoking command in '/home/josea/ros2_ws/src/challenge02': PYTHONPATH=/home/josea/ros2_ws/build/challenge02/prefix_override:/usr/lib/python3/dist-packages/colcon_core/task/python/colcon_distutils_commands:/home/josea/ros2_ws/install/challenge02/lib/python3.10/site-packages:${PYTHONPATH} /usr/bin/python3 -W ignore:setup.py install is deprecated -W ignore:easy_install command is deprecated setup.py egg_info --egg-base ../../build/challenge02 build --build-base /home/josea/ros2_ws/build/challenge02/build install --record /home/josea/ros2_ws/build/challenge02/install.log --single-version-externally-managed install_data
[12.601s] DEBUG:colcon.colcon_core.event_handler.log_command:Invoked command in '/home/josea/ros2_ws/build/custom_interfaces' returned '0': CMAKE_PREFIX_PATH=${CMAKE_PREFIX_PATH}:/home/josea/ros2_ws/install/my_pack_clas:/home/josea/ros2_ws/install/motor_control:/home/josea/ros2_ws/install/challenge02:/home/josea/ros2_ws/install/challenge01:/home/josea/ros2_ws/install/basic_comms:/home/josea/ros2_ws/src/install/my_pack_clas:/home/josea/ros2_ws/src/install/motor_control:/home/josea/ros2_ws/src/install/challenge02:/home/josea/ros2_ws/src/install/challenge01:/home/josea/ros2_ws/src/install/basic_comms:/opt/ros/humble /usr/bin/cmake --build /home/josea/ros2_ws/build/custom_interfaces -- -j2 -l2
[12.642s] DEBUG:colcon.colcon_core.event_handler.log_command:Invoking command in '/home/josea/ros2_ws/build/custom_interfaces': CMAKE_PREFIX_PATH=${CMAKE_PREFIX_PATH}:/home/josea/ros2_ws/install/my_pack_clas:/home/josea/ros2_ws/install/motor_control:/home/josea/ros2_ws/install/challenge02:/home/josea/ros2_ws/install/challenge01:/home/josea/ros2_ws/install/basic_comms:/home/josea/ros2_ws/src/install/my_pack_clas:/home/josea/ros2_ws/src/install/motor_control:/home/josea/ros2_ws/src/install/challenge02:/home/josea/ros2_ws/src/install/challenge01:/home/josea/ros2_ws/src/install/basic_comms:/opt/ros/humble /usr/bin/cmake --install /home/josea/ros2_ws/build/custom_interfaces
[13.045s] Level 1:colcon.colcon_core.environment:create_environment_scripts_only(custom_interfaces)
[13.047s] Level 1:colcon.colcon_core.environment:checking '/home/josea/ros2_ws/install/custom_interfaces' for CMake module files
[13.051s] Level 1:colcon.colcon_core.environment:checking '/home/josea/ros2_ws/install/custom_interfaces' for CMake config files
[13.050s] DEBUG:colcon.colcon_core.event_handler.log_command:Invoked command in '/home/josea/ros2_ws/build/custom_interfaces' returned '0': CMAKE_PREFIX_PATH=${CMAKE_PREFIX_PATH}:/home/josea/ros2_ws/install/my_pack_clas:/home/josea/ros2_ws/install/motor_control:/home/josea/ros2_ws/install/challenge02:/home/josea/ros2_ws/install/challenge01:/home/josea/ros2_ws/install/basic_comms:/home/josea/ros2_ws/src/install/my_pack_clas:/home/josea/ros2_ws/src/install/motor_control:/home/josea/ros2_ws/src/install/challenge02:/home/josea/ros2_ws/src/install/challenge01:/home/josea/ros2_ws/src/install/basic_comms:/opt/ros/humble /usr/bin/cmake --install /home/josea/ros2_ws/build/custom_interfaces
[13.057s] Level 1:colcon.colcon_core.shell:create_environment_hook('custom_interfaces', 'cmake_prefix_path')
[13.058s] INFO:colcon.colcon_core.shell:Creating environment hook '/home/josea/ros2_ws/install/custom_interfaces/share/custom_interfaces/hook/cmake_prefix_path.ps1'
[13.063s] INFO:colcon.colcon_core.shell:Creating environment descriptor '/home/josea/ros2_ws/install/custom_interfaces/share/custom_interfaces/hook/cmake_prefix_path.dsv'
[13.066s] INFO:colcon.colcon_core.shell:Creating environment hook '/home/josea/ros2_ws/install/custom_interfaces/share/custom_interfaces/hook/cmake_prefix_path.sh'
[13.070s] Level 1:colcon.colcon_core.environment:checking '/home/josea/ros2_ws/install/custom_interfaces/lib'
[13.072s] Level 1:colcon.colcon_core.shell:create_environment_hook('custom_interfaces', 'ld_library_path_lib')
[13.075s] INFO:colcon.colcon_core.shell:Creating environment hook '/home/josea/ros2_ws/install/custom_interfaces/share/custom_interfaces/hook/ld_library_path_lib.ps1'
[13.078s] INFO:colcon.colcon_core.shell:Creating environment descriptor '/home/josea/ros2_ws/install/custom_interfaces/share/custom_interfaces/hook/ld_library_path_lib.dsv'
[13.082s] INFO:colcon.colcon_core.shell:Creating environment hook '/home/josea/ros2_ws/install/custom_interfaces/share/custom_interfaces/hook/ld_library_path_lib.sh'
[13.087s] Level 1:colcon.colcon_core.environment:checking '/home/josea/ros2_ws/install/custom_interfaces/bin'
[13.087s] Level 1:colcon.colcon_core.environment:checking '/home/josea/ros2_ws/install/custom_interfaces/lib/pkgconfig/custom_interfaces.pc'
[13.088s] Level 1:colcon.colcon_core.environment:checking '/home/josea/ros2_ws/install/custom_interfaces/lib/python3.10/site-packages'
[13.088s] Level 1:colcon.colcon_core.environment:checking '/home/josea/ros2_ws/install/custom_interfaces/bin'
[13.093s] INFO:colcon.colcon_core.shell:Creating package script '/home/josea/ros2_ws/install/custom_interfaces/share/custom_interfaces/package.ps1'
[13.098s] INFO:colcon.colcon_core.shell:Creating package descriptor '/home/josea/ros2_ws/install/custom_interfaces/share/custom_interfaces/package.dsv'
[13.103s] INFO:colcon.colcon_core.shell:Creating package script '/home/josea/ros2_ws/install/custom_interfaces/share/custom_interfaces/package.sh'
[13.107s] INFO:colcon.colcon_core.shell:Creating package script '/home/josea/ros2_ws/install/custom_interfaces/share/custom_interfaces/package.bash'
[13.113s] INFO:colcon.colcon_core.shell:Creating package script '/home/josea/ros2_ws/install/custom_interfaces/share/custom_interfaces/package.zsh'
[13.118s] Level 1:colcon.colcon_core.environment:create_file_with_runtime_dependencies(/home/josea/ros2_ws/install/custom_interfaces/share/colcon-core/packages/custom_interfaces)
[13.122s] Level 1:colcon.colcon_core.environment:create_environment_scripts_only(custom_interfaces)
[13.123s] Level 1:colcon.colcon_core.environment:checking '/home/josea/ros2_ws/install/custom_interfaces' for CMake module files
[13.128s] Level 1:colcon.colcon_core.environment:checking '/home/josea/ros2_ws/install/custom_interfaces' for CMake config files
[13.132s] Level 1:colcon.colcon_core.shell:create_environment_hook('custom_interfaces', 'cmake_prefix_path')
[13.133s] INFO:colcon.colcon_core.shell:Creating environment hook '/home/josea/ros2_ws/install/custom_interfaces/share/custom_interfaces/hook/cmake_prefix_path.ps1'
[13.140s] INFO:colcon.colcon_core.shell:Creating environment descriptor '/home/josea/ros2_ws/install/custom_interfaces/share/custom_interfaces/hook/cmake_prefix_path.dsv'
[13.144s] INFO:colcon.colcon_core.shell:Creating environment hook '/home/josea/ros2_ws/install/custom_interfaces/share/custom_interfaces/hook/cmake_prefix_path.sh'
[13.147s] Level 1:colcon.colcon_core.environment:checking '/home/josea/ros2_ws/install/custom_interfaces/lib'
[13.148s] Level 1:colcon.colcon_core.shell:create_environment_hook('custom_interfaces', 'ld_library_path_lib')
[13.150s] INFO:colcon.colcon_core.shell:Creating environment hook '/home/josea/ros2_ws/install/custom_interfaces/share/custom_interfaces/hook/ld_library_path_lib.ps1'
[13.153s] INFO:colcon.colcon_core.shell:Creating environment descriptor '/home/josea/ros2_ws/install/custom_interfaces/share/custom_interfaces/hook/ld_library_path_lib.dsv'
[13.155s] INFO:colcon.colcon_core.shell:Creating environment hook '/home/josea/ros2_ws/install/custom_interfaces/share/custom_interfaces/hook/ld_library_path_lib.sh'
[13.158s] Level 1:colcon.colcon_core.environment:checking '/home/josea/ros2_ws/install/custom_interfaces/bin'
[13.159s] Level 1:colcon.colcon_core.environment:checking '/home/josea/ros2_ws/install/custom_interfaces/lib/pkgconfig/custom_interfaces.pc'
[13.159s] Level 1:colcon.colcon_core.environment:checking '/home/josea/ros2_ws/install/custom_interfaces/lib/python3.10/site-packages'
[13.161s] Level 1:colcon.colcon_core.environment:checking '/home/josea/ros2_ws/install/custom_interfaces/bin'
[13.164s] INFO:colcon.colcon_core.shell:Creating package script '/home/josea/ros2_ws/install/custom_interfaces/share/custom_interfaces/package.ps1'
[13.169s] INFO:colcon.colcon_core.shell:Creating package descriptor '/home/josea/ros2_ws/install/custom_interfaces/share/custom_interfaces/package.dsv'
[13.173s] INFO:colcon.colcon_core.shell:Creating package script '/home/josea/ros2_ws/install/custom_interfaces/share/custom_interfaces/package.sh'
[13.176s] INFO:colcon.colcon_core.shell:Creating package script '/home/josea/ros2_ws/install/custom_interfaces/share/custom_interfaces/package.bash'
[13.179s] INFO:colcon.colcon_core.shell:Creating package script '/home/josea/ros2_ws/install/custom_interfaces/share/custom_interfaces/package.zsh'
[13.183s] Level 1:colcon.colcon_core.environment:create_file_with_runtime_dependencies(/home/josea/ros2_ws/install/custom_interfaces/share/colcon-core/packages/custom_interfaces)
[13.187s] INFO:colcon.colcon_ros.task.ament_python.build:Building ROS package in '/home/josea/ros2_ws/src/motor_control' with build type 'ament_python'
[13.187s] Level 1:colcon.colcon_core.shell:create_environment_hook('motor_control', 'ament_prefix_path')
[13.189s] INFO:colcon.colcon_core.shell:Creating environment hook '/home/josea/ros2_ws/install/motor_control/share/motor_control/hook/ament_prefix_path.ps1'
[13.194s] INFO:colcon.colcon_core.shell:Creating environment descriptor '/home/josea/ros2_ws/install/motor_control/share/motor_control/hook/ament_prefix_path.dsv'
[13.201s] INFO:colcon.colcon_core.shell:Creating environment hook '/home/josea/ros2_ws/install/motor_control/share/motor_control/hook/ament_prefix_path.sh'
[13.204s] INFO:colcon.colcon_core.shell:Skip shell extension 'powershell' for command environment: Not usable outside of PowerShell
[13.205s] DEBUG:colcon.colcon_core.shell:Skip shell extension 'dsv' for command environment
[14.517s] INFO:colcon.colcon_core.task.python.build:Building Python package in '/home/josea/ros2_ws/src/motor_control'
[14.518s] INFO:colcon.colcon_core.shell:Skip shell extension 'powershell' for command environment: Not usable outside of PowerShell
[14.518s] DEBUG:colcon.colcon_core.shell:Skip shell extension 'dsv' for command environment
[14.538s] Level 1:colcon.colcon_core.environment:checking '/home/josea/ros2_ws/install/challenge02' for CMake module files
[14.539s] DEBUG:colcon.colcon_core.event_handler.log_command:Invoked command in '/home/josea/ros2_ws/src/challenge02' returned '0': PYTHONPATH=/home/josea/ros2_ws/build/challenge02/prefix_override:/usr/lib/python3/dist-packages/colcon_core/task/python/colcon_distutils_commands:/home/josea/ros2_ws/install/challenge02/lib/python3.10/site-packages:${PYTHONPATH} /usr/bin/python3 -W ignore:setup.py install is deprecated -W ignore:easy_install command is deprecated setup.py egg_info --egg-base ../../build/challenge02 build --build-base /home/josea/ros2_ws/build/challenge02/build install --record /home/josea/ros2_ws/build/challenge02/install.log --single-version-externally-managed install_data
[14.541s] Level 1:colcon.colcon_core.environment:checking '/home/josea/ros2_ws/install/challenge02' for CMake config files
[14.543s] Level 1:colcon.colcon_core.environment:checking '/home/josea/ros2_ws/install/challenge02/lib'
[14.543s] Level 1:colcon.colcon_core.environment:checking '/home/josea/ros2_ws/install/challenge02/bin'
[14.543s] Level 1:colcon.colcon_core.environment:checking '/home/josea/ros2_ws/install/challenge02/lib/pkgconfig/challenge02.pc'
[14.545s] Level 1:colcon.colcon_core.environment:checking '/home/josea/ros2_ws/install/challenge02/lib/python3.10/site-packages'
[14.546s] Level 1:colcon.colcon_core.shell:create_environment_hook('challenge02', 'pythonpath')
[14.547s] INFO:colcon.colcon_core.shell:Creating environment hook '/home/josea/ros2_ws/install/challenge02/share/challenge02/hook/pythonpath.ps1'
[14.551s] INFO:colcon.colcon_core.shell:Creating environment descriptor '/home/josea/ros2_ws/install/challenge02/share/challenge02/hook/pythonpath.dsv'
[14.555s] INFO:colcon.colcon_core.shell:Creating environment hook '/home/josea/ros2_ws/install/challenge02/share/challenge02/hook/pythonpath.sh'
[14.560s] Level 1:colcon.colcon_core.environment:checking '/home/josea/ros2_ws/install/challenge02/bin'
[14.561s] Level 1:colcon.colcon_core.environment:create_environment_scripts_only(challenge02)
[14.566s] INFO:colcon.colcon_core.shell:Creating package script '/home/josea/ros2_ws/install/challenge02/share/challenge02/package.ps1'
[14.569s] INFO:colcon.colcon_core.shell:Creating package descriptor '/home/josea/ros2_ws/install/challenge02/share/challenge02/package.dsv'
[14.573s] INFO:colcon.colcon_core.shell:Creating package script '/home/josea/ros2_ws/install/challenge02/share/challenge02/package.sh'
[14.576s] INFO:colcon.colcon_core.shell:Creating package script '/home/josea/ros2_ws/install/challenge02/share/challenge02/package.bash'
[14.579s] INFO:colcon.colcon_core.shell:Creating package script '/home/josea/ros2_ws/install/challenge02/share/challenge02/package.zsh'
[14.582s] Level 1:colcon.colcon_core.environment:create_file_with_runtime_dependencies(/home/josea/ros2_ws/install/challenge02/share/colcon-core/packages/challenge02)
[14.587s] INFO:colcon.colcon_ros.task.ament_python.build:Building ROS package in '/home/josea/ros2_ws/src/my_pack_clas' with build type 'ament_python'
[14.589s] Level 1:colcon.colcon_core.shell:create_environment_hook('my_pack_clas', 'ament_prefix_path')
[14.593s] INFO:colcon.colcon_core.shell:Creating environment hook '/home/josea/ros2_ws/install/my_pack_clas/share/my_pack_clas/hook/ament_prefix_path.ps1'
[14.597s] INFO:colcon.colcon_core.shell:Creating environment descriptor '/home/josea/ros2_ws/install/my_pack_clas/share/my_pack_clas/hook/ament_prefix_path.dsv'
[14.599s] INFO:colcon.colcon_core.shell:Creating environment hook '/home/josea/ros2_ws/install/my_pack_clas/share/my_pack_clas/hook/ament_prefix_path.sh'
[14.602s] INFO:colcon.colcon_core.shell:Skip shell extension 'powershell' for command environment: Not usable outside of PowerShell
[14.602s] DEBUG:colcon.colcon_core.shell:Skip shell extension 'dsv' for command environment
[16.780s] INFO:colcon.colcon_core.task.python.build:Building Python package in '/home/josea/ros2_ws/src/my_pack_clas'
[16.782s] INFO:colcon.colcon_core.shell:Skip shell extension 'powershell' for command environment: Not usable outside of PowerShell
[16.783s] DEBUG:colcon.colcon_core.shell:Skip shell extension 'dsv' for command environment
[17.378s] DEBUG:colcon.colcon_core.event_handler.log_command:Invoking command in '/home/josea/ros2_ws/src/motor_control': PYTHONPATH=/home/josea/ros2_ws/build/motor_control/prefix_override:/usr/lib/python3/dist-packages/colcon_core/task/python/colcon_distutils_commands:/home/josea/ros2_ws/install/motor_control/lib/python3.10/site-packages:${PYTHONPATH} /usr/bin/python3 -W ignore:setup.py install is deprecated -W ignore:easy_install command is deprecated setup.py egg_info --egg-base ../../build/motor_control build --build-base /home/josea/ros2_ws/build/motor_control/build install --record /home/josea/ros2_ws/build/motor_control/install.log --single-version-externally-managed install_data
[19.324s] DEBUG:colcon.colcon_core.event_handler.log_command:Invoking command in '/home/josea/ros2_ws/src/my_pack_clas': PYTHONPATH=/home/josea/ros2_ws/build/my_pack_clas/prefix_override:/usr/lib/python3/dist-packages/colcon_core/task/python/colcon_distutils_commands:/home/josea/ros2_ws/install/my_pack_clas/lib/python3.10/site-packages:${PYTHONPATH} /usr/bin/python3 -W ignore:setup.py install is deprecated -W ignore:easy_install command is deprecated setup.py egg_info --egg-base ../../build/my_pack_clas build --build-base /home/josea/ros2_ws/build/my_pack_clas/build install --record /home/josea/ros2_ws/build/my_pack_clas/install.log --single-version-externally-managed install_data
[19.864s] Level 1:colcon.colcon_core.environment:checking '/home/josea/ros2_ws/install/motor_control' for CMake module files
[19.865s] Level 1:colcon.colcon_core.environment:checking '/home/josea/ros2_ws/install/motor_control' for CMake config files
[19.868s] DEBUG:colcon.colcon_core.event_handler.log_command:Invoked command in '/home/josea/ros2_ws/src/motor_control' returned '0': PYTHONPATH=/home/josea/ros2_ws/build/motor_control/prefix_override:/usr/lib/python3/dist-packages/colcon_core/task/python/colcon_distutils_commands:/home/josea/ros2_ws/install/motor_control/lib/python3.10/site-packages:${PYTHONPATH} /usr/bin/python3 -W ignore:setup.py install is deprecated -W ignore:easy_install command is deprecated setup.py egg_info --egg-base ../../build/motor_control build --build-base /home/josea/ros2_ws/build/motor_control/build install --record /home/josea/ros2_ws/build/motor_control/install.log --single-version-externally-managed install_data
[19.876s] Level 1:colcon.colcon_core.environment:checking '/home/josea/ros2_ws/install/motor_control/lib'
[19.876s] Level 1:colcon.colcon_core.environment:checking '/home/josea/ros2_ws/install/motor_control/bin'
[19.876s] Level 1:colcon.colcon_core.environment:checking '/home/josea/ros2_ws/install/motor_control/lib/pkgconfig/motor_control.pc'
[19.879s] Level 1:colcon.colcon_core.environment:checking '/home/josea/ros2_ws/install/motor_control/lib/python3.10/site-packages'
[19.879s] Level 1:colcon.colcon_core.shell:create_environment_hook('motor_control', 'pythonpath')
[19.881s] INFO:colcon.colcon_core.shell:Creating environment hook '/home/josea/ros2_ws/install/motor_control/share/motor_control/hook/pythonpath.ps1'
[19.885s] INFO:colcon.colcon_core.shell:Creating environment descriptor '/home/josea/ros2_ws/install/motor_control/share/motor_control/hook/pythonpath.dsv'
[19.887s] INFO:colcon.colcon_core.shell:Creating environment hook '/home/josea/ros2_ws/install/motor_control/share/motor_control/hook/pythonpath.sh'
[19.893s] Level 1:colcon.colcon_core.environment:checking '/home/josea/ros2_ws/install/motor_control/bin'
[19.894s] Level 1:colcon.colcon_core.environment:create_environment_scripts_only(motor_control)
[19.894s] INFO:colcon.colcon_core.shell:Creating package script '/home/josea/ros2_ws/install/motor_control/share/motor_control/package.ps1'
[19.899s] INFO:colcon.colcon_core.shell:Creating package descriptor '/home/josea/ros2_ws/install/motor_control/share/motor_control/package.dsv'
[19.903s] INFO:colcon.colcon_core.shell:Creating package script '/home/josea/ros2_ws/install/motor_control/share/motor_control/package.sh'
[19.907s] INFO:colcon.colcon_core.shell:Creating package script '/home/josea/ros2_ws/install/motor_control/share/motor_control/package.bash'
[19.910s] INFO:colcon.colcon_core.shell:Creating package script '/home/josea/ros2_ws/install/motor_control/share/motor_control/package.zsh'
[19.911s] Level 1:colcon.colcon_core.environment:create_file_with_runtime_dependencies(/home/josea/ros2_ws/install/motor_control/share/colcon-core/packages/motor_control)
[20.916s] Level 1:colcon.colcon_core.environment:checking '/home/josea/ros2_ws/install/my_pack_clas' for CMake module files
[20.918s] DEBUG:colcon.colcon_core.event_handler.log_command:Invoked command in '/home/josea/ros2_ws/src/my_pack_clas' returned '0': PYTHONPATH=/home/josea/ros2_ws/build/my_pack_clas/prefix_override:/usr/lib/python3/dist-packages/colcon_core/task/python/colcon_distutils_commands:/home/josea/ros2_ws/install/my_pack_clas/lib/python3.10/site-packages:${PYTHONPATH} /usr/bin/python3 -W ignore:setup.py install is deprecated -W ignore:easy_install command is deprecated setup.py egg_info --egg-base ../../build/my_pack_clas build --build-base /home/josea/ros2_ws/build/my_pack_clas/build install --record /home/josea/ros2_ws/build/my_pack_clas/install.log --single-version-externally-managed install_data
[20.921s] Level 1:colcon.colcon_core.environment:checking '/home/josea/ros2_ws/install/my_pack_clas' for CMake config files
[20.923s] Level 1:colcon.colcon_core.environment:checking '/home/josea/ros2_ws/install/my_pack_clas/lib'
[20.923s] Level 1:colcon.colcon_core.environment:checking '/home/josea/ros2_ws/install/my_pack_clas/bin'
[20.923s] Level 1:colcon.colcon_core.environment:checking '/home/josea/ros2_ws/install/my_pack_clas/lib/pkgconfig/my_pack_clas.pc'
[20.924s] Level 1:colcon.colcon_core.environment:checking '/home/josea/ros2_ws/install/my_pack_clas/lib/python3.10/site-packages'
[20.925s] Level 1:colcon.colcon_core.shell:create_environment_hook('my_pack_clas', 'pythonpath')
[20.927s] INFO:colcon.colcon_core.shell:Creating environment hook '/home/josea/ros2_ws/install/my_pack_clas/share/my_pack_clas/hook/pythonpath.ps1'
[20.930s] INFO:colcon.colcon_core.shell:Creating environment descriptor '/home/josea/ros2_ws/install/my_pack_clas/share/my_pack_clas/hook/pythonpath.dsv'
[20.933s] INFO:colcon.colcon_core.shell:Creating environment hook '/home/josea/ros2_ws/install/my_pack_clas/share/my_pack_clas/hook/pythonpath.sh'
[20.936s] Level 1:colcon.colcon_core.environment:checking '/home/josea/ros2_ws/install/my_pack_clas/bin'
[20.936s] Level 1:colcon.colcon_core.environment:create_environment_scripts_only(my_pack_clas)
[20.938s] INFO:colcon.colcon_core.shell:Creating package script '/home/josea/ros2_ws/install/my_pack_clas/share/my_pack_clas/package.ps1'
[20.943s] INFO:colcon.colcon_core.shell:Creating package descriptor '/home/josea/ros2_ws/install/my_pack_clas/share/my_pack_clas/package.dsv'
[20.945s] INFO:colcon.colcon_core.shell:Creating package script '/home/josea/ros2_ws/install/my_pack_clas/share/my_pack_clas/package.sh'
[20.948s] INFO:colcon.colcon_core.shell:Creating package script '/home/josea/ros2_ws/install/my_pack_clas/share/my_pack_clas/package.bash'
[20.949s] INFO:colcon.colcon_core.shell:Creating package script '/home/josea/ros2_ws/install/my_pack_clas/share/my_pack_clas/package.zsh'
[20.951s] Level 1:colcon.colcon_core.environment:create_file_with_runtime_dependencies(/home/josea/ros2_ws/install/my_pack_clas/share/colcon-core/packages/my_pack_clas)
[20.952s] DEBUG:colcon.colcon_parallel_executor.executor.parallel:closing loop
[20.953s] DEBUG:colcon.colcon_parallel_executor.executor.parallel:loop closed
[20.954s] DEBUG:colcon.colcon_parallel_executor.executor.parallel:run_until_complete finished with '0'
[20.955s] DEBUG:colcon.colcon_core.event_reactor:joining thread
[20.984s] INFO:colcon.colcon_core.plugin_system:Skipping extension 'colcon_notification.desktop_notification.terminal_notifier': Not used on non-Darwin systems
[20.984s] INFO:colcon.colcon_core.plugin_system:Skipping extension 'colcon_notification.desktop_notification.win32': Not used on non-Windows systems
[20.984s] INFO:colcon.colcon_notification.desktop_notification:Sending desktop notification using 'notify2'
[21.061s] DEBUG:colcon.colcon_core.event_reactor:joined thread
[21.062s] INFO:colcon.colcon_core.shell:Creating prefix script '/home/josea/ros2_ws/install/local_setup.ps1'
[21.071s] INFO:colcon.colcon_core.shell:Creating prefix util module '/home/josea/ros2_ws/install/_local_setup_util_ps1.py'
[21.077s] INFO:colcon.colcon_core.shell:Creating prefix chain script '/home/josea/ros2_ws/install/setup.ps1'
[21.084s] INFO:colcon.colcon_core.shell:Creating prefix script '/home/josea/ros2_ws/install/local_setup.sh'
[21.086s] INFO:colcon.colcon_core.shell:Creating prefix util module '/home/josea/ros2_ws/install/_local_setup_util_sh.py'
[21.090s] INFO:colcon.colcon_core.shell:Creating prefix chain script '/home/josea/ros2_ws/install/setup.sh'
[21.099s] INFO:colcon.colcon_core.shell:Creating prefix script '/home/josea/ros2_ws/install/local_setup.bash'
[21.101s] INFO:colcon.colcon_core.shell:Creating prefix chain script '/home/josea/ros2_ws/install/setup.bash'
[21.106s] INFO:colcon.colcon_core.shell:Creating prefix script '/home/josea/ros2_ws/install/local_setup.zsh'
[21.108s] INFO:colcon.colcon_core.shell:Creating prefix chain script '/home/josea/ros2_ws/install/setup.zsh'
