running egg_info
creating ../../build/challenge02/challenge02.egg-info
writing ../../build/challenge02/challenge02.egg-info/PKG-INFO
writing dependency_links to ../../build/challenge02/challenge02.egg-info/dependency_links.txt
writing entry points to ../../build/challenge02/challenge02.egg-info/entry_points.txt
writing requirements to ../../build/challenge02/challenge02.egg-info/requires.txt
writing top-level names to ../../build/challenge02/challenge02.egg-info/top_level.txt
writing manifest file '../../build/challenge02/challenge02.egg-info/SOURCES.txt'
reading manifest file '../../build/challenge02/challenge02.egg-info/SOURCES.txt'
writing manifest file '../../build/challenge02/challenge02.egg-info/SOURCES.txt'
running build
running build_py
creating /home/josea/ros2_ws/build/challenge02/build
creating /home/josea/ros2_ws/build/challenge02/build/lib
creating /home/josea/ros2_ws/build/challenge02/build/lib/challenge02
copying challenge02/dc_motor.py -> /home/josea/ros2_ws/build/challenge02/build/lib/challenge02
copying challenge02/__init__.py -> /home/josea/ros2_ws/build/challenge02/build/lib/challenge02
running install
running install_lib
creating /home/josea/ros2_ws/install/challenge02/lib/python3.10/site-packages/challenge02
copying /home/josea/ros2_ws/build/challenge02/build/lib/challenge02/dc_motor.py -> /home/josea/ros2_ws/install/challenge02/lib/python3.10/site-packages/challenge02
copying /home/josea/ros2_ws/build/challenge02/build/lib/challenge02/__init__.py -> /home/josea/ros2_ws/install/challenge02/lib/python3.10/site-packages/challenge02
byte-compiling /home/josea/ros2_ws/install/challenge02/lib/python3.10/site-packages/challenge02/dc_motor.py to dc_motor.cpython-310.pyc
byte-compiling /home/josea/ros2_ws/install/challenge02/lib/python3.10/site-packages/challenge02/__init__.py to __init__.cpython-310.pyc
running install_data
creating /home/josea/ros2_ws/install/challenge02/share/ament_index
creating /home/josea/ros2_ws/install/challenge02/share/ament_index/resource_index
creating /home/josea/ros2_ws/install/challenge02/share/ament_index/resource_index/packages
copying resource/challenge02 -> /home/josea/ros2_ws/install/challenge02/share/ament_index/resource_index/packages
copying package.xml -> /home/josea/ros2_ws/install/challenge02/share/challenge02
running install_egg_info
Copying ../../build/challenge02/challenge02.egg-info to /home/josea/ros2_ws/install/challenge02/lib/python3.10/site-packages/challenge02-0.0.0-py3.10.egg-info
running install_scripts
Installing dc_motor script to /home/josea/ros2_ws/install/challenge02/lib/challenge02
writing list of installed files to '/home/josea/ros2_ws/build/challenge02/install.log'
