[1.766s] Invoking command in '/home/josea/ros2_ws/src/challenge02': PYTHONPATH=/home/josea/ros2_ws/build/challenge02/prefix_override:/usr/lib/python3/dist-packages/colcon_core/task/python/colcon_distutils_commands:/home/josea/ros2_ws/install/challenge02/lib/python3.10/site-packages:${PYTHONPATH} /usr/bin/python3 -W ignore:setup.py install is deprecated -W ignore:easy_install command is deprecated setup.py egg_info --egg-base ../../build/challenge02 build --build-base /home/josea/ros2_ws/build/challenge02/build install --record /home/josea/ros2_ws/build/challenge02/install.log --single-version-externally-managed install_data
[2.550s] running egg_info
[2.551s] creating ../../build/challenge02/challenge02.egg-info
[2.551s] writing ../../build/challenge02/challenge02.egg-info/PKG-INFO
[2.552s] writing dependency_links to ../../build/challenge02/challenge02.egg-info/dependency_links.txt
[2.552s] writing entry points to ../../build/challenge02/challenge02.egg-info/entry_points.txt
[2.553s] writing requirements to ../../build/challenge02/challenge02.egg-info/requires.txt
[2.554s] writing top-level names to ../../build/challenge02/challenge02.egg-info/top_level.txt
[2.555s] writing manifest file '../../build/challenge02/challenge02.egg-info/SOURCES.txt'
[2.559s] reading manifest file '../../build/challenge02/challenge02.egg-info/SOURCES.txt'
[2.561s] writing manifest file '../../build/challenge02/challenge02.egg-info/SOURCES.txt'
[2.561s] running build
[2.562s] running build_py
[2.565s] creating /home/josea/ros2_ws/build/challenge02/build
[2.565s] creating /home/josea/ros2_ws/build/challenge02/build/lib
[2.565s] creating /home/josea/ros2_ws/build/challenge02/build/lib/challenge02
[2.565s] copying challenge02/dc_motor.py -> /home/josea/ros2_ws/build/challenge02/build/lib/challenge02
[2.566s] copying challenge02/__init__.py -> /home/josea/ros2_ws/build/challenge02/build/lib/challenge02
[2.566s] running install
[2.568s] running install_lib
[2.570s] creating /home/josea/ros2_ws/install/challenge02/lib/python3.10/site-packages/challenge02
[2.572s] copying /home/josea/ros2_ws/build/challenge02/build/lib/challenge02/dc_motor.py -> /home/josea/ros2_ws/install/challenge02/lib/python3.10/site-packages/challenge02
[2.573s] copying /home/josea/ros2_ws/build/challenge02/build/lib/challenge02/__init__.py -> /home/josea/ros2_ws/install/challenge02/lib/python3.10/site-packages/challenge02
[2.573s] byte-compiling /home/josea/ros2_ws/install/challenge02/lib/python3.10/site-packages/challenge02/dc_motor.py to dc_motor.cpython-310.pyc
[2.575s] byte-compiling /home/josea/ros2_ws/install/challenge02/lib/python3.10/site-packages/challenge02/__init__.py to __init__.cpython-310.pyc
[2.575s] running install_data
[2.578s] creating /home/josea/ros2_ws/install/challenge02/share/ament_index
[2.579s] creating /home/josea/ros2_ws/install/challenge02/share/ament_index/resource_index
[2.579s] creating /home/josea/ros2_ws/install/challenge02/share/ament_index/resource_index/packages
[2.579s] copying resource/challenge02 -> /home/josea/ros2_ws/install/challenge02/share/ament_index/resource_index/packages
[2.579s] copying package.xml -> /home/josea/ros2_ws/install/challenge02/share/challenge02
[2.579s] running install_egg_info
[2.584s] Copying ../../build/challenge02/challenge02.egg-info to /home/josea/ros2_ws/install/challenge02/lib/python3.10/site-packages/challenge02-0.0.0-py3.10.egg-info
[2.587s] running install_scripts
[2.651s] Installing dc_motor script to /home/josea/ros2_ws/install/challenge02/lib/challenge02
[2.654s] writing list of installed files to '/home/josea/ros2_ws/build/challenge02/install.log'
[2.844s] Invoked command in '/home/josea/ros2_ws/src/challenge02' returned '0': PYTHONPATH=/home/josea/ros2_ws/build/challenge02/prefix_override:/usr/lib/python3/dist-packages/colcon_core/task/python/colcon_distutils_commands:/home/josea/ros2_ws/install/challenge02/lib/python3.10/site-packages:${PYTHONPATH} /usr/bin/python3 -W ignore:setup.py install is deprecated -W ignore:easy_install command is deprecated setup.py egg_info --egg-base ../../build/challenge02 build --build-base /home/josea/ros2_ws/build/challenge02/build install --record /home/josea/ros2_ws/build/challenge02/install.log --single-version-externally-managed install_data
