[2.306s] Invoking command in '/home/josea/ros2_ws/src/my_pack_clas': PYTHONPATH=/home/josea/ros2_ws/src/build/my_pack_clas/prefix_override:/usr/lib/python3/dist-packages/colcon_core/task/python/colcon_distutils_commands:/home/josea/ros2_ws/src/install/my_pack_clas/lib/python3.10/site-packages:${PYTHONPATH} /usr/bin/python3 -W ignore:setup.py install is deprecated -W ignore:easy_install command is deprecated setup.py egg_info --egg-base ../build/my_pack_clas build --build-base /home/josea/ros2_ws/src/build/my_pack_clas/build install --record /home/josea/ros2_ws/src/build/my_pack_clas/install.log --single-version-externally-managed install_data
[2.954s] running egg_info
[2.955s] writing ../build/my_pack_clas/my_pack_clas.egg-info/PKG-INFO
[2.957s] writing dependency_links to ../build/my_pack_clas/my_pack_clas.egg-info/dependency_links.txt
[2.957s] writing entry points to ../build/my_pack_clas/my_pack_clas.egg-info/entry_points.txt
[2.957s] writing requirements to ../build/my_pack_clas/my_pack_clas.egg-info/requires.txt
[2.957s] writing top-level names to ../build/my_pack_clas/my_pack_clas.egg-info/top_level.txt
[2.960s] reading manifest file '../build/my_pack_clas/my_pack_clas.egg-info/SOURCES.txt'
[2.962s] writing manifest file '../build/my_pack_clas/my_pack_clas.egg-info/SOURCES.txt'
[2.964s] running build
[2.964s] running build_py
[2.964s] running install
[2.967s] running install_lib
[2.970s] running install_data
[2.972s] running install_egg_info
[2.974s] removing '/home/josea/ros2_ws/src/install/my_pack_clas/lib/python3.10/site-packages/my_pack_clas-0.0.0-py3.10.egg-info' (and everything under it)
[2.976s] Copying ../build/my_pack_clas/my_pack_clas.egg-info to /home/josea/ros2_ws/src/install/my_pack_clas/lib/python3.10/site-packages/my_pack_clas-0.0.0-py3.10.egg-info
[2.977s] running install_scripts
[3.026s] Installing my_pack script to /home/josea/ros2_ws/src/install/my_pack_clas/lib/my_pack_clas
[3.026s] Installing my_publisher script to /home/josea/ros2_ws/src/install/my_pack_clas/lib/my_pack_clas
[3.027s] Installing my_subscriber script to /home/josea/ros2_ws/src/install/my_pack_clas/lib/my_pack_clas
[3.027s] writing list of installed files to '/home/josea/ros2_ws/src/build/my_pack_clas/install.log'
[3.091s] Invoked command in '/home/josea/ros2_ws/src/my_pack_clas' returned '0': PYTHONPATH=/home/josea/ros2_ws/src/build/my_pack_clas/prefix_override:/usr/lib/python3/dist-packages/colcon_core/task/python/colcon_distutils_commands:/home/josea/ros2_ws/src/install/my_pack_clas/lib/python3.10/site-packages:${PYTHONPATH} /usr/bin/python3 -W ignore:setup.py install is deprecated -W ignore:easy_install command is deprecated setup.py egg_info --egg-base ../build/my_pack_clas build --build-base /home/josea/ros2_ws/src/build/my_pack_clas/build install --record /home/josea/ros2_ws/src/build/my_pack_clas/install.log --single-version-externally-managed install_data
