[0.642s] Invoking command in '/home/josea/ros2_ws/src/build/custom_interfaces': CMAKE_PREFIX_PATH=${CMAKE_PREFIX_PATH}:/home/josea/ros2_ws/src/install/my_pack_clas:/home/josea/ros2_ws/src/install/motor_control:/home/josea/ros2_ws/src/install/challenge02:/home/josea/ros2_ws/src/install/challenge01:/home/josea/ros2_ws/src/install/basic_comms:/home/josea/ros2_ws/install/my_pack_clas:/home/josea/ros2_ws/install/motor_control:/home/josea/ros2_ws/install/challenge02:/home/josea/ros2_ws/install/challenge01:/home/josea/ros2_ws/install/basic_comms:/home/josea/ros2_ws/install/Challenge02:/opt/ros/humble /usr/bin/cmake --build /home/josea/ros2_ws/src/build/custom_interfaces -- -j2 -l2
[0.767s] [  3%] Built target custom_interfaces__cpp
[0.809s] [ 12%] Built target custom_interfaces__rosidl_generator_c
[0.863s] [ 22%] Built target custom_interfaces__rosidl_typesupport_cpp
[0.900s] [ 22%] Built target ament_cmake_python_copy_custom_interfaces
[0.921s] [ 32%] Built target custom_interfaces__rosidl_typesupport_fastrtps_c
[1.005s] [ 41%] Built target custom_interfaces__rosidl_typesupport_fastrtps_cpp
[1.024s] [ 51%] Built target custom_interfaces__rosidl_typesupport_introspection_c
[1.109s] [ 61%] Built target custom_interfaces__rosidl_typesupport_c
[1.134s] [ 70%] Built target custom_interfaces__rosidl_typesupport_introspection_cpp
[1.269s] [ 70%] Built target custom_interfaces
[1.379s] [ 74%] Built target custom_interfaces__py
[1.483s] [ 80%] Built target custom_interfaces__rosidl_generator_py
[1.605s] [ 87%] Built target custom_interfaces__rosidl_typesupport_fastrtps_c__pyext
[1.728s] [ 93%] Built target custom_interfaces__rosidl_typesupport_introspection_c__pyext
[1.847s] [100%] Built target custom_interfaces__rosidl_typesupport_c__pyext
[2.276s] running egg_info
[2.279s] writing custom_interfaces.egg-info/PKG-INFO
[2.280s] writing dependency_links to custom_interfaces.egg-info/dependency_links.txt
[2.282s] writing top-level names to custom_interfaces.egg-info/top_level.txt
[2.289s] reading manifest file 'custom_interfaces.egg-info/SOURCES.txt'
[2.291s] writing manifest file 'custom_interfaces.egg-info/SOURCES.txt'
[2.382s] [100%] Built target ament_cmake_python_build_custom_interfaces_egg
[2.435s] Invoked command in '/home/josea/ros2_ws/src/build/custom_interfaces' returned '0': CMAKE_PREFIX_PATH=${CMAKE_PREFIX_PATH}:/home/josea/ros2_ws/src/install/my_pack_clas:/home/josea/ros2_ws/src/install/motor_control:/home/josea/ros2_ws/src/install/challenge02:/home/josea/ros2_ws/src/install/challenge01:/home/josea/ros2_ws/src/install/basic_comms:/home/josea/ros2_ws/install/my_pack_clas:/home/josea/ros2_ws/install/motor_control:/home/josea/ros2_ws/install/challenge02:/home/josea/ros2_ws/install/challenge01:/home/josea/ros2_ws/install/basic_comms:/home/josea/ros2_ws/install/Challenge02:/opt/ros/humble /usr/bin/cmake --build /home/josea/ros2_ws/src/build/custom_interfaces -- -j2 -l2
[2.457s] Invoking command in '/home/josea/ros2_ws/src/build/custom_interfaces': CMAKE_PREFIX_PATH=${CMAKE_PREFIX_PATH}:/home/josea/ros2_ws/src/install/my_pack_clas:/home/josea/ros2_ws/src/install/motor_control:/home/josea/ros2_ws/src/install/challenge02:/home/josea/ros2_ws/src/install/challenge01:/home/josea/ros2_ws/src/install/basic_comms:/home/josea/ros2_ws/install/my_pack_clas:/home/josea/ros2_ws/install/motor_control:/home/josea/ros2_ws/install/challenge02:/home/josea/ros2_ws/install/challenge01:/home/josea/ros2_ws/install/basic_comms:/home/josea/ros2_ws/install/Challenge02:/opt/ros/humble /usr/bin/cmake --install /home/josea/ros2_ws/src/build/custom_interfaces
[2.479s] -- Install configuration: ""
[2.480s] -- Up-to-date: /home/josea/ros2_ws/src/install/custom_interfaces/share/ament_index/resource_index/rosidl_interfaces/custom_interfaces
[2.480s] -- Up-to-date: /home/josea/ros2_ws/src/install/custom_interfaces/include/custom_interfaces/custom_interfaces
[2.481s] -- Up-to-date: /home/josea/ros2_ws/src/install/custom_interfaces/include/custom_interfaces/custom_interfaces/msg
[2.482s] -- Up-to-date: /home/josea/ros2_ws/src/install/custom_interfaces/include/custom_interfaces/custom_interfaces/msg/rosidl_generator_c__visibility_control.h
[2.482s] -- Up-to-date: /home/josea/ros2_ws/src/install/custom_interfaces/include/custom_interfaces/custom_interfaces/srv
[2.482s] -- Up-to-date: /home/josea/ros2_ws/src/install/custom_interfaces/include/custom_interfaces/custom_interfaces/srv/set_process_bool.h
[2.482s] -- Up-to-date: /home/josea/ros2_ws/src/install/custom_interfaces/include/custom_interfaces/custom_interfaces/srv/detail
[2.484s] -- Up-to-date: /home/josea/ros2_ws/src/install/custom_interfaces/include/custom_interfaces/custom_interfaces/srv/detail/set_process_bool__functions.c
[2.484s] -- Up-to-date: /home/josea/ros2_ws/src/install/custom_interfaces/include/custom_interfaces/custom_interfaces/srv/detail/set_process_bool__functions.h
[2.484s] -- Up-to-date: /home/josea/ros2_ws/src/install/custom_interfaces/include/custom_interfaces/custom_interfaces/srv/detail/set_process_bool__type_support.h
[2.484s] -- Up-to-date: /home/josea/ros2_ws/src/install/custom_interfaces/include/custom_interfaces/custom_interfaces/srv/detail/set_process_bool__struct.h
[2.484s] -- Up-to-date: /home/josea/ros2_ws/src/install/custom_interfaces/share/custom_interfaces/environment/library_path.sh
[2.484s] -- Up-to-date: /home/josea/ros2_ws/src/install/custom_interfaces/share/custom_interfaces/environment/library_path.dsv
[2.485s] -- Up-to-date: /home/josea/ros2_ws/src/install/custom_interfaces/lib/libcustom_interfaces__rosidl_generator_c.so
[2.486s] -- Up-to-date: /home/josea/ros2_ws/src/install/custom_interfaces/include/custom_interfaces/custom_interfaces
[2.486s] -- Up-to-date: /home/josea/ros2_ws/src/install/custom_interfaces/include/custom_interfaces/custom_interfaces/msg
[2.487s] -- Up-to-date: /home/josea/ros2_ws/src/install/custom_interfaces/include/custom_interfaces/custom_interfaces/msg/rosidl_typesupport_fastrtps_c__visibility_control.h
[2.487s] -- Up-to-date: /home/josea/ros2_ws/src/install/custom_interfaces/include/custom_interfaces/custom_interfaces/srv
[2.488s] -- Up-to-date: /home/josea/ros2_ws/src/install/custom_interfaces/include/custom_interfaces/custom_interfaces/srv/detail
[2.488s] -- Up-to-date: /home/josea/ros2_ws/src/install/custom_interfaces/include/custom_interfaces/custom_interfaces/srv/detail/set_process_bool__rosidl_typesupport_fastrtps_c.h
[2.489s] -- Up-to-date: /home/josea/ros2_ws/src/install/custom_interfaces/lib/libcustom_interfaces__rosidl_typesupport_fastrtps_c.so
[2.490s] -- Up-to-date: /home/josea/ros2_ws/src/install/custom_interfaces/include/custom_interfaces/custom_interfaces
[2.491s] -- Up-to-date: /home/josea/ros2_ws/src/install/custom_interfaces/include/custom_interfaces/custom_interfaces/msg
[2.492s] -- Up-to-date: /home/josea/ros2_ws/src/install/custom_interfaces/include/custom_interfaces/custom_interfaces/msg/rosidl_generator_cpp__visibility_control.hpp
[2.492s] -- Up-to-date: /home/josea/ros2_ws/src/install/custom_interfaces/include/custom_interfaces/custom_interfaces/srv
[2.492s] -- Up-to-date: /home/josea/ros2_ws/src/install/custom_interfaces/include/custom_interfaces/custom_interfaces/srv/set_process_bool.hpp
[2.492s] -- Up-to-date: /home/josea/ros2_ws/src/install/custom_interfaces/include/custom_interfaces/custom_interfaces/srv/detail
[2.493s] -- Up-to-date: /home/josea/ros2_ws/src/install/custom_interfaces/include/custom_interfaces/custom_interfaces/srv/detail/set_process_bool__type_support.hpp
[2.493s] -- Up-to-date: /home/josea/ros2_ws/src/install/custom_interfaces/include/custom_interfaces/custom_interfaces/srv/detail/set_process_bool__struct.hpp
[2.493s] -- Up-to-date: /home/josea/ros2_ws/src/install/custom_interfaces/include/custom_interfaces/custom_interfaces/srv/detail/set_process_bool__traits.hpp
[2.493s] -- Up-to-date: /home/josea/ros2_ws/src/install/custom_interfaces/include/custom_interfaces/custom_interfaces/srv/detail/set_process_bool__builder.hpp
[2.500s] -- Up-to-date: /home/josea/ros2_ws/src/install/custom_interfaces/include/custom_interfaces/custom_interfaces
[2.500s] -- Up-to-date: /home/josea/ros2_ws/src/install/custom_interfaces/include/custom_interfaces/custom_interfaces/msg
[2.500s] -- Up-to-date: /home/josea/ros2_ws/src/install/custom_interfaces/include/custom_interfaces/custom_interfaces/msg/rosidl_typesupport_fastrtps_cpp__visibility_control.h
[2.501s] -- Up-to-date: /home/josea/ros2_ws/src/install/custom_interfaces/include/custom_interfaces/custom_interfaces/srv
[2.501s] -- Up-to-date: /home/josea/ros2_ws/src/install/custom_interfaces/include/custom_interfaces/custom_interfaces/srv/detail
[2.501s] -- Up-to-date: /home/josea/ros2_ws/src/install/custom_interfaces/include/custom_interfaces/custom_interfaces/srv/detail/dds_fastrtps
[2.503s] -- Up-to-date: /home/josea/ros2_ws/src/install/custom_interfaces/include/custom_interfaces/custom_interfaces/srv/detail/set_process_bool__rosidl_typesupport_fastrtps_cpp.hpp
[2.503s] -- Up-to-date: /home/josea/ros2_ws/src/install/custom_interfaces/lib/libcustom_interfaces__rosidl_typesupport_fastrtps_cpp.so
[2.504s] -- Up-to-date: /home/josea/ros2_ws/src/install/custom_interfaces/include/custom_interfaces/custom_interfaces
[2.504s] -- Up-to-date: /home/josea/ros2_ws/src/install/custom_interfaces/include/custom_interfaces/custom_interfaces/msg
[2.504s] -- Up-to-date: /home/josea/ros2_ws/src/install/custom_interfaces/include/custom_interfaces/custom_interfaces/msg/rosidl_typesupport_introspection_c__visibility_control.h
[2.504s] -- Up-to-date: /home/josea/ros2_ws/src/install/custom_interfaces/include/custom_interfaces/custom_interfaces/srv
[2.504s] -- Up-to-date: /home/josea/ros2_ws/src/install/custom_interfaces/include/custom_interfaces/custom_interfaces/srv/detail
[2.504s] -- Up-to-date: /home/josea/ros2_ws/src/install/custom_interfaces/include/custom_interfaces/custom_interfaces/srv/detail/set_process_bool__rosidl_typesupport_introspection_c.h
[2.505s] -- Up-to-date: /home/josea/ros2_ws/src/install/custom_interfaces/include/custom_interfaces/custom_interfaces/srv/detail/set_process_bool__type_support.c
[2.505s] -- Up-to-date: /home/josea/ros2_ws/src/install/custom_interfaces/lib/libcustom_interfaces__rosidl_typesupport_introspection_c.so
[2.505s] -- Up-to-date: /home/josea/ros2_ws/src/install/custom_interfaces/lib/libcustom_interfaces__rosidl_typesupport_c.so
[2.509s] -- Up-to-date: /home/josea/ros2_ws/src/install/custom_interfaces/include/custom_interfaces/custom_interfaces
[2.510s] -- Up-to-date: /home/josea/ros2_ws/src/install/custom_interfaces/include/custom_interfaces/custom_interfaces/srv
[2.510s] -- Up-to-date: /home/josea/ros2_ws/src/install/custom_interfaces/include/custom_interfaces/custom_interfaces/srv/detail
[2.510s] -- Up-to-date: /home/josea/ros2_ws/src/install/custom_interfaces/include/custom_interfaces/custom_interfaces/srv/detail/set_process_bool__rosidl_typesupport_introspection_cpp.hpp
[2.510s] -- Up-to-date: /home/josea/ros2_ws/src/install/custom_interfaces/include/custom_interfaces/custom_interfaces/srv/detail/set_process_bool__type_support.cpp
[2.510s] -- Up-to-date: /home/josea/ros2_ws/src/install/custom_interfaces/lib/libcustom_interfaces__rosidl_typesupport_introspection_cpp.so
[2.511s] -- Up-to-date: /home/josea/ros2_ws/src/install/custom_interfaces/lib/libcustom_interfaces__rosidl_typesupport_cpp.so
[2.511s] -- Up-to-date: /home/josea/ros2_ws/src/install/custom_interfaces/share/custom_interfaces/environment/pythonpath.sh
[2.512s] -- Up-to-date: /home/josea/ros2_ws/src/install/custom_interfaces/share/custom_interfaces/environment/pythonpath.dsv
[2.512s] -- Up-to-date: /home/josea/ros2_ws/src/install/custom_interfaces/local/lib/python3.10/dist-packages/custom_interfaces-0.0.0-py3.10.egg-info
[2.512s] -- Installing: /home/josea/ros2_ws/src/install/custom_interfaces/local/lib/python3.10/dist-packages/custom_interfaces-0.0.0-py3.10.egg-info/dependency_links.txt
[2.512s] -- Installing: /home/josea/ros2_ws/src/install/custom_interfaces/local/lib/python3.10/dist-packages/custom_interfaces-0.0.0-py3.10.egg-info/PKG-INFO
[2.512s] -- Installing: /home/josea/ros2_ws/src/install/custom_interfaces/local/lib/python3.10/dist-packages/custom_interfaces-0.0.0-py3.10.egg-info/SOURCES.txt
[2.513s] -- Installing: /home/josea/ros2_ws/src/install/custom_interfaces/local/lib/python3.10/dist-packages/custom_interfaces-0.0.0-py3.10.egg-info/top_level.txt
[2.513s] -- Up-to-date: /home/josea/ros2_ws/src/install/custom_interfaces/local/lib/python3.10/dist-packages/custom_interfaces
[2.514s] -- Up-to-date: /home/josea/ros2_ws/src/install/custom_interfaces/local/lib/python3.10/dist-packages/custom_interfaces/_custom_interfaces_s.ep.rosidl_typesupport_c.c
[2.514s] -- Up-to-date: /home/josea/ros2_ws/src/install/custom_interfaces/local/lib/python3.10/dist-packages/custom_interfaces/_custom_interfaces_s.ep.rosidl_typesupport_fastrtps_c.c
[2.514s] -- Up-to-date: /home/josea/ros2_ws/src/install/custom_interfaces/local/lib/python3.10/dist-packages/custom_interfaces/srv
[2.514s] -- Up-to-date: /home/josea/ros2_ws/src/install/custom_interfaces/local/lib/python3.10/dist-packages/custom_interfaces/srv/_set_process_bool_s.c
[2.515s] -- Up-to-date: /home/josea/ros2_ws/src/install/custom_interfaces/local/lib/python3.10/dist-packages/custom_interfaces/srv/_set_process_bool.py
[2.515s] -- Up-to-date: /home/josea/ros2_ws/src/install/custom_interfaces/local/lib/python3.10/dist-packages/custom_interfaces/srv/__init__.py
[2.516s] -- Up-to-date: /home/josea/ros2_ws/src/install/custom_interfaces/local/lib/python3.10/dist-packages/custom_interfaces/custom_interfaces_s__rosidl_typesupport_introspection_c.cpython-310-x86_64-linux-gnu.so
[2.516s] -- Up-to-date: /home/josea/ros2_ws/src/install/custom_interfaces/local/lib/python3.10/dist-packages/custom_interfaces/custom_interfaces_s__rosidl_typesupport_c.cpython-310-x86_64-linux-gnu.so
[2.516s] -- Up-to-date: /home/josea/ros2_ws/src/install/custom_interfaces/local/lib/python3.10/dist-packages/custom_interfaces/__init__.py
[2.517s] -- Up-to-date: /home/josea/ros2_ws/src/install/custom_interfaces/local/lib/python3.10/dist-packages/custom_interfaces/custom_interfaces_s__rosidl_typesupport_fastrtps_c.cpython-310-x86_64-linux-gnu.so
[2.519s] -- Up-to-date: /home/josea/ros2_ws/src/install/custom_interfaces/local/lib/python3.10/dist-packages/custom_interfaces/libcustom_interfaces__rosidl_generator_py.so
[2.519s] -- Up-to-date: /home/josea/ros2_ws/src/install/custom_interfaces/local/lib/python3.10/dist-packages/custom_interfaces/_custom_interfaces_s.ep.rosidl_typesupport_introspection_c.c
[2.625s] Listing '/home/josea/ros2_ws/src/install/custom_interfaces/local/lib/python3.10/dist-packages/custom_interfaces'...
[2.625s] Listing '/home/josea/ros2_ws/src/install/custom_interfaces/local/lib/python3.10/dist-packages/custom_interfaces/srv'...
[2.656s] -- Up-to-date: /home/josea/ros2_ws/src/install/custom_interfaces/local/lib/python3.10/dist-packages/custom_interfaces/custom_interfaces_s__rosidl_typesupport_fastrtps_c.cpython-310-x86_64-linux-gnu.so
[2.659s] -- Up-to-date: /home/josea/ros2_ws/src/install/custom_interfaces/local/lib/python3.10/dist-packages/custom_interfaces/custom_interfaces_s__rosidl_typesupport_introspection_c.cpython-310-x86_64-linux-gnu.so
[2.661s] -- Up-to-date: /home/josea/ros2_ws/src/install/custom_interfaces/local/lib/python3.10/dist-packages/custom_interfaces/custom_interfaces_s__rosidl_typesupport_c.cpython-310-x86_64-linux-gnu.so
[2.662s] -- Up-to-date: /home/josea/ros2_ws/src/install/custom_interfaces/lib/libcustom_interfaces__rosidl_generator_py.so
[2.663s] -- Up-to-date: /home/josea/ros2_ws/src/install/custom_interfaces/share/custom_interfaces/srv/SetProcessBool.idl
[2.663s] -- Up-to-date: /home/josea/ros2_ws/src/install/custom_interfaces/share/custom_interfaces/srv/SetProcessBool.srv
[2.664s] -- Up-to-date: /home/josea/ros2_ws/src/install/custom_interfaces/share/custom_interfaces/srv/SetProcessBool_Request.msg
[2.664s] -- Up-to-date: /home/josea/ros2_ws/src/install/custom_interfaces/share/custom_interfaces/srv/SetProcessBool_Response.msg
[2.665s] -- Up-to-date: /home/josea/ros2_ws/src/install/custom_interfaces/share/ament_index/resource_index/package_run_dependencies/custom_interfaces
[2.665s] -- Up-to-date: /home/josea/ros2_ws/src/install/custom_interfaces/share/ament_index/resource_index/parent_prefix_path/custom_interfaces
[2.666s] -- Up-to-date: /home/josea/ros2_ws/src/install/custom_interfaces/share/custom_interfaces/environment/ament_prefix_path.sh
[2.667s] -- Up-to-date: /home/josea/ros2_ws/src/install/custom_interfaces/share/custom_interfaces/environment/ament_prefix_path.dsv
[2.667s] -- Up-to-date: /home/josea/ros2_ws/src/install/custom_interfaces/share/custom_interfaces/environment/path.sh
[2.667s] -- Up-to-date: /home/josea/ros2_ws/src/install/custom_interfaces/share/custom_interfaces/environment/path.dsv
[2.668s] -- Up-to-date: /home/josea/ros2_ws/src/install/custom_interfaces/share/custom_interfaces/local_setup.bash
[2.670s] -- Up-to-date: /home/josea/ros2_ws/src/install/custom_interfaces/share/custom_interfaces/local_setup.sh
[2.670s] -- Up-to-date: /home/josea/ros2_ws/src/install/custom_interfaces/share/custom_interfaces/local_setup.zsh
[2.670s] -- Up-to-date: /home/josea/ros2_ws/src/install/custom_interfaces/share/custom_interfaces/local_setup.dsv
[2.670s] -- Installing: /home/josea/ros2_ws/src/install/custom_interfaces/share/custom_interfaces/package.dsv
[2.671s] -- Up-to-date: /home/josea/ros2_ws/src/install/custom_interfaces/share/ament_index/resource_index/packages/custom_interfaces
[2.671s] -- Up-to-date: /home/josea/ros2_ws/src/install/custom_interfaces/share/custom_interfaces/cmake/export_custom_interfaces__rosidl_generator_cExport.cmake
[2.672s] -- Up-to-date: /home/josea/ros2_ws/src/install/custom_interfaces/share/custom_interfaces/cmake/export_custom_interfaces__rosidl_generator_cExport-noconfig.cmake
[2.672s] -- Up-to-date: /home/josea/ros2_ws/src/install/custom_interfaces/share/custom_interfaces/cmake/export_custom_interfaces__rosidl_typesupport_fastrtps_cExport.cmake
[2.672s] -- Up-to-date: /home/josea/ros2_ws/src/install/custom_interfaces/share/custom_interfaces/cmake/export_custom_interfaces__rosidl_typesupport_fastrtps_cExport-noconfig.cmake
[2.673s] -- Up-to-date: /home/josea/ros2_ws/src/install/custom_interfaces/share/custom_interfaces/cmake/export_custom_interfaces__rosidl_generator_cppExport.cmake
[2.674s] -- Up-to-date: /home/josea/ros2_ws/src/install/custom_interfaces/share/custom_interfaces/cmake/export_custom_interfaces__rosidl_typesupport_fastrtps_cppExport.cmake
[2.675s] -- Up-to-date: /home/josea/ros2_ws/src/install/custom_interfaces/share/custom_interfaces/cmake/export_custom_interfaces__rosidl_typesupport_fastrtps_cppExport-noconfig.cmake
[2.675s] -- Up-to-date: /home/josea/ros2_ws/src/install/custom_interfaces/share/custom_interfaces/cmake/custom_interfaces__rosidl_typesupport_introspection_cExport.cmake
[2.676s] -- Up-to-date: /home/josea/ros2_ws/src/install/custom_interfaces/share/custom_interfaces/cmake/custom_interfaces__rosidl_typesupport_introspection_cExport-noconfig.cmake
[2.676s] -- Up-to-date: /home/josea/ros2_ws/src/install/custom_interfaces/share/custom_interfaces/cmake/custom_interfaces__rosidl_typesupport_cExport.cmake
[2.677s] -- Up-to-date: /home/josea/ros2_ws/src/install/custom_interfaces/share/custom_interfaces/cmake/custom_interfaces__rosidl_typesupport_cExport-noconfig.cmake
[2.678s] -- Up-to-date: /home/josea/ros2_ws/src/install/custom_interfaces/share/custom_interfaces/cmake/custom_interfaces__rosidl_typesupport_introspection_cppExport.cmake
[2.679s] -- Up-to-date: /home/josea/ros2_ws/src/install/custom_interfaces/share/custom_interfaces/cmake/custom_interfaces__rosidl_typesupport_introspection_cppExport-noconfig.cmake
[2.680s] -- Up-to-date: /home/josea/ros2_ws/src/install/custom_interfaces/share/custom_interfaces/cmake/custom_interfaces__rosidl_typesupport_cppExport.cmake
[2.680s] -- Up-to-date: /home/josea/ros2_ws/src/install/custom_interfaces/share/custom_interfaces/cmake/custom_interfaces__rosidl_typesupport_cppExport-noconfig.cmake
[2.681s] -- Up-to-date: /home/josea/ros2_ws/src/install/custom_interfaces/share/custom_interfaces/cmake/export_custom_interfaces__rosidl_generator_pyExport.cmake
[2.682s] -- Up-to-date: /home/josea/ros2_ws/src/install/custom_interfaces/share/custom_interfaces/cmake/export_custom_interfaces__rosidl_generator_pyExport-noconfig.cmake
[2.682s] -- Up-to-date: /home/josea/ros2_ws/src/install/custom_interfaces/share/custom_interfaces/cmake/rosidl_cmake-extras.cmake
[2.683s] -- Up-to-date: /home/josea/ros2_ws/src/install/custom_interfaces/share/custom_interfaces/cmake/ament_cmake_export_dependencies-extras.cmake
[2.684s] -- Up-to-date: /home/josea/ros2_ws/src/install/custom_interfaces/share/custom_interfaces/cmake/ament_cmake_export_include_directories-extras.cmake
[2.684s] -- Up-to-date: /home/josea/ros2_ws/src/install/custom_interfaces/share/custom_interfaces/cmake/ament_cmake_export_libraries-extras.cmake
[2.685s] -- Up-to-date: /home/josea/ros2_ws/src/install/custom_interfaces/share/custom_interfaces/cmake/ament_cmake_export_targets-extras.cmake
[2.685s] -- Up-to-date: /home/josea/ros2_ws/src/install/custom_interfaces/share/custom_interfaces/cmake/rosidl_cmake_export_typesupport_targets-extras.cmake
[2.686s] -- Up-to-date: /home/josea/ros2_ws/src/install/custom_interfaces/share/custom_interfaces/cmake/rosidl_cmake_export_typesupport_libraries-extras.cmake
[2.686s] -- Up-to-date: /home/josea/ros2_ws/src/install/custom_interfaces/share/custom_interfaces/cmake/custom_interfacesConfig.cmake
[2.687s] -- Up-to-date: /home/josea/ros2_ws/src/install/custom_interfaces/share/custom_interfaces/cmake/custom_interfacesConfig-version.cmake
[2.688s] -- Up-to-date: /home/josea/ros2_ws/src/install/custom_interfaces/share/custom_interfaces/package.xml
[2.701s] Invoked command in '/home/josea/ros2_ws/src/build/custom_interfaces' returned '0': CMAKE_PREFIX_PATH=${CMAKE_PREFIX_PATH}:/home/josea/ros2_ws/src/install/my_pack_clas:/home/josea/ros2_ws/src/install/motor_control:/home/josea/ros2_ws/src/install/challenge02:/home/josea/ros2_ws/src/install/challenge01:/home/josea/ros2_ws/src/install/basic_comms:/home/josea/ros2_ws/install/my_pack_clas:/home/josea/ros2_ws/install/motor_control:/home/josea/ros2_ws/install/challenge02:/home/josea/ros2_ws/install/challenge01:/home/josea/ros2_ws/install/basic_comms:/home/josea/ros2_ws/install/Challenge02:/opt/ros/humble /usr/bin/cmake --install /home/josea/ros2_ws/src/build/custom_interfaces
