[1.954s] Invoking command in '/home/josea/ros2_ws/src/my_pack_clas': PYTHONPATH=/home/josea/ros2_ws/build/my_pack_clas/prefix_override:/usr/lib/python3/dist-packages/colcon_core/task/python/colcon_distutils_commands:/home/josea/ros2_ws/install/my_pack_clas/lib/python3.10/site-packages:${PYTHONPATH} /usr/bin/python3 -W ignore:setup.py install is deprecated -W ignore:easy_install command is deprecated setup.py egg_info --egg-base ../../build/my_pack_clas build --build-base /home/josea/ros2_ws/build/my_pack_clas/build install --record /home/josea/ros2_ws/build/my_pack_clas/install.log --single-version-externally-managed install_data
[2.553s] running egg_info
[2.555s] writing ../../build/my_pack_clas/my_pack_clas.egg-info/PKG-INFO
[2.555s] writing dependency_links to ../../build/my_pack_clas/my_pack_clas.egg-info/dependency_links.txt
[2.556s] writing entry points to ../../build/my_pack_clas/my_pack_clas.egg-info/entry_points.txt
[2.556s] writing requirements to ../../build/my_pack_clas/my_pack_clas.egg-info/requires.txt
[2.556s] writing top-level names to ../../build/my_pack_clas/my_pack_clas.egg-info/top_level.txt
[2.562s] reading manifest file '../../build/my_pack_clas/my_pack_clas.egg-info/SOURCES.txt'
[2.565s] writing manifest file '../../build/my_pack_clas/my_pack_clas.egg-info/SOURCES.txt'
[2.565s] running build
[2.565s] running build_py
[2.566s] running install
[2.567s] running install_lib
[2.572s] running install_data
[2.572s] running install_egg_info
[2.579s] removing '/home/josea/ros2_ws/install/my_pack_clas/lib/python3.10/site-packages/my_pack_clas-0.0.0-py3.10.egg-info' (and everything under it)
[2.579s] Copying ../../build/my_pack_clas/my_pack_clas.egg-info to /home/josea/ros2_ws/install/my_pack_clas/lib/python3.10/site-packages/my_pack_clas-0.0.0-py3.10.egg-info
[2.579s] running install_scripts
[2.623s] Installing my_pack script to /home/josea/ros2_ws/install/my_pack_clas/lib/my_pack_clas
[2.623s] Installing my_publisher script to /home/josea/ros2_ws/install/my_pack_clas/lib/my_pack_clas
[2.624s] Installing my_subscriber script to /home/josea/ros2_ws/install/my_pack_clas/lib/my_pack_clas
[2.624s] writing list of installed files to '/home/josea/ros2_ws/build/my_pack_clas/install.log'
[2.697s] Invoked command in '/home/josea/ros2_ws/src/my_pack_clas' returned '0': PYTHONPATH=/home/josea/ros2_ws/build/my_pack_clas/prefix_override:/usr/lib/python3/dist-packages/colcon_core/task/python/colcon_distutils_commands:/home/josea/ros2_ws/install/my_pack_clas/lib/python3.10/site-packages:${PYTHONPATH} /usr/bin/python3 -W ignore:setup.py install is deprecated -W ignore:easy_install command is deprecated setup.py egg_info --egg-base ../../build/my_pack_clas build --build-base /home/josea/ros2_ws/build/my_pack_clas/build install --record /home/josea/ros2_ws/build/my_pack_clas/install.log --single-version-externally-managed install_data
