[2.366s] Invoking command in '/home/josea/ros2_ws/src/challenge02': PYTHONPATH=/home/josea/ros2_ws/build/challenge02/prefix_override:/usr/lib/python3/dist-packages/colcon_core/task/python/colcon_distutils_commands:/home/josea/ros2_ws/install/challenge02/lib/python3.10/site-packages:${PYTHONPATH} /usr/bin/python3 -W ignore:setup.py install is deprecated -W ignore:easy_install command is deprecated setup.py egg_info --egg-base ../../build/challenge02 build --build-base /home/josea/ros2_ws/build/challenge02/build install --record /home/josea/ros2_ws/build/challenge02/install.log --single-version-externally-managed install_data
[3.197s] running egg_info
[3.200s] writing ../../build/challenge02/challenge02.egg-info/PKG-INFO
[3.203s] writing dependency_links to ../../build/challenge02/challenge02.egg-info/dependency_links.txt
[3.203s] writing entry points to ../../build/challenge02/challenge02.egg-info/entry_points.txt
[3.203s] writing requirements to ../../build/challenge02/challenge02.egg-info/requires.txt
[3.203s] writing top-level names to ../../build/challenge02/challenge02.egg-info/top_level.txt
[3.210s] reading manifest file '../../build/challenge02/challenge02.egg-info/SOURCES.txt'
[3.213s] writing manifest file '../../build/challenge02/challenge02.egg-info/SOURCES.txt'
[3.215s] running build
[3.215s] running build_py
[3.216s] running install
[3.220s] running install_lib
[3.226s] running install_data
[3.227s] running install_egg_info
[3.232s] removing '/home/josea/ros2_ws/install/challenge02/lib/python3.10/site-packages/challenge02-0.0.0-py3.10.egg-info' (and everything under it)
[3.237s] Copying ../../build/challenge02/challenge02.egg-info to /home/josea/ros2_ws/install/challenge02/lib/python3.10/site-packages/challenge02-0.0.0-py3.10.egg-info
[3.244s] running install_scripts
[3.318s] Installing controller script to /home/josea/ros2_ws/install/challenge02/lib/challenge02
[3.321s] Installing dc_motor script to /home/josea/ros2_ws/install/challenge02/lib/challenge02
[3.322s] Installing plant_test script to /home/josea/ros2_ws/install/challenge02/lib/challenge02
[3.322s] Installing set_point script to /home/josea/ros2_ws/install/challenge02/lib/challenge02
[3.322s] writing list of installed files to '/home/josea/ros2_ws/build/challenge02/install.log'
[3.416s] Invoked command in '/home/josea/ros2_ws/src/challenge02' returned '0': PYTHONPATH=/home/josea/ros2_ws/build/challenge02/prefix_override:/usr/lib/python3/dist-packages/colcon_core/task/python/colcon_distutils_commands:/home/josea/ros2_ws/install/challenge02/lib/python3.10/site-packages:${PYTHONPATH} /usr/bin/python3 -W ignore:setup.py install is deprecated -W ignore:easy_install command is deprecated setup.py egg_info --egg-base ../../build/challenge02 build --build-base /home/josea/ros2_ws/build/challenge02/build install --record /home/josea/ros2_ws/build/challenge02/install.log --single-version-externally-managed install_data
