[2.188s] Invoking command in '/home/josea/ros2_ws/src/Challenge02': PYTHONPATH=/home/josea/ros2_ws/build/Challenge02/prefix_override:/usr/lib/python3/dist-packages/colcon_core/task/python/colcon_distutils_commands:/home/josea/ros2_ws/install/Challenge02/lib/python3.10/site-packages:${PYTHONPATH} /usr/bin/python3 -W ignore:setup.py install is deprecated -W ignore:easy_install command is deprecated setup.py egg_info --egg-base ../../build/Challenge02 build --build-base /home/josea/ros2_ws/build/Challenge02/build install --record /home/josea/ros2_ws/build/Challenge02/install.log --single-version-externally-managed install_data
[2.902s] running egg_info
[2.903s] writing ../../build/Challenge02/Challenge02.egg-info/PKG-INFO
[2.904s] writing dependency_links to ../../build/Challenge02/Challenge02.egg-info/dependency_links.txt
[2.904s] writing entry points to ../../build/Challenge02/Challenge02.egg-info/entry_points.txt
[2.905s] writing requirements to ../../build/Challenge02/Challenge02.egg-info/requires.txt
[2.907s] writing top-level names to ../../build/Challenge02/Challenge02.egg-info/top_level.txt
[2.910s] reading manifest file '../../build/Challenge02/Challenge02.egg-info/SOURCES.txt'
[2.912s] writing manifest file '../../build/Challenge02/Challenge02.egg-info/SOURCES.txt'
[2.913s] running build
[2.914s] running build_py
[2.915s] running install
[2.919s] running install_lib
[2.921s] running install_data
[2.922s] running install_egg_info
[2.927s] removing '/home/josea/ros2_ws/install/Challenge02/lib/python3.10/site-packages/Challenge02-0.0.0-py3.10.egg-info' (and everything under it)
[2.930s] Copying ../../build/Challenge02/Challenge02.egg-info to /home/josea/ros2_ws/install/Challenge02/lib/python3.10/site-packages/Challenge02-0.0.0-py3.10.egg-info
[2.938s] running install_scripts
[3.008s] Installing controller script to /home/josea/ros2_ws/install/Challenge02/lib/Challenge02
[3.010s] Installing dc_motor script to /home/josea/ros2_ws/install/Challenge02/lib/Challenge02
[3.012s] Installing plant_test script to /home/josea/ros2_ws/install/Challenge02/lib/Challenge02
[3.017s] Installing set_point script to /home/josea/ros2_ws/install/Challenge02/lib/Challenge02
[3.018s] writing list of installed files to '/home/josea/ros2_ws/build/Challenge02/install.log'
[3.143s] Invoked command in '/home/josea/ros2_ws/src/Challenge02' returned '0': PYTHONPATH=/home/josea/ros2_ws/build/Challenge02/prefix_override:/usr/lib/python3/dist-packages/colcon_core/task/python/colcon_distutils_commands:/home/josea/ros2_ws/install/Challenge02/lib/python3.10/site-packages:${PYTHONPATH} /usr/bin/python3 -W ignore:setup.py install is deprecated -W ignore:easy_install command is deprecated setup.py egg_info --egg-base ../../build/Challenge02 build --build-base /home/josea/ros2_ws/build/Challenge02/build install --record /home/josea/ros2_ws/build/Challenge02/install.log --single-version-externally-managed install_data
