[2.155s] Invoking command in '/home/josea/ros2_ws/src/challenge02': PYTHONPATH=/home/josea/ros2_ws/build/challenge02/prefix_override:/usr/lib/python3/dist-packages/colcon_core/task/python/colcon_distutils_commands:/home/josea/ros2_ws/install/challenge02/lib/python3.10/site-packages:${PYTHONPATH} /usr/bin/python3 -W ignore:setup.py install is deprecated -W ignore:easy_install command is deprecated setup.py egg_info --egg-base ../../build/challenge02 build --build-base /home/josea/ros2_ws/build/challenge02/build install --record /home/josea/ros2_ws/build/challenge02/install.log --single-version-externally-managed install_data
[2.844s] running egg_info
[2.844s] writing ../../build/challenge02/challenge02.egg-info/PKG-INFO
[2.845s] writing dependency_links to ../../build/challenge02/challenge02.egg-info/dependency_links.txt
[2.845s] writing entry points to ../../build/challenge02/challenge02.egg-info/entry_points.txt
[2.846s] writing requirements to ../../build/challenge02/challenge02.egg-info/requires.txt
[2.847s] writing top-level names to ../../build/challenge02/challenge02.egg-info/top_level.txt
[2.851s] reading manifest file '../../build/challenge02/challenge02.egg-info/SOURCES.txt'
[2.853s] writing manifest file '../../build/challenge02/challenge02.egg-info/SOURCES.txt'
[2.854s] running build
[2.855s] running build_py
[2.855s] running install
[2.860s] running install_lib
[2.862s] running install_data
[2.862s] running install_egg_info
[2.867s] removing '/home/josea/ros2_ws/install/challenge02/lib/python3.10/site-packages/challenge02-0.0.0-py3.10.egg-info' (and everything under it)
[2.868s] Copying ../../build/challenge02/challenge02.egg-info to /home/josea/ros2_ws/install/challenge02/lib/python3.10/site-packages/challenge02-0.0.0-py3.10.egg-info
[2.870s] running install_scripts
[2.941s] Installing dc_motor script to /home/josea/ros2_ws/install/challenge02/lib/challenge02
[2.942s] writing list of installed files to '/home/josea/ros2_ws/build/challenge02/install.log'
[3.584s] Invoked command in '/home/josea/ros2_ws/src/challenge02' returned '0': PYTHONPATH=/home/josea/ros2_ws/build/challenge02/prefix_override:/usr/lib/python3/dist-packages/colcon_core/task/python/colcon_distutils_commands:/home/josea/ros2_ws/install/challenge02/lib/python3.10/site-packages:${PYTHONPATH} /usr/bin/python3 -W ignore:setup.py install is deprecated -W ignore:easy_install command is deprecated setup.py egg_info --egg-base ../../build/challenge02 build --build-base /home/josea/ros2_ws/build/challenge02/build install --record /home/josea/ros2_ws/build/challenge02/install.log --single-version-externally-managed install_data
