[2.651s] Invoking command in '/home/josea/ros2_ws/src/challenge01': PYTHONPATH=/home/josea/ros2_ws/src/build/challenge01/prefix_override:/usr/lib/python3/dist-packages/colcon_core/task/python/colcon_distutils_commands:/home/josea/ros2_ws/src/install/challenge01/lib/python3.10/site-packages:${PYTHONPATH} /usr/bin/python3 -W ignore:setup.py install is deprecated -W ignore:easy_install command is deprecated setup.py egg_info --egg-base ../build/challenge01 build --build-base /home/josea/ros2_ws/src/build/challenge01/build install --record /home/josea/ros2_ws/src/build/challenge01/install.log --single-version-externally-managed install_data
[3.727s] running egg_info
[3.729s] writing ../build/challenge01/challenge01.egg-info/PKG-INFO
[3.729s] writing dependency_links to ../build/challenge01/challenge01.egg-info/dependency_links.txt
[3.730s] writing entry points to ../build/challenge01/challenge01.egg-info/entry_points.txt
[3.730s] writing requirements to ../build/challenge01/challenge01.egg-info/requires.txt
[3.730s] writing top-level names to ../build/challenge01/challenge01.egg-info/top_level.txt
[3.739s] reading manifest file '../build/challenge01/challenge01.egg-info/SOURCES.txt'
[3.739s] writing manifest file '../build/challenge01/challenge01.egg-info/SOURCES.txt'
[3.740s] running build
[3.740s] running build_py
[3.749s] running install
[3.749s] running install_lib
[3.756s] running install_data
[3.757s] copying launch/signal.launch.py -> /home/josea/ros2_ws/src/install/challenge01/share/challenge01
[3.757s] running install_egg_info
[3.768s] removing '/home/josea/ros2_ws/src/install/challenge01/lib/python3.10/site-packages/challenge01-0.0.0-py3.10.egg-info' (and everything under it)
[3.768s] Copying ../build/challenge01/challenge01.egg-info to /home/josea/ros2_ws/src/install/challenge01/lib/python3.10/site-packages/challenge01-0.0.0-py3.10.egg-info
[3.769s] running install_scripts
[3.823s] Installing proccess script to /home/josea/ros2_ws/src/install/challenge01/lib/challenge01
[3.823s] Installing signal_generetor script to /home/josea/ros2_ws/src/install/challenge01/lib/challenge01
[3.829s] writing list of installed files to '/home/josea/ros2_ws/src/build/challenge01/install.log'
[3.999s] Invoked command in '/home/josea/ros2_ws/src/challenge01' returned '0': PYTHONPATH=/home/josea/ros2_ws/src/build/challenge01/prefix_override:/usr/lib/python3/dist-packages/colcon_core/task/python/colcon_distutils_commands:/home/josea/ros2_ws/src/install/challenge01/lib/python3.10/site-packages:${PYTHONPATH} /usr/bin/python3 -W ignore:setup.py install is deprecated -W ignore:easy_install command is deprecated setup.py egg_info --egg-base ../build/challenge01 build --build-base /home/josea/ros2_ws/src/build/challenge01/build install --record /home/josea/ros2_ws/src/build/challenge01/install.log --single-version-externally-managed install_data
