[4.505s] Invoking command in '/home/josea/ros2_ws/src/basic_comms': PYTHONPATH=/home/josea/ros2_ws/build/basic_comms/prefix_override:/usr/lib/python3/dist-packages/colcon_core/task/python/colcon_distutils_commands:/home/josea/ros2_ws/install/basic_comms/lib/python3.10/site-packages:${PYTHONPATH} /usr/bin/python3 -W ignore:setup.py install is deprecated -W ignore:easy_install command is deprecated setup.py egg_info --egg-base ../../build/basic_comms build --build-base /home/josea/ros2_ws/build/basic_comms/build install --record /home/josea/ros2_ws/build/basic_comms/install.log --single-version-externally-managed install_data
[6.269s] running egg_info
[6.270s] writing ../../build/basic_comms/basic_comms.egg-info/PKG-INFO
[6.270s] writing dependency_links to ../../build/basic_comms/basic_comms.egg-info/dependency_links.txt
[6.273s] writing entry points to ../../build/basic_comms/basic_comms.egg-info/entry_points.txt
[6.276s] writing requirements to ../../build/basic_comms/basic_comms.egg-info/requires.txt
[6.279s] writing top-level names to ../../build/basic_comms/basic_comms.egg-info/top_level.txt
[6.289s] reading manifest file '../../build/basic_comms/basic_comms.egg-info/SOURCES.txt'
[6.291s] writing manifest file '../../build/basic_comms/basic_comms.egg-info/SOURCES.txt'
[6.291s] running build
[6.291s] running build_py
[6.297s] running install
[6.297s] running install_lib
[6.316s] running install_data
[6.317s] running install_egg_info
[6.326s] removing '/home/josea/ros2_ws/install/basic_comms/lib/python3.10/site-packages/basic_comms-0.0.0-py3.10.egg-info' (and everything under it)
[6.336s] Copying ../../build/basic_comms/basic_comms.egg-info to /home/josea/ros2_ws/install/basic_comms/lib/python3.10/site-packages/basic_comms-0.0.0-py3.10.egg-info
[6.339s] running install_scripts
[6.467s] Installing talker script to /home/josea/ros2_ws/install/basic_comms/lib/basic_comms
[6.469s] writing list of installed files to '/home/josea/ros2_ws/build/basic_comms/install.log'
[7.374s] Invoked command in '/home/josea/ros2_ws/src/basic_comms' returned '0': PYTHONPATH=/home/josea/ros2_ws/build/basic_comms/prefix_override:/usr/lib/python3/dist-packages/colcon_core/task/python/colcon_distutils_commands:/home/josea/ros2_ws/install/basic_comms/lib/python3.10/site-packages:${PYTHONPATH} /usr/bin/python3 -W ignore:setup.py install is deprecated -W ignore:easy_install command is deprecated setup.py egg_info --egg-base ../../build/basic_comms build --build-base /home/josea/ros2_ws/build/basic_comms/build install --record /home/josea/ros2_ws/build/basic_comms/install.log --single-version-externally-managed install_data
