[1.987s] Invoking command in '/home/josea/ros2_ws/src/challenge02': PYTHONPATH=/home/josea/ros2_ws/build/challenge02/prefix_override:/usr/lib/python3/dist-packages/colcon_core/task/python/colcon_distutils_commands:/home/josea/ros2_ws/install/challenge02/lib/python3.10/site-packages:${PYTHONPATH} /usr/bin/python3 -W ignore:setup.py install is deprecated -W ignore:easy_install command is deprecated setup.py egg_info --egg-base ../../build/challenge02 build --build-base /home/josea/ros2_ws/build/challenge02/build install --record /home/josea/ros2_ws/build/challenge02/install.log --single-version-externally-managed install_data
[2.816s] running egg_info
[2.819s] writing ../../build/challenge02/challenge02.egg-info/PKG-INFO
[2.820s] writing dependency_links to ../../build/challenge02/challenge02.egg-info/dependency_links.txt
[2.820s] writing entry points to ../../build/challenge02/challenge02.egg-info/entry_points.txt
[2.821s] writing requirements to ../../build/challenge02/challenge02.egg-info/requires.txt
[2.822s] writing top-level names to ../../build/challenge02/challenge02.egg-info/top_level.txt
[2.830s] reading manifest file '../../build/challenge02/challenge02.egg-info/SOURCES.txt'
[2.830s] writing manifest file '../../build/challenge02/challenge02.egg-info/SOURCES.txt'
[2.831s] running build
[2.832s] running build_py
[2.834s] copying challenge02/controller.py -> /home/josea/ros2_ws/build/challenge02/build/lib/challenge02
[2.835s] running install
[2.836s] running install_lib
[2.844s] copying /home/josea/ros2_ws/build/challenge02/build/lib/challenge02/controller.py -> /home/josea/ros2_ws/install/challenge02/lib/python3.10/site-packages/challenge02
[2.846s] byte-compiling /home/josea/ros2_ws/install/challenge02/lib/python3.10/site-packages/challenge02/controller.py to controller.cpython-310.pyc
[2.848s] running install_data
[2.849s] copying config/params.yaml -> /home/josea/ros2_ws/install/challenge02/share/challenge02/config
[2.850s] running install_egg_info
[2.857s] removing '/home/josea/ros2_ws/install/challenge02/lib/python3.10/site-packages/challenge02-0.0.0-py3.10.egg-info' (and everything under it)
[2.857s] Copying ../../build/challenge02/challenge02.egg-info to /home/josea/ros2_ws/install/challenge02/lib/python3.10/site-packages/challenge02-0.0.0-py3.10.egg-info
[2.862s] running install_scripts
[2.921s] Installing controller script to /home/josea/ros2_ws/install/challenge02/lib/challenge02
[2.922s] Installing dc_motor script to /home/josea/ros2_ws/install/challenge02/lib/challenge02
[2.923s] Installing plant_test script to /home/josea/ros2_ws/install/challenge02/lib/challenge02
[2.924s] Installing set_point script to /home/josea/ros2_ws/install/challenge02/lib/challenge02
[2.925s] writing list of installed files to '/home/josea/ros2_ws/build/challenge02/install.log'
[3.358s] Invoked command in '/home/josea/ros2_ws/src/challenge02' returned '0': PYTHONPATH=/home/josea/ros2_ws/build/challenge02/prefix_override:/usr/lib/python3/dist-packages/colcon_core/task/python/colcon_distutils_commands:/home/josea/ros2_ws/install/challenge02/lib/python3.10/site-packages:${PYTHONPATH} /usr/bin/python3 -W ignore:setup.py install is deprecated -W ignore:easy_install command is deprecated setup.py egg_info --egg-base ../../build/challenge02 build --build-base /home/josea/ros2_ws/build/challenge02/build install --record /home/josea/ros2_ws/build/challenge02/install.log --single-version-externally-managed install_data
