[2.213s] Invoking command in '/home/josea/ros2_ws/src/basic_comms': PYTHONPATH=/home/josea/ros2_ws/build/basic_comms/prefix_override:/usr/lib/python3/dist-packages/colcon_core/task/python/colcon_distutils_commands:/home/josea/ros2_ws/install/basic_comms/lib/python3.10/site-packages:${PYTHONPATH} /usr/bin/python3 -W ignore:setup.py install is deprecated -W ignore:easy_install command is deprecated setup.py egg_info --egg-base ../../build/basic_comms build --build-base /home/josea/ros2_ws/build/basic_comms/build install --record /home/josea/ros2_ws/build/basic_comms/install.log --single-version-externally-managed install_data
[2.879s] running egg_info
[2.882s] writing ../../build/basic_comms/basic_comms.egg-info/PKG-INFO
[2.885s] writing dependency_links to ../../build/basic_comms/basic_comms.egg-info/dependency_links.txt
[2.886s] writing entry points to ../../build/basic_comms/basic_comms.egg-info/entry_points.txt
[2.886s] writing requirements to ../../build/basic_comms/basic_comms.egg-info/requires.txt
[2.886s] writing top-level names to ../../build/basic_comms/basic_comms.egg-info/top_level.txt
[2.890s] reading manifest file '../../build/basic_comms/basic_comms.egg-info/SOURCES.txt'
[2.894s] writing manifest file '../../build/basic_comms/basic_comms.egg-info/SOURCES.txt'
[2.897s] running build
[2.897s] running build_py
[2.900s] running install
[2.903s] running install_lib
[2.908s] running install_data
[2.910s] running install_egg_info
[2.915s] removing '/home/josea/ros2_ws/install/basic_comms/lib/python3.10/site-packages/basic_comms-0.0.0-py3.10.egg-info' (and everything under it)
[2.917s] Copying ../../build/basic_comms/basic_comms.egg-info to /home/josea/ros2_ws/install/basic_comms/lib/python3.10/site-packages/basic_comms-0.0.0-py3.10.egg-info
[2.919s] running install_scripts
[2.981s] Installing talker script to /home/josea/ros2_ws/install/basic_comms/lib/basic_comms
[2.983s] writing list of installed files to '/home/josea/ros2_ws/build/basic_comms/install.log'
[3.107s] Invoked command in '/home/josea/ros2_ws/src/basic_comms' returned '0': PYTHONPATH=/home/josea/ros2_ws/build/basic_comms/prefix_override:/usr/lib/python3/dist-packages/colcon_core/task/python/colcon_distutils_commands:/home/josea/ros2_ws/install/basic_comms/lib/python3.10/site-packages:${PYTHONPATH} /usr/bin/python3 -W ignore:setup.py install is deprecated -W ignore:easy_install command is deprecated setup.py egg_info --egg-base ../../build/basic_comms build --build-base /home/josea/ros2_ws/build/basic_comms/build install --record /home/josea/ros2_ws/build/basic_comms/install.log --single-version-externally-managed install_data
