[2.375s] Invoking command in '/home/josea/ros2_ws/src/basic_comms': PYTHONPATH=/home/josea/ros2_ws/build/basic_comms/prefix_override:/usr/lib/python3/dist-packages/colcon_core/task/python/colcon_distutils_commands:/home/josea/ros2_ws/install/basic_comms/lib/python3.10/site-packages:${PYTHONPATH} /usr/bin/python3 -W ignore:setup.py install is deprecated -W ignore:easy_install command is deprecated setup.py egg_info --egg-base ../../build/basic_comms build --build-base /home/josea/ros2_ws/build/basic_comms/build install --record /home/josea/ros2_ws/build/basic_comms/install.log --single-version-externally-managed install_data
[3.105s] running egg_info
[3.106s] writing ../../build/basic_comms/basic_comms.egg-info/PKG-INFO
[3.109s] writing dependency_links to ../../build/basic_comms/basic_comms.egg-info/dependency_links.txt
[3.109s] writing entry points to ../../build/basic_comms/basic_comms.egg-info/entry_points.txt
[3.110s] writing requirements to ../../build/basic_comms/basic_comms.egg-info/requires.txt
[3.110s] writing top-level names to ../../build/basic_comms/basic_comms.egg-info/top_level.txt
[3.114s] reading manifest file '../../build/basic_comms/basic_comms.egg-info/SOURCES.txt'
[3.117s] writing manifest file '../../build/basic_comms/basic_comms.egg-info/SOURCES.txt'
[3.118s] running build
[3.119s] running build_py
[3.121s] running install
[3.122s] running install_lib
[3.129s] running install_data
[3.132s] running install_egg_info
[3.136s] removing '/home/josea/ros2_ws/install/basic_comms/lib/python3.10/site-packages/basic_comms-0.0.0-py3.10.egg-info' (and everything under it)
[3.144s] Copying ../../build/basic_comms/basic_comms.egg-info to /home/josea/ros2_ws/install/basic_comms/lib/python3.10/site-packages/basic_comms-0.0.0-py3.10.egg-info
[3.153s] running install_scripts
[3.215s] Installing talker script to /home/josea/ros2_ws/install/basic_comms/lib/basic_comms
[3.217s] writing list of installed files to '/home/josea/ros2_ws/build/basic_comms/install.log'
[3.344s] Invoked command in '/home/josea/ros2_ws/src/basic_comms' returned '0': PYTHONPATH=/home/josea/ros2_ws/build/basic_comms/prefix_override:/usr/lib/python3/dist-packages/colcon_core/task/python/colcon_distutils_commands:/home/josea/ros2_ws/install/basic_comms/lib/python3.10/site-packages:${PYTHONPATH} /usr/bin/python3 -W ignore:setup.py install is deprecated -W ignore:easy_install command is deprecated setup.py egg_info --egg-base ../../build/basic_comms build --build-base /home/josea/ros2_ws/build/basic_comms/build install --record /home/josea/ros2_ws/build/basic_comms/install.log --single-version-externally-managed install_data
