[3.594s] Invoking command in '/home/josea/ros2_ws/src/challenge03': PYTHONPATH=/home/josea/ros2_ws/build/challenge03/prefix_override:/usr/lib/python3/dist-packages/colcon_core/task/python/colcon_distutils_commands:/home/josea/ros2_ws/install/challenge03/lib/python3.10/site-packages:${PYTHONPATH} /usr/bin/python3 -W ignore:setup.py install is deprecated -W ignore:easy_install command is deprecated setup.py egg_info --egg-base ../../build/challenge03 build --build-base /home/josea/ros2_ws/build/challenge03/build install --record /home/josea/ros2_ws/build/challenge03/install.log --single-version-externally-managed install_data
[4.929s] running egg_info
[4.935s] writing ../../build/challenge03/challenge03.egg-info/PKG-INFO
[4.943s] writing dependency_links to ../../build/challenge03/challenge03.egg-info/dependency_links.txt
[4.943s] writing entry points to ../../build/challenge03/challenge03.egg-info/entry_points.txt
[4.947s] writing requirements to ../../build/challenge03/challenge03.egg-info/requires.txt
[4.947s] writing top-level names to ../../build/challenge03/challenge03.egg-info/top_level.txt
[4.953s] reading manifest file '../../build/challenge03/challenge03.egg-info/SOURCES.txt'
[4.960s] writing manifest file '../../build/challenge03/challenge03.egg-info/SOURCES.txt'
[4.968s] running build
[4.969s] running build_py
[4.972s] running install
[4.973s] running install_lib
[4.999s] running install_data
[5.007s] running install_egg_info
[5.017s] removing '/home/josea/ros2_ws/install/challenge03/lib/python3.10/site-packages/challenge03-0.0.0-py3.10.egg-info' (and everything under it)
[5.020s] Copying ../../build/challenge03/challenge03.egg-info to /home/josea/ros2_ws/install/challenge03/lib/python3.10/site-packages/challenge03-0.0.0-py3.10.egg-info
[5.022s] running install_scripts
[5.150s] Installing publisher_pwm script to /home/josea/ros2_ws/install/challenge03/lib/challenge03
[5.152s] writing list of installed files to '/home/josea/ros2_ws/build/challenge03/install.log'
[5.308s] Invoked command in '/home/josea/ros2_ws/src/challenge03' returned '0': PYTHONPATH=/home/josea/ros2_ws/build/challenge03/prefix_override:/usr/lib/python3/dist-packages/colcon_core/task/python/colcon_distutils_commands:/home/josea/ros2_ws/install/challenge03/lib/python3.10/site-packages:${PYTHONPATH} /usr/bin/python3 -W ignore:setup.py install is deprecated -W ignore:easy_install command is deprecated setup.py egg_info --egg-base ../../build/challenge03 build --build-base /home/josea/ros2_ws/build/challenge03/build install --record /home/josea/ros2_ws/build/challenge03/install.log --single-version-externally-managed install_data
