[3.648s] Invoking command in '/home/josea/ros2_ws/src/challenge03': PYTHONPATH=/home/josea/ros2_ws/build/challenge03/prefix_override:/usr/lib/python3/dist-packages/colcon_core/task/python/colcon_distutils_commands:/home/josea/ros2_ws/install/challenge03/lib/python3.10/site-packages:${PYTHONPATH} /usr/bin/python3 -W ignore:setup.py install is deprecated -W ignore:easy_install command is deprecated setup.py egg_info --egg-base ../../build/challenge03 build --build-base /home/josea/ros2_ws/build/challenge03/build install --record /home/josea/ros2_ws/build/challenge03/install.log --single-version-externally-managed install_data
[4.633s] running egg_info
[4.635s] writing ../../build/challenge03/challenge03.egg-info/PKG-INFO
[4.635s] writing dependency_links to ../../build/challenge03/challenge03.egg-info/dependency_links.txt
[4.636s] writing entry points to ../../build/challenge03/challenge03.egg-info/entry_points.txt
[4.636s] writing requirements to ../../build/challenge03/challenge03.egg-info/requires.txt
[4.636s] writing top-level names to ../../build/challenge03/challenge03.egg-info/top_level.txt
[4.643s] reading manifest file '../../build/challenge03/challenge03.egg-info/SOURCES.txt'
[4.648s] writing manifest file '../../build/challenge03/challenge03.egg-info/SOURCES.txt'
[4.648s] running build
[4.649s] running build_py
[4.649s] running install
[4.653s] running install_lib
[4.659s] running install_data
[4.660s] running install_egg_info
[4.666s] removing '/home/josea/ros2_ws/install/challenge03/lib/python3.10/site-packages/challenge03-0.0.0-py3.10.egg-info' (and everything under it)
[4.671s] Copying ../../build/challenge03/challenge03.egg-info to /home/josea/ros2_ws/install/challenge03/lib/python3.10/site-packages/challenge03-0.0.0-py3.10.egg-info
[4.674s] running install_scripts
[4.756s] Installing publisher_pwm script to /home/josea/ros2_ws/install/challenge03/lib/challenge03
[4.756s] writing list of installed files to '/home/josea/ros2_ws/build/challenge03/install.log'
[4.861s] Invoked command in '/home/josea/ros2_ws/src/challenge03' returned '0': PYTHONPATH=/home/josea/ros2_ws/build/challenge03/prefix_override:/usr/lib/python3/dist-packages/colcon_core/task/python/colcon_distutils_commands:/home/josea/ros2_ws/install/challenge03/lib/python3.10/site-packages:${PYTHONPATH} /usr/bin/python3 -W ignore:setup.py install is deprecated -W ignore:easy_install command is deprecated setup.py egg_info --egg-base ../../build/challenge03 build --build-base /home/josea/ros2_ws/build/challenge03/build install --record /home/josea/ros2_ws/build/challenge03/install.log --single-version-externally-managed install_data
