running egg_info
writing ../../build/challenge01/challenge01.egg-info/PKG-INFO
writing dependency_links to ../../build/challenge01/challenge01.egg-info/dependency_links.txt
writing entry points to ../../build/challenge01/challenge01.egg-info/entry_points.txt
writing requirements to ../../build/challenge01/challenge01.egg-info/requires.txt
writing top-level names to ../../build/challenge01/challenge01.egg-info/top_level.txt
reading manifest file '../../build/challenge01/challenge01.egg-info/SOURCES.txt'
writing manifest file '../../build/challenge01/challenge01.egg-info/SOURCES.txt'
running build
running build_py
running install
running install_lib
running install_data
running install_egg_info
removing '/home/josea/ros2_ws/install/challenge01/lib/python3.10/site-packages/challenge01-0.0.0-py3.10.egg-info' (and everything under it)
Copying ../../build/challenge01/challenge01.egg-info to /home/josea/ros2_ws/install/challenge01/lib/python3.10/site-packages/challenge01-0.0.0-py3.10.egg-info
running install_scripts
Installing proccess script to /home/josea/ros2_ws/install/challenge01/lib/challenge01
Installing signal_generetor script to /home/josea/ros2_ws/install/challenge01/lib/challenge01
writing list of installed files to '/home/josea/ros2_ws/build/challenge01/install.log'
