[5.232s] Invoking command in '/home/josea/ros2_ws/src/challenge01': PYTHONPATH=/home/josea/ros2_ws/build/challenge01/prefix_override:/usr/lib/python3/dist-packages/colcon_core/task/python/colcon_distutils_commands:/home/josea/ros2_ws/install/challenge01/lib/python3.10/site-packages:${PYTHONPATH} /usr/bin/python3 -W ignore:setup.py install is deprecated -W ignore:easy_install command is deprecated setup.py egg_info --egg-base ../../build/challenge01 build --build-base /home/josea/ros2_ws/build/challenge01/build install --record /home/josea/ros2_ws/build/challenge01/install.log --single-version-externally-managed install_data
[6.497s] running egg_info
[6.498s] writing ../../build/challenge01/challenge01.egg-info/PKG-INFO
[6.499s] writing dependency_links to ../../build/challenge01/challenge01.egg-info/dependency_links.txt
[6.499s] writing entry points to ../../build/challenge01/challenge01.egg-info/entry_points.txt
[6.501s] writing requirements to ../../build/challenge01/challenge01.egg-info/requires.txt
[6.501s] writing top-level names to ../../build/challenge01/challenge01.egg-info/top_level.txt
[6.509s] reading manifest file '../../build/challenge01/challenge01.egg-info/SOURCES.txt'
[6.514s] writing manifest file '../../build/challenge01/challenge01.egg-info/SOURCES.txt'
[6.514s] running build
[6.514s] running build_py
[6.516s] running install
[6.517s] running install_lib
[6.526s] running install_data
[6.529s] running install_egg_info
[6.535s] removing '/home/josea/ros2_ws/install/challenge01/lib/python3.10/site-packages/challenge01-0.0.0-py3.10.egg-info' (and everything under it)
[6.539s] Copying ../../build/challenge01/challenge01.egg-info to /home/josea/ros2_ws/install/challenge01/lib/python3.10/site-packages/challenge01-0.0.0-py3.10.egg-info
[6.549s] running install_scripts
[6.620s] Installing proccess script to /home/josea/ros2_ws/install/challenge01/lib/challenge01
[6.620s] Installing signal_generetor script to /home/josea/ros2_ws/install/challenge01/lib/challenge01
[6.624s] writing list of installed files to '/home/josea/ros2_ws/build/challenge01/install.log'
[7.132s] Invoked command in '/home/josea/ros2_ws/src/challenge01' returned '0': PYTHONPATH=/home/josea/ros2_ws/build/challenge01/prefix_override:/usr/lib/python3/dist-packages/colcon_core/task/python/colcon_distutils_commands:/home/josea/ros2_ws/install/challenge01/lib/python3.10/site-packages:${PYTHONPATH} /usr/bin/python3 -W ignore:setup.py install is deprecated -W ignore:easy_install command is deprecated setup.py egg_info --egg-base ../../build/challenge01 build --build-base /home/josea/ros2_ws/build/challenge01/build install --record /home/josea/ros2_ws/build/challenge01/install.log --single-version-externally-managed install_data
