[0.279s] DEBUG:colcon:Command line arguments: ['/usr/bin/colcon', 'build']
[0.279s] DEBUG:colcon:Parsed command line arguments: Namespace(log_base=None, log_level=None, verb_name='build', build_base='build', install_base='install', merge_install=False, symlink_install=False, test_result_base=None, continue_on_error=False, executor='parallel', parallel_workers=2, event_handlers=None, ignore_user_meta=False, metas=['./colcon.meta'], base_paths=['.'], packages_ignore=None, packages_ignore_regex=None, paths=None, packages_up_to=None, packages_up_to_regex=None, packages_above=None, packages_above_and_dependencies=None, packages_above_depth=None, packages_select_by_dep=None, packages_skip_by_dep=None, packages_skip_up_to=None, packages_select_build_failed=False, packages_skip_build_finished=False, packages_select_test_failures=False, packages_skip_test_passed=False, packages_select=None, packages_skip=None, packages_select_regex=None, packages_skip_regex=None, packages_start=None, packages_end=None, allow_overriding=[], cmake_args=None, cmake_target=None, cmake_target_skip_unavailable=False, cmake_clean_cache=False, cmake_clean_first=False, cmake_force_configure=False, ament_cmake_args=None, catkin_cmake_args=None, catkin_skip_building_tests=False, mixin_files=None, mixin=None, verb_parser=<colcon_mixin.mixin.mixin_argument.MixinArgumentDecorator object at 0x7e3c37f61f00>, verb_extension=<colcon_core.verb.build.BuildVerb object at 0x7e3c37f61150>, main=<bound method BuildVerb.main of <colcon_core.verb.build.BuildVerb object at 0x7e3c37f61150>>, mixin_verb=('build',))
[1.135s] Level 1:colcon.colcon_core.package_discovery:discover_packages(colcon_meta) check parameters
[1.135s] Level 1:colcon.colcon_core.package_discovery:discover_packages(recursive) check parameters
[1.135s] Level 1:colcon.colcon_core.package_discovery:discover_packages(ignore) check parameters
[1.135s] Level 1:colcon.colcon_core.package_discovery:discover_packages(path) check parameters
[1.135s] Level 1:colcon.colcon_core.package_discovery:discover_packages(colcon_meta) discover
[1.135s] Level 1:colcon.colcon_core.package_discovery:discover_packages(recursive) discover
[1.136s] INFO:colcon.colcon_core.package_discovery:Crawling recursively for packages in '/home/josea/ros2_ws/src'
[1.137s] Level 1:colcon.colcon_core.package_identification:_identify(.) by extensions ['ignore', 'ignore_ament_install']
[1.137s] Level 1:colcon.colcon_core.package_identification:_identify(.) by extension 'ignore'
[1.137s] Level 1:colcon.colcon_core.package_identification:_identify(.) by extension 'ignore_ament_install'
[1.137s] Level 1:colcon.colcon_core.package_identification:_identify(.) by extensions ['colcon_pkg']
[1.138s] Level 1:colcon.colcon_core.package_identification:_identify(.) by extension 'colcon_pkg'
[1.138s] Level 1:colcon.colcon_core.package_identification:_identify(.) by extensions ['colcon_meta']
[1.138s] Level 1:colcon.colcon_core.package_identification:_identify(.) by extension 'colcon_meta'
[1.138s] Level 1:colcon.colcon_core.package_identification:_identify(.) by extensions ['ros']
[1.138s] Level 1:colcon.colcon_core.package_identification:_identify(.) by extension 'ros'
[1.162s] Level 1:colcon.colcon_core.package_identification:_identify(.) by extensions ['cmake', 'python']
[1.163s] Level 1:colcon.colcon_core.package_identification:_identify(.) by extension 'cmake'
[1.163s] Level 1:colcon.colcon_core.package_identification:_identify(.) by extension 'python'
[1.163s] Level 1:colcon.colcon_core.package_identification:_identify(.) by extensions ['python_setup_py']
[1.163s] Level 1:colcon.colcon_core.package_identification:_identify(.) by extension 'python_setup_py'
[1.163s] Level 1:colcon.colcon_core.package_identification:_identify(basic_comms) by extensions ['ignore', 'ignore_ament_install']
[1.163s] Level 1:colcon.colcon_core.package_identification:_identify(basic_comms) by extension 'ignore'
[1.164s] Level 1:colcon.colcon_core.package_identification:_identify(basic_comms) by extension 'ignore_ament_install'
[1.164s] Level 1:colcon.colcon_core.package_identification:_identify(basic_comms) by extensions ['colcon_pkg']
[1.164s] Level 1:colcon.colcon_core.package_identification:_identify(basic_comms) by extension 'colcon_pkg'
[1.164s] Level 1:colcon.colcon_core.package_identification:_identify(basic_comms) by extensions ['colcon_meta']
[1.164s] Level 1:colcon.colcon_core.package_identification:_identify(basic_comms) by extension 'colcon_meta'
[1.164s] Level 1:colcon.colcon_core.package_identification:_identify(basic_comms) by extensions ['ros']
[1.164s] Level 1:colcon.colcon_core.package_identification:_identify(basic_comms) by extension 'ros'
[1.171s] DEBUG:colcon.colcon_core.package_identification:Package 'basic_comms' with type 'ros.ament_python' and name 'basic_comms'
[1.171s] Level 1:colcon.colcon_core.package_identification:_identify(build) by extensions ['ignore', 'ignore_ament_install']
[1.171s] Level 1:colcon.colcon_core.package_identification:_identify(build) by extension 'ignore'
[1.171s] Level 1:colcon.colcon_core.package_identification:_identify(build) ignored
[1.172s] Level 1:colcon.colcon_core.package_identification:_identify(challenge01) by extensions ['ignore', 'ignore_ament_install']
[1.172s] Level 1:colcon.colcon_core.package_identification:_identify(challenge01) by extension 'ignore'
[1.172s] Level 1:colcon.colcon_core.package_identification:_identify(challenge01) by extension 'ignore_ament_install'
[1.172s] Level 1:colcon.colcon_core.package_identification:_identify(challenge01) by extensions ['colcon_pkg']
[1.172s] Level 1:colcon.colcon_core.package_identification:_identify(challenge01) by extension 'colcon_pkg'
[1.172s] Level 1:colcon.colcon_core.package_identification:_identify(challenge01) by extensions ['colcon_meta']
[1.172s] Level 1:colcon.colcon_core.package_identification:_identify(challenge01) by extension 'colcon_meta'
[1.172s] Level 1:colcon.colcon_core.package_identification:_identify(challenge01) by extensions ['ros']
[1.172s] Level 1:colcon.colcon_core.package_identification:_identify(challenge01) by extension 'ros'
[1.174s] DEBUG:colcon.colcon_core.package_identification:Package 'challenge01' with type 'ros.ament_python' and name 'challenge01'
[1.174s] Level 1:colcon.colcon_core.package_identification:_identify(challenge02) by extensions ['ignore', 'ignore_ament_install']
[1.174s] Level 1:colcon.colcon_core.package_identification:_identify(challenge02) by extension 'ignore'
[1.175s] Level 1:colcon.colcon_core.package_identification:_identify(challenge02) by extension 'ignore_ament_install'
[1.175s] Level 1:colcon.colcon_core.package_identification:_identify(challenge02) by extensions ['colcon_pkg']
[1.175s] Level 1:colcon.colcon_core.package_identification:_identify(challenge02) by extension 'colcon_pkg'
[1.175s] Level 1:colcon.colcon_core.package_identification:_identify(challenge02) by extensions ['colcon_meta']
[1.175s] Level 1:colcon.colcon_core.package_identification:_identify(challenge02) by extension 'colcon_meta'
[1.175s] Level 1:colcon.colcon_core.package_identification:_identify(challenge02) by extensions ['ros']
[1.175s] Level 1:colcon.colcon_core.package_identification:_identify(challenge02) by extension 'ros'
[1.177s] DEBUG:colcon.colcon_core.package_identification:Package 'challenge02' with type 'ros.ament_python' and name 'challenge02'
[1.177s] Level 1:colcon.colcon_core.package_identification:_identify(custom_interfaces) by extensions ['ignore', 'ignore_ament_install']
[1.178s] Level 1:colcon.colcon_core.package_identification:_identify(custom_interfaces) by extension 'ignore'
[1.178s] Level 1:colcon.colcon_core.package_identification:_identify(custom_interfaces) by extension 'ignore_ament_install'
[1.178s] Level 1:colcon.colcon_core.package_identification:_identify(custom_interfaces) by extensions ['colcon_pkg']
[1.178s] Level 1:colcon.colcon_core.package_identification:_identify(custom_interfaces) by extension 'colcon_pkg'
[1.178s] Level 1:colcon.colcon_core.package_identification:_identify(custom_interfaces) by extensions ['colcon_meta']
[1.178s] Level 1:colcon.colcon_core.package_identification:_identify(custom_interfaces) by extension 'colcon_meta'
[1.178s] Level 1:colcon.colcon_core.package_identification:_identify(custom_interfaces) by extensions ['ros']
[1.178s] Level 1:colcon.colcon_core.package_identification:_identify(custom_interfaces) by extension 'ros'
[1.180s] DEBUG:colcon.colcon_core.package_identification:Package 'custom_interfaces' with type 'ros.ament_cmake' and name 'custom_interfaces'
[1.180s] Level 1:colcon.colcon_core.package_identification:_identify(install) by extensions ['ignore', 'ignore_ament_install']
[1.181s] Level 1:colcon.colcon_core.package_identification:_identify(install) by extension 'ignore'
[1.181s] Level 1:colcon.colcon_core.package_identification:_identify(install) ignored
[1.181s] Level 1:colcon.colcon_core.package_identification:_identify(log) by extensions ['ignore', 'ignore_ament_install']
[1.181s] Level 1:colcon.colcon_core.package_identification:_identify(log) by extension 'ignore'
[1.182s] Level 1:colcon.colcon_core.package_identification:_identify(log) ignored
[1.182s] Level 1:colcon.colcon_core.package_identification:_identify(motor_control) by extensions ['ignore', 'ignore_ament_install']
[1.182s] Level 1:colcon.colcon_core.package_identification:_identify(motor_control) by extension 'ignore'
[1.182s] Level 1:colcon.colcon_core.package_identification:_identify(motor_control) by extension 'ignore_ament_install'
[1.182s] Level 1:colcon.colcon_core.package_identification:_identify(motor_control) by extensions ['colcon_pkg']
[1.182s] Level 1:colcon.colcon_core.package_identification:_identify(motor_control) by extension 'colcon_pkg'
[1.182s] Level 1:colcon.colcon_core.package_identification:_identify(motor_control) by extensions ['colcon_meta']
[1.182s] Level 1:colcon.colcon_core.package_identification:_identify(motor_control) by extension 'colcon_meta'
[1.183s] Level 1:colcon.colcon_core.package_identification:_identify(motor_control) by extensions ['ros']
[1.183s] Level 1:colcon.colcon_core.package_identification:_identify(motor_control) by extension 'ros'
[1.184s] DEBUG:colcon.colcon_core.package_identification:Package 'motor_control' with type 'ros.ament_python' and name 'motor_control'
[1.185s] Level 1:colcon.colcon_core.package_identification:_identify(my_pack_clas) by extensions ['ignore', 'ignore_ament_install']
[1.185s] Level 1:colcon.colcon_core.package_identification:_identify(my_pack_clas) by extension 'ignore'
[1.185s] Level 1:colcon.colcon_core.package_identification:_identify(my_pack_clas) by extension 'ignore_ament_install'
[1.185s] Level 1:colcon.colcon_core.package_identification:_identify(my_pack_clas) by extensions ['colcon_pkg']
[1.185s] Level 1:colcon.colcon_core.package_identification:_identify(my_pack_clas) by extension 'colcon_pkg'
[1.185s] Level 1:colcon.colcon_core.package_identification:_identify(my_pack_clas) by extensions ['colcon_meta']
[1.186s] Level 1:colcon.colcon_core.package_identification:_identify(my_pack_clas) by extension 'colcon_meta'
[1.186s] Level 1:colcon.colcon_core.package_identification:_identify(my_pack_clas) by extensions ['ros']
[1.186s] Level 1:colcon.colcon_core.package_identification:_identify(my_pack_clas) by extension 'ros'
[1.187s] DEBUG:colcon.colcon_core.package_identification:Package 'my_pack_clas' with type 'ros.ament_python' and name 'my_pack_clas'
[1.187s] Level 1:colcon.colcon_core.package_discovery:discover_packages(recursive) using defaults
[1.187s] Level 1:colcon.colcon_core.package_discovery:discover_packages(ignore) discover
[1.187s] Level 1:colcon.colcon_core.package_discovery:discover_packages(ignore) using defaults
[1.188s] Level 1:colcon.colcon_core.package_discovery:discover_packages(path) discover
[1.188s] Level 1:colcon.colcon_core.package_discovery:discover_packages(path) using defaults
[1.264s] Level 1:colcon.colcon_core.package_discovery:discover_packages(prefix_path) check parameters
[1.265s] Level 1:colcon.colcon_core.package_discovery:discover_packages(prefix_path) discover
[1.272s] DEBUG:colcon.colcon_installed_package_information.package_discovery:Found 7 installed packages in /home/josea/ros2_ws/install
[1.275s] DEBUG:colcon.colcon_installed_package_information.package_discovery:Found 312 installed packages in /opt/ros/humble
[1.279s] Level 1:colcon.colcon_core.package_discovery:discover_packages(prefix_path) using defaults
[1.367s] Level 5:colcon.colcon_core.verb:set package 'basic_comms' build argument 'cmake_args' from command line to 'None'
[1.367s] Level 5:colcon.colcon_core.verb:set package 'basic_comms' build argument 'cmake_target' from command line to 'None'
[1.367s] Level 5:colcon.colcon_core.verb:set package 'basic_comms' build argument 'cmake_target_skip_unavailable' from command line to 'False'
[1.367s] Level 5:colcon.colcon_core.verb:set package 'basic_comms' build argument 'cmake_clean_cache' from command line to 'False'
[1.368s] Level 5:colcon.colcon_core.verb:set package 'basic_comms' build argument 'cmake_clean_first' from command line to 'False'
[1.368s] Level 5:colcon.colcon_core.verb:set package 'basic_comms' build argument 'cmake_force_configure' from command line to 'False'
[1.368s] Level 5:colcon.colcon_core.verb:set package 'basic_comms' build argument 'ament_cmake_args' from command line to 'None'
[1.368s] Level 5:colcon.colcon_core.verb:set package 'basic_comms' build argument 'catkin_cmake_args' from command line to 'None'
[1.368s] Level 5:colcon.colcon_core.verb:set package 'basic_comms' build argument 'catkin_skip_building_tests' from command line to 'False'
[1.368s] DEBUG:colcon.colcon_core.verb:Building package 'basic_comms' with the following arguments: {'ament_cmake_args': None, 'build_base': '/home/josea/ros2_ws/src/build/basic_comms', 'catkin_cmake_args': None, 'catkin_skip_building_tests': False, 'cmake_args': None, 'cmake_clean_cache': False, 'cmake_clean_first': False, 'cmake_force_configure': False, 'cmake_target': None, 'cmake_target_skip_unavailable': False, 'install_base': '/home/josea/ros2_ws/src/install/basic_comms', 'merge_install': False, 'path': '/home/josea/ros2_ws/src/basic_comms', 'symlink_install': False, 'test_result_base': None}
[1.369s] Level 5:colcon.colcon_core.verb:set package 'challenge01' build argument 'cmake_args' from command line to 'None'
[1.369s] Level 5:colcon.colcon_core.verb:set package 'challenge01' build argument 'cmake_target' from command line to 'None'
[1.369s] Level 5:colcon.colcon_core.verb:set package 'challenge01' build argument 'cmake_target_skip_unavailable' from command line to 'False'
[1.369s] Level 5:colcon.colcon_core.verb:set package 'challenge01' build argument 'cmake_clean_cache' from command line to 'False'
[1.369s] Level 5:colcon.colcon_core.verb:set package 'challenge01' build argument 'cmake_clean_first' from command line to 'False'
[1.369s] Level 5:colcon.colcon_core.verb:set package 'challenge01' build argument 'cmake_force_configure' from command line to 'False'
[1.369s] Level 5:colcon.colcon_core.verb:set package 'challenge01' build argument 'ament_cmake_args' from command line to 'None'
[1.369s] Level 5:colcon.colcon_core.verb:set package 'challenge01' build argument 'catkin_cmake_args' from command line to 'None'
[1.369s] Level 5:colcon.colcon_core.verb:set package 'challenge01' build argument 'catkin_skip_building_tests' from command line to 'False'
[1.369s] DEBUG:colcon.colcon_core.verb:Building package 'challenge01' with the following arguments: {'ament_cmake_args': None, 'build_base': '/home/josea/ros2_ws/src/build/challenge01', 'catkin_cmake_args': None, 'catkin_skip_building_tests': False, 'cmake_args': None, 'cmake_clean_cache': False, 'cmake_clean_first': False, 'cmake_force_configure': False, 'cmake_target': None, 'cmake_target_skip_unavailable': False, 'install_base': '/home/josea/ros2_ws/src/install/challenge01', 'merge_install': False, 'path': '/home/josea/ros2_ws/src/challenge01', 'symlink_install': False, 'test_result_base': None}
[1.370s] Level 5:colcon.colcon_core.verb:set package 'challenge02' build argument 'cmake_args' from command line to 'None'
[1.370s] Level 5:colcon.colcon_core.verb:set package 'challenge02' build argument 'cmake_target' from command line to 'None'
[1.370s] Level 5:colcon.colcon_core.verb:set package 'challenge02' build argument 'cmake_target_skip_unavailable' from command line to 'False'
[1.371s] Level 5:colcon.colcon_core.verb:set package 'challenge02' build argument 'cmake_clean_cache' from command line to 'False'
[1.371s] Level 5:colcon.colcon_core.verb:set package 'challenge02' build argument 'cmake_clean_first' from command line to 'False'
[1.371s] Level 5:colcon.colcon_core.verb:set package 'challenge02' build argument 'cmake_force_configure' from command line to 'False'
[1.371s] Level 5:colcon.colcon_core.verb:set package 'challenge02' build argument 'ament_cmake_args' from command line to 'None'
[1.371s] Level 5:colcon.colcon_core.verb:set package 'challenge02' build argument 'catkin_cmake_args' from command line to 'None'
[1.371s] Level 5:colcon.colcon_core.verb:set package 'challenge02' build argument 'catkin_skip_building_tests' from command line to 'False'
[1.371s] DEBUG:colcon.colcon_core.verb:Building package 'challenge02' with the following arguments: {'ament_cmake_args': None, 'build_base': '/home/josea/ros2_ws/src/build/challenge02', 'catkin_cmake_args': None, 'catkin_skip_building_tests': False, 'cmake_args': None, 'cmake_clean_cache': False, 'cmake_clean_first': False, 'cmake_force_configure': False, 'cmake_target': None, 'cmake_target_skip_unavailable': False, 'install_base': '/home/josea/ros2_ws/src/install/challenge02', 'merge_install': False, 'path': '/home/josea/ros2_ws/src/challenge02', 'symlink_install': False, 'test_result_base': None}
[1.372s] Level 5:colcon.colcon_core.verb:set package 'custom_interfaces' build argument 'cmake_args' from command line to 'None'
[1.372s] Level 5:colcon.colcon_core.verb:set package 'custom_interfaces' build argument 'cmake_target' from command line to 'None'
[1.372s] Level 5:colcon.colcon_core.verb:set package 'custom_interfaces' build argument 'cmake_target_skip_unavailable' from command line to 'False'
[1.372s] Level 5:colcon.colcon_core.verb:set package 'custom_interfaces' build argument 'cmake_clean_cache' from command line to 'False'
[1.372s] Level 5:colcon.colcon_core.verb:set package 'custom_interfaces' build argument 'cmake_clean_first' from command line to 'False'
[1.372s] Level 5:colcon.colcon_core.verb:set package 'custom_interfaces' build argument 'cmake_force_configure' from command line to 'False'
[1.372s] Level 5:colcon.colcon_core.verb:set package 'custom_interfaces' build argument 'ament_cmake_args' from command line to 'None'
[1.372s] Level 5:colcon.colcon_core.verb:set package 'custom_interfaces' build argument 'catkin_cmake_args' from command line to 'None'
[1.372s] Level 5:colcon.colcon_core.verb:set package 'custom_interfaces' build argument 'catkin_skip_building_tests' from command line to 'False'
[1.372s] DEBUG:colcon.colcon_core.verb:Building package 'custom_interfaces' with the following arguments: {'ament_cmake_args': None, 'build_base': '/home/josea/ros2_ws/src/build/custom_interfaces', 'catkin_cmake_args': None, 'catkin_skip_building_tests': False, 'cmake_args': None, 'cmake_clean_cache': False, 'cmake_clean_first': False, 'cmake_force_configure': False, 'cmake_target': None, 'cmake_target_skip_unavailable': False, 'install_base': '/home/josea/ros2_ws/src/install/custom_interfaces', 'merge_install': False, 'path': '/home/josea/ros2_ws/src/custom_interfaces', 'symlink_install': False, 'test_result_base': None}
[1.373s] Level 5:colcon.colcon_core.verb:set package 'motor_control' build argument 'cmake_args' from command line to 'None'
[1.373s] Level 5:colcon.colcon_core.verb:set package 'motor_control' build argument 'cmake_target' from command line to 'None'
[1.373s] Level 5:colcon.colcon_core.verb:set package 'motor_control' build argument 'cmake_target_skip_unavailable' from command line to 'False'
[1.373s] Level 5:colcon.colcon_core.verb:set package 'motor_control' build argument 'cmake_clean_cache' from command line to 'False'
[1.373s] Level 5:colcon.colcon_core.verb:set package 'motor_control' build argument 'cmake_clean_first' from command line to 'False'
[1.374s] Level 5:colcon.colcon_core.verb:set package 'motor_control' build argument 'cmake_force_configure' from command line to 'False'
[1.374s] Level 5:colcon.colcon_core.verb:set package 'motor_control' build argument 'ament_cmake_args' from command line to 'None'
[1.374s] Level 5:colcon.colcon_core.verb:set package 'motor_control' build argument 'catkin_cmake_args' from command line to 'None'
[1.374s] Level 5:colcon.colcon_core.verb:set package 'motor_control' build argument 'catkin_skip_building_tests' from command line to 'False'
[1.374s] DEBUG:colcon.colcon_core.verb:Building package 'motor_control' with the following arguments: {'ament_cmake_args': None, 'build_base': '/home/josea/ros2_ws/src/build/motor_control', 'catkin_cmake_args': None, 'catkin_skip_building_tests': False, 'cmake_args': None, 'cmake_clean_cache': False, 'cmake_clean_first': False, 'cmake_force_configure': False, 'cmake_target': None, 'cmake_target_skip_unavailable': False, 'install_base': '/home/josea/ros2_ws/src/install/motor_control', 'merge_install': False, 'path': '/home/josea/ros2_ws/src/motor_control', 'symlink_install': False, 'test_result_base': None}
[1.375s] Level 5:colcon.colcon_core.verb:set package 'my_pack_clas' build argument 'cmake_args' from command line to 'None'
[1.375s] Level 5:colcon.colcon_core.verb:set package 'my_pack_clas' build argument 'cmake_target' from command line to 'None'
[1.375s] Level 5:colcon.colcon_core.verb:set package 'my_pack_clas' build argument 'cmake_target_skip_unavailable' from command line to 'False'
[1.375s] Level 5:colcon.colcon_core.verb:set package 'my_pack_clas' build argument 'cmake_clean_cache' from command line to 'False'
[1.375s] Level 5:colcon.colcon_core.verb:set package 'my_pack_clas' build argument 'cmake_clean_first' from command line to 'False'
[1.375s] Level 5:colcon.colcon_core.verb:set package 'my_pack_clas' build argument 'cmake_force_configure' from command line to 'False'
[1.375s] Level 5:colcon.colcon_core.verb:set package 'my_pack_clas' build argument 'ament_cmake_args' from command line to 'None'
[1.375s] Level 5:colcon.colcon_core.verb:set package 'my_pack_clas' build argument 'catkin_cmake_args' from command line to 'None'
[1.375s] Level 5:colcon.colcon_core.verb:set package 'my_pack_clas' build argument 'catkin_skip_building_tests' from command line to 'False'
[1.375s] DEBUG:colcon.colcon_core.verb:Building package 'my_pack_clas' with the following arguments: {'ament_cmake_args': None, 'build_base': '/home/josea/ros2_ws/src/build/my_pack_clas', 'catkin_cmake_args': None, 'catkin_skip_building_tests': False, 'cmake_args': None, 'cmake_clean_cache': False, 'cmake_clean_first': False, 'cmake_force_configure': False, 'cmake_target': None, 'cmake_target_skip_unavailable': False, 'install_base': '/home/josea/ros2_ws/src/install/my_pack_clas', 'merge_install': False, 'path': '/home/josea/ros2_ws/src/my_pack_clas', 'symlink_install': False, 'test_result_base': None}
[1.376s] INFO:colcon.colcon_core.executor:Executing jobs using 'parallel' executor
[1.378s] DEBUG:colcon.colcon_parallel_executor.executor.parallel:run_until_complete
[1.378s] INFO:colcon.colcon_ros.task.ament_python.build:Building ROS package in '/home/josea/ros2_ws/src/basic_comms' with build type 'ament_python'
[1.379s] Level 1:colcon.colcon_core.shell:create_environment_hook('basic_comms', 'ament_prefix_path')
[1.387s] INFO:colcon.colcon_core.plugin_system:Skipping extension 'colcon_core.shell.bat': Not used on non-Windows systems
[1.387s] INFO:colcon.colcon_core.shell:Creating environment hook '/home/josea/ros2_ws/src/install/basic_comms/share/basic_comms/hook/ament_prefix_path.ps1'
[1.389s] INFO:colcon.colcon_core.shell:Creating environment descriptor '/home/josea/ros2_ws/src/install/basic_comms/share/basic_comms/hook/ament_prefix_path.dsv'
[1.391s] INFO:colcon.colcon_core.shell:Creating environment hook '/home/josea/ros2_ws/src/install/basic_comms/share/basic_comms/hook/ament_prefix_path.sh'
[1.394s] INFO:colcon.colcon_core.shell:Skip shell extension 'powershell' for command environment: Not usable outside of PowerShell
[1.395s] DEBUG:colcon.colcon_core.shell:Skip shell extension 'dsv' for command environment
[1.402s] INFO:colcon.colcon_ros.task.ament_python.build:Building ROS package in '/home/josea/ros2_ws/src/challenge01' with build type 'ament_python'
[1.402s] Level 1:colcon.colcon_core.shell:create_environment_hook('challenge01', 'ament_prefix_path')
[1.403s] INFO:colcon.colcon_core.shell:Creating environment hook '/home/josea/ros2_ws/src/install/challenge01/share/challenge01/hook/ament_prefix_path.ps1'
[1.405s] INFO:colcon.colcon_core.shell:Creating environment descriptor '/home/josea/ros2_ws/src/install/challenge01/share/challenge01/hook/ament_prefix_path.dsv'
[1.406s] INFO:colcon.colcon_core.shell:Creating environment hook '/home/josea/ros2_ws/src/install/challenge01/share/challenge01/hook/ament_prefix_path.sh'
[1.408s] INFO:colcon.colcon_core.shell:Skip shell extension 'powershell' for command environment: Not usable outside of PowerShell
[1.408s] DEBUG:colcon.colcon_core.shell:Skip shell extension 'dsv' for command environment
[2.015s] INFO:colcon.colcon_core.task.python.build:Building Python package in '/home/josea/ros2_ws/src/basic_comms'
[2.016s] INFO:colcon.colcon_core.shell:Skip shell extension 'powershell' for command environment: Not usable outside of PowerShell
[2.016s] DEBUG:colcon.colcon_core.shell:Skip shell extension 'dsv' for command environment
[2.599s] INFO:colcon.colcon_core.task.python.build:Building Python package in '/home/josea/ros2_ws/src/challenge01'
[2.600s] INFO:colcon.colcon_core.shell:Skip shell extension 'powershell' for command environment: Not usable outside of PowerShell
[2.600s] DEBUG:colcon.colcon_core.shell:Skip shell extension 'dsv' for command environment
[3.667s] DEBUG:colcon.colcon_core.event_handler.log_command:Invoking command in '/home/josea/ros2_ws/src/basic_comms': PYTHONPATH=/home/josea/ros2_ws/src/build/basic_comms/prefix_override:/usr/lib/python3/dist-packages/colcon_core/task/python/colcon_distutils_commands:/home/josea/ros2_ws/src/install/basic_comms/lib/python3.10/site-packages:${PYTHONPATH} /usr/bin/python3 -W ignore:setup.py install is deprecated -W ignore:easy_install command is deprecated setup.py egg_info --egg-base ../build/basic_comms build --build-base /home/josea/ros2_ws/src/build/basic_comms/build install --record /home/josea/ros2_ws/src/build/basic_comms/install.log --single-version-externally-managed install_data
[3.676s] DEBUG:colcon.colcon_core.event_handler.log_command:Invoking command in '/home/josea/ros2_ws/src/challenge01': PYTHONPATH=/home/josea/ros2_ws/src/build/challenge01/prefix_override:/usr/lib/python3/dist-packages/colcon_core/task/python/colcon_distutils_commands:/home/josea/ros2_ws/src/install/challenge01/lib/python3.10/site-packages:${PYTHONPATH} /usr/bin/python3 -W ignore:setup.py install is deprecated -W ignore:easy_install command is deprecated setup.py egg_info --egg-base ../build/challenge01 build --build-base /home/josea/ros2_ws/src/build/challenge01/build install --record /home/josea/ros2_ws/src/build/challenge01/install.log --single-version-externally-managed install_data
[4.625s] DEBUG:colcon.colcon_core.event_handler.log_command:Invoked command in '/home/josea/ros2_ws/src/basic_comms' returned '0': PYTHONPATH=/home/josea/ros2_ws/src/build/basic_comms/prefix_override:/usr/lib/python3/dist-packages/colcon_core/task/python/colcon_distutils_commands:/home/josea/ros2_ws/src/install/basic_comms/lib/python3.10/site-packages:${PYTHONPATH} /usr/bin/python3 -W ignore:setup.py install is deprecated -W ignore:easy_install command is deprecated setup.py egg_info --egg-base ../build/basic_comms build --build-base /home/josea/ros2_ws/src/build/basic_comms/build install --record /home/josea/ros2_ws/src/build/basic_comms/install.log --single-version-externally-managed install_data
[4.638s] Level 1:colcon.colcon_core.environment:checking '/home/josea/ros2_ws/src/install/basic_comms' for CMake module files
[4.642s] Level 1:colcon.colcon_core.environment:checking '/home/josea/ros2_ws/src/install/basic_comms' for CMake config files
[4.652s] Level 1:colcon.colcon_core.environment:checking '/home/josea/ros2_ws/src/install/basic_comms/lib'
[4.654s] Level 1:colcon.colcon_core.environment:checking '/home/josea/ros2_ws/src/install/basic_comms/bin'
[4.655s] Level 1:colcon.colcon_core.environment:checking '/home/josea/ros2_ws/src/install/basic_comms/lib/pkgconfig/basic_comms.pc'
[4.656s] Level 1:colcon.colcon_core.environment:checking '/home/josea/ros2_ws/src/install/basic_comms/lib/python3.10/site-packages'
[4.656s] Level 1:colcon.colcon_core.shell:create_environment_hook('basic_comms', 'pythonpath')
[4.657s] INFO:colcon.colcon_core.shell:Creating environment hook '/home/josea/ros2_ws/src/install/basic_comms/share/basic_comms/hook/pythonpath.ps1'
[4.660s] INFO:colcon.colcon_core.shell:Creating environment descriptor '/home/josea/ros2_ws/src/install/basic_comms/share/basic_comms/hook/pythonpath.dsv'
[4.662s] INFO:colcon.colcon_core.shell:Creating environment hook '/home/josea/ros2_ws/src/install/basic_comms/share/basic_comms/hook/pythonpath.sh'
[4.665s] Level 1:colcon.colcon_core.environment:checking '/home/josea/ros2_ws/src/install/basic_comms/bin'
[4.665s] Level 1:colcon.colcon_core.environment:create_environment_scripts_only(basic_comms)
[4.667s] INFO:colcon.colcon_core.shell:Creating package script '/home/josea/ros2_ws/src/install/basic_comms/share/basic_comms/package.ps1'
[4.671s] INFO:colcon.colcon_core.shell:Creating package descriptor '/home/josea/ros2_ws/src/install/basic_comms/share/basic_comms/package.dsv'
[4.673s] INFO:colcon.colcon_core.shell:Creating package script '/home/josea/ros2_ws/src/install/basic_comms/share/basic_comms/package.sh'
[4.676s] INFO:colcon.colcon_core.shell:Creating package script '/home/josea/ros2_ws/src/install/basic_comms/share/basic_comms/package.bash'
[4.678s] INFO:colcon.colcon_core.shell:Creating package script '/home/josea/ros2_ws/src/install/basic_comms/share/basic_comms/package.zsh'
[4.680s] Level 1:colcon.colcon_core.environment:create_file_with_runtime_dependencies(/home/josea/ros2_ws/src/install/basic_comms/share/colcon-core/packages/basic_comms)
[4.682s] INFO:colcon.colcon_ros.task.ament_python.build:Building ROS package in '/home/josea/ros2_ws/src/challenge02' with build type 'ament_python'
[4.683s] Level 1:colcon.colcon_core.shell:create_environment_hook('challenge02', 'ament_prefix_path')
[4.683s] INFO:colcon.colcon_core.shell:Creating environment hook '/home/josea/ros2_ws/src/install/challenge02/share/challenge02/hook/ament_prefix_path.ps1'
[4.685s] INFO:colcon.colcon_core.shell:Creating environment descriptor '/home/josea/ros2_ws/src/install/challenge02/share/challenge02/hook/ament_prefix_path.dsv'
[4.687s] INFO:colcon.colcon_core.shell:Creating environment hook '/home/josea/ros2_ws/src/install/challenge02/share/challenge02/hook/ament_prefix_path.sh'
[4.688s] INFO:colcon.colcon_core.shell:Skip shell extension 'powershell' for command environment: Not usable outside of PowerShell
[4.689s] DEBUG:colcon.colcon_core.shell:Skip shell extension 'dsv' for command environment
[4.705s] Level 1:colcon.colcon_core.environment:checking '/home/josea/ros2_ws/src/install/challenge01' for CMake module files
[4.707s] Level 1:colcon.colcon_core.environment:checking '/home/josea/ros2_ws/src/install/challenge01' for CMake config files
[4.710s] Level 1:colcon.colcon_core.environment:checking '/home/josea/ros2_ws/src/install/challenge01/lib'
[4.708s] DEBUG:colcon.colcon_core.event_handler.log_command:Invoked command in '/home/josea/ros2_ws/src/challenge01' returned '0': PYTHONPATH=/home/josea/ros2_ws/src/build/challenge01/prefix_override:/usr/lib/python3/dist-packages/colcon_core/task/python/colcon_distutils_commands:/home/josea/ros2_ws/src/install/challenge01/lib/python3.10/site-packages:${PYTHONPATH} /usr/bin/python3 -W ignore:setup.py install is deprecated -W ignore:easy_install command is deprecated setup.py egg_info --egg-base ../build/challenge01 build --build-base /home/josea/ros2_ws/src/build/challenge01/build install --record /home/josea/ros2_ws/src/build/challenge01/install.log --single-version-externally-managed install_data
[4.713s] Level 1:colcon.colcon_core.environment:checking '/home/josea/ros2_ws/src/install/challenge01/bin'
[4.713s] Level 1:colcon.colcon_core.environment:checking '/home/josea/ros2_ws/src/install/challenge01/lib/pkgconfig/challenge01.pc'
[4.714s] Level 1:colcon.colcon_core.environment:checking '/home/josea/ros2_ws/src/install/challenge01/lib/python3.10/site-packages'
[4.714s] Level 1:colcon.colcon_core.shell:create_environment_hook('challenge01', 'pythonpath')
[4.716s] INFO:colcon.colcon_core.shell:Creating environment hook '/home/josea/ros2_ws/src/install/challenge01/share/challenge01/hook/pythonpath.ps1'
[4.718s] INFO:colcon.colcon_core.shell:Creating environment descriptor '/home/josea/ros2_ws/src/install/challenge01/share/challenge01/hook/pythonpath.dsv'
[4.719s] INFO:colcon.colcon_core.shell:Creating environment hook '/home/josea/ros2_ws/src/install/challenge01/share/challenge01/hook/pythonpath.sh'
[4.721s] Level 1:colcon.colcon_core.environment:checking '/home/josea/ros2_ws/src/install/challenge01/bin'
[4.722s] Level 1:colcon.colcon_core.environment:create_environment_scripts_only(challenge01)
[4.723s] INFO:colcon.colcon_core.shell:Creating package script '/home/josea/ros2_ws/src/install/challenge01/share/challenge01/package.ps1'
[4.725s] INFO:colcon.colcon_core.shell:Creating package descriptor '/home/josea/ros2_ws/src/install/challenge01/share/challenge01/package.dsv'
[4.726s] INFO:colcon.colcon_core.shell:Creating package script '/home/josea/ros2_ws/src/install/challenge01/share/challenge01/package.sh'
[4.728s] INFO:colcon.colcon_core.shell:Creating package script '/home/josea/ros2_ws/src/install/challenge01/share/challenge01/package.bash'
[4.729s] INFO:colcon.colcon_core.shell:Creating package script '/home/josea/ros2_ws/src/install/challenge01/share/challenge01/package.zsh'
[4.730s] Level 1:colcon.colcon_core.environment:create_file_with_runtime_dependencies(/home/josea/ros2_ws/src/install/challenge01/share/colcon-core/packages/challenge01)
[5.455s] INFO:colcon.colcon_core.task.python.build:Building Python package in '/home/josea/ros2_ws/src/challenge02'
[5.456s] INFO:colcon.colcon_core.shell:Skip shell extension 'powershell' for command environment: Not usable outside of PowerShell
[5.456s] DEBUG:colcon.colcon_core.shell:Skip shell extension 'dsv' for command environment
[5.463s] INFO:colcon.colcon_ros.task.ament_cmake.build:Building ROS package in '/home/josea/ros2_ws/src/custom_interfaces' with build type 'ament_cmake'
[5.463s] INFO:colcon.colcon_cmake.task.cmake.build:Building CMake package in '/home/josea/ros2_ws/src/custom_interfaces'
[5.464s] INFO:colcon.colcon_core.shell:Skip shell extension 'powershell' for command environment: Not usable outside of PowerShell
[5.465s] DEBUG:colcon.colcon_core.shell:Skip shell extension 'dsv' for command environment
[5.494s] DEBUG:colcon.colcon_core.event_handler.log_command:Invoking command in '/home/josea/ros2_ws/src/build/custom_interfaces': CMAKE_PREFIX_PATH=/home/josea/ros2_ws/install/my_pack_clas:/home/josea/ros2_ws/install/motor_control:/home/josea/ros2_ws/install/challenge02:/home/josea/ros2_ws/install/challenge01:/home/josea/ros2_ws/install/basic_comms:/home/josea/ros2_ws/install/Challenge02:/opt/ros/humble /usr/bin/cmake /home/josea/ros2_ws/src/custom_interfaces -DCMAKE_INSTALL_PREFIX=/home/josea/ros2_ws/src/install/custom_interfaces
[6.852s] DEBUG:colcon.colcon_core.event_handler.log_command:Invoking command in '/home/josea/ros2_ws/src/challenge02': PYTHONPATH=/home/josea/ros2_ws/src/build/challenge02/prefix_override:/usr/lib/python3/dist-packages/colcon_core/task/python/colcon_distutils_commands:/home/josea/ros2_ws/src/install/challenge02/lib/python3.10/site-packages:${PYTHONPATH} /usr/bin/python3 -W ignore:setup.py install is deprecated -W ignore:easy_install command is deprecated setup.py egg_info --egg-base ../build/challenge02 build --build-base /home/josea/ros2_ws/src/build/challenge02/build install --record /home/josea/ros2_ws/src/build/challenge02/install.log --single-version-externally-managed install_data
[7.979s] Level 1:colcon.colcon_core.environment:checking '/home/josea/ros2_ws/src/install/challenge02' for CMake module files
[7.981s] DEBUG:colcon.colcon_core.event_handler.log_command:Invoked command in '/home/josea/ros2_ws/src/challenge02' returned '0': PYTHONPATH=/home/josea/ros2_ws/src/build/challenge02/prefix_override:/usr/lib/python3/dist-packages/colcon_core/task/python/colcon_distutils_commands:/home/josea/ros2_ws/src/install/challenge02/lib/python3.10/site-packages:${PYTHONPATH} /usr/bin/python3 -W ignore:setup.py install is deprecated -W ignore:easy_install command is deprecated setup.py egg_info --egg-base ../build/challenge02 build --build-base /home/josea/ros2_ws/src/build/challenge02/build install --record /home/josea/ros2_ws/src/build/challenge02/install.log --single-version-externally-managed install_data
[7.982s] Level 1:colcon.colcon_core.environment:checking '/home/josea/ros2_ws/src/install/challenge02' for CMake config files
[7.984s] Level 1:colcon.colcon_core.environment:checking '/home/josea/ros2_ws/src/install/challenge02/lib'
[7.984s] Level 1:colcon.colcon_core.environment:checking '/home/josea/ros2_ws/src/install/challenge02/bin'
[7.985s] Level 1:colcon.colcon_core.environment:checking '/home/josea/ros2_ws/src/install/challenge02/lib/pkgconfig/challenge02.pc'
[7.986s] Level 1:colcon.colcon_core.environment:checking '/home/josea/ros2_ws/src/install/challenge02/lib/python3.10/site-packages'
[7.986s] Level 1:colcon.colcon_core.shell:create_environment_hook('challenge02', 'pythonpath')
[7.987s] INFO:colcon.colcon_core.shell:Creating environment hook '/home/josea/ros2_ws/src/install/challenge02/share/challenge02/hook/pythonpath.ps1'
[7.989s] INFO:colcon.colcon_core.shell:Creating environment descriptor '/home/josea/ros2_ws/src/install/challenge02/share/challenge02/hook/pythonpath.dsv'
[7.990s] INFO:colcon.colcon_core.shell:Creating environment hook '/home/josea/ros2_ws/src/install/challenge02/share/challenge02/hook/pythonpath.sh'
[7.992s] Level 1:colcon.colcon_core.environment:checking '/home/josea/ros2_ws/src/install/challenge02/bin'
[7.992s] Level 1:colcon.colcon_core.environment:create_environment_scripts_only(challenge02)
[7.993s] INFO:colcon.colcon_core.shell:Creating package script '/home/josea/ros2_ws/src/install/challenge02/share/challenge02/package.ps1'
[7.995s] INFO:colcon.colcon_core.shell:Creating package descriptor '/home/josea/ros2_ws/src/install/challenge02/share/challenge02/package.dsv'
[7.997s] INFO:colcon.colcon_core.shell:Creating package script '/home/josea/ros2_ws/src/install/challenge02/share/challenge02/package.sh'
[7.999s] INFO:colcon.colcon_core.shell:Creating package script '/home/josea/ros2_ws/src/install/challenge02/share/challenge02/package.bash'
[8.001s] INFO:colcon.colcon_core.shell:Creating package script '/home/josea/ros2_ws/src/install/challenge02/share/challenge02/package.zsh'
[8.002s] Level 1:colcon.colcon_core.environment:create_file_with_runtime_dependencies(/home/josea/ros2_ws/src/install/challenge02/share/colcon-core/packages/challenge02)
[8.005s] INFO:colcon.colcon_ros.task.ament_python.build:Building ROS package in '/home/josea/ros2_ws/src/motor_control' with build type 'ament_python'
[8.008s] Level 1:colcon.colcon_core.shell:create_environment_hook('motor_control', 'ament_prefix_path')
[8.010s] INFO:colcon.colcon_core.shell:Creating environment hook '/home/josea/ros2_ws/src/install/motor_control/share/motor_control/hook/ament_prefix_path.ps1'
[8.014s] INFO:colcon.colcon_core.shell:Creating environment descriptor '/home/josea/ros2_ws/src/install/motor_control/share/motor_control/hook/ament_prefix_path.dsv'
[8.016s] INFO:colcon.colcon_core.shell:Creating environment hook '/home/josea/ros2_ws/src/install/motor_control/share/motor_control/hook/ament_prefix_path.sh'
[8.018s] INFO:colcon.colcon_core.shell:Skip shell extension 'powershell' for command environment: Not usable outside of PowerShell
[8.019s] DEBUG:colcon.colcon_core.shell:Skip shell extension 'dsv' for command environment
[8.843s] INFO:colcon.colcon_core.task.python.build:Building Python package in '/home/josea/ros2_ws/src/motor_control'
[8.844s] INFO:colcon.colcon_core.shell:Skip shell extension 'powershell' for command environment: Not usable outside of PowerShell
[8.844s] DEBUG:colcon.colcon_core.shell:Skip shell extension 'dsv' for command environment
[8.859s] DEBUG:colcon.colcon_core.event_handler.log_command:Invoked command in '/home/josea/ros2_ws/src/build/custom_interfaces' returned '1': CMAKE_PREFIX_PATH=/home/josea/ros2_ws/install/my_pack_clas:/home/josea/ros2_ws/install/motor_control:/home/josea/ros2_ws/install/challenge02:/home/josea/ros2_ws/install/challenge01:/home/josea/ros2_ws/install/basic_comms:/home/josea/ros2_ws/install/Challenge02:/opt/ros/humble /usr/bin/cmake /home/josea/ros2_ws/src/custom_interfaces -DCMAKE_INSTALL_PREFIX=/home/josea/ros2_ws/src/install/custom_interfaces
[8.900s] Level 1:colcon.colcon_core.environment:create_environment_scripts_only(custom_interfaces)
[8.901s] Level 1:colcon.colcon_core.environment:checking '/home/josea/ros2_ws/src/install/custom_interfaces' for CMake module files
[8.902s] Level 1:colcon.colcon_core.environment:checking '/home/josea/ros2_ws/src/install/custom_interfaces' for CMake config files
[8.902s] Level 1:colcon.colcon_core.environment:checking '/home/josea/ros2_ws/src/install/custom_interfaces/bin'
[8.903s] Level 1:colcon.colcon_core.environment:checking '/home/josea/ros2_ws/src/install/custom_interfaces/lib/pkgconfig/custom_interfaces.pc'
[8.903s] Level 1:colcon.colcon_core.environment:checking '/home/josea/ros2_ws/src/install/custom_interfaces/lib/python3.10/site-packages'
[8.904s] Level 1:colcon.colcon_core.environment:checking '/home/josea/ros2_ws/src/install/custom_interfaces/bin'
[8.905s] INFO:colcon.colcon_core.shell:Creating package script '/home/josea/ros2_ws/src/install/custom_interfaces/share/custom_interfaces/package.ps1'
[8.906s] INFO:colcon.colcon_core.shell:Creating package descriptor '/home/josea/ros2_ws/src/install/custom_interfaces/share/custom_interfaces/package.dsv'
[8.908s] INFO:colcon.colcon_core.shell:Creating package script '/home/josea/ros2_ws/src/install/custom_interfaces/share/custom_interfaces/package.sh'
[8.911s] INFO:colcon.colcon_core.shell:Creating package script '/home/josea/ros2_ws/src/install/custom_interfaces/share/custom_interfaces/package.bash'
[8.912s] INFO:colcon.colcon_core.shell:Creating package script '/home/josea/ros2_ws/src/install/custom_interfaces/share/custom_interfaces/package.zsh'
[8.913s] Level 1:colcon.colcon_core.environment:create_file_with_runtime_dependencies(/home/josea/ros2_ws/src/install/custom_interfaces/share/colcon-core/packages/custom_interfaces)
[9.699s] DEBUG:colcon.colcon_parallel_executor.executor.parallel:closing loop
[9.699s] DEBUG:colcon.colcon_parallel_executor.executor.parallel:loop closed
[9.701s] DEBUG:colcon.colcon_parallel_executor.executor.parallel:run_until_complete finished with '1'
[9.701s] DEBUG:colcon.colcon_core.event_reactor:joining thread
[9.725s] INFO:colcon.colcon_core.plugin_system:Skipping extension 'colcon_notification.desktop_notification.terminal_notifier': Not used on non-Darwin systems
[9.725s] INFO:colcon.colcon_core.plugin_system:Skipping extension 'colcon_notification.desktop_notification.win32': Not used on non-Windows systems
[9.725s] INFO:colcon.colcon_notification.desktop_notification:Sending desktop notification using 'notify2'
[9.773s] DEBUG:colcon.colcon_core.event_reactor:joined thread
[9.774s] INFO:colcon.colcon_core.shell:Creating prefix script '/home/josea/ros2_ws/src/install/local_setup.ps1'
[9.778s] INFO:colcon.colcon_core.shell:Creating prefix util module '/home/josea/ros2_ws/src/install/_local_setup_util_ps1.py'
[9.783s] INFO:colcon.colcon_core.shell:Creating prefix chain script '/home/josea/ros2_ws/src/install/setup.ps1'
[9.787s] INFO:colcon.colcon_core.shell:Creating prefix script '/home/josea/ros2_ws/src/install/local_setup.sh'
[9.789s] INFO:colcon.colcon_core.shell:Creating prefix util module '/home/josea/ros2_ws/src/install/_local_setup_util_sh.py'
[9.791s] INFO:colcon.colcon_core.shell:Creating prefix chain script '/home/josea/ros2_ws/src/install/setup.sh'
[9.794s] INFO:colcon.colcon_core.shell:Creating prefix script '/home/josea/ros2_ws/src/install/local_setup.bash'
[9.797s] INFO:colcon.colcon_core.shell:Creating prefix chain script '/home/josea/ros2_ws/src/install/setup.bash'
[9.801s] INFO:colcon.colcon_core.shell:Creating prefix script '/home/josea/ros2_ws/src/install/local_setup.zsh'
[9.803s] INFO:colcon.colcon_core.shell:Creating prefix chain script '/home/josea/ros2_ws/src/install/setup.zsh'
