[5.453s] Invoking command in '/home/josea/ros2_ws/src/basic_comms': PYTHONPATH=/home/josea/ros2_ws/build/basic_comms/prefix_override:/usr/lib/python3/dist-packages/colcon_core/task/python/colcon_distutils_commands:/home/josea/ros2_ws/install/basic_comms/lib/python3.10/site-packages:${PYTHONPATH} /usr/bin/python3 -W ignore:setup.py install is deprecated -W ignore:easy_install command is deprecated setup.py egg_info --egg-base ../../build/basic_comms build --build-base /home/josea/ros2_ws/build/basic_comms/build install --record /home/josea/ros2_ws/build/basic_comms/install.log --single-version-externally-managed install_data
[7.624s] running egg_info
[7.630s] writing ../../build/basic_comms/basic_comms.egg-info/PKG-INFO
[7.630s] writing dependency_links to ../../build/basic_comms/basic_comms.egg-info/dependency_links.txt
[7.635s] writing entry points to ../../build/basic_comms/basic_comms.egg-info/entry_points.txt
[7.635s] writing requirements to ../../build/basic_comms/basic_comms.egg-info/requires.txt
[7.635s] writing top-level names to ../../build/basic_comms/basic_comms.egg-info/top_level.txt
[7.650s] reading manifest file '../../build/basic_comms/basic_comms.egg-info/SOURCES.txt'
[7.656s] writing manifest file '../../build/basic_comms/basic_comms.egg-info/SOURCES.txt'
[7.657s] running build
[7.657s] running build_py
[7.658s] running install
[7.663s] running install_lib
[7.679s] running install_data
[7.682s] running install_egg_info
[7.695s] removing '/home/josea/ros2_ws/install/basic_comms/lib/python3.10/site-packages/basic_comms-0.0.0-py3.10.egg-info' (and everything under it)
[7.697s] Copying ../../build/basic_comms/basic_comms.egg-info to /home/josea/ros2_ws/install/basic_comms/lib/python3.10/site-packages/basic_comms-0.0.0-py3.10.egg-info
[7.707s] running install_scripts
[7.835s] Installing talker script to /home/josea/ros2_ws/install/basic_comms/lib/basic_comms
[7.839s] writing list of installed files to '/home/josea/ros2_ws/build/basic_comms/install.log'
[8.033s] Invoked command in '/home/josea/ros2_ws/src/basic_comms' returned '0': PYTHONPATH=/home/josea/ros2_ws/build/basic_comms/prefix_override:/usr/lib/python3/dist-packages/colcon_core/task/python/colcon_distutils_commands:/home/josea/ros2_ws/install/basic_comms/lib/python3.10/site-packages:${PYTHONPATH} /usr/bin/python3 -W ignore:setup.py install is deprecated -W ignore:easy_install command is deprecated setup.py egg_info --egg-base ../../build/basic_comms build --build-base /home/josea/ros2_ws/build/basic_comms/build install --record /home/josea/ros2_ws/build/basic_comms/install.log --single-version-externally-managed install_data
