[1.929s] Invoking command in '/home/josea/ros2_ws/src/my_pack_clas': PYTHONPATH=/home/josea/ros2_ws/src/build/my_pack_clas/prefix_override:/usr/lib/python3/dist-packages/colcon_core/task/python/colcon_distutils_commands:/home/josea/ros2_ws/src/install/my_pack_clas/lib/python3.10/site-packages:${PYTHONPATH} /usr/bin/python3 -W ignore:setup.py install is deprecated -W ignore:easy_install command is deprecated setup.py egg_info --egg-base ../build/my_pack_clas build --build-base /home/josea/ros2_ws/src/build/my_pack_clas/build install --record /home/josea/ros2_ws/src/build/my_pack_clas/install.log --single-version-externally-managed install_data
[2.542s] Traceback (most recent call last):
[2.542s]   File "/home/josea/ros2_ws/src/my_pack_clas/setup.py", line 1, in <module>
[2.542s]     from setuptools import find_packages, setup
[2.542s]   File "/usr/lib/python3/dist-packages/setuptools/__init__.py", line 16, in <module>
[2.548s]     import setuptools.version
[2.548s]   File "/usr/lib/python3/dist-packages/setuptools/version.py", line 1, in <module>
[2.548s]     import pkg_resources
[2.548s]   File "/usr/lib/python3/dist-packages/pkg_resources/__init__.py", line 3267, in <module>
[2.550s]     def _initialize_master_working_set():
[2.550s]   File "/usr/lib/python3/dist-packages/pkg_resources/__init__.py", line 3241, in _call_aside
[2.551s]     f(*args, **kwargs)
[2.553s]   File "/usr/lib/python3/dist-packages/pkg_resources/__init__.py", line 3302, in _initialize_master_working_set
[2.555s]     list(map(working_set.add_entry, sys.path))
[2.555s]   File "/usr/lib/python3/dist-packages/pkg_resources/__init__.py", line 613, in add_entry
[2.558s]     for dist in find_distributions(entry, True):
[2.559s]   File "/usr/lib/python3/dist-packages/pkg_resources/__init__.py", line 2077, in find_on_path
[2.559s]     for dist in factory(fullpath):
[2.559s]   File "/usr/lib/python3/dist-packages/pkg_resources/__init__.py", line 2142, in distributions_from_metadata
[2.560s]     yield Distribution.from_location(
[2.560s]   File "/usr/lib/python3/dist-packages/pkg_resources/__init__.py", line 2606, in from_location
[2.560s]     )._reload_version()
[2.560s]   File "/usr/lib/python3/dist-packages/pkg_resources/__init__.py", line 3004, in _reload_version
[2.563s]     md_version = self._get_version()
[2.563s]   File "/usr/lib/python3/dist-packages/pkg_resources/__init__.py", line 2785, in _get_version
[2.563s]     version = _version_from_file(lines)
[2.563s]   File "/usr/lib/python3/dist-packages/pkg_resources/__init__.py", line 2569, in _version_from_file
[2.563s]     line = next(iter(version_lines), '')
[2.564s]   File "/usr/lib/python3/dist-packages/pkg_resources/__init__.py", line 2780, in _get_metadata
[2.564s]     for line in self.get_metadata_lines(name):
[2.564s]   File "/usr/lib/python3/dist-packages/pkg_resources/__init__.py", line 1422, in get_metadata_lines
[2.564s]     return yield_lines(self.get_metadata(name))
[2.571s]   File "/usr/lib/python3/dist-packages/pkg_resources/__init__.py", line 1412, in get_metadata
[2.572s]     value = self._get(path)
[2.572s]   File "/usr/lib/python3/dist-packages/pkg_resources/__init__.py", line 1617, in _get
[2.572s]     return stream.read()
[2.572s] KeyboardInterrupt
[2.617s] Invoked command in '/home/josea/ros2_ws/src/my_pack_clas' returned '-2': PYTHONPATH=/home/josea/ros2_ws/src/build/my_pack_clas/prefix_override:/usr/lib/python3/dist-packages/colcon_core/task/python/colcon_distutils_commands:/home/josea/ros2_ws/src/install/my_pack_clas/lib/python3.10/site-packages:${PYTHONPATH} /usr/bin/python3 -W ignore:setup.py install is deprecated -W ignore:easy_install command is deprecated setup.py egg_info --egg-base ../build/my_pack_clas build --build-base /home/josea/ros2_ws/src/build/my_pack_clas/build install --record /home/josea/ros2_ws/src/build/my_pack_clas/install.log --single-version-externally-managed install_data
