[1.293s] Invoking command in '/home/josea/ros2_ws/src/challenge02': PYTHONPATH=/home/josea/ros2_ws/build/challenge02/prefix_override:/usr/lib/python3/dist-packages/colcon_core/task/python/colcon_distutils_commands:/home/josea/ros2_ws/install/challenge02/lib/python3.10/site-packages:${PYTHONPATH} /usr/bin/python3 -W ignore:setup.py install is deprecated -W ignore:easy_install command is deprecated setup.py egg_info --egg-base ../../build/challenge02 build --build-base /home/josea/ros2_ws/build/challenge02/build install --record /home/josea/ros2_ws/build/challenge02/install.log --single-version-externally-managed install_data
[1.797s] running egg_info
[1.799s] writing ../../build/challenge02/challenge02.egg-info/PKG-INFO
[1.800s] writing dependency_links to ../../build/challenge02/challenge02.egg-info/dependency_links.txt
[1.800s] writing entry points to ../../build/challenge02/challenge02.egg-info/entry_points.txt
[1.801s] writing requirements to ../../build/challenge02/challenge02.egg-info/requires.txt
[1.801s] writing top-level names to ../../build/challenge02/challenge02.egg-info/top_level.txt
[1.805s] reading manifest file '../../build/challenge02/challenge02.egg-info/SOURCES.txt'
[1.806s] writing manifest file '../../build/challenge02/challenge02.egg-info/SOURCES.txt'
[1.807s] running build
[1.807s] running build_py
[1.808s] running install
[1.811s] running install_lib
[1.814s] running install_data
[1.814s] running install_egg_info
[1.818s] removing '/home/josea/ros2_ws/install/challenge02/lib/python3.10/site-packages/challenge02-0.0.0-py3.10.egg-info' (and everything under it)
[1.819s] Copying ../../build/challenge02/challenge02.egg-info to /home/josea/ros2_ws/install/challenge02/lib/python3.10/site-packages/challenge02-0.0.0-py3.10.egg-info
[1.821s] running install_scripts
[1.864s] Installing controller script to /home/josea/ros2_ws/install/challenge02/lib/challenge02
[1.865s] Installing dc_motor script to /home/josea/ros2_ws/install/challenge02/lib/challenge02
[1.865s] Installing plant_test script to /home/josea/ros2_ws/install/challenge02/lib/challenge02
[1.866s] Installing set_point script to /home/josea/ros2_ws/install/challenge02/lib/challenge02
[1.867s] writing list of installed files to '/home/josea/ros2_ws/build/challenge02/install.log'
[1.935s] Invoked command in '/home/josea/ros2_ws/src/challenge02' returned '0': PYTHONPATH=/home/josea/ros2_ws/build/challenge02/prefix_override:/usr/lib/python3/dist-packages/colcon_core/task/python/colcon_distutils_commands:/home/josea/ros2_ws/install/challenge02/lib/python3.10/site-packages:${PYTHONPATH} /usr/bin/python3 -W ignore:setup.py install is deprecated -W ignore:easy_install command is deprecated setup.py egg_info --egg-base ../../build/challenge02 build --build-base /home/josea/ros2_ws/build/challenge02/build install --record /home/josea/ros2_ws/build/challenge02/install.log --single-version-externally-managed install_data
