[1.279s] Invoking command in '/home/josea/ros2_ws/src/challenge01': PYTHONPATH=/home/josea/ros2_ws/build/challenge01/prefix_override:/usr/lib/python3/dist-packages/colcon_core/task/python/colcon_distutils_commands:/home/josea/ros2_ws/install/challenge01/lib/python3.10/site-packages:${PYTHONPATH} /usr/bin/python3 -W ignore:setup.py install is deprecated -W ignore:easy_install command is deprecated setup.py egg_info --egg-base ../../build/challenge01 build --build-base /home/josea/ros2_ws/build/challenge01/build install --record /home/josea/ros2_ws/build/challenge01/install.log --single-version-externally-managed install_data
[1.750s] running egg_info
[1.753s] writing ../../build/challenge01/challenge01.egg-info/PKG-INFO
[1.754s] writing dependency_links to ../../build/challenge01/challenge01.egg-info/dependency_links.txt
[1.754s] writing entry points to ../../build/challenge01/challenge01.egg-info/entry_points.txt
[1.755s] writing requirements to ../../build/challenge01/challenge01.egg-info/requires.txt
[1.755s] writing top-level names to ../../build/challenge01/challenge01.egg-info/top_level.txt
[1.758s] reading manifest file '../../build/challenge01/challenge01.egg-info/SOURCES.txt'
[1.760s] writing manifest file '../../build/challenge01/challenge01.egg-info/SOURCES.txt'
[1.761s] running build
[1.761s] running build_py
[1.761s] running install
[1.765s] running install_lib
[1.767s] running install_data
[1.768s] running install_egg_info
[1.772s] removing '/home/josea/ros2_ws/install/challenge01/lib/python3.10/site-packages/challenge01-0.0.0-py3.10.egg-info' (and everything under it)
[1.773s] Copying ../../build/challenge01/challenge01.egg-info to /home/josea/ros2_ws/install/challenge01/lib/python3.10/site-packages/challenge01-0.0.0-py3.10.egg-info
[1.774s] running install_scripts
[1.813s] Installing proccess script to /home/josea/ros2_ws/install/challenge01/lib/challenge01
[1.814s] Installing signal_generetor script to /home/josea/ros2_ws/install/challenge01/lib/challenge01
[1.815s] writing list of installed files to '/home/josea/ros2_ws/build/challenge01/install.log'
[1.883s] Invoked command in '/home/josea/ros2_ws/src/challenge01' returned '0': PYTHONPATH=/home/josea/ros2_ws/build/challenge01/prefix_override:/usr/lib/python3/dist-packages/colcon_core/task/python/colcon_distutils_commands:/home/josea/ros2_ws/install/challenge01/lib/python3.10/site-packages:${PYTHONPATH} /usr/bin/python3 -W ignore:setup.py install is deprecated -W ignore:easy_install command is deprecated setup.py egg_info --egg-base ../../build/challenge01 build --build-base /home/josea/ros2_ws/build/challenge01/build install --record /home/josea/ros2_ws/build/challenge01/install.log --single-version-externally-managed install_data
