[4.187s] Invoking command in '/home/josea/ros2_ws/src/motor_control': PYTHONPATH=/home/josea/ros2_ws/build/motor_control/prefix_override:/usr/lib/python3/dist-packages/colcon_core/task/python/colcon_distutils_commands:/home/josea/ros2_ws/install/motor_control/lib/python3.10/site-packages:${PYTHONPATH} /usr/bin/python3 -W ignore:setup.py install is deprecated -W ignore:easy_install command is deprecated setup.py egg_info --egg-base ../../build/motor_control build --build-base /home/josea/ros2_ws/build/motor_control/build install --record /home/josea/ros2_ws/build/motor_control/install.log --single-version-externally-managed install_data
[6.254s] running egg_info
[6.260s] writing ../../build/motor_control/motor_control.egg-info/PKG-INFO
[6.261s] writing dependency_links to ../../build/motor_control/motor_control.egg-info/dependency_links.txt
[6.261s] writing entry points to ../../build/motor_control/motor_control.egg-info/entry_points.txt
[6.262s] writing requirements to ../../build/motor_control/motor_control.egg-info/requires.txt
[6.263s] writing top-level names to ../../build/motor_control/motor_control.egg-info/top_level.txt
[6.278s] reading manifest file '../../build/motor_control/motor_control.egg-info/SOURCES.txt'
[6.279s] adding license file 'LICENSE'
[6.288s] writing manifest file '../../build/motor_control/motor_control.egg-info/SOURCES.txt'
[6.288s] running build
[6.288s] running build_py
[6.289s] running install
[6.291s] running install_lib
[6.309s] running install_data
[6.310s] running install_egg_info
[6.323s] removing '/home/josea/ros2_ws/install/motor_control/lib/python3.10/site-packages/motor_control-0.0.0-py3.10.egg-info' (and everything under it)
[6.324s] Copying ../../build/motor_control/motor_control.egg-info to /home/josea/ros2_ws/install/motor_control/lib/python3.10/site-packages/motor_control-0.0.0-py3.10.egg-info
[6.338s] running install_scripts
[6.472s] Installing dc_motor script to /home/josea/ros2_ws/install/motor_control/lib/motor_control
[6.473s] Installing set_point script to /home/josea/ros2_ws/install/motor_control/lib/motor_control
[6.481s] writing list of installed files to '/home/josea/ros2_ws/build/motor_control/install.log'
[6.678s] Invoked command in '/home/josea/ros2_ws/src/motor_control' returned '0': PYTHONPATH=/home/josea/ros2_ws/build/motor_control/prefix_override:/usr/lib/python3/dist-packages/colcon_core/task/python/colcon_distutils_commands:/home/josea/ros2_ws/install/motor_control/lib/python3.10/site-packages:${PYTHONPATH} /usr/bin/python3 -W ignore:setup.py install is deprecated -W ignore:easy_install command is deprecated setup.py egg_info --egg-base ../../build/motor_control build --build-base /home/josea/ros2_ws/build/motor_control/build install --record /home/josea/ros2_ws/build/motor_control/install.log --single-version-externally-managed install_data
