[0.251s] DEBUG:colcon:Command line arguments: ['/usr/bin/colcon', 'build']
[0.251s] DEBUG:colcon:Parsed command line arguments: Namespace(log_base=None, log_level=None, verb_name='build', build_base='build', install_base='install', merge_install=False, symlink_install=False, test_result_base=None, continue_on_error=False, executor='parallel', parallel_workers=2, event_handlers=None, ignore_user_meta=False, metas=['./colcon.meta'], base_paths=['.'], packages_ignore=None, packages_ignore_regex=None, paths=None, packages_up_to=None, packages_up_to_regex=None, packages_above=None, packages_above_and_dependencies=None, packages_above_depth=None, packages_select_by_dep=None, packages_skip_by_dep=None, packages_skip_up_to=None, packages_select_build_failed=False, packages_skip_build_finished=False, packages_select_test_failures=False, packages_skip_test_passed=False, packages_select=None, packages_skip=None, packages_select_regex=None, packages_skip_regex=None, packages_start=None, packages_end=None, allow_overriding=[], cmake_args=None, cmake_target=None, cmake_target_skip_unavailable=False, cmake_clean_cache=False, cmake_clean_first=False, cmake_force_configure=False, ament_cmake_args=None, catkin_cmake_args=None, catkin_skip_building_tests=False, mixin_files=None, mixin=None, verb_parser=<colcon_mixin.mixin.mixin_argument.MixinArgumentDecorator object at 0x719f61d4eda0>, verb_extension=<colcon_core.verb.build.BuildVerb object at 0x719f61d4dff0>, main=<bound method BuildVerb.main of <colcon_core.verb.build.BuildVerb object at 0x719f61d4dff0>>, mixin_verb=('build',))
[0.626s] Level 1:colcon.colcon_core.package_discovery:discover_packages(colcon_meta) check parameters
[0.626s] Level 1:colcon.colcon_core.package_discovery:discover_packages(recursive) check parameters
[0.626s] Level 1:colcon.colcon_core.package_discovery:discover_packages(ignore) check parameters
[0.626s] Level 1:colcon.colcon_core.package_discovery:discover_packages(path) check parameters
[0.626s] Level 1:colcon.colcon_core.package_discovery:discover_packages(colcon_meta) discover
[0.626s] Level 1:colcon.colcon_core.package_discovery:discover_packages(recursive) discover
[0.626s] INFO:colcon.colcon_core.package_discovery:Crawling recursively for packages in '/home/josea/ros2_ws/src'
[0.627s] Level 1:colcon.colcon_core.package_identification:_identify(.) by extensions ['ignore', 'ignore_ament_install']
[0.627s] Level 1:colcon.colcon_core.package_identification:_identify(.) by extension 'ignore'
[0.627s] Level 1:colcon.colcon_core.package_identification:_identify(.) by extension 'ignore_ament_install'
[0.627s] Level 1:colcon.colcon_core.package_identification:_identify(.) by extensions ['colcon_pkg']
[0.627s] Level 1:colcon.colcon_core.package_identification:_identify(.) by extension 'colcon_pkg'
[0.627s] Level 1:colcon.colcon_core.package_identification:_identify(.) by extensions ['colcon_meta']
[0.628s] Level 1:colcon.colcon_core.package_identification:_identify(.) by extension 'colcon_meta'
[0.628s] Level 1:colcon.colcon_core.package_identification:_identify(.) by extensions ['ros']
[0.628s] Level 1:colcon.colcon_core.package_identification:_identify(.) by extension 'ros'
[0.652s] Level 1:colcon.colcon_core.package_identification:_identify(.) by extensions ['cmake', 'python']
[0.652s] Level 1:colcon.colcon_core.package_identification:_identify(.) by extension 'cmake'
[0.652s] Level 1:colcon.colcon_core.package_identification:_identify(.) by extension 'python'
[0.652s] Level 1:colcon.colcon_core.package_identification:_identify(.) by extensions ['python_setup_py']
[0.652s] Level 1:colcon.colcon_core.package_identification:_identify(.) by extension 'python_setup_py'
[0.652s] Level 1:colcon.colcon_core.package_identification:_identify(basic_comms) by extensions ['ignore', 'ignore_ament_install']
[0.653s] Level 1:colcon.colcon_core.package_identification:_identify(basic_comms) by extension 'ignore'
[0.653s] Level 1:colcon.colcon_core.package_identification:_identify(basic_comms) by extension 'ignore_ament_install'
[0.653s] Level 1:colcon.colcon_core.package_identification:_identify(basic_comms) by extensions ['colcon_pkg']
[0.653s] Level 1:colcon.colcon_core.package_identification:_identify(basic_comms) by extension 'colcon_pkg'
[0.653s] Level 1:colcon.colcon_core.package_identification:_identify(basic_comms) by extensions ['colcon_meta']
[0.653s] Level 1:colcon.colcon_core.package_identification:_identify(basic_comms) by extension 'colcon_meta'
[0.653s] Level 1:colcon.colcon_core.package_identification:_identify(basic_comms) by extensions ['ros']
[0.653s] Level 1:colcon.colcon_core.package_identification:_identify(basic_comms) by extension 'ros'
[0.658s] DEBUG:colcon.colcon_core.package_identification:Package 'basic_comms' with type 'ros.ament_python' and name 'basic_comms'
[0.658s] Level 1:colcon.colcon_core.package_identification:_identify(build) by extensions ['ignore', 'ignore_ament_install']
[0.659s] Level 1:colcon.colcon_core.package_identification:_identify(build) by extension 'ignore'
[0.659s] Level 1:colcon.colcon_core.package_identification:_identify(build) ignored
[0.659s] Level 1:colcon.colcon_core.package_identification:_identify(challenge01) by extensions ['ignore', 'ignore_ament_install']
[0.659s] Level 1:colcon.colcon_core.package_identification:_identify(challenge01) by extension 'ignore'
[0.660s] Level 1:colcon.colcon_core.package_identification:_identify(challenge01) by extension 'ignore_ament_install'
[0.660s] Level 1:colcon.colcon_core.package_identification:_identify(challenge01) by extensions ['colcon_pkg']
[0.660s] Level 1:colcon.colcon_core.package_identification:_identify(challenge01) by extension 'colcon_pkg'
[0.660s] Level 1:colcon.colcon_core.package_identification:_identify(challenge01) by extensions ['colcon_meta']
[0.660s] Level 1:colcon.colcon_core.package_identification:_identify(challenge01) by extension 'colcon_meta'
[0.660s] Level 1:colcon.colcon_core.package_identification:_identify(challenge01) by extensions ['ros']
[0.660s] Level 1:colcon.colcon_core.package_identification:_identify(challenge01) by extension 'ros'
[0.661s] DEBUG:colcon.colcon_core.package_identification:Package 'challenge01' with type 'ros.ament_python' and name 'challenge01'
[0.662s] Level 1:colcon.colcon_core.package_identification:_identify(challenge02) by extensions ['ignore', 'ignore_ament_install']
[0.662s] Level 1:colcon.colcon_core.package_identification:_identify(challenge02) by extension 'ignore'
[0.662s] Level 1:colcon.colcon_core.package_identification:_identify(challenge02) by extension 'ignore_ament_install'
[0.662s] Level 1:colcon.colcon_core.package_identification:_identify(challenge02) by extensions ['colcon_pkg']
[0.662s] Level 1:colcon.colcon_core.package_identification:_identify(challenge02) by extension 'colcon_pkg'
[0.662s] Level 1:colcon.colcon_core.package_identification:_identify(challenge02) by extensions ['colcon_meta']
[0.662s] Level 1:colcon.colcon_core.package_identification:_identify(challenge02) by extension 'colcon_meta'
[0.662s] Level 1:colcon.colcon_core.package_identification:_identify(challenge02) by extensions ['ros']
[0.662s] Level 1:colcon.colcon_core.package_identification:_identify(challenge02) by extension 'ros'
[0.664s] DEBUG:colcon.colcon_core.package_identification:Package 'challenge02' with type 'ros.ament_python' and name 'challenge02'
[0.664s] Level 1:colcon.colcon_core.package_identification:_identify(custom_interfaces) by extensions ['ignore', 'ignore_ament_install']
[0.665s] Level 1:colcon.colcon_core.package_identification:_identify(custom_interfaces) by extension 'ignore'
[0.665s] Level 1:colcon.colcon_core.package_identification:_identify(custom_interfaces) by extension 'ignore_ament_install'
[0.665s] Level 1:colcon.colcon_core.package_identification:_identify(custom_interfaces) by extensions ['colcon_pkg']
[0.665s] Level 1:colcon.colcon_core.package_identification:_identify(custom_interfaces) by extension 'colcon_pkg'
[0.665s] Level 1:colcon.colcon_core.package_identification:_identify(custom_interfaces) by extensions ['colcon_meta']
[0.665s] Level 1:colcon.colcon_core.package_identification:_identify(custom_interfaces) by extension 'colcon_meta'
[0.665s] Level 1:colcon.colcon_core.package_identification:_identify(custom_interfaces) by extensions ['ros']
[0.665s] Level 1:colcon.colcon_core.package_identification:_identify(custom_interfaces) by extension 'ros'
[0.667s] DEBUG:colcon.colcon_core.package_identification:Package 'custom_interfaces' with type 'ros.ament_cmake' and name 'custom_interfaces'
[0.667s] Level 1:colcon.colcon_core.package_identification:_identify(install) by extensions ['ignore', 'ignore_ament_install']
[0.668s] Level 1:colcon.colcon_core.package_identification:_identify(install) by extension 'ignore'
[0.668s] Level 1:colcon.colcon_core.package_identification:_identify(install) ignored
[0.668s] Level 1:colcon.colcon_core.package_identification:_identify(log) by extensions ['ignore', 'ignore_ament_install']
[0.668s] Level 1:colcon.colcon_core.package_identification:_identify(log) by extension 'ignore'
[0.668s] Level 1:colcon.colcon_core.package_identification:_identify(log) ignored
[0.669s] Level 1:colcon.colcon_core.package_identification:_identify(motor_control) by extensions ['ignore', 'ignore_ament_install']
[0.669s] Level 1:colcon.colcon_core.package_identification:_identify(motor_control) by extension 'ignore'
[0.669s] Level 1:colcon.colcon_core.package_identification:_identify(motor_control) by extension 'ignore_ament_install'
[0.669s] Level 1:colcon.colcon_core.package_identification:_identify(motor_control) by extensions ['colcon_pkg']
[0.669s] Level 1:colcon.colcon_core.package_identification:_identify(motor_control) by extension 'colcon_pkg'
[0.670s] Level 1:colcon.colcon_core.package_identification:_identify(motor_control) by extensions ['colcon_meta']
[0.670s] Level 1:colcon.colcon_core.package_identification:_identify(motor_control) by extension 'colcon_meta'
[0.670s] Level 1:colcon.colcon_core.package_identification:_identify(motor_control) by extensions ['ros']
[0.670s] Level 1:colcon.colcon_core.package_identification:_identify(motor_control) by extension 'ros'
[0.672s] DEBUG:colcon.colcon_core.package_identification:Package 'motor_control' with type 'ros.ament_python' and name 'motor_control'
[0.672s] Level 1:colcon.colcon_core.package_identification:_identify(my_pack_clas) by extensions ['ignore', 'ignore_ament_install']
[0.672s] Level 1:colcon.colcon_core.package_identification:_identify(my_pack_clas) by extension 'ignore'
[0.673s] Level 1:colcon.colcon_core.package_identification:_identify(my_pack_clas) by extension 'ignore_ament_install'
[0.673s] Level 1:colcon.colcon_core.package_identification:_identify(my_pack_clas) by extensions ['colcon_pkg']
[0.673s] Level 1:colcon.colcon_core.package_identification:_identify(my_pack_clas) by extension 'colcon_pkg'
[0.673s] Level 1:colcon.colcon_core.package_identification:_identify(my_pack_clas) by extensions ['colcon_meta']
[0.673s] Level 1:colcon.colcon_core.package_identification:_identify(my_pack_clas) by extension 'colcon_meta'
[0.673s] Level 1:colcon.colcon_core.package_identification:_identify(my_pack_clas) by extensions ['ros']
[0.673s] Level 1:colcon.colcon_core.package_identification:_identify(my_pack_clas) by extension 'ros'
[0.674s] DEBUG:colcon.colcon_core.package_identification:Package 'my_pack_clas' with type 'ros.ament_python' and name 'my_pack_clas'
[0.674s] Level 1:colcon.colcon_core.package_discovery:discover_packages(recursive) using defaults
[0.675s] Level 1:colcon.colcon_core.package_discovery:discover_packages(ignore) discover
[0.675s] Level 1:colcon.colcon_core.package_discovery:discover_packages(ignore) using defaults
[0.675s] Level 1:colcon.colcon_core.package_discovery:discover_packages(path) discover
[0.675s] Level 1:colcon.colcon_core.package_discovery:discover_packages(path) using defaults
[0.744s] Level 1:colcon.colcon_core.package_discovery:discover_packages(prefix_path) check parameters
[0.744s] Level 1:colcon.colcon_core.package_discovery:discover_packages(prefix_path) discover
[0.749s] DEBUG:colcon.colcon_installed_package_information.package_discovery:Found 6 installed packages in /home/josea/ros2_ws/src/install
[0.750s] DEBUG:colcon.colcon_installed_package_information.package_discovery:Found 7 installed packages in /home/josea/ros2_ws/install
[0.754s] DEBUG:colcon.colcon_installed_package_information.package_discovery:Found 312 installed packages in /opt/ros/humble
[0.758s] Level 1:colcon.colcon_core.package_discovery:discover_packages(prefix_path) using defaults
[0.857s] Level 5:colcon.colcon_core.verb:set package 'basic_comms' build argument 'cmake_args' from command line to 'None'
[0.857s] Level 5:colcon.colcon_core.verb:set package 'basic_comms' build argument 'cmake_target' from command line to 'None'
[0.857s] Level 5:colcon.colcon_core.verb:set package 'basic_comms' build argument 'cmake_target_skip_unavailable' from command line to 'False'
[0.857s] Level 5:colcon.colcon_core.verb:set package 'basic_comms' build argument 'cmake_clean_cache' from command line to 'False'
[0.857s] Level 5:colcon.colcon_core.verb:set package 'basic_comms' build argument 'cmake_clean_first' from command line to 'False'
[0.857s] Level 5:colcon.colcon_core.verb:set package 'basic_comms' build argument 'cmake_force_configure' from command line to 'False'
[0.857s] Level 5:colcon.colcon_core.verb:set package 'basic_comms' build argument 'ament_cmake_args' from command line to 'None'
[0.857s] Level 5:colcon.colcon_core.verb:set package 'basic_comms' build argument 'catkin_cmake_args' from command line to 'None'
[0.857s] Level 5:colcon.colcon_core.verb:set package 'basic_comms' build argument 'catkin_skip_building_tests' from command line to 'False'
[0.858s] DEBUG:colcon.colcon_core.verb:Building package 'basic_comms' with the following arguments: {'ament_cmake_args': None, 'build_base': '/home/josea/ros2_ws/src/build/basic_comms', 'catkin_cmake_args': None, 'catkin_skip_building_tests': False, 'cmake_args': None, 'cmake_clean_cache': False, 'cmake_clean_first': False, 'cmake_force_configure': False, 'cmake_target': None, 'cmake_target_skip_unavailable': False, 'install_base': '/home/josea/ros2_ws/src/install/basic_comms', 'merge_install': False, 'path': '/home/josea/ros2_ws/src/basic_comms', 'symlink_install': False, 'test_result_base': None}
[0.859s] Level 5:colcon.colcon_core.verb:set package 'challenge01' build argument 'cmake_args' from command line to 'None'
[0.859s] Level 5:colcon.colcon_core.verb:set package 'challenge01' build argument 'cmake_target' from command line to 'None'
[0.859s] Level 5:colcon.colcon_core.verb:set package 'challenge01' build argument 'cmake_target_skip_unavailable' from command line to 'False'
[0.859s] Level 5:colcon.colcon_core.verb:set package 'challenge01' build argument 'cmake_clean_cache' from command line to 'False'
[0.859s] Level 5:colcon.colcon_core.verb:set package 'challenge01' build argument 'cmake_clean_first' from command line to 'False'
[0.859s] Level 5:colcon.colcon_core.verb:set package 'challenge01' build argument 'cmake_force_configure' from command line to 'False'
[0.859s] Level 5:colcon.colcon_core.verb:set package 'challenge01' build argument 'ament_cmake_args' from command line to 'None'
[0.859s] Level 5:colcon.colcon_core.verb:set package 'challenge01' build argument 'catkin_cmake_args' from command line to 'None'
[0.859s] Level 5:colcon.colcon_core.verb:set package 'challenge01' build argument 'catkin_skip_building_tests' from command line to 'False'
[0.860s] DEBUG:colcon.colcon_core.verb:Building package 'challenge01' with the following arguments: {'ament_cmake_args': None, 'build_base': '/home/josea/ros2_ws/src/build/challenge01', 'catkin_cmake_args': None, 'catkin_skip_building_tests': False, 'cmake_args': None, 'cmake_clean_cache': False, 'cmake_clean_first': False, 'cmake_force_configure': False, 'cmake_target': None, 'cmake_target_skip_unavailable': False, 'install_base': '/home/josea/ros2_ws/src/install/challenge01', 'merge_install': False, 'path': '/home/josea/ros2_ws/src/challenge01', 'symlink_install': False, 'test_result_base': None}
[0.861s] Level 5:colcon.colcon_core.verb:set package 'challenge02' build argument 'cmake_args' from command line to 'None'
[0.861s] Level 5:colcon.colcon_core.verb:set package 'challenge02' build argument 'cmake_target' from command line to 'None'
[0.861s] Level 5:colcon.colcon_core.verb:set package 'challenge02' build argument 'cmake_target_skip_unavailable' from command line to 'False'
[0.861s] Level 5:colcon.colcon_core.verb:set package 'challenge02' build argument 'cmake_clean_cache' from command line to 'False'
[0.861s] Level 5:colcon.colcon_core.verb:set package 'challenge02' build argument 'cmake_clean_first' from command line to 'False'
[0.861s] Level 5:colcon.colcon_core.verb:set package 'challenge02' build argument 'cmake_force_configure' from command line to 'False'
[0.861s] Level 5:colcon.colcon_core.verb:set package 'challenge02' build argument 'ament_cmake_args' from command line to 'None'
[0.861s] Level 5:colcon.colcon_core.verb:set package 'challenge02' build argument 'catkin_cmake_args' from command line to 'None'
[0.861s] Level 5:colcon.colcon_core.verb:set package 'challenge02' build argument 'catkin_skip_building_tests' from command line to 'False'
[0.861s] DEBUG:colcon.colcon_core.verb:Building package 'challenge02' with the following arguments: {'ament_cmake_args': None, 'build_base': '/home/josea/ros2_ws/src/build/challenge02', 'catkin_cmake_args': None, 'catkin_skip_building_tests': False, 'cmake_args': None, 'cmake_clean_cache': False, 'cmake_clean_first': False, 'cmake_force_configure': False, 'cmake_target': None, 'cmake_target_skip_unavailable': False, 'install_base': '/home/josea/ros2_ws/src/install/challenge02', 'merge_install': False, 'path': '/home/josea/ros2_ws/src/challenge02', 'symlink_install': False, 'test_result_base': None}
[0.862s] Level 5:colcon.colcon_core.verb:set package 'custom_interfaces' build argument 'cmake_args' from command line to 'None'
[0.863s] Level 5:colcon.colcon_core.verb:set package 'custom_interfaces' build argument 'cmake_target' from command line to 'None'
[0.863s] Level 5:colcon.colcon_core.verb:set package 'custom_interfaces' build argument 'cmake_target_skip_unavailable' from command line to 'False'
[0.863s] Level 5:colcon.colcon_core.verb:set package 'custom_interfaces' build argument 'cmake_clean_cache' from command line to 'False'
[0.863s] Level 5:colcon.colcon_core.verb:set package 'custom_interfaces' build argument 'cmake_clean_first' from command line to 'False'
[0.863s] Level 5:colcon.colcon_core.verb:set package 'custom_interfaces' build argument 'cmake_force_configure' from command line to 'False'
[0.863s] Level 5:colcon.colcon_core.verb:set package 'custom_interfaces' build argument 'ament_cmake_args' from command line to 'None'
[0.863s] Level 5:colcon.colcon_core.verb:set package 'custom_interfaces' build argument 'catkin_cmake_args' from command line to 'None'
[0.863s] Level 5:colcon.colcon_core.verb:set package 'custom_interfaces' build argument 'catkin_skip_building_tests' from command line to 'False'
[0.863s] DEBUG:colcon.colcon_core.verb:Building package 'custom_interfaces' with the following arguments: {'ament_cmake_args': None, 'build_base': '/home/josea/ros2_ws/src/build/custom_interfaces', 'catkin_cmake_args': None, 'catkin_skip_building_tests': False, 'cmake_args': None, 'cmake_clean_cache': False, 'cmake_clean_first': False, 'cmake_force_configure': False, 'cmake_target': None, 'cmake_target_skip_unavailable': False, 'install_base': '/home/josea/ros2_ws/src/install/custom_interfaces', 'merge_install': False, 'path': '/home/josea/ros2_ws/src/custom_interfaces', 'symlink_install': False, 'test_result_base': None}
[0.864s] Level 5:colcon.colcon_core.verb:set package 'motor_control' build argument 'cmake_args' from command line to 'None'
[0.865s] Level 5:colcon.colcon_core.verb:set package 'motor_control' build argument 'cmake_target' from command line to 'None'
[0.865s] Level 5:colcon.colcon_core.verb:set package 'motor_control' build argument 'cmake_target_skip_unavailable' from command line to 'False'
[0.865s] Level 5:colcon.colcon_core.verb:set package 'motor_control' build argument 'cmake_clean_cache' from command line to 'False'
[0.865s] Level 5:colcon.colcon_core.verb:set package 'motor_control' build argument 'cmake_clean_first' from command line to 'False'
[0.865s] Level 5:colcon.colcon_core.verb:set package 'motor_control' build argument 'cmake_force_configure' from command line to 'False'
[0.865s] Level 5:colcon.colcon_core.verb:set package 'motor_control' build argument 'ament_cmake_args' from command line to 'None'
[0.865s] Level 5:colcon.colcon_core.verb:set package 'motor_control' build argument 'catkin_cmake_args' from command line to 'None'
[0.865s] Level 5:colcon.colcon_core.verb:set package 'motor_control' build argument 'catkin_skip_building_tests' from command line to 'False'
[0.865s] DEBUG:colcon.colcon_core.verb:Building package 'motor_control' with the following arguments: {'ament_cmake_args': None, 'build_base': '/home/josea/ros2_ws/src/build/motor_control', 'catkin_cmake_args': None, 'catkin_skip_building_tests': False, 'cmake_args': None, 'cmake_clean_cache': False, 'cmake_clean_first': False, 'cmake_force_configure': False, 'cmake_target': None, 'cmake_target_skip_unavailable': False, 'install_base': '/home/josea/ros2_ws/src/install/motor_control', 'merge_install': False, 'path': '/home/josea/ros2_ws/src/motor_control', 'symlink_install': False, 'test_result_base': None}
[0.866s] Level 5:colcon.colcon_core.verb:set package 'my_pack_clas' build argument 'cmake_args' from command line to 'None'
[0.866s] Level 5:colcon.colcon_core.verb:set package 'my_pack_clas' build argument 'cmake_target' from command line to 'None'
[0.867s] Level 5:colcon.colcon_core.verb:set package 'my_pack_clas' build argument 'cmake_target_skip_unavailable' from command line to 'False'
[0.867s] Level 5:colcon.colcon_core.verb:set package 'my_pack_clas' build argument 'cmake_clean_cache' from command line to 'False'
[0.867s] Level 5:colcon.colcon_core.verb:set package 'my_pack_clas' build argument 'cmake_clean_first' from command line to 'False'
[0.867s] Level 5:colcon.colcon_core.verb:set package 'my_pack_clas' build argument 'cmake_force_configure' from command line to 'False'
[0.867s] Level 5:colcon.colcon_core.verb:set package 'my_pack_clas' build argument 'ament_cmake_args' from command line to 'None'
[0.867s] Level 5:colcon.colcon_core.verb:set package 'my_pack_clas' build argument 'catkin_cmake_args' from command line to 'None'
[0.867s] Level 5:colcon.colcon_core.verb:set package 'my_pack_clas' build argument 'catkin_skip_building_tests' from command line to 'False'
[0.867s] DEBUG:colcon.colcon_core.verb:Building package 'my_pack_clas' with the following arguments: {'ament_cmake_args': None, 'build_base': '/home/josea/ros2_ws/src/build/my_pack_clas', 'catkin_cmake_args': None, 'catkin_skip_building_tests': False, 'cmake_args': None, 'cmake_clean_cache': False, 'cmake_clean_first': False, 'cmake_force_configure': False, 'cmake_target': None, 'cmake_target_skip_unavailable': False, 'install_base': '/home/josea/ros2_ws/src/install/my_pack_clas', 'merge_install': False, 'path': '/home/josea/ros2_ws/src/my_pack_clas', 'symlink_install': False, 'test_result_base': None}
[0.867s] INFO:colcon.colcon_core.executor:Executing jobs using 'parallel' executor
[0.870s] DEBUG:colcon.colcon_parallel_executor.executor.parallel:run_until_complete
[0.871s] INFO:colcon.colcon_ros.task.ament_python.build:Building ROS package in '/home/josea/ros2_ws/src/basic_comms' with build type 'ament_python'
[0.871s] Level 1:colcon.colcon_core.shell:create_environment_hook('basic_comms', 'ament_prefix_path')
[0.880s] INFO:colcon.colcon_core.plugin_system:Skipping extension 'colcon_core.shell.bat': Not used on non-Windows systems
[0.881s] INFO:colcon.colcon_core.shell:Creating environment hook '/home/josea/ros2_ws/src/install/basic_comms/share/basic_comms/hook/ament_prefix_path.ps1'
[0.887s] INFO:colcon.colcon_core.shell:Creating environment descriptor '/home/josea/ros2_ws/src/install/basic_comms/share/basic_comms/hook/ament_prefix_path.dsv'
[0.890s] INFO:colcon.colcon_core.shell:Creating environment hook '/home/josea/ros2_ws/src/install/basic_comms/share/basic_comms/hook/ament_prefix_path.sh'
[0.894s] INFO:colcon.colcon_core.shell:Skip shell extension 'powershell' for command environment: Not usable outside of PowerShell
[0.894s] DEBUG:colcon.colcon_core.shell:Skip shell extension 'dsv' for command environment
[0.911s] INFO:colcon.colcon_ros.task.ament_python.build:Building ROS package in '/home/josea/ros2_ws/src/challenge01' with build type 'ament_python'
[0.912s] Level 1:colcon.colcon_core.shell:create_environment_hook('challenge01', 'ament_prefix_path')
[0.912s] INFO:colcon.colcon_core.shell:Creating environment hook '/home/josea/ros2_ws/src/install/challenge01/share/challenge01/hook/ament_prefix_path.ps1'
[0.914s] INFO:colcon.colcon_core.shell:Creating environment descriptor '/home/josea/ros2_ws/src/install/challenge01/share/challenge01/hook/ament_prefix_path.dsv'
[0.916s] INFO:colcon.colcon_core.shell:Creating environment hook '/home/josea/ros2_ws/src/install/challenge01/share/challenge01/hook/ament_prefix_path.sh'
[0.918s] INFO:colcon.colcon_core.shell:Skip shell extension 'powershell' for command environment: Not usable outside of PowerShell
[0.918s] DEBUG:colcon.colcon_core.shell:Skip shell extension 'dsv' for command environment
[1.551s] INFO:colcon.colcon_core.task.python.build:Building Python package in '/home/josea/ros2_ws/src/basic_comms'
[1.552s] INFO:colcon.colcon_core.shell:Skip shell extension 'powershell' for command environment: Not usable outside of PowerShell
[1.552s] DEBUG:colcon.colcon_core.shell:Skip shell extension 'dsv' for command environment
[2.119s] INFO:colcon.colcon_core.task.python.build:Building Python package in '/home/josea/ros2_ws/src/challenge01'
[2.120s] INFO:colcon.colcon_core.shell:Skip shell extension 'powershell' for command environment: Not usable outside of PowerShell
[2.120s] DEBUG:colcon.colcon_core.shell:Skip shell extension 'dsv' for command environment
[3.169s] DEBUG:colcon.colcon_core.event_handler.log_command:Invoking command in '/home/josea/ros2_ws/src/basic_comms': PYTHONPATH=/home/josea/ros2_ws/src/build/basic_comms/prefix_override:/usr/lib/python3/dist-packages/colcon_core/task/python/colcon_distutils_commands:/home/josea/ros2_ws/src/install/basic_comms/lib/python3.10/site-packages:${PYTHONPATH} /usr/bin/python3 -W ignore:setup.py install is deprecated -W ignore:easy_install command is deprecated setup.py egg_info --egg-base ../build/basic_comms build --build-base /home/josea/ros2_ws/src/build/basic_comms/build install --record /home/josea/ros2_ws/src/build/basic_comms/install.log --single-version-externally-managed install_data
[3.226s] DEBUG:colcon.colcon_core.event_handler.log_command:Invoking command in '/home/josea/ros2_ws/src/challenge01': PYTHONPATH=/home/josea/ros2_ws/src/build/challenge01/prefix_override:/usr/lib/python3/dist-packages/colcon_core/task/python/colcon_distutils_commands:/home/josea/ros2_ws/src/install/challenge01/lib/python3.10/site-packages:${PYTHONPATH} /usr/bin/python3 -W ignore:setup.py install is deprecated -W ignore:easy_install command is deprecated setup.py egg_info --egg-base ../build/challenge01 build --build-base /home/josea/ros2_ws/src/build/challenge01/build install --record /home/josea/ros2_ws/src/build/challenge01/install.log --single-version-externally-managed install_data
[4.213s] DEBUG:colcon.colcon_core.event_handler.log_command:Invoked command in '/home/josea/ros2_ws/src/basic_comms' returned '0': PYTHONPATH=/home/josea/ros2_ws/src/build/basic_comms/prefix_override:/usr/lib/python3/dist-packages/colcon_core/task/python/colcon_distutils_commands:/home/josea/ros2_ws/src/install/basic_comms/lib/python3.10/site-packages:${PYTHONPATH} /usr/bin/python3 -W ignore:setup.py install is deprecated -W ignore:easy_install command is deprecated setup.py egg_info --egg-base ../build/basic_comms build --build-base /home/josea/ros2_ws/src/build/basic_comms/build install --record /home/josea/ros2_ws/src/build/basic_comms/install.log --single-version-externally-managed install_data
[4.220s] Level 1:colcon.colcon_core.environment:checking '/home/josea/ros2_ws/src/install/basic_comms' for CMake module files
[4.227s] Level 1:colcon.colcon_core.environment:checking '/home/josea/ros2_ws/src/install/basic_comms' for CMake config files
[4.230s] Level 1:colcon.colcon_core.environment:checking '/home/josea/ros2_ws/src/install/basic_comms/lib'
[4.231s] Level 1:colcon.colcon_core.environment:checking '/home/josea/ros2_ws/src/install/basic_comms/bin'
[4.232s] Level 1:colcon.colcon_core.environment:checking '/home/josea/ros2_ws/src/install/basic_comms/lib/pkgconfig/basic_comms.pc'
[4.234s] Level 1:colcon.colcon_core.environment:checking '/home/josea/ros2_ws/src/install/basic_comms/lib/python3.10/site-packages'
[4.234s] Level 1:colcon.colcon_core.shell:create_environment_hook('basic_comms', 'pythonpath')
[4.235s] INFO:colcon.colcon_core.shell:Creating environment hook '/home/josea/ros2_ws/src/install/basic_comms/share/basic_comms/hook/pythonpath.ps1'
[4.238s] INFO:colcon.colcon_core.shell:Creating environment descriptor '/home/josea/ros2_ws/src/install/basic_comms/share/basic_comms/hook/pythonpath.dsv'
[4.240s] INFO:colcon.colcon_core.shell:Creating environment hook '/home/josea/ros2_ws/src/install/basic_comms/share/basic_comms/hook/pythonpath.sh'
[4.243s] Level 1:colcon.colcon_core.environment:checking '/home/josea/ros2_ws/src/install/basic_comms/bin'
[4.244s] Level 1:colcon.colcon_core.environment:create_environment_scripts_only(basic_comms)
[4.245s] INFO:colcon.colcon_core.shell:Creating package script '/home/josea/ros2_ws/src/install/basic_comms/share/basic_comms/package.ps1'
[4.249s] INFO:colcon.colcon_core.shell:Creating package descriptor '/home/josea/ros2_ws/src/install/basic_comms/share/basic_comms/package.dsv'
[4.252s] INFO:colcon.colcon_core.shell:Creating package script '/home/josea/ros2_ws/src/install/basic_comms/share/basic_comms/package.sh'
[4.255s] INFO:colcon.colcon_core.shell:Creating package script '/home/josea/ros2_ws/src/install/basic_comms/share/basic_comms/package.bash'
[4.258s] INFO:colcon.colcon_core.shell:Creating package script '/home/josea/ros2_ws/src/install/basic_comms/share/basic_comms/package.zsh'
[4.261s] Level 1:colcon.colcon_core.environment:create_file_with_runtime_dependencies(/home/josea/ros2_ws/src/install/basic_comms/share/colcon-core/packages/basic_comms)
[4.263s] INFO:colcon.colcon_ros.task.ament_python.build:Building ROS package in '/home/josea/ros2_ws/src/challenge02' with build type 'ament_python'
[4.265s] Level 1:colcon.colcon_core.shell:create_environment_hook('challenge02', 'ament_prefix_path')
[4.266s] INFO:colcon.colcon_core.shell:Creating environment hook '/home/josea/ros2_ws/src/install/challenge02/share/challenge02/hook/ament_prefix_path.ps1'
[4.268s] INFO:colcon.colcon_core.shell:Creating environment descriptor '/home/josea/ros2_ws/src/install/challenge02/share/challenge02/hook/ament_prefix_path.dsv'
[4.269s] INFO:colcon.colcon_core.shell:Creating environment hook '/home/josea/ros2_ws/src/install/challenge02/share/challenge02/hook/ament_prefix_path.sh'
[4.270s] INFO:colcon.colcon_core.shell:Skip shell extension 'powershell' for command environment: Not usable outside of PowerShell
[4.270s] DEBUG:colcon.colcon_core.shell:Skip shell extension 'dsv' for command environment
[4.289s] Level 1:colcon.colcon_core.environment:checking '/home/josea/ros2_ws/src/install/challenge01' for CMake module files
[4.290s] DEBUG:colcon.colcon_core.event_handler.log_command:Invoked command in '/home/josea/ros2_ws/src/challenge01' returned '0': PYTHONPATH=/home/josea/ros2_ws/src/build/challenge01/prefix_override:/usr/lib/python3/dist-packages/colcon_core/task/python/colcon_distutils_commands:/home/josea/ros2_ws/src/install/challenge01/lib/python3.10/site-packages:${PYTHONPATH} /usr/bin/python3 -W ignore:setup.py install is deprecated -W ignore:easy_install command is deprecated setup.py egg_info --egg-base ../build/challenge01 build --build-base /home/josea/ros2_ws/src/build/challenge01/build install --record /home/josea/ros2_ws/src/build/challenge01/install.log --single-version-externally-managed install_data
[4.292s] Level 1:colcon.colcon_core.environment:checking '/home/josea/ros2_ws/src/install/challenge01' for CMake config files
[4.296s] Level 1:colcon.colcon_core.environment:checking '/home/josea/ros2_ws/src/install/challenge01/lib'
[4.297s] Level 1:colcon.colcon_core.environment:checking '/home/josea/ros2_ws/src/install/challenge01/bin'
[4.298s] Level 1:colcon.colcon_core.environment:checking '/home/josea/ros2_ws/src/install/challenge01/lib/pkgconfig/challenge01.pc'
[4.298s] Level 1:colcon.colcon_core.environment:checking '/home/josea/ros2_ws/src/install/challenge01/lib/python3.10/site-packages'
[4.299s] Level 1:colcon.colcon_core.shell:create_environment_hook('challenge01', 'pythonpath')
[4.299s] INFO:colcon.colcon_core.shell:Creating environment hook '/home/josea/ros2_ws/src/install/challenge01/share/challenge01/hook/pythonpath.ps1'
[4.302s] INFO:colcon.colcon_core.shell:Creating environment descriptor '/home/josea/ros2_ws/src/install/challenge01/share/challenge01/hook/pythonpath.dsv'
[4.304s] INFO:colcon.colcon_core.shell:Creating environment hook '/home/josea/ros2_ws/src/install/challenge01/share/challenge01/hook/pythonpath.sh'
[4.306s] Level 1:colcon.colcon_core.environment:checking '/home/josea/ros2_ws/src/install/challenge01/bin'
[4.306s] Level 1:colcon.colcon_core.environment:create_environment_scripts_only(challenge01)
[4.307s] INFO:colcon.colcon_core.shell:Creating package script '/home/josea/ros2_ws/src/install/challenge01/share/challenge01/package.ps1'
[4.309s] INFO:colcon.colcon_core.shell:Creating package descriptor '/home/josea/ros2_ws/src/install/challenge01/share/challenge01/package.dsv'
[4.311s] INFO:colcon.colcon_core.shell:Creating package script '/home/josea/ros2_ws/src/install/challenge01/share/challenge01/package.sh'
[4.312s] INFO:colcon.colcon_core.shell:Creating package script '/home/josea/ros2_ws/src/install/challenge01/share/challenge01/package.bash'
[4.314s] INFO:colcon.colcon_core.shell:Creating package script '/home/josea/ros2_ws/src/install/challenge01/share/challenge01/package.zsh'
[4.315s] Level 1:colcon.colcon_core.environment:create_file_with_runtime_dependencies(/home/josea/ros2_ws/src/install/challenge01/share/colcon-core/packages/challenge01)
[4.316s] INFO:colcon.colcon_ros.task.ament_cmake.build:Building ROS package in '/home/josea/ros2_ws/src/custom_interfaces' with build type 'ament_cmake'
[4.317s] INFO:colcon.colcon_cmake.task.cmake.build:Building CMake package in '/home/josea/ros2_ws/src/custom_interfaces'
[4.317s] INFO:colcon.colcon_core.shell:Skip shell extension 'powershell' for command environment: Not usable outside of PowerShell
[4.318s] DEBUG:colcon.colcon_core.shell:Skip shell extension 'dsv' for command environment
[4.932s] INFO:colcon.colcon_core.task.python.build:Building Python package in '/home/josea/ros2_ws/src/challenge02'
[4.933s] INFO:colcon.colcon_core.shell:Skip shell extension 'powershell' for command environment: Not usable outside of PowerShell
[4.933s] DEBUG:colcon.colcon_core.shell:Skip shell extension 'dsv' for command environment
[4.958s] DEBUG:colcon.colcon_core.event_handler.log_command:Invoking command in '/home/josea/ros2_ws/src/build/custom_interfaces': CMAKE_PREFIX_PATH=${CMAKE_PREFIX_PATH}:/home/josea/ros2_ws/src/install/my_pack_clas:/home/josea/ros2_ws/src/install/motor_control:/home/josea/ros2_ws/src/install/challenge02:/home/josea/ros2_ws/src/install/challenge01:/home/josea/ros2_ws/src/install/basic_comms:/home/josea/ros2_ws/install/my_pack_clas:/home/josea/ros2_ws/install/motor_control:/home/josea/ros2_ws/install/challenge02:/home/josea/ros2_ws/install/challenge01:/home/josea/ros2_ws/install/basic_comms:/home/josea/ros2_ws/install/Challenge02:/opt/ros/humble /usr/bin/cmake --build /home/josea/ros2_ws/src/build/custom_interfaces -- -j2 -l2
[6.685s] DEBUG:colcon.colcon_core.event_handler.log_command:Invoking command in '/home/josea/ros2_ws/src/challenge02': PYTHONPATH=/home/josea/ros2_ws/src/build/challenge02/prefix_override:/usr/lib/python3/dist-packages/colcon_core/task/python/colcon_distutils_commands:/home/josea/ros2_ws/src/install/challenge02/lib/python3.10/site-packages:${PYTHONPATH} /usr/bin/python3 -W ignore:setup.py install is deprecated -W ignore:easy_install command is deprecated setup.py egg_info --egg-base ../build/challenge02 build --build-base /home/josea/ros2_ws/src/build/challenge02/build install --record /home/josea/ros2_ws/src/build/challenge02/install.log --single-version-externally-managed install_data
[6.730s] DEBUG:colcon.colcon_core.event_handler.log_command:Invoked command in '/home/josea/ros2_ws/src/build/custom_interfaces' returned '0': CMAKE_PREFIX_PATH=${CMAKE_PREFIX_PATH}:/home/josea/ros2_ws/src/install/my_pack_clas:/home/josea/ros2_ws/src/install/motor_control:/home/josea/ros2_ws/src/install/challenge02:/home/josea/ros2_ws/src/install/challenge01:/home/josea/ros2_ws/src/install/basic_comms:/home/josea/ros2_ws/install/my_pack_clas:/home/josea/ros2_ws/install/motor_control:/home/josea/ros2_ws/install/challenge02:/home/josea/ros2_ws/install/challenge01:/home/josea/ros2_ws/install/basic_comms:/home/josea/ros2_ws/install/Challenge02:/opt/ros/humble /usr/bin/cmake --build /home/josea/ros2_ws/src/build/custom_interfaces -- -j2 -l2
[6.754s] DEBUG:colcon.colcon_core.event_handler.log_command:Invoking command in '/home/josea/ros2_ws/src/build/custom_interfaces': CMAKE_PREFIX_PATH=${CMAKE_PREFIX_PATH}:/home/josea/ros2_ws/src/install/my_pack_clas:/home/josea/ros2_ws/src/install/motor_control:/home/josea/ros2_ws/src/install/challenge02:/home/josea/ros2_ws/src/install/challenge01:/home/josea/ros2_ws/src/install/basic_comms:/home/josea/ros2_ws/install/my_pack_clas:/home/josea/ros2_ws/install/motor_control:/home/josea/ros2_ws/install/challenge02:/home/josea/ros2_ws/install/challenge01:/home/josea/ros2_ws/install/basic_comms:/home/josea/ros2_ws/install/Challenge02:/opt/ros/humble /usr/bin/cmake --install /home/josea/ros2_ws/src/build/custom_interfaces
[7.024s] Level 1:colcon.colcon_core.environment:create_environment_scripts_only(custom_interfaces)
[7.030s] Level 1:colcon.colcon_core.environment:checking '/home/josea/ros2_ws/src/install/custom_interfaces' for CMake module files
[7.026s] DEBUG:colcon.colcon_core.event_handler.log_command:Invoked command in '/home/josea/ros2_ws/src/build/custom_interfaces' returned '0': CMAKE_PREFIX_PATH=${CMAKE_PREFIX_PATH}:/home/josea/ros2_ws/src/install/my_pack_clas:/home/josea/ros2_ws/src/install/motor_control:/home/josea/ros2_ws/src/install/challenge02:/home/josea/ros2_ws/src/install/challenge01:/home/josea/ros2_ws/src/install/basic_comms:/home/josea/ros2_ws/install/my_pack_clas:/home/josea/ros2_ws/install/motor_control:/home/josea/ros2_ws/install/challenge02:/home/josea/ros2_ws/install/challenge01:/home/josea/ros2_ws/install/basic_comms:/home/josea/ros2_ws/install/Challenge02:/opt/ros/humble /usr/bin/cmake --install /home/josea/ros2_ws/src/build/custom_interfaces
[7.032s] Level 1:colcon.colcon_core.environment:checking '/home/josea/ros2_ws/src/install/custom_interfaces' for CMake config files
[7.033s] Level 1:colcon.colcon_core.shell:create_environment_hook('custom_interfaces', 'cmake_prefix_path')
[7.035s] INFO:colcon.colcon_core.shell:Creating environment hook '/home/josea/ros2_ws/src/install/custom_interfaces/share/custom_interfaces/hook/cmake_prefix_path.ps1'
[7.038s] INFO:colcon.colcon_core.shell:Creating environment descriptor '/home/josea/ros2_ws/src/install/custom_interfaces/share/custom_interfaces/hook/cmake_prefix_path.dsv'
[7.039s] INFO:colcon.colcon_core.shell:Creating environment hook '/home/josea/ros2_ws/src/install/custom_interfaces/share/custom_interfaces/hook/cmake_prefix_path.sh'
[7.041s] Level 1:colcon.colcon_core.environment:checking '/home/josea/ros2_ws/src/install/custom_interfaces/lib'
[7.041s] Level 1:colcon.colcon_core.shell:create_environment_hook('custom_interfaces', 'ld_library_path_lib')
[7.042s] INFO:colcon.colcon_core.shell:Creating environment hook '/home/josea/ros2_ws/src/install/custom_interfaces/share/custom_interfaces/hook/ld_library_path_lib.ps1'
[7.044s] INFO:colcon.colcon_core.shell:Creating environment descriptor '/home/josea/ros2_ws/src/install/custom_interfaces/share/custom_interfaces/hook/ld_library_path_lib.dsv'
[7.045s] INFO:colcon.colcon_core.shell:Creating environment hook '/home/josea/ros2_ws/src/install/custom_interfaces/share/custom_interfaces/hook/ld_library_path_lib.sh'
[7.047s] Level 1:colcon.colcon_core.environment:checking '/home/josea/ros2_ws/src/install/custom_interfaces/bin'
[7.047s] Level 1:colcon.colcon_core.environment:checking '/home/josea/ros2_ws/src/install/custom_interfaces/lib/pkgconfig/custom_interfaces.pc'
[7.048s] Level 1:colcon.colcon_core.environment:checking '/home/josea/ros2_ws/src/install/custom_interfaces/lib/python3.10/site-packages'
[7.049s] Level 1:colcon.colcon_core.environment:checking '/home/josea/ros2_ws/src/install/custom_interfaces/bin'
[7.050s] INFO:colcon.colcon_core.shell:Creating package script '/home/josea/ros2_ws/src/install/custom_interfaces/share/custom_interfaces/package.ps1'
[7.052s] INFO:colcon.colcon_core.shell:Creating package descriptor '/home/josea/ros2_ws/src/install/custom_interfaces/share/custom_interfaces/package.dsv'
[7.053s] INFO:colcon.colcon_core.shell:Creating package script '/home/josea/ros2_ws/src/install/custom_interfaces/share/custom_interfaces/package.sh'
[7.055s] INFO:colcon.colcon_core.shell:Creating package script '/home/josea/ros2_ws/src/install/custom_interfaces/share/custom_interfaces/package.bash'
[7.057s] INFO:colcon.colcon_core.shell:Creating package script '/home/josea/ros2_ws/src/install/custom_interfaces/share/custom_interfaces/package.zsh'
[7.058s] Level 1:colcon.colcon_core.environment:create_file_with_runtime_dependencies(/home/josea/ros2_ws/src/install/custom_interfaces/share/colcon-core/packages/custom_interfaces)
[7.060s] Level 1:colcon.colcon_core.environment:create_environment_scripts_only(custom_interfaces)
[7.061s] Level 1:colcon.colcon_core.environment:checking '/home/josea/ros2_ws/src/install/custom_interfaces' for CMake module files
[7.063s] Level 1:colcon.colcon_core.environment:checking '/home/josea/ros2_ws/src/install/custom_interfaces' for CMake config files
[7.066s] Level 1:colcon.colcon_core.shell:create_environment_hook('custom_interfaces', 'cmake_prefix_path')
[7.067s] INFO:colcon.colcon_core.shell:Creating environment hook '/home/josea/ros2_ws/src/install/custom_interfaces/share/custom_interfaces/hook/cmake_prefix_path.ps1'
[7.068s] INFO:colcon.colcon_core.shell:Creating environment descriptor '/home/josea/ros2_ws/src/install/custom_interfaces/share/custom_interfaces/hook/cmake_prefix_path.dsv'
[7.072s] INFO:colcon.colcon_core.shell:Creating environment hook '/home/josea/ros2_ws/src/install/custom_interfaces/share/custom_interfaces/hook/cmake_prefix_path.sh'
[7.077s] Level 1:colcon.colcon_core.environment:checking '/home/josea/ros2_ws/src/install/custom_interfaces/lib'
[7.078s] Level 1:colcon.colcon_core.shell:create_environment_hook('custom_interfaces', 'ld_library_path_lib')
[7.079s] INFO:colcon.colcon_core.shell:Creating environment hook '/home/josea/ros2_ws/src/install/custom_interfaces/share/custom_interfaces/hook/ld_library_path_lib.ps1'
[7.081s] INFO:colcon.colcon_core.shell:Creating environment descriptor '/home/josea/ros2_ws/src/install/custom_interfaces/share/custom_interfaces/hook/ld_library_path_lib.dsv'
[7.082s] INFO:colcon.colcon_core.shell:Creating environment hook '/home/josea/ros2_ws/src/install/custom_interfaces/share/custom_interfaces/hook/ld_library_path_lib.sh'
[7.084s] Level 1:colcon.colcon_core.environment:checking '/home/josea/ros2_ws/src/install/custom_interfaces/bin'
[7.085s] Level 1:colcon.colcon_core.environment:checking '/home/josea/ros2_ws/src/install/custom_interfaces/lib/pkgconfig/custom_interfaces.pc'
[7.085s] Level 1:colcon.colcon_core.environment:checking '/home/josea/ros2_ws/src/install/custom_interfaces/lib/python3.10/site-packages'
[7.086s] Level 1:colcon.colcon_core.environment:checking '/home/josea/ros2_ws/src/install/custom_interfaces/bin'
[7.087s] INFO:colcon.colcon_core.shell:Creating package script '/home/josea/ros2_ws/src/install/custom_interfaces/share/custom_interfaces/package.ps1'
[7.089s] INFO:colcon.colcon_core.shell:Creating package descriptor '/home/josea/ros2_ws/src/install/custom_interfaces/share/custom_interfaces/package.dsv'
[7.091s] INFO:colcon.colcon_core.shell:Creating package script '/home/josea/ros2_ws/src/install/custom_interfaces/share/custom_interfaces/package.sh'
[7.093s] INFO:colcon.colcon_core.shell:Creating package script '/home/josea/ros2_ws/src/install/custom_interfaces/share/custom_interfaces/package.bash'
[7.094s] INFO:colcon.colcon_core.shell:Creating package script '/home/josea/ros2_ws/src/install/custom_interfaces/share/custom_interfaces/package.zsh'
[7.096s] Level 1:colcon.colcon_core.environment:create_file_with_runtime_dependencies(/home/josea/ros2_ws/src/install/custom_interfaces/share/colcon-core/packages/custom_interfaces)
[7.098s] INFO:colcon.colcon_ros.task.ament_python.build:Building ROS package in '/home/josea/ros2_ws/src/motor_control' with build type 'ament_python'
[7.100s] Level 1:colcon.colcon_core.shell:create_environment_hook('motor_control', 'ament_prefix_path')
[7.101s] INFO:colcon.colcon_core.shell:Creating environment hook '/home/josea/ros2_ws/src/install/motor_control/share/motor_control/hook/ament_prefix_path.ps1'
[7.103s] INFO:colcon.colcon_core.shell:Creating environment descriptor '/home/josea/ros2_ws/src/install/motor_control/share/motor_control/hook/ament_prefix_path.dsv'
[7.104s] INFO:colcon.colcon_core.shell:Creating environment hook '/home/josea/ros2_ws/src/install/motor_control/share/motor_control/hook/ament_prefix_path.sh'
[7.106s] INFO:colcon.colcon_core.shell:Skip shell extension 'powershell' for command environment: Not usable outside of PowerShell
[7.106s] DEBUG:colcon.colcon_core.shell:Skip shell extension 'dsv' for command environment
[7.919s] INFO:colcon.colcon_core.task.python.build:Building Python package in '/home/josea/ros2_ws/src/motor_control'
[7.919s] INFO:colcon.colcon_core.shell:Skip shell extension 'powershell' for command environment: Not usable outside of PowerShell
[7.920s] DEBUG:colcon.colcon_core.shell:Skip shell extension 'dsv' for command environment
[7.934s] Level 1:colcon.colcon_core.environment:checking '/home/josea/ros2_ws/src/install/challenge02' for CMake module files
[7.937s] Level 1:colcon.colcon_core.environment:checking '/home/josea/ros2_ws/src/install/challenge02' for CMake config files
[7.938s] DEBUG:colcon.colcon_core.event_handler.log_command:Invoked command in '/home/josea/ros2_ws/src/challenge02' returned '0': PYTHONPATH=/home/josea/ros2_ws/src/build/challenge02/prefix_override:/usr/lib/python3/dist-packages/colcon_core/task/python/colcon_distutils_commands:/home/josea/ros2_ws/src/install/challenge02/lib/python3.10/site-packages:${PYTHONPATH} /usr/bin/python3 -W ignore:setup.py install is deprecated -W ignore:easy_install command is deprecated setup.py egg_info --egg-base ../build/challenge02 build --build-base /home/josea/ros2_ws/src/build/challenge02/build install --record /home/josea/ros2_ws/src/build/challenge02/install.log --single-version-externally-managed install_data
[7.939s] Level 1:colcon.colcon_core.environment:checking '/home/josea/ros2_ws/src/install/challenge02/lib'
[7.939s] Level 1:colcon.colcon_core.environment:checking '/home/josea/ros2_ws/src/install/challenge02/bin'
[7.940s] Level 1:colcon.colcon_core.environment:checking '/home/josea/ros2_ws/src/install/challenge02/lib/pkgconfig/challenge02.pc'
[7.940s] Level 1:colcon.colcon_core.environment:checking '/home/josea/ros2_ws/src/install/challenge02/lib/python3.10/site-packages'
[7.940s] Level 1:colcon.colcon_core.shell:create_environment_hook('challenge02', 'pythonpath')
[7.941s] INFO:colcon.colcon_core.shell:Creating environment hook '/home/josea/ros2_ws/src/install/challenge02/share/challenge02/hook/pythonpath.ps1'
[7.943s] INFO:colcon.colcon_core.shell:Creating environment descriptor '/home/josea/ros2_ws/src/install/challenge02/share/challenge02/hook/pythonpath.dsv'
[7.944s] INFO:colcon.colcon_core.shell:Creating environment hook '/home/josea/ros2_ws/src/install/challenge02/share/challenge02/hook/pythonpath.sh'
[7.945s] Level 1:colcon.colcon_core.environment:checking '/home/josea/ros2_ws/src/install/challenge02/bin'
[7.946s] Level 1:colcon.colcon_core.environment:create_environment_scripts_only(challenge02)
[7.947s] INFO:colcon.colcon_core.shell:Creating package script '/home/josea/ros2_ws/src/install/challenge02/share/challenge02/package.ps1'
[7.949s] INFO:colcon.colcon_core.shell:Creating package descriptor '/home/josea/ros2_ws/src/install/challenge02/share/challenge02/package.dsv'
[7.950s] INFO:colcon.colcon_core.shell:Creating package script '/home/josea/ros2_ws/src/install/challenge02/share/challenge02/package.sh'
[7.952s] INFO:colcon.colcon_core.shell:Creating package script '/home/josea/ros2_ws/src/install/challenge02/share/challenge02/package.bash'
[7.953s] INFO:colcon.colcon_core.shell:Creating package script '/home/josea/ros2_ws/src/install/challenge02/share/challenge02/package.zsh'
[7.954s] Level 1:colcon.colcon_core.environment:create_file_with_runtime_dependencies(/home/josea/ros2_ws/src/install/challenge02/share/colcon-core/packages/challenge02)
[7.956s] INFO:colcon.colcon_ros.task.ament_python.build:Building ROS package in '/home/josea/ros2_ws/src/my_pack_clas' with build type 'ament_python'
[7.957s] Level 1:colcon.colcon_core.shell:create_environment_hook('my_pack_clas', 'ament_prefix_path')
[7.958s] INFO:colcon.colcon_core.shell:Creating environment hook '/home/josea/ros2_ws/src/install/my_pack_clas/share/my_pack_clas/hook/ament_prefix_path.ps1'
[7.960s] INFO:colcon.colcon_core.shell:Creating environment descriptor '/home/josea/ros2_ws/src/install/my_pack_clas/share/my_pack_clas/hook/ament_prefix_path.dsv'
[7.962s] INFO:colcon.colcon_core.shell:Creating environment hook '/home/josea/ros2_ws/src/install/my_pack_clas/share/my_pack_clas/hook/ament_prefix_path.sh'
[7.964s] INFO:colcon.colcon_core.shell:Skip shell extension 'powershell' for command environment: Not usable outside of PowerShell
[7.964s] DEBUG:colcon.colcon_core.shell:Skip shell extension 'dsv' for command environment
[9.063s] INFO:colcon.colcon_core.task.python.build:Building Python package in '/home/josea/ros2_ws/src/my_pack_clas'
[9.066s] INFO:colcon.colcon_core.shell:Skip shell extension 'powershell' for command environment: Not usable outside of PowerShell
[9.066s] DEBUG:colcon.colcon_core.shell:Skip shell extension 'dsv' for command environment
[9.428s] DEBUG:colcon.colcon_core.event_handler.log_command:Invoking command in '/home/josea/ros2_ws/src/motor_control': PYTHONPATH=/home/josea/ros2_ws/src/build/motor_control/prefix_override:/usr/lib/python3/dist-packages/colcon_core/task/python/colcon_distutils_commands:/home/josea/ros2_ws/src/install/motor_control/lib/python3.10/site-packages:${PYTHONPATH} /usr/bin/python3 -W ignore:setup.py install is deprecated -W ignore:easy_install command is deprecated setup.py egg_info --egg-base ../build/motor_control build --build-base /home/josea/ros2_ws/src/build/motor_control/build install --record /home/josea/ros2_ws/src/build/motor_control/install.log --single-version-externally-managed install_data
[10.252s] DEBUG:colcon.colcon_core.event_handler.log_command:Invoking command in '/home/josea/ros2_ws/src/my_pack_clas': PYTHONPATH=/home/josea/ros2_ws/src/build/my_pack_clas/prefix_override:/usr/lib/python3/dist-packages/colcon_core/task/python/colcon_distutils_commands:/home/josea/ros2_ws/src/install/my_pack_clas/lib/python3.10/site-packages:${PYTHONPATH} /usr/bin/python3 -W ignore:setup.py install is deprecated -W ignore:easy_install command is deprecated setup.py egg_info --egg-base ../build/my_pack_clas build --build-base /home/josea/ros2_ws/src/build/my_pack_clas/build install --record /home/josea/ros2_ws/src/build/my_pack_clas/install.log --single-version-externally-managed install_data
[10.508s] Level 1:colcon.colcon_core.environment:checking '/home/josea/ros2_ws/src/install/motor_control' for CMake module files
[10.511s] Level 1:colcon.colcon_core.environment:checking '/home/josea/ros2_ws/src/install/motor_control' for CMake config files
[10.509s] DEBUG:colcon.colcon_core.event_handler.log_command:Invoked command in '/home/josea/ros2_ws/src/motor_control' returned '0': PYTHONPATH=/home/josea/ros2_ws/src/build/motor_control/prefix_override:/usr/lib/python3/dist-packages/colcon_core/task/python/colcon_distutils_commands:/home/josea/ros2_ws/src/install/motor_control/lib/python3.10/site-packages:${PYTHONPATH} /usr/bin/python3 -W ignore:setup.py install is deprecated -W ignore:easy_install command is deprecated setup.py egg_info --egg-base ../build/motor_control build --build-base /home/josea/ros2_ws/src/build/motor_control/build install --record /home/josea/ros2_ws/src/build/motor_control/install.log --single-version-externally-managed install_data
[10.517s] Level 1:colcon.colcon_core.environment:checking '/home/josea/ros2_ws/src/install/motor_control/lib'
[10.517s] Level 1:colcon.colcon_core.environment:checking '/home/josea/ros2_ws/src/install/motor_control/bin'
[10.517s] Level 1:colcon.colcon_core.environment:checking '/home/josea/ros2_ws/src/install/motor_control/lib/pkgconfig/motor_control.pc'
[10.518s] Level 1:colcon.colcon_core.environment:checking '/home/josea/ros2_ws/src/install/motor_control/lib/python3.10/site-packages'
[10.518s] Level 1:colcon.colcon_core.shell:create_environment_hook('motor_control', 'pythonpath')
[10.519s] INFO:colcon.colcon_core.shell:Creating environment hook '/home/josea/ros2_ws/src/install/motor_control/share/motor_control/hook/pythonpath.ps1'
[10.520s] INFO:colcon.colcon_core.shell:Creating environment descriptor '/home/josea/ros2_ws/src/install/motor_control/share/motor_control/hook/pythonpath.dsv'
[10.522s] INFO:colcon.colcon_core.shell:Creating environment hook '/home/josea/ros2_ws/src/install/motor_control/share/motor_control/hook/pythonpath.sh'
[10.524s] Level 1:colcon.colcon_core.environment:checking '/home/josea/ros2_ws/src/install/motor_control/bin'
[10.524s] Level 1:colcon.colcon_core.environment:create_environment_scripts_only(motor_control)
[10.526s] INFO:colcon.colcon_core.shell:Creating package script '/home/josea/ros2_ws/src/install/motor_control/share/motor_control/package.ps1'
[10.528s] INFO:colcon.colcon_core.shell:Creating package descriptor '/home/josea/ros2_ws/src/install/motor_control/share/motor_control/package.dsv'
[10.530s] INFO:colcon.colcon_core.shell:Creating package script '/home/josea/ros2_ws/src/install/motor_control/share/motor_control/package.sh'
[10.531s] INFO:colcon.colcon_core.shell:Creating package script '/home/josea/ros2_ws/src/install/motor_control/share/motor_control/package.bash'
[10.532s] INFO:colcon.colcon_core.shell:Creating package script '/home/josea/ros2_ws/src/install/motor_control/share/motor_control/package.zsh'
[10.533s] Level 1:colcon.colcon_core.environment:create_file_with_runtime_dependencies(/home/josea/ros2_ws/src/install/motor_control/share/colcon-core/packages/motor_control)
[11.015s] Level 1:colcon.colcon_core.environment:checking '/home/josea/ros2_ws/src/install/my_pack_clas' for CMake module files
[11.018s] DEBUG:colcon.colcon_core.event_handler.log_command:Invoked command in '/home/josea/ros2_ws/src/my_pack_clas' returned '0': PYTHONPATH=/home/josea/ros2_ws/src/build/my_pack_clas/prefix_override:/usr/lib/python3/dist-packages/colcon_core/task/python/colcon_distutils_commands:/home/josea/ros2_ws/src/install/my_pack_clas/lib/python3.10/site-packages:${PYTHONPATH} /usr/bin/python3 -W ignore:setup.py install is deprecated -W ignore:easy_install command is deprecated setup.py egg_info --egg-base ../build/my_pack_clas build --build-base /home/josea/ros2_ws/src/build/my_pack_clas/build install --record /home/josea/ros2_ws/src/build/my_pack_clas/install.log --single-version-externally-managed install_data
[11.019s] Level 1:colcon.colcon_core.environment:checking '/home/josea/ros2_ws/src/install/my_pack_clas' for CMake config files
[11.021s] Level 1:colcon.colcon_core.environment:checking '/home/josea/ros2_ws/src/install/my_pack_clas/lib'
[11.021s] Level 1:colcon.colcon_core.environment:checking '/home/josea/ros2_ws/src/install/my_pack_clas/bin'
[11.021s] Level 1:colcon.colcon_core.environment:checking '/home/josea/ros2_ws/src/install/my_pack_clas/lib/pkgconfig/my_pack_clas.pc'
[11.022s] Level 1:colcon.colcon_core.environment:checking '/home/josea/ros2_ws/src/install/my_pack_clas/lib/python3.10/site-packages'
[11.022s] Level 1:colcon.colcon_core.shell:create_environment_hook('my_pack_clas', 'pythonpath')
[11.022s] INFO:colcon.colcon_core.shell:Creating environment hook '/home/josea/ros2_ws/src/install/my_pack_clas/share/my_pack_clas/hook/pythonpath.ps1'
[11.024s] INFO:colcon.colcon_core.shell:Creating environment descriptor '/home/josea/ros2_ws/src/install/my_pack_clas/share/my_pack_clas/hook/pythonpath.dsv'
[11.025s] INFO:colcon.colcon_core.shell:Creating environment hook '/home/josea/ros2_ws/src/install/my_pack_clas/share/my_pack_clas/hook/pythonpath.sh'
[11.028s] Level 1:colcon.colcon_core.environment:checking '/home/josea/ros2_ws/src/install/my_pack_clas/bin'
[11.028s] Level 1:colcon.colcon_core.environment:create_environment_scripts_only(my_pack_clas)
[11.029s] INFO:colcon.colcon_core.shell:Creating package script '/home/josea/ros2_ws/src/install/my_pack_clas/share/my_pack_clas/package.ps1'
[11.031s] INFO:colcon.colcon_core.shell:Creating package descriptor '/home/josea/ros2_ws/src/install/my_pack_clas/share/my_pack_clas/package.dsv'
[11.033s] INFO:colcon.colcon_core.shell:Creating package script '/home/josea/ros2_ws/src/install/my_pack_clas/share/my_pack_clas/package.sh'
[11.035s] INFO:colcon.colcon_core.shell:Creating package script '/home/josea/ros2_ws/src/install/my_pack_clas/share/my_pack_clas/package.bash'
[11.037s] INFO:colcon.colcon_core.shell:Creating package script '/home/josea/ros2_ws/src/install/my_pack_clas/share/my_pack_clas/package.zsh'
[11.039s] Level 1:colcon.colcon_core.environment:create_file_with_runtime_dependencies(/home/josea/ros2_ws/src/install/my_pack_clas/share/colcon-core/packages/my_pack_clas)
[11.039s] DEBUG:colcon.colcon_parallel_executor.executor.parallel:closing loop
[11.040s] DEBUG:colcon.colcon_parallel_executor.executor.parallel:loop closed
[11.041s] DEBUG:colcon.colcon_parallel_executor.executor.parallel:run_until_complete finished with '0'
[11.041s] DEBUG:colcon.colcon_core.event_reactor:joining thread
[11.060s] INFO:colcon.colcon_core.plugin_system:Skipping extension 'colcon_notification.desktop_notification.terminal_notifier': Not used on non-Darwin systems
[11.060s] INFO:colcon.colcon_core.plugin_system:Skipping extension 'colcon_notification.desktop_notification.win32': Not used on non-Windows systems
[11.060s] INFO:colcon.colcon_notification.desktop_notification:Sending desktop notification using 'notify2'
[11.105s] DEBUG:colcon.colcon_core.event_reactor:joined thread
[11.106s] INFO:colcon.colcon_core.shell:Creating prefix script '/home/josea/ros2_ws/src/install/local_setup.ps1'
[11.109s] INFO:colcon.colcon_core.shell:Creating prefix util module '/home/josea/ros2_ws/src/install/_local_setup_util_ps1.py'
[11.113s] INFO:colcon.colcon_core.shell:Creating prefix chain script '/home/josea/ros2_ws/src/install/setup.ps1'
[11.117s] INFO:colcon.colcon_core.shell:Creating prefix script '/home/josea/ros2_ws/src/install/local_setup.sh'
[11.119s] INFO:colcon.colcon_core.shell:Creating prefix util module '/home/josea/ros2_ws/src/install/_local_setup_util_sh.py'
[11.121s] INFO:colcon.colcon_core.shell:Creating prefix chain script '/home/josea/ros2_ws/src/install/setup.sh'
[11.125s] INFO:colcon.colcon_core.shell:Creating prefix script '/home/josea/ros2_ws/src/install/local_setup.bash'
[11.127s] INFO:colcon.colcon_core.shell:Creating prefix chain script '/home/josea/ros2_ws/src/install/setup.bash'
[11.131s] INFO:colcon.colcon_core.shell:Creating prefix script '/home/josea/ros2_ws/src/install/local_setup.zsh'
[11.133s] INFO:colcon.colcon_core.shell:Creating prefix chain script '/home/josea/ros2_ws/src/install/setup.zsh'
