[2.326s] Invoking command in '/home/josea/ros2_ws/src/challenge02': PYTHONPATH=/home/josea/ros2_ws/build/challenge02/prefix_override:/usr/lib/python3/dist-packages/colcon_core/task/python/colcon_distutils_commands:/home/josea/ros2_ws/install/challenge02/lib/python3.10/site-packages:${PYTHONPATH} /usr/bin/python3 -W ignore:setup.py install is deprecated -W ignore:easy_install command is deprecated setup.py egg_info --egg-base ../../build/challenge02 build --build-base /home/josea/ros2_ws/build/challenge02/build install --record /home/josea/ros2_ws/build/challenge02/install.log --single-version-externally-managed install_data
[3.071s] running egg_info
[3.074s] writing ../../build/challenge02/challenge02.egg-info/PKG-INFO
[3.075s] writing dependency_links to ../../build/challenge02/challenge02.egg-info/dependency_links.txt
[3.076s] writing entry points to ../../build/challenge02/challenge02.egg-info/entry_points.txt
[3.077s] writing requirements to ../../build/challenge02/challenge02.egg-info/requires.txt
[3.078s] writing top-level names to ../../build/challenge02/challenge02.egg-info/top_level.txt
[3.083s] reading manifest file '../../build/challenge02/challenge02.egg-info/SOURCES.txt'
[3.088s] writing manifest file '../../build/challenge02/challenge02.egg-info/SOURCES.txt'
[3.091s] running build
[3.091s] running build_py
[3.092s] running install
[3.093s] running install_lib
[3.102s] running install_data
[3.104s] running install_egg_info
[3.111s] removing '/home/josea/ros2_ws/install/challenge02/lib/python3.10/site-packages/challenge02-0.0.0-py3.10.egg-info' (and everything under it)
[3.112s] Copying ../../build/challenge02/challenge02.egg-info to /home/josea/ros2_ws/install/challenge02/lib/python3.10/site-packages/challenge02-0.0.0-py3.10.egg-info
[3.120s] running install_scripts
[3.178s] Installing controller script to /home/josea/ros2_ws/install/challenge02/lib/challenge02
[3.180s] Installing dc_motor script to /home/josea/ros2_ws/install/challenge02/lib/challenge02
[3.180s] Installing plant_test script to /home/josea/ros2_ws/install/challenge02/lib/challenge02
[3.180s] Installing set_point script to /home/josea/ros2_ws/install/challenge02/lib/challenge02
[3.181s] writing list of installed files to '/home/josea/ros2_ws/build/challenge02/install.log'
[3.282s] Invoked command in '/home/josea/ros2_ws/src/challenge02' returned '0': PYTHONPATH=/home/josea/ros2_ws/build/challenge02/prefix_override:/usr/lib/python3/dist-packages/colcon_core/task/python/colcon_distutils_commands:/home/josea/ros2_ws/install/challenge02/lib/python3.10/site-packages:${PYTHONPATH} /usr/bin/python3 -W ignore:setup.py install is deprecated -W ignore:easy_install command is deprecated setup.py egg_info --egg-base ../../build/challenge02 build --build-base /home/josea/ros2_ws/build/challenge02/build install --record /home/josea/ros2_ws/build/challenge02/install.log --single-version-externally-managed install_data
