[2.586s] Invoking command in '/home/josea/ros2_ws/src/my_pack_clas': PYTHONPATH=/home/josea/ros2_ws/build/my_pack_clas/prefix_override:/usr/lib/python3/dist-packages/colcon_core/task/python/colcon_distutils_commands:/home/josea/ros2_ws/install/my_pack_clas/lib/python3.10/site-packages:${PYTHONPATH} /usr/bin/python3 -W ignore:setup.py install is deprecated -W ignore:easy_install command is deprecated setup.py egg_info --egg-base ../../build/my_pack_clas build --build-base /home/josea/ros2_ws/build/my_pack_clas/build install --record /home/josea/ros2_ws/build/my_pack_clas/install.log --single-version-externally-managed install_data
[3.117s] running egg_info
[3.119s] writing ../../build/my_pack_clas/my_pack_clas.egg-info/PKG-INFO
[3.120s] writing dependency_links to ../../build/my_pack_clas/my_pack_clas.egg-info/dependency_links.txt
[3.120s] writing entry points to ../../build/my_pack_clas/my_pack_clas.egg-info/entry_points.txt
[3.120s] writing requirements to ../../build/my_pack_clas/my_pack_clas.egg-info/requires.txt
[3.121s] writing top-level names to ../../build/my_pack_clas/my_pack_clas.egg-info/top_level.txt
[3.125s] reading manifest file '../../build/my_pack_clas/my_pack_clas.egg-info/SOURCES.txt'
[3.127s] writing manifest file '../../build/my_pack_clas/my_pack_clas.egg-info/SOURCES.txt'
[3.127s] running build
[3.127s] running build_py
[3.128s] running install
[3.129s] running install_lib
[3.135s] running install_data
[3.135s] running install_egg_info
[3.139s] removing '/home/josea/ros2_ws/install/my_pack_clas/lib/python3.10/site-packages/my_pack_clas-0.0.0-py3.10.egg-info' (and everything under it)
[3.141s] Copying ../../build/my_pack_clas/my_pack_clas.egg-info to /home/josea/ros2_ws/install/my_pack_clas/lib/python3.10/site-packages/my_pack_clas-0.0.0-py3.10.egg-info
[3.143s] running install_scripts
[3.190s] Installing my_pack script to /home/josea/ros2_ws/install/my_pack_clas/lib/my_pack_clas
[3.191s] Installing my_publisher script to /home/josea/ros2_ws/install/my_pack_clas/lib/my_pack_clas
[3.192s] Installing my_subscriber script to /home/josea/ros2_ws/install/my_pack_clas/lib/my_pack_clas
[3.192s] writing list of installed files to '/home/josea/ros2_ws/build/my_pack_clas/install.log'
[3.262s] Invoked command in '/home/josea/ros2_ws/src/my_pack_clas' returned '0': PYTHONPATH=/home/josea/ros2_ws/build/my_pack_clas/prefix_override:/usr/lib/python3/dist-packages/colcon_core/task/python/colcon_distutils_commands:/home/josea/ros2_ws/install/my_pack_clas/lib/python3.10/site-packages:${PYTHONPATH} /usr/bin/python3 -W ignore:setup.py install is deprecated -W ignore:easy_install command is deprecated setup.py egg_info --egg-base ../../build/my_pack_clas build --build-base /home/josea/ros2_ws/build/my_pack_clas/build install --record /home/josea/ros2_ws/build/my_pack_clas/install.log --single-version-externally-managed install_data
