/home/josea/ros2_ws/install/Challenge02/lib/python3.10/site-packages/Challenge02/dc_motor.py
/home/josea/ros2_ws/install/Challenge02/lib/python3.10/site-packages/Challenge02/plant_test.py
/home/josea/ros2_ws/install/Challenge02/lib/python3.10/site-packages/Challenge02/set_point.py
/home/josea/ros2_ws/install/Challenge02/lib/python3.10/site-packages/Challenge02/__init__.py
/home/josea/ros2_ws/install/Challenge02/lib/python3.10/site-packages/Challenge02/controller.py
/home/josea/ros2_ws/install/Challenge02/lib/python3.10/site-packages/Challenge02/__pycache__/dc_motor.cpython-310.pyc
/home/josea/ros2_ws/install/Challenge02/lib/python3.10/site-packages/Challenge02/__pycache__/plant_test.cpython-310.pyc
/home/josea/ros2_ws/install/Challenge02/lib/python3.10/site-packages/Challenge02/__pycache__/set_point.cpython-310.pyc
/home/josea/ros2_ws/install/Challenge02/lib/python3.10/site-packages/Challenge02/__pycache__/__init__.cpython-310.pyc
/home/josea/ros2_ws/install/Challenge02/lib/python3.10/site-packages/Challenge02/__pycache__/controller.cpython-310.pyc
/home/josea/ros2_ws/install/Challenge02/share/ament_index/resource_index/packages/Challenge02
/home/josea/ros2_ws/install/Challenge02/share/Challenge02/package.xml
/home/josea/ros2_ws/install/Challenge02/share/Challenge02
/home/josea/ros2_ws/install/Challenge02/lib/python3.10/site-packages/Challenge02-0.0.0-py3.10.egg-info/dependency_links.txt
/home/josea/ros2_ws/install/Challenge02/lib/python3.10/site-packages/Challenge02-0.0.0-py3.10.egg-info/PKG-INFO
/home/josea/ros2_ws/install/Challenge02/lib/python3.10/site-packages/Challenge02-0.0.0-py3.10.egg-info/SOURCES.txt
/home/josea/ros2_ws/install/Challenge02/lib/python3.10/site-packages/Challenge02-0.0.0-py3.10.egg-info/entry_points.txt
/home/josea/ros2_ws/install/Challenge02/lib/python3.10/site-packages/Challenge02-0.0.0-py3.10.egg-info/requires.txt
/home/josea/ros2_ws/install/Challenge02/lib/python3.10/site-packages/Challenge02-0.0.0-py3.10.egg-info/zip-safe
/home/josea/ros2_ws/install/Challenge02/lib/python3.10/site-packages/Challenge02-0.0.0-py3.10.egg-info/top_level.txt
/home/josea/ros2_ws/install/Challenge02/lib/Challenge02/controller
/home/josea/ros2_ws/install/Challenge02/lib/Challenge02/dc_motor
/home/josea/ros2_ws/install/Challenge02/lib/Challenge02/plant_test
/home/josea/ros2_ws/install/Challenge02/lib/Challenge02/set_point
