[0.033s] Invoking command in '/home/josea/ros2_ws/build/custom_interfaces': CMAKE_PREFIX_PATH=${CMAKE_PREFIX_PATH}:/home/josea/ros2_ws/install/my_pack_clas:/home/josea/ros2_ws/install/motor_control:/home/josea/ros2_ws/install/challenge02:/home/josea/ros2_ws/install/challenge01:/home/josea/ros2_ws/install/basic_comms:/home/josea/ros2_ws/install/Challenge02:/home/josea/ros2_ws/src/install/my_pack_clas:/home/josea/ros2_ws/src/install/motor_control:/home/josea/ros2_ws/src/install/challenge02:/home/josea/ros2_ws/src/install/challenge01:/home/josea/ros2_ws/src/install/basic_comms:/opt/ros/humble /usr/bin/cmake --build /home/josea/ros2_ws/build/custom_interfaces -- -j2 -l2
[0.158s] [  3%] Built target custom_interfaces__cpp
[0.210s] [ 12%] Built target custom_interfaces__rosidl_generator_c
[0.278s] [ 12%] Built target ament_cmake_python_copy_custom_interfaces
[0.333s] [ 22%] Built target custom_interfaces__rosidl_typesupport_cpp
[0.383s] [ 32%] Built target custom_interfaces__rosidl_typesupport_fastrtps_c
[0.439s] [ 41%] Built target custom_interfaces__rosidl_typesupport_fastrtps_cpp
[0.492s] [ 51%] Built target custom_interfaces__rosidl_typesupport_introspection_c
[0.540s] [ 61%] Built target custom_interfaces__rosidl_typesupport_c
[0.594s] [ 70%] Built target custom_interfaces__rosidl_typesupport_introspection_cpp
[1.463s] running egg_info
[1.464s] writing custom_interfaces.egg-info/PKG-INFO
[1.466s] writing dependency_links to custom_interfaces.egg-info/dependency_links.txt
[1.467s] writing top-level names to custom_interfaces.egg-info/top_level.txt
[1.479s] reading manifest file 'custom_interfaces.egg-info/SOURCES.txt'
[1.479s] writing manifest file 'custom_interfaces.egg-info/SOURCES.txt'
[1.580s] [ 70%] Built target ament_cmake_python_build_custom_interfaces_egg
[1.640s] [ 70%] Built target custom_interfaces
[1.690s] [ 74%] Built target custom_interfaces__py
[1.747s] [ 80%] Built target custom_interfaces__rosidl_generator_py
[1.812s] [ 87%] Built target custom_interfaces__rosidl_typesupport_fastrtps_c__pyext
[1.897s] [ 93%] Built target custom_interfaces__rosidl_typesupport_introspection_c__pyext
[1.963s] [100%] Built target custom_interfaces__rosidl_typesupport_c__pyext
[1.994s] Invoked command in '/home/josea/ros2_ws/build/custom_interfaces' returned '0': CMAKE_PREFIX_PATH=${CMAKE_PREFIX_PATH}:/home/josea/ros2_ws/install/my_pack_clas:/home/josea/ros2_ws/install/motor_control:/home/josea/ros2_ws/install/challenge02:/home/josea/ros2_ws/install/challenge01:/home/josea/ros2_ws/install/basic_comms:/home/josea/ros2_ws/install/Challenge02:/home/josea/ros2_ws/src/install/my_pack_clas:/home/josea/ros2_ws/src/install/motor_control:/home/josea/ros2_ws/src/install/challenge02:/home/josea/ros2_ws/src/install/challenge01:/home/josea/ros2_ws/src/install/basic_comms:/opt/ros/humble /usr/bin/cmake --build /home/josea/ros2_ws/build/custom_interfaces -- -j2 -l2
[2.025s] Invoking command in '/home/josea/ros2_ws/build/custom_interfaces': CMAKE_PREFIX_PATH=${CMAKE_PREFIX_PATH}:/home/josea/ros2_ws/install/my_pack_clas:/home/josea/ros2_ws/install/motor_control:/home/josea/ros2_ws/install/challenge02:/home/josea/ros2_ws/install/challenge01:/home/josea/ros2_ws/install/basic_comms:/home/josea/ros2_ws/install/Challenge02:/home/josea/ros2_ws/src/install/my_pack_clas:/home/josea/ros2_ws/src/install/motor_control:/home/josea/ros2_ws/src/install/challenge02:/home/josea/ros2_ws/src/install/challenge01:/home/josea/ros2_ws/src/install/basic_comms:/opt/ros/humble /usr/bin/cmake --install /home/josea/ros2_ws/build/custom_interfaces
[2.058s] -- Install configuration: ""
[2.059s] -- Up-to-date: /home/josea/ros2_ws/install/custom_interfaces/share/ament_index/resource_index/rosidl_interfaces/custom_interfaces
[2.060s] -- Up-to-date: /home/josea/ros2_ws/install/custom_interfaces/include/custom_interfaces/custom_interfaces
[2.060s] -- Up-to-date: /home/josea/ros2_ws/install/custom_interfaces/include/custom_interfaces/custom_interfaces/msg
[2.061s] -- Up-to-date: /home/josea/ros2_ws/install/custom_interfaces/include/custom_interfaces/custom_interfaces/msg/rosidl_generator_c__visibility_control.h
[2.061s] -- Up-to-date: /home/josea/ros2_ws/install/custom_interfaces/include/custom_interfaces/custom_interfaces/srv
[2.062s] -- Up-to-date: /home/josea/ros2_ws/install/custom_interfaces/include/custom_interfaces/custom_interfaces/srv/set_process_bool.h
[2.062s] -- Up-to-date: /home/josea/ros2_ws/install/custom_interfaces/include/custom_interfaces/custom_interfaces/srv/detail
[2.064s] -- Up-to-date: /home/josea/ros2_ws/install/custom_interfaces/include/custom_interfaces/custom_interfaces/srv/detail/set_process_bool__functions.c
[2.064s] -- Up-to-date: /home/josea/ros2_ws/install/custom_interfaces/include/custom_interfaces/custom_interfaces/srv/detail/set_process_bool__functions.h
[2.064s] -- Up-to-date: /home/josea/ros2_ws/install/custom_interfaces/include/custom_interfaces/custom_interfaces/srv/detail/set_process_bool__type_support.h
[2.064s] -- Up-to-date: /home/josea/ros2_ws/install/custom_interfaces/include/custom_interfaces/custom_interfaces/srv/detail/set_process_bool__struct.h
[2.065s] -- Up-to-date: /home/josea/ros2_ws/install/custom_interfaces/share/custom_interfaces/environment/library_path.sh
[2.065s] -- Up-to-date: /home/josea/ros2_ws/install/custom_interfaces/share/custom_interfaces/environment/library_path.dsv
[2.066s] -- Up-to-date: /home/josea/ros2_ws/install/custom_interfaces/lib/libcustom_interfaces__rosidl_generator_c.so
[2.066s] -- Up-to-date: /home/josea/ros2_ws/install/custom_interfaces/include/custom_interfaces/custom_interfaces
[2.067s] -- Up-to-date: /home/josea/ros2_ws/install/custom_interfaces/include/custom_interfaces/custom_interfaces/msg
[2.067s] -- Up-to-date: /home/josea/ros2_ws/install/custom_interfaces/include/custom_interfaces/custom_interfaces/msg/rosidl_typesupport_fastrtps_c__visibility_control.h
[2.067s] -- Up-to-date: /home/josea/ros2_ws/install/custom_interfaces/include/custom_interfaces/custom_interfaces/srv
[2.068s] -- Up-to-date: /home/josea/ros2_ws/install/custom_interfaces/include/custom_interfaces/custom_interfaces/srv/detail
[2.068s] -- Up-to-date: /home/josea/ros2_ws/install/custom_interfaces/include/custom_interfaces/custom_interfaces/srv/detail/set_process_bool__rosidl_typesupport_fastrtps_c.h
[2.069s] -- Up-to-date: /home/josea/ros2_ws/install/custom_interfaces/lib/libcustom_interfaces__rosidl_typesupport_fastrtps_c.so
[2.071s] -- Up-to-date: /home/josea/ros2_ws/install/custom_interfaces/include/custom_interfaces/custom_interfaces
[2.072s] -- Up-to-date: /home/josea/ros2_ws/install/custom_interfaces/include/custom_interfaces/custom_interfaces/msg
[2.072s] -- Up-to-date: /home/josea/ros2_ws/install/custom_interfaces/include/custom_interfaces/custom_interfaces/msg/rosidl_generator_cpp__visibility_control.hpp
[2.072s] -- Up-to-date: /home/josea/ros2_ws/install/custom_interfaces/include/custom_interfaces/custom_interfaces/srv
[2.072s] -- Up-to-date: /home/josea/ros2_ws/install/custom_interfaces/include/custom_interfaces/custom_interfaces/srv/set_process_bool.hpp
[2.072s] -- Up-to-date: /home/josea/ros2_ws/install/custom_interfaces/include/custom_interfaces/custom_interfaces/srv/detail
[2.072s] -- Up-to-date: /home/josea/ros2_ws/install/custom_interfaces/include/custom_interfaces/custom_interfaces/srv/detail/set_process_bool__type_support.hpp
[2.073s] -- Up-to-date: /home/josea/ros2_ws/install/custom_interfaces/include/custom_interfaces/custom_interfaces/srv/detail/set_process_bool__struct.hpp
[2.073s] -- Up-to-date: /home/josea/ros2_ws/install/custom_interfaces/include/custom_interfaces/custom_interfaces/srv/detail/set_process_bool__traits.hpp
[2.075s] -- Up-to-date: /home/josea/ros2_ws/install/custom_interfaces/include/custom_interfaces/custom_interfaces/srv/detail/set_process_bool__builder.hpp
[2.075s] -- Up-to-date: /home/josea/ros2_ws/install/custom_interfaces/include/custom_interfaces/custom_interfaces
[2.075s] -- Up-to-date: /home/josea/ros2_ws/install/custom_interfaces/include/custom_interfaces/custom_interfaces/msg
[2.075s] -- Up-to-date: /home/josea/ros2_ws/install/custom_interfaces/include/custom_interfaces/custom_interfaces/msg/rosidl_typesupport_fastrtps_cpp__visibility_control.h
[2.076s] -- Up-to-date: /home/josea/ros2_ws/install/custom_interfaces/include/custom_interfaces/custom_interfaces/srv
[2.076s] -- Up-to-date: /home/josea/ros2_ws/install/custom_interfaces/include/custom_interfaces/custom_interfaces/srv/detail
[2.076s] -- Up-to-date: /home/josea/ros2_ws/install/custom_interfaces/include/custom_interfaces/custom_interfaces/srv/detail/dds_fastrtps
[2.076s] -- Up-to-date: /home/josea/ros2_ws/install/custom_interfaces/include/custom_interfaces/custom_interfaces/srv/detail/set_process_bool__rosidl_typesupport_fastrtps_cpp.hpp
[2.076s] -- Up-to-date: /home/josea/ros2_ws/install/custom_interfaces/lib/libcustom_interfaces__rosidl_typesupport_fastrtps_cpp.so
[2.076s] -- Up-to-date: /home/josea/ros2_ws/install/custom_interfaces/include/custom_interfaces/custom_interfaces
[2.080s] -- Up-to-date: /home/josea/ros2_ws/install/custom_interfaces/include/custom_interfaces/custom_interfaces/msg
[2.080s] -- Up-to-date: /home/josea/ros2_ws/install/custom_interfaces/include/custom_interfaces/custom_interfaces/msg/rosidl_typesupport_introspection_c__visibility_control.h
[2.081s] -- Up-to-date: /home/josea/ros2_ws/install/custom_interfaces/include/custom_interfaces/custom_interfaces/srv
[2.081s] -- Up-to-date: /home/josea/ros2_ws/install/custom_interfaces/include/custom_interfaces/custom_interfaces/srv/detail
[2.081s] -- Up-to-date: /home/josea/ros2_ws/install/custom_interfaces/include/custom_interfaces/custom_interfaces/srv/detail/set_process_bool__rosidl_typesupport_introspection_c.h
[2.081s] -- Up-to-date: /home/josea/ros2_ws/install/custom_interfaces/include/custom_interfaces/custom_interfaces/srv/detail/set_process_bool__type_support.c
[2.081s] -- Up-to-date: /home/josea/ros2_ws/install/custom_interfaces/lib/libcustom_interfaces__rosidl_typesupport_introspection_c.so
[2.081s] -- Up-to-date: /home/josea/ros2_ws/install/custom_interfaces/lib/libcustom_interfaces__rosidl_typesupport_c.so
[2.082s] -- Up-to-date: /home/josea/ros2_ws/install/custom_interfaces/include/custom_interfaces/custom_interfaces
[2.082s] -- Up-to-date: /home/josea/ros2_ws/install/custom_interfaces/include/custom_interfaces/custom_interfaces/srv
[2.084s] -- Up-to-date: /home/josea/ros2_ws/install/custom_interfaces/include/custom_interfaces/custom_interfaces/srv/detail
[2.084s] -- Up-to-date: /home/josea/ros2_ws/install/custom_interfaces/include/custom_interfaces/custom_interfaces/srv/detail/set_process_bool__rosidl_typesupport_introspection_cpp.hpp
[2.085s] -- Up-to-date: /home/josea/ros2_ws/install/custom_interfaces/include/custom_interfaces/custom_interfaces/srv/detail/set_process_bool__type_support.cpp
[2.085s] -- Up-to-date: /home/josea/ros2_ws/install/custom_interfaces/lib/libcustom_interfaces__rosidl_typesupport_introspection_cpp.so
[2.085s] -- Up-to-date: /home/josea/ros2_ws/install/custom_interfaces/lib/libcustom_interfaces__rosidl_typesupport_cpp.so
[2.085s] -- Up-to-date: /home/josea/ros2_ws/install/custom_interfaces/share/custom_interfaces/environment/pythonpath.sh
[2.085s] -- Up-to-date: /home/josea/ros2_ws/install/custom_interfaces/share/custom_interfaces/environment/pythonpath.dsv
[2.086s] -- Up-to-date: /home/josea/ros2_ws/install/custom_interfaces/local/lib/python3.10/dist-packages/custom_interfaces-0.0.0-py3.10.egg-info
[2.086s] -- Installing: /home/josea/ros2_ws/install/custom_interfaces/local/lib/python3.10/dist-packages/custom_interfaces-0.0.0-py3.10.egg-info/dependency_links.txt
[2.086s] -- Installing: /home/josea/ros2_ws/install/custom_interfaces/local/lib/python3.10/dist-packages/custom_interfaces-0.0.0-py3.10.egg-info/PKG-INFO
[2.090s] -- Installing: /home/josea/ros2_ws/install/custom_interfaces/local/lib/python3.10/dist-packages/custom_interfaces-0.0.0-py3.10.egg-info/SOURCES.txt
[2.091s] -- Installing: /home/josea/ros2_ws/install/custom_interfaces/local/lib/python3.10/dist-packages/custom_interfaces-0.0.0-py3.10.egg-info/top_level.txt
[2.091s] -- Up-to-date: /home/josea/ros2_ws/install/custom_interfaces/local/lib/python3.10/dist-packages/custom_interfaces
[2.091s] -- Up-to-date: /home/josea/ros2_ws/install/custom_interfaces/local/lib/python3.10/dist-packages/custom_interfaces/_custom_interfaces_s.ep.rosidl_typesupport_c.c
[2.091s] -- Up-to-date: /home/josea/ros2_ws/install/custom_interfaces/local/lib/python3.10/dist-packages/custom_interfaces/_custom_interfaces_s.ep.rosidl_typesupport_fastrtps_c.c
[2.091s] -- Up-to-date: /home/josea/ros2_ws/install/custom_interfaces/local/lib/python3.10/dist-packages/custom_interfaces/srv
[2.091s] -- Up-to-date: /home/josea/ros2_ws/install/custom_interfaces/local/lib/python3.10/dist-packages/custom_interfaces/srv/_set_process_bool_s.c
[2.092s] -- Up-to-date: /home/josea/ros2_ws/install/custom_interfaces/local/lib/python3.10/dist-packages/custom_interfaces/srv/_set_process_bool.py
[2.092s] -- Up-to-date: /home/josea/ros2_ws/install/custom_interfaces/local/lib/python3.10/dist-packages/custom_interfaces/srv/__init__.py
[2.093s] -- Up-to-date: /home/josea/ros2_ws/install/custom_interfaces/local/lib/python3.10/dist-packages/custom_interfaces/custom_interfaces_s__rosidl_typesupport_introspection_c.cpython-310-x86_64-linux-gnu.so
[2.093s] -- Up-to-date: /home/josea/ros2_ws/install/custom_interfaces/local/lib/python3.10/dist-packages/custom_interfaces/custom_interfaces_s__rosidl_typesupport_c.cpython-310-x86_64-linux-gnu.so
[2.093s] -- Up-to-date: /home/josea/ros2_ws/install/custom_interfaces/local/lib/python3.10/dist-packages/custom_interfaces/__init__.py
[2.093s] -- Up-to-date: /home/josea/ros2_ws/install/custom_interfaces/local/lib/python3.10/dist-packages/custom_interfaces/custom_interfaces_s__rosidl_typesupport_fastrtps_c.cpython-310-x86_64-linux-gnu.so
[2.094s] -- Up-to-date: /home/josea/ros2_ws/install/custom_interfaces/local/lib/python3.10/dist-packages/custom_interfaces/libcustom_interfaces__rosidl_generator_py.so
[2.094s] -- Up-to-date: /home/josea/ros2_ws/install/custom_interfaces/local/lib/python3.10/dist-packages/custom_interfaces/_custom_interfaces_s.ep.rosidl_typesupport_introspection_c.c
[2.214s] Listing '/home/josea/ros2_ws/install/custom_interfaces/local/lib/python3.10/dist-packages/custom_interfaces'...
[2.215s] Listing '/home/josea/ros2_ws/install/custom_interfaces/local/lib/python3.10/dist-packages/custom_interfaces/srv'...
[2.240s] -- Up-to-date: /home/josea/ros2_ws/install/custom_interfaces/local/lib/python3.10/dist-packages/custom_interfaces/custom_interfaces_s__rosidl_typesupport_fastrtps_c.cpython-310-x86_64-linux-gnu.so
[2.242s] -- Up-to-date: /home/josea/ros2_ws/install/custom_interfaces/local/lib/python3.10/dist-packages/custom_interfaces/custom_interfaces_s__rosidl_typesupport_introspection_c.cpython-310-x86_64-linux-gnu.so
[2.243s] -- Up-to-date: /home/josea/ros2_ws/install/custom_interfaces/local/lib/python3.10/dist-packages/custom_interfaces/custom_interfaces_s__rosidl_typesupport_c.cpython-310-x86_64-linux-gnu.so
[2.245s] -- Up-to-date: /home/josea/ros2_ws/install/custom_interfaces/lib/libcustom_interfaces__rosidl_generator_py.so
[2.248s] -- Up-to-date: /home/josea/ros2_ws/install/custom_interfaces/share/custom_interfaces/srv/SetProcessBool.idl
[2.251s] -- Up-to-date: /home/josea/ros2_ws/install/custom_interfaces/share/custom_interfaces/srv/SetProcessBool.srv
[2.251s] -- Up-to-date: /home/josea/ros2_ws/install/custom_interfaces/share/custom_interfaces/srv/SetProcessBool_Request.msg
[2.251s] -- Up-to-date: /home/josea/ros2_ws/install/custom_interfaces/share/custom_interfaces/srv/SetProcessBool_Response.msg
[2.252s] -- Up-to-date: /home/josea/ros2_ws/install/custom_interfaces/share/ament_index/resource_index/package_run_dependencies/custom_interfaces
[2.252s] -- Up-to-date: /home/josea/ros2_ws/install/custom_interfaces/share/ament_index/resource_index/parent_prefix_path/custom_interfaces
[2.258s] -- Up-to-date: /home/josea/ros2_ws/install/custom_interfaces/share/custom_interfaces/environment/ament_prefix_path.sh
[2.259s] -- Up-to-date: /home/josea/ros2_ws/install/custom_interfaces/share/custom_interfaces/environment/ament_prefix_path.dsv
[2.259s] -- Up-to-date: /home/josea/ros2_ws/install/custom_interfaces/share/custom_interfaces/environment/path.sh
[2.259s] -- Up-to-date: /home/josea/ros2_ws/install/custom_interfaces/share/custom_interfaces/environment/path.dsv
[2.259s] -- Up-to-date: /home/josea/ros2_ws/install/custom_interfaces/share/custom_interfaces/local_setup.bash
[2.260s] -- Up-to-date: /home/josea/ros2_ws/install/custom_interfaces/share/custom_interfaces/local_setup.sh
[2.260s] -- Up-to-date: /home/josea/ros2_ws/install/custom_interfaces/share/custom_interfaces/local_setup.zsh
[2.262s] -- Up-to-date: /home/josea/ros2_ws/install/custom_interfaces/share/custom_interfaces/local_setup.dsv
[2.263s] -- Installing: /home/josea/ros2_ws/install/custom_interfaces/share/custom_interfaces/package.dsv
[2.263s] -- Up-to-date: /home/josea/ros2_ws/install/custom_interfaces/share/ament_index/resource_index/packages/custom_interfaces
[2.263s] -- Up-to-date: /home/josea/ros2_ws/install/custom_interfaces/share/custom_interfaces/cmake/export_custom_interfaces__rosidl_generator_cExport.cmake
[2.265s] -- Up-to-date: /home/josea/ros2_ws/install/custom_interfaces/share/custom_interfaces/cmake/export_custom_interfaces__rosidl_generator_cExport-noconfig.cmake
[2.266s] -- Up-to-date: /home/josea/ros2_ws/install/custom_interfaces/share/custom_interfaces/cmake/export_custom_interfaces__rosidl_typesupport_fastrtps_cExport.cmake
[2.266s] -- Up-to-date: /home/josea/ros2_ws/install/custom_interfaces/share/custom_interfaces/cmake/export_custom_interfaces__rosidl_typesupport_fastrtps_cExport-noconfig.cmake
[2.266s] -- Up-to-date: /home/josea/ros2_ws/install/custom_interfaces/share/custom_interfaces/cmake/export_custom_interfaces__rosidl_generator_cppExport.cmake
[2.266s] -- Up-to-date: /home/josea/ros2_ws/install/custom_interfaces/share/custom_interfaces/cmake/export_custom_interfaces__rosidl_typesupport_fastrtps_cppExport.cmake
[2.266s] -- Up-to-date: /home/josea/ros2_ws/install/custom_interfaces/share/custom_interfaces/cmake/export_custom_interfaces__rosidl_typesupport_fastrtps_cppExport-noconfig.cmake
[2.266s] -- Up-to-date: /home/josea/ros2_ws/install/custom_interfaces/share/custom_interfaces/cmake/custom_interfaces__rosidl_typesupport_introspection_cExport.cmake
[2.266s] -- Up-to-date: /home/josea/ros2_ws/install/custom_interfaces/share/custom_interfaces/cmake/custom_interfaces__rosidl_typesupport_introspection_cExport-noconfig.cmake
[2.267s] -- Up-to-date: /home/josea/ros2_ws/install/custom_interfaces/share/custom_interfaces/cmake/custom_interfaces__rosidl_typesupport_cExport.cmake
[2.267s] -- Up-to-date: /home/josea/ros2_ws/install/custom_interfaces/share/custom_interfaces/cmake/custom_interfaces__rosidl_typesupport_cExport-noconfig.cmake
[2.267s] -- Up-to-date: /home/josea/ros2_ws/install/custom_interfaces/share/custom_interfaces/cmake/custom_interfaces__rosidl_typesupport_introspection_cppExport.cmake
[2.269s] -- Up-to-date: /home/josea/ros2_ws/install/custom_interfaces/share/custom_interfaces/cmake/custom_interfaces__rosidl_typesupport_introspection_cppExport-noconfig.cmake
[2.269s] -- Up-to-date: /home/josea/ros2_ws/install/custom_interfaces/share/custom_interfaces/cmake/custom_interfaces__rosidl_typesupport_cppExport.cmake
[2.269s] -- Up-to-date: /home/josea/ros2_ws/install/custom_interfaces/share/custom_interfaces/cmake/custom_interfaces__rosidl_typesupport_cppExport-noconfig.cmake
[2.269s] -- Up-to-date: /home/josea/ros2_ws/install/custom_interfaces/share/custom_interfaces/cmake/export_custom_interfaces__rosidl_generator_pyExport.cmake
[2.270s] -- Up-to-date: /home/josea/ros2_ws/install/custom_interfaces/share/custom_interfaces/cmake/export_custom_interfaces__rosidl_generator_pyExport-noconfig.cmake
[2.270s] -- Up-to-date: /home/josea/ros2_ws/install/custom_interfaces/share/custom_interfaces/cmake/rosidl_cmake-extras.cmake
[2.274s] -- Up-to-date: /home/josea/ros2_ws/install/custom_interfaces/share/custom_interfaces/cmake/ament_cmake_export_dependencies-extras.cmake
[2.275s] -- Up-to-date: /home/josea/ros2_ws/install/custom_interfaces/share/custom_interfaces/cmake/ament_cmake_export_include_directories-extras.cmake
[2.275s] -- Up-to-date: /home/josea/ros2_ws/install/custom_interfaces/share/custom_interfaces/cmake/ament_cmake_export_libraries-extras.cmake
[2.275s] -- Up-to-date: /home/josea/ros2_ws/install/custom_interfaces/share/custom_interfaces/cmake/ament_cmake_export_targets-extras.cmake
[2.276s] -- Up-to-date: /home/josea/ros2_ws/install/custom_interfaces/share/custom_interfaces/cmake/rosidl_cmake_export_typesupport_targets-extras.cmake
[2.276s] -- Up-to-date: /home/josea/ros2_ws/install/custom_interfaces/share/custom_interfaces/cmake/rosidl_cmake_export_typesupport_libraries-extras.cmake
[2.276s] -- Up-to-date: /home/josea/ros2_ws/install/custom_interfaces/share/custom_interfaces/cmake/custom_interfacesConfig.cmake
[2.276s] -- Up-to-date: /home/josea/ros2_ws/install/custom_interfaces/share/custom_interfaces/cmake/custom_interfacesConfig-version.cmake
[2.276s] -- Up-to-date: /home/josea/ros2_ws/install/custom_interfaces/share/custom_interfaces/package.xml
[2.281s] Invoked command in '/home/josea/ros2_ws/build/custom_interfaces' returned '0': CMAKE_PREFIX_PATH=${CMAKE_PREFIX_PATH}:/home/josea/ros2_ws/install/my_pack_clas:/home/josea/ros2_ws/install/motor_control:/home/josea/ros2_ws/install/challenge02:/home/josea/ros2_ws/install/challenge01:/home/josea/ros2_ws/install/basic_comms:/home/josea/ros2_ws/install/Challenge02:/home/josea/ros2_ws/src/install/my_pack_clas:/home/josea/ros2_ws/src/install/motor_control:/home/josea/ros2_ws/src/install/challenge02:/home/josea/ros2_ws/src/install/challenge01:/home/josea/ros2_ws/src/install/basic_comms:/opt/ros/humble /usr/bin/cmake --install /home/josea/ros2_ws/build/custom_interfaces
