[2.290s] Invoking command in '/home/josea/ros2_ws/src/basic_comms': PYTHONPATH=/home/josea/ros2_ws/build/basic_comms/prefix_override:/usr/lib/python3/dist-packages/colcon_core/task/python/colcon_distutils_commands:/home/josea/ros2_ws/install/basic_comms/lib/python3.10/site-packages:${PYTHONPATH} /usr/bin/python3 -W ignore:setup.py install is deprecated -W ignore:easy_install command is deprecated setup.py egg_info --egg-base ../../build/basic_comms build --build-base /home/josea/ros2_ws/build/basic_comms/build install --record /home/josea/ros2_ws/build/basic_comms/install.log --single-version-externally-managed install_data
[2.980s] running egg_info
[2.982s] writing ../../build/basic_comms/basic_comms.egg-info/PKG-INFO
[2.989s] writing dependency_links to ../../build/basic_comms/basic_comms.egg-info/dependency_links.txt
[2.990s] writing entry points to ../../build/basic_comms/basic_comms.egg-info/entry_points.txt
[2.990s] writing requirements to ../../build/basic_comms/basic_comms.egg-info/requires.txt
[2.990s] writing top-level names to ../../build/basic_comms/basic_comms.egg-info/top_level.txt
[2.994s] reading manifest file '../../build/basic_comms/basic_comms.egg-info/SOURCES.txt'
[2.998s] writing manifest file '../../build/basic_comms/basic_comms.egg-info/SOURCES.txt'
[2.998s] running build
[2.998s] running build_py
[3.001s] running install
[3.001s] running install_lib
[3.008s] running install_data
[3.012s] running install_egg_info
[3.014s] removing '/home/josea/ros2_ws/install/basic_comms/lib/python3.10/site-packages/basic_comms-0.0.0-py3.10.egg-info' (and everything under it)
[3.018s] Copying ../../build/basic_comms/basic_comms.egg-info to /home/josea/ros2_ws/install/basic_comms/lib/python3.10/site-packages/basic_comms-0.0.0-py3.10.egg-info
[3.024s] running install_scripts
[3.080s] Installing talker script to /home/josea/ros2_ws/install/basic_comms/lib/basic_comms
[3.087s] writing list of installed files to '/home/josea/ros2_ws/build/basic_comms/install.log'
[3.206s] Invoked command in '/home/josea/ros2_ws/src/basic_comms' returned '0': PYTHONPATH=/home/josea/ros2_ws/build/basic_comms/prefix_override:/usr/lib/python3/dist-packages/colcon_core/task/python/colcon_distutils_commands:/home/josea/ros2_ws/install/basic_comms/lib/python3.10/site-packages:${PYTHONPATH} /usr/bin/python3 -W ignore:setup.py install is deprecated -W ignore:easy_install command is deprecated setup.py egg_info --egg-base ../../build/basic_comms build --build-base /home/josea/ros2_ws/build/basic_comms/build install --record /home/josea/ros2_ws/build/basic_comms/install.log --single-version-externally-managed install_data
