[0.836s] Invoking command in '/home/josea/ros2_ws/build/custom_interfaces': CMAKE_PREFIX_PATH=${CMAKE_PREFIX_PATH}:/home/josea/ros2_ws/install/my_pack_clas:/home/josea/ros2_ws/install/motor_control:/home/josea/ros2_ws/install/challenge02:/home/josea/ros2_ws/install/challenge01:/home/josea/ros2_ws/install/basic_comms:/home/josea/ros2_ws/src/install/my_pack_clas:/home/josea/ros2_ws/src/install/motor_control:/home/josea/ros2_ws/src/install/challenge02:/home/josea/ros2_ws/src/install/challenge01:/home/josea/ros2_ws/src/install/basic_comms:/opt/ros/humble /usr/bin/cmake --build /home/josea/ros2_ws/build/custom_interfaces -- -j2 -l2
[0.980s] [  3%] Built target custom_interfaces__cpp
[1.094s] [ 12%] Built target custom_interfaces__rosidl_generator_c
[1.143s] [ 12%] Built target ament_cmake_python_copy_custom_interfaces
[1.243s] [ 22%] Built target custom_interfaces__rosidl_typesupport_cpp
[1.356s] [ 32%] Built target custom_interfaces__rosidl_typesupport_fastrtps_c
[1.411s] [ 41%] Built target custom_interfaces__rosidl_typesupport_fastrtps_cpp
[1.460s] [ 51%] Built target custom_interfaces__rosidl_typesupport_introspection_c
[1.509s] [ 61%] Built target custom_interfaces__rosidl_typesupport_c
[1.563s] [ 70%] Built target custom_interfaces__rosidl_typesupport_introspection_cpp
[2.790s] running egg_info
[2.795s] writing custom_interfaces.egg-info/PKG-INFO
[2.795s] writing dependency_links to custom_interfaces.egg-info/dependency_links.txt
[2.795s] writing top-level names to custom_interfaces.egg-info/top_level.txt
[2.805s] reading manifest file 'custom_interfaces.egg-info/SOURCES.txt'
[2.807s] writing manifest file 'custom_interfaces.egg-info/SOURCES.txt'
[2.946s] [ 70%] Built target ament_cmake_python_build_custom_interfaces_egg
[3.023s] [ 70%] Built target custom_interfaces
[3.087s] [ 74%] Built target custom_interfaces__py
[3.156s] [ 80%] Built target custom_interfaces__rosidl_generator_py
[3.237s] [ 87%] Built target custom_interfaces__rosidl_typesupport_fastrtps_c__pyext
[3.310s] [ 93%] Built target custom_interfaces__rosidl_typesupport_introspection_c__pyext
[3.391s] [100%] Built target custom_interfaces__rosidl_typesupport_c__pyext
[3.435s] Invoked command in '/home/josea/ros2_ws/build/custom_interfaces' returned '0': CMAKE_PREFIX_PATH=${CMAKE_PREFIX_PATH}:/home/josea/ros2_ws/install/my_pack_clas:/home/josea/ros2_ws/install/motor_control:/home/josea/ros2_ws/install/challenge02:/home/josea/ros2_ws/install/challenge01:/home/josea/ros2_ws/install/basic_comms:/home/josea/ros2_ws/src/install/my_pack_clas:/home/josea/ros2_ws/src/install/motor_control:/home/josea/ros2_ws/src/install/challenge02:/home/josea/ros2_ws/src/install/challenge01:/home/josea/ros2_ws/src/install/basic_comms:/opt/ros/humble /usr/bin/cmake --build /home/josea/ros2_ws/build/custom_interfaces -- -j2 -l2
[3.482s] Invoking command in '/home/josea/ros2_ws/build/custom_interfaces': CMAKE_PREFIX_PATH=${CMAKE_PREFIX_PATH}:/home/josea/ros2_ws/install/my_pack_clas:/home/josea/ros2_ws/install/motor_control:/home/josea/ros2_ws/install/challenge02:/home/josea/ros2_ws/install/challenge01:/home/josea/ros2_ws/install/basic_comms:/home/josea/ros2_ws/src/install/my_pack_clas:/home/josea/ros2_ws/src/install/motor_control:/home/josea/ros2_ws/src/install/challenge02:/home/josea/ros2_ws/src/install/challenge01:/home/josea/ros2_ws/src/install/basic_comms:/opt/ros/humble /usr/bin/cmake --install /home/josea/ros2_ws/build/custom_interfaces
[3.524s] -- Install configuration: ""
[3.525s] -- Up-to-date: /home/josea/ros2_ws/install/custom_interfaces/share/ament_index/resource_index/rosidl_interfaces/custom_interfaces
[3.527s] -- Up-to-date: /home/josea/ros2_ws/install/custom_interfaces/include/custom_interfaces/custom_interfaces
[3.527s] -- Up-to-date: /home/josea/ros2_ws/install/custom_interfaces/include/custom_interfaces/custom_interfaces/msg
[3.527s] -- Up-to-date: /home/josea/ros2_ws/install/custom_interfaces/include/custom_interfaces/custom_interfaces/msg/rosidl_generator_c__visibility_control.h
[3.529s] -- Up-to-date: /home/josea/ros2_ws/install/custom_interfaces/include/custom_interfaces/custom_interfaces/srv
[3.530s] -- Up-to-date: /home/josea/ros2_ws/install/custom_interfaces/include/custom_interfaces/custom_interfaces/srv/set_process_bool.h
[3.530s] -- Up-to-date: /home/josea/ros2_ws/install/custom_interfaces/include/custom_interfaces/custom_interfaces/srv/detail
[3.530s] -- Up-to-date: /home/josea/ros2_ws/install/custom_interfaces/include/custom_interfaces/custom_interfaces/srv/detail/set_process_bool__functions.c
[3.532s] -- Up-to-date: /home/josea/ros2_ws/install/custom_interfaces/include/custom_interfaces/custom_interfaces/srv/detail/set_process_bool__functions.h
[3.532s] -- Up-to-date: /home/josea/ros2_ws/install/custom_interfaces/include/custom_interfaces/custom_interfaces/srv/detail/set_process_bool__type_support.h
[3.532s] -- Up-to-date: /home/josea/ros2_ws/install/custom_interfaces/include/custom_interfaces/custom_interfaces/srv/detail/set_process_bool__struct.h
[3.533s] -- Up-to-date: /home/josea/ros2_ws/install/custom_interfaces/share/custom_interfaces/environment/library_path.sh
[3.533s] -- Up-to-date: /home/josea/ros2_ws/install/custom_interfaces/share/custom_interfaces/environment/library_path.dsv
[3.533s] -- Up-to-date: /home/josea/ros2_ws/install/custom_interfaces/lib/libcustom_interfaces__rosidl_generator_c.so
[3.538s] -- Up-to-date: /home/josea/ros2_ws/install/custom_interfaces/include/custom_interfaces/custom_interfaces
[3.538s] -- Up-to-date: /home/josea/ros2_ws/install/custom_interfaces/include/custom_interfaces/custom_interfaces/msg
[3.538s] -- Up-to-date: /home/josea/ros2_ws/install/custom_interfaces/include/custom_interfaces/custom_interfaces/msg/rosidl_typesupport_fastrtps_c__visibility_control.h
[3.538s] -- Up-to-date: /home/josea/ros2_ws/install/custom_interfaces/include/custom_interfaces/custom_interfaces/srv
[3.538s] -- Up-to-date: /home/josea/ros2_ws/install/custom_interfaces/include/custom_interfaces/custom_interfaces/srv/detail
[3.539s] -- Up-to-date: /home/josea/ros2_ws/install/custom_interfaces/include/custom_interfaces/custom_interfaces/srv/detail/set_process_bool__rosidl_typesupport_fastrtps_c.h
[3.540s] -- Up-to-date: /home/josea/ros2_ws/install/custom_interfaces/lib/libcustom_interfaces__rosidl_typesupport_fastrtps_c.so
[3.540s] -- Up-to-date: /home/josea/ros2_ws/install/custom_interfaces/include/custom_interfaces/custom_interfaces
[3.540s] -- Up-to-date: /home/josea/ros2_ws/install/custom_interfaces/include/custom_interfaces/custom_interfaces/msg
[3.540s] -- Up-to-date: /home/josea/ros2_ws/install/custom_interfaces/include/custom_interfaces/custom_interfaces/msg/rosidl_generator_cpp__visibility_control.hpp
[3.541s] -- Up-to-date: /home/josea/ros2_ws/install/custom_interfaces/include/custom_interfaces/custom_interfaces/srv
[3.541s] -- Up-to-date: /home/josea/ros2_ws/install/custom_interfaces/include/custom_interfaces/custom_interfaces/srv/set_process_bool.hpp
[3.541s] -- Up-to-date: /home/josea/ros2_ws/install/custom_interfaces/include/custom_interfaces/custom_interfaces/srv/detail
[3.544s] -- Up-to-date: /home/josea/ros2_ws/install/custom_interfaces/include/custom_interfaces/custom_interfaces/srv/detail/set_process_bool__type_support.hpp
[3.544s] -- Up-to-date: /home/josea/ros2_ws/install/custom_interfaces/include/custom_interfaces/custom_interfaces/srv/detail/set_process_bool__struct.hpp
[3.546s] -- Up-to-date: /home/josea/ros2_ws/install/custom_interfaces/include/custom_interfaces/custom_interfaces/srv/detail/set_process_bool__traits.hpp
[3.546s] -- Up-to-date: /home/josea/ros2_ws/install/custom_interfaces/include/custom_interfaces/custom_interfaces/srv/detail/set_process_bool__builder.hpp
[3.551s] -- Up-to-date: /home/josea/ros2_ws/install/custom_interfaces/include/custom_interfaces/custom_interfaces
[3.552s] -- Up-to-date: /home/josea/ros2_ws/install/custom_interfaces/include/custom_interfaces/custom_interfaces/msg
[3.552s] -- Up-to-date: /home/josea/ros2_ws/install/custom_interfaces/include/custom_interfaces/custom_interfaces/msg/rosidl_typesupport_fastrtps_cpp__visibility_control.h
[3.556s] -- Up-to-date: /home/josea/ros2_ws/install/custom_interfaces/include/custom_interfaces/custom_interfaces/srv
[3.557s] -- Up-to-date: /home/josea/ros2_ws/install/custom_interfaces/include/custom_interfaces/custom_interfaces/srv/detail
[3.558s] -- Up-to-date: /home/josea/ros2_ws/install/custom_interfaces/include/custom_interfaces/custom_interfaces/srv/detail/dds_fastrtps
[3.558s] -- Up-to-date: /home/josea/ros2_ws/install/custom_interfaces/include/custom_interfaces/custom_interfaces/srv/detail/set_process_bool__rosidl_typesupport_fastrtps_cpp.hpp
[3.558s] -- Up-to-date: /home/josea/ros2_ws/install/custom_interfaces/lib/libcustom_interfaces__rosidl_typesupport_fastrtps_cpp.so
[3.558s] -- Up-to-date: /home/josea/ros2_ws/install/custom_interfaces/include/custom_interfaces/custom_interfaces
[3.558s] -- Up-to-date: /home/josea/ros2_ws/install/custom_interfaces/include/custom_interfaces/custom_interfaces/msg
[3.559s] -- Up-to-date: /home/josea/ros2_ws/install/custom_interfaces/include/custom_interfaces/custom_interfaces/msg/rosidl_typesupport_introspection_c__visibility_control.h
[3.559s] -- Up-to-date: /home/josea/ros2_ws/install/custom_interfaces/include/custom_interfaces/custom_interfaces/srv
[3.559s] -- Up-to-date: /home/josea/ros2_ws/install/custom_interfaces/include/custom_interfaces/custom_interfaces/srv/detail
[3.559s] -- Up-to-date: /home/josea/ros2_ws/install/custom_interfaces/include/custom_interfaces/custom_interfaces/srv/detail/set_process_bool__rosidl_typesupport_introspection_c.h
[3.563s] -- Up-to-date: /home/josea/ros2_ws/install/custom_interfaces/include/custom_interfaces/custom_interfaces/srv/detail/set_process_bool__type_support.c
[3.564s] -- Up-to-date: /home/josea/ros2_ws/install/custom_interfaces/lib/libcustom_interfaces__rosidl_typesupport_introspection_c.so
[3.564s] -- Up-to-date: /home/josea/ros2_ws/install/custom_interfaces/lib/libcustom_interfaces__rosidl_typesupport_c.so
[3.564s] -- Up-to-date: /home/josea/ros2_ws/install/custom_interfaces/include/custom_interfaces/custom_interfaces
[3.564s] -- Up-to-date: /home/josea/ros2_ws/install/custom_interfaces/include/custom_interfaces/custom_interfaces/srv
[3.564s] -- Up-to-date: /home/josea/ros2_ws/install/custom_interfaces/include/custom_interfaces/custom_interfaces/srv/detail
[3.564s] -- Up-to-date: /home/josea/ros2_ws/install/custom_interfaces/include/custom_interfaces/custom_interfaces/srv/detail/set_process_bool__rosidl_typesupport_introspection_cpp.hpp
[3.565s] -- Up-to-date: /home/josea/ros2_ws/install/custom_interfaces/include/custom_interfaces/custom_interfaces/srv/detail/set_process_bool__type_support.cpp
[3.565s] -- Up-to-date: /home/josea/ros2_ws/install/custom_interfaces/lib/libcustom_interfaces__rosidl_typesupport_introspection_cpp.so
[3.565s] -- Up-to-date: /home/josea/ros2_ws/install/custom_interfaces/lib/libcustom_interfaces__rosidl_typesupport_cpp.so
[3.565s] -- Up-to-date: /home/josea/ros2_ws/install/custom_interfaces/share/custom_interfaces/environment/pythonpath.sh
[3.572s] -- Up-to-date: /home/josea/ros2_ws/install/custom_interfaces/share/custom_interfaces/environment/pythonpath.dsv
[3.573s] -- Up-to-date: /home/josea/ros2_ws/install/custom_interfaces/local/lib/python3.10/dist-packages/custom_interfaces-0.0.0-py3.10.egg-info
[3.574s] -- Installing: /home/josea/ros2_ws/install/custom_interfaces/local/lib/python3.10/dist-packages/custom_interfaces-0.0.0-py3.10.egg-info/dependency_links.txt
[3.574s] -- Installing: /home/josea/ros2_ws/install/custom_interfaces/local/lib/python3.10/dist-packages/custom_interfaces-0.0.0-py3.10.egg-info/PKG-INFO
[3.575s] -- Installing: /home/josea/ros2_ws/install/custom_interfaces/local/lib/python3.10/dist-packages/custom_interfaces-0.0.0-py3.10.egg-info/SOURCES.txt
[3.575s] -- Installing: /home/josea/ros2_ws/install/custom_interfaces/local/lib/python3.10/dist-packages/custom_interfaces-0.0.0-py3.10.egg-info/top_level.txt
[3.576s] -- Up-to-date: /home/josea/ros2_ws/install/custom_interfaces/local/lib/python3.10/dist-packages/custom_interfaces
[3.576s] -- Up-to-date: /home/josea/ros2_ws/install/custom_interfaces/local/lib/python3.10/dist-packages/custom_interfaces/_custom_interfaces_s.ep.rosidl_typesupport_c.c
[3.577s] -- Up-to-date: /home/josea/ros2_ws/install/custom_interfaces/local/lib/python3.10/dist-packages/custom_interfaces/_custom_interfaces_s.ep.rosidl_typesupport_fastrtps_c.c
[3.577s] -- Up-to-date: /home/josea/ros2_ws/install/custom_interfaces/local/lib/python3.10/dist-packages/custom_interfaces/srv
[3.580s] -- Up-to-date: /home/josea/ros2_ws/install/custom_interfaces/local/lib/python3.10/dist-packages/custom_interfaces/srv/_set_process_bool_s.c
[3.581s] -- Up-to-date: /home/josea/ros2_ws/install/custom_interfaces/local/lib/python3.10/dist-packages/custom_interfaces/srv/_set_process_bool.py
[3.581s] -- Up-to-date: /home/josea/ros2_ws/install/custom_interfaces/local/lib/python3.10/dist-packages/custom_interfaces/srv/__init__.py
[3.587s] -- Up-to-date: /home/josea/ros2_ws/install/custom_interfaces/local/lib/python3.10/dist-packages/custom_interfaces/custom_interfaces_s__rosidl_typesupport_introspection_c.cpython-310-x86_64-linux-gnu.so
[3.587s] -- Up-to-date: /home/josea/ros2_ws/install/custom_interfaces/local/lib/python3.10/dist-packages/custom_interfaces/custom_interfaces_s__rosidl_typesupport_c.cpython-310-x86_64-linux-gnu.so
[3.588s] -- Up-to-date: /home/josea/ros2_ws/install/custom_interfaces/local/lib/python3.10/dist-packages/custom_interfaces/__init__.py
[3.588s] -- Up-to-date: /home/josea/ros2_ws/install/custom_interfaces/local/lib/python3.10/dist-packages/custom_interfaces/custom_interfaces_s__rosidl_typesupport_fastrtps_c.cpython-310-x86_64-linux-gnu.so
[3.588s] -- Up-to-date: /home/josea/ros2_ws/install/custom_interfaces/local/lib/python3.10/dist-packages/custom_interfaces/libcustom_interfaces__rosidl_generator_py.so
[3.588s] -- Up-to-date: /home/josea/ros2_ws/install/custom_interfaces/local/lib/python3.10/dist-packages/custom_interfaces/_custom_interfaces_s.ep.rosidl_typesupport_introspection_c.c
[3.809s] Listing '/home/josea/ros2_ws/install/custom_interfaces/local/lib/python3.10/dist-packages/custom_interfaces'...
[3.811s] Listing '/home/josea/ros2_ws/install/custom_interfaces/local/lib/python3.10/dist-packages/custom_interfaces/srv'...
[3.851s] -- Up-to-date: /home/josea/ros2_ws/install/custom_interfaces/local/lib/python3.10/dist-packages/custom_interfaces/custom_interfaces_s__rosidl_typesupport_fastrtps_c.cpython-310-x86_64-linux-gnu.so
[3.852s] -- Up-to-date: /home/josea/ros2_ws/install/custom_interfaces/local/lib/python3.10/dist-packages/custom_interfaces/custom_interfaces_s__rosidl_typesupport_introspection_c.cpython-310-x86_64-linux-gnu.so
[3.854s] -- Up-to-date: /home/josea/ros2_ws/install/custom_interfaces/local/lib/python3.10/dist-packages/custom_interfaces/custom_interfaces_s__rosidl_typesupport_c.cpython-310-x86_64-linux-gnu.so
[3.860s] -- Up-to-date: /home/josea/ros2_ws/install/custom_interfaces/lib/libcustom_interfaces__rosidl_generator_py.so
[3.864s] -- Up-to-date: /home/josea/ros2_ws/install/custom_interfaces/share/custom_interfaces/srv/SetProcessBool.idl
[3.866s] -- Up-to-date: /home/josea/ros2_ws/install/custom_interfaces/share/custom_interfaces/srv/SetProcessBool.srv
[3.868s] -- Up-to-date: /home/josea/ros2_ws/install/custom_interfaces/share/custom_interfaces/srv/SetProcessBool_Request.msg
[3.873s] -- Up-to-date: /home/josea/ros2_ws/install/custom_interfaces/share/custom_interfaces/srv/SetProcessBool_Response.msg
[3.873s] -- Up-to-date: /home/josea/ros2_ws/install/custom_interfaces/share/ament_index/resource_index/package_run_dependencies/custom_interfaces
[3.873s] -- Up-to-date: /home/josea/ros2_ws/install/custom_interfaces/share/ament_index/resource_index/parent_prefix_path/custom_interfaces
[3.873s] -- Up-to-date: /home/josea/ros2_ws/install/custom_interfaces/share/custom_interfaces/environment/ament_prefix_path.sh
[3.874s] -- Up-to-date: /home/josea/ros2_ws/install/custom_interfaces/share/custom_interfaces/environment/ament_prefix_path.dsv
[3.874s] -- Up-to-date: /home/josea/ros2_ws/install/custom_interfaces/share/custom_interfaces/environment/path.sh
[3.874s] -- Up-to-date: /home/josea/ros2_ws/install/custom_interfaces/share/custom_interfaces/environment/path.dsv
[3.882s] -- Up-to-date: /home/josea/ros2_ws/install/custom_interfaces/share/custom_interfaces/local_setup.bash
[3.883s] -- Up-to-date: /home/josea/ros2_ws/install/custom_interfaces/share/custom_interfaces/local_setup.sh
[3.883s] -- Up-to-date: /home/josea/ros2_ws/install/custom_interfaces/share/custom_interfaces/local_setup.zsh
[3.883s] -- Up-to-date: /home/josea/ros2_ws/install/custom_interfaces/share/custom_interfaces/local_setup.dsv
[3.883s] -- Installing: /home/josea/ros2_ws/install/custom_interfaces/share/custom_interfaces/package.dsv
[3.884s] -- Up-to-date: /home/josea/ros2_ws/install/custom_interfaces/share/ament_index/resource_index/packages/custom_interfaces
[3.884s] -- Up-to-date: /home/josea/ros2_ws/install/custom_interfaces/share/custom_interfaces/cmake/export_custom_interfaces__rosidl_generator_cExport.cmake
[3.884s] -- Up-to-date: /home/josea/ros2_ws/install/custom_interfaces/share/custom_interfaces/cmake/export_custom_interfaces__rosidl_generator_cExport-noconfig.cmake
[3.896s] -- Up-to-date: /home/josea/ros2_ws/install/custom_interfaces/share/custom_interfaces/cmake/export_custom_interfaces__rosidl_typesupport_fastrtps_cExport.cmake
[3.896s] -- Up-to-date: /home/josea/ros2_ws/install/custom_interfaces/share/custom_interfaces/cmake/export_custom_interfaces__rosidl_typesupport_fastrtps_cExport-noconfig.cmake
[3.897s] -- Up-to-date: /home/josea/ros2_ws/install/custom_interfaces/share/custom_interfaces/cmake/export_custom_interfaces__rosidl_generator_cppExport.cmake
[3.897s] -- Up-to-date: /home/josea/ros2_ws/install/custom_interfaces/share/custom_interfaces/cmake/export_custom_interfaces__rosidl_typesupport_fastrtps_cppExport.cmake
[3.897s] -- Up-to-date: /home/josea/ros2_ws/install/custom_interfaces/share/custom_interfaces/cmake/export_custom_interfaces__rosidl_typesupport_fastrtps_cppExport-noconfig.cmake
[3.900s] -- Up-to-date: /home/josea/ros2_ws/install/custom_interfaces/share/custom_interfaces/cmake/custom_interfaces__rosidl_typesupport_introspection_cExport.cmake
[3.906s] -- Up-to-date: /home/josea/ros2_ws/install/custom_interfaces/share/custom_interfaces/cmake/custom_interfaces__rosidl_typesupport_introspection_cExport-noconfig.cmake
[3.907s] -- Up-to-date: /home/josea/ros2_ws/install/custom_interfaces/share/custom_interfaces/cmake/custom_interfaces__rosidl_typesupport_cExport.cmake
[3.908s] -- Up-to-date: /home/josea/ros2_ws/install/custom_interfaces/share/custom_interfaces/cmake/custom_interfaces__rosidl_typesupport_cExport-noconfig.cmake
[3.908s] -- Up-to-date: /home/josea/ros2_ws/install/custom_interfaces/share/custom_interfaces/cmake/custom_interfaces__rosidl_typesupport_introspection_cppExport.cmake
[3.910s] -- Up-to-date: /home/josea/ros2_ws/install/custom_interfaces/share/custom_interfaces/cmake/custom_interfaces__rosidl_typesupport_introspection_cppExport-noconfig.cmake
[3.910s] -- Up-to-date: /home/josea/ros2_ws/install/custom_interfaces/share/custom_interfaces/cmake/custom_interfaces__rosidl_typesupport_cppExport.cmake
[3.913s] -- Up-to-date: /home/josea/ros2_ws/install/custom_interfaces/share/custom_interfaces/cmake/custom_interfaces__rosidl_typesupport_cppExport-noconfig.cmake
[3.914s] -- Up-to-date: /home/josea/ros2_ws/install/custom_interfaces/share/custom_interfaces/cmake/export_custom_interfaces__rosidl_generator_pyExport.cmake
[3.914s] -- Up-to-date: /home/josea/ros2_ws/install/custom_interfaces/share/custom_interfaces/cmake/export_custom_interfaces__rosidl_generator_pyExport-noconfig.cmake
[3.920s] -- Up-to-date: /home/josea/ros2_ws/install/custom_interfaces/share/custom_interfaces/cmake/rosidl_cmake-extras.cmake
[3.922s] -- Up-to-date: /home/josea/ros2_ws/install/custom_interfaces/share/custom_interfaces/cmake/ament_cmake_export_dependencies-extras.cmake
[3.922s] -- Up-to-date: /home/josea/ros2_ws/install/custom_interfaces/share/custom_interfaces/cmake/ament_cmake_export_include_directories-extras.cmake
[3.923s] -- Up-to-date: /home/josea/ros2_ws/install/custom_interfaces/share/custom_interfaces/cmake/ament_cmake_export_libraries-extras.cmake
[3.923s] -- Up-to-date: /home/josea/ros2_ws/install/custom_interfaces/share/custom_interfaces/cmake/ament_cmake_export_targets-extras.cmake
[3.923s] -- Up-to-date: /home/josea/ros2_ws/install/custom_interfaces/share/custom_interfaces/cmake/rosidl_cmake_export_typesupport_targets-extras.cmake
[3.923s] -- Up-to-date: /home/josea/ros2_ws/install/custom_interfaces/share/custom_interfaces/cmake/rosidl_cmake_export_typesupport_libraries-extras.cmake
[3.924s] -- Up-to-date: /home/josea/ros2_ws/install/custom_interfaces/share/custom_interfaces/cmake/custom_interfacesConfig.cmake
[3.924s] -- Up-to-date: /home/josea/ros2_ws/install/custom_interfaces/share/custom_interfaces/cmake/custom_interfacesConfig-version.cmake
[3.924s] -- Up-to-date: /home/josea/ros2_ws/install/custom_interfaces/share/custom_interfaces/package.xml
[3.930s] Invoked command in '/home/josea/ros2_ws/build/custom_interfaces' returned '0': CMAKE_PREFIX_PATH=${CMAKE_PREFIX_PATH}:/home/josea/ros2_ws/install/my_pack_clas:/home/josea/ros2_ws/install/motor_control:/home/josea/ros2_ws/install/challenge02:/home/josea/ros2_ws/install/challenge01:/home/josea/ros2_ws/install/basic_comms:/home/josea/ros2_ws/src/install/my_pack_clas:/home/josea/ros2_ws/src/install/motor_control:/home/josea/ros2_ws/src/install/challenge02:/home/josea/ros2_ws/src/install/challenge01:/home/josea/ros2_ws/src/install/basic_comms:/opt/ros/humble /usr/bin/cmake --install /home/josea/ros2_ws/build/custom_interfaces
