[1.880s] Invoking command in '/home/josea/ros2_ws/src/motor_control': PYTHONPATH=/home/josea/ros2_ws/build/motor_control/prefix_override:/usr/lib/python3/dist-packages/colcon_core/task/python/colcon_distutils_commands:/home/josea/ros2_ws/install/motor_control/lib/python3.10/site-packages:${PYTHONPATH} /usr/bin/python3 -W ignore:setup.py install is deprecated -W ignore:easy_install command is deprecated setup.py egg_info --egg-base ../../build/motor_control build --build-base /home/josea/ros2_ws/build/motor_control/build install --record /home/josea/ros2_ws/build/motor_control/install.log --single-version-externally-managed install_data
[2.610s] running egg_info
[2.612s] writing ../../build/motor_control/motor_control.egg-info/PKG-INFO
[2.613s] writing dependency_links to ../../build/motor_control/motor_control.egg-info/dependency_links.txt
[2.616s] writing entry points to ../../build/motor_control/motor_control.egg-info/entry_points.txt
[2.617s] writing requirements to ../../build/motor_control/motor_control.egg-info/requires.txt
[2.618s] writing top-level names to ../../build/motor_control/motor_control.egg-info/top_level.txt
[2.623s] reading manifest file '../../build/motor_control/motor_control.egg-info/SOURCES.txt'
[2.624s] adding license file 'LICENSE'
[2.627s] writing manifest file '../../build/motor_control/motor_control.egg-info/SOURCES.txt'
[2.629s] running build
[2.629s] running build_py
[2.630s] running install
[2.633s] running install_lib
[2.638s] running install_data
[2.641s] running install_egg_info
[2.645s] removing '/home/josea/ros2_ws/install/motor_control/lib/python3.10/site-packages/motor_control-0.0.0-py3.10.egg-info' (and everything under it)
[2.651s] Copying ../../build/motor_control/motor_control.egg-info to /home/josea/ros2_ws/install/motor_control/lib/python3.10/site-packages/motor_control-0.0.0-py3.10.egg-info
[2.661s] running install_scripts
[2.731s] Installing dc_motor script to /home/josea/ros2_ws/install/motor_control/lib/motor_control
[2.731s] Installing set_point script to /home/josea/ros2_ws/install/motor_control/lib/motor_control
[2.731s] writing list of installed files to '/home/josea/ros2_ws/build/motor_control/install.log'
[2.822s] Invoked command in '/home/josea/ros2_ws/src/motor_control' returned '0': PYTHONPATH=/home/josea/ros2_ws/build/motor_control/prefix_override:/usr/lib/python3/dist-packages/colcon_core/task/python/colcon_distutils_commands:/home/josea/ros2_ws/install/motor_control/lib/python3.10/site-packages:${PYTHONPATH} /usr/bin/python3 -W ignore:setup.py install is deprecated -W ignore:easy_install command is deprecated setup.py egg_info --egg-base ../../build/motor_control build --build-base /home/josea/ros2_ws/build/motor_control/build install --record /home/josea/ros2_ws/build/motor_control/install.log --single-version-externally-managed install_data
