[2.087s] Invoking command in '/home/josea/ros2_ws/src/challenge02': PYTHONPATH=/home/josea/ros2_ws/build/challenge02/prefix_override:/usr/lib/python3/dist-packages/colcon_core/task/python/colcon_distutils_commands:/home/josea/ros2_ws/install/challenge02/lib/python3.10/site-packages:${PYTHONPATH} /usr/bin/python3 -W ignore:setup.py install is deprecated -W ignore:easy_install command is deprecated setup.py egg_info --egg-base ../../build/challenge02 build --build-base /home/josea/ros2_ws/build/challenge02/build install --record /home/josea/ros2_ws/build/challenge02/install.log --single-version-externally-managed install_data
[2.905s] running egg_info
[2.911s] writing ../../build/challenge02/challenge02.egg-info/PKG-INFO
[2.912s] writing dependency_links to ../../build/challenge02/challenge02.egg-info/dependency_links.txt
[2.912s] writing entry points to ../../build/challenge02/challenge02.egg-info/entry_points.txt
[2.912s] writing requirements to ../../build/challenge02/challenge02.egg-info/requires.txt
[2.912s] writing top-level names to ../../build/challenge02/challenge02.egg-info/top_level.txt
[2.917s] reading manifest file '../../build/challenge02/challenge02.egg-info/SOURCES.txt'
[2.918s] writing manifest file '../../build/challenge02/challenge02.egg-info/SOURCES.txt'
[2.918s] running build
[2.920s] running build_py
[2.921s] copying challenge02/dc_motor.py -> /home/josea/ros2_ws/build/challenge02/build/lib/challenge02
[2.922s] copying challenge02/controller.py -> /home/josea/ros2_ws/build/challenge02/build/lib/challenge02
[2.923s] running install
[2.925s] running install_lib
[2.931s] copying /home/josea/ros2_ws/build/challenge02/build/lib/challenge02/dc_motor.py -> /home/josea/ros2_ws/install/challenge02/lib/python3.10/site-packages/challenge02
[2.932s] copying /home/josea/ros2_ws/build/challenge02/build/lib/challenge02/controller.py -> /home/josea/ros2_ws/install/challenge02/lib/python3.10/site-packages/challenge02
[2.933s] byte-compiling /home/josea/ros2_ws/install/challenge02/lib/python3.10/site-packages/challenge02/dc_motor.py to dc_motor.cpython-310.pyc
[2.935s] byte-compiling /home/josea/ros2_ws/install/challenge02/lib/python3.10/site-packages/challenge02/controller.py to controller.cpython-310.pyc
[2.940s] running install_data
[2.940s] running install_egg_info
[2.944s] removing '/home/josea/ros2_ws/install/challenge02/lib/python3.10/site-packages/challenge02-0.0.0-py3.10.egg-info' (and everything under it)
[2.944s] Copying ../../build/challenge02/challenge02.egg-info to /home/josea/ros2_ws/install/challenge02/lib/python3.10/site-packages/challenge02-0.0.0-py3.10.egg-info
[2.947s] running install_scripts
[3.000s] Installing controller script to /home/josea/ros2_ws/install/challenge02/lib/challenge02
[3.001s] Installing dc_motor script to /home/josea/ros2_ws/install/challenge02/lib/challenge02
[3.002s] Installing plant_test script to /home/josea/ros2_ws/install/challenge02/lib/challenge02
[3.002s] Installing set_point script to /home/josea/ros2_ws/install/challenge02/lib/challenge02
[3.002s] writing list of installed files to '/home/josea/ros2_ws/build/challenge02/install.log'
[3.358s] Invoked command in '/home/josea/ros2_ws/src/challenge02' returned '0': PYTHONPATH=/home/josea/ros2_ws/build/challenge02/prefix_override:/usr/lib/python3/dist-packages/colcon_core/task/python/colcon_distutils_commands:/home/josea/ros2_ws/install/challenge02/lib/python3.10/site-packages:${PYTHONPATH} /usr/bin/python3 -W ignore:setup.py install is deprecated -W ignore:easy_install command is deprecated setup.py egg_info --egg-base ../../build/challenge02 build --build-base /home/josea/ros2_ws/build/challenge02/build install --record /home/josea/ros2_ws/build/challenge02/install.log --single-version-externally-managed install_data
