[0.259s] DEBUG:colcon:Command line arguments: ['/usr/bin/colcon', 'build']
[0.260s] DEBUG:colcon:Parsed command line arguments: Namespace(log_base=None, log_level=None, verb_name='build', build_base='build', install_base='install', merge_install=False, symlink_install=False, test_result_base=None, continue_on_error=False, executor='parallel', parallel_workers=2, event_handlers=None, ignore_user_meta=False, metas=['./colcon.meta'], base_paths=['.'], packages_ignore=None, packages_ignore_regex=None, paths=None, packages_up_to=None, packages_up_to_regex=None, packages_above=None, packages_above_and_dependencies=None, packages_above_depth=None, packages_select_by_dep=None, packages_skip_by_dep=None, packages_skip_up_to=None, packages_select_build_failed=False, packages_skip_build_finished=False, packages_select_test_failures=False, packages_skip_test_passed=False, packages_select=None, packages_skip=None, packages_select_regex=None, packages_skip_regex=None, packages_start=None, packages_end=None, allow_overriding=[], cmake_args=None, cmake_target=None, cmake_target_skip_unavailable=False, cmake_clean_cache=False, cmake_clean_first=False, cmake_force_configure=False, ament_cmake_args=None, catkin_cmake_args=None, catkin_skip_building_tests=False, mixin_files=None, mixin=None, verb_parser=<colcon_mixin.mixin.mixin_argument.MixinArgumentDecorator object at 0x7fa91895b010>, verb_extension=<colcon_core.verb.build.BuildVerb object at 0x7fa91895a260>, main=<bound method BuildVerb.main of <colcon_core.verb.build.BuildVerb object at 0x7fa91895a260>>, mixin_verb=('build',))
[0.638s] Level 1:colcon.colcon_core.package_discovery:discover_packages(colcon_meta) check parameters
[0.639s] Level 1:colcon.colcon_core.package_discovery:discover_packages(recursive) check parameters
[0.639s] Level 1:colcon.colcon_core.package_discovery:discover_packages(ignore) check parameters
[0.639s] Level 1:colcon.colcon_core.package_discovery:discover_packages(path) check parameters
[0.639s] Level 1:colcon.colcon_core.package_discovery:discover_packages(colcon_meta) discover
[0.639s] Level 1:colcon.colcon_core.package_discovery:discover_packages(recursive) discover
[0.639s] INFO:colcon.colcon_core.package_discovery:Crawling recursively for packages in '/home/josea/ros2_ws'
[0.639s] Level 1:colcon.colcon_core.package_identification:_identify(.) by extensions ['ignore', 'ignore_ament_install']
[0.639s] Level 1:colcon.colcon_core.package_identification:_identify(.) by extension 'ignore'
[0.639s] Level 1:colcon.colcon_core.package_identification:_identify(.) by extension 'ignore_ament_install'
[0.640s] Level 1:colcon.colcon_core.package_identification:_identify(.) by extensions ['colcon_pkg']
[0.640s] Level 1:colcon.colcon_core.package_identification:_identify(.) by extension 'colcon_pkg'
[0.640s] Level 1:colcon.colcon_core.package_identification:_identify(.) by extensions ['colcon_meta']
[0.640s] Level 1:colcon.colcon_core.package_identification:_identify(.) by extension 'colcon_meta'
[0.640s] Level 1:colcon.colcon_core.package_identification:_identify(.) by extensions ['ros']
[0.640s] Level 1:colcon.colcon_core.package_identification:_identify(.) by extension 'ros'
[0.664s] Level 1:colcon.colcon_core.package_identification:_identify(.) by extensions ['cmake', 'python']
[0.664s] Level 1:colcon.colcon_core.package_identification:_identify(.) by extension 'cmake'
[0.664s] Level 1:colcon.colcon_core.package_identification:_identify(.) by extension 'python'
[0.664s] Level 1:colcon.colcon_core.package_identification:_identify(.) by extensions ['python_setup_py']
[0.664s] Level 1:colcon.colcon_core.package_identification:_identify(.) by extension 'python_setup_py'
[0.664s] Level 1:colcon.colcon_core.package_identification:_identify(build) by extensions ['ignore', 'ignore_ament_install']
[0.664s] Level 1:colcon.colcon_core.package_identification:_identify(build) by extension 'ignore'
[0.664s] Level 1:colcon.colcon_core.package_identification:_identify(build) ignored
[0.665s] Level 1:colcon.colcon_core.package_identification:_identify(install) by extensions ['ignore', 'ignore_ament_install']
[0.665s] Level 1:colcon.colcon_core.package_identification:_identify(install) by extension 'ignore'
[0.665s] Level 1:colcon.colcon_core.package_identification:_identify(install) ignored
[0.665s] Level 1:colcon.colcon_core.package_identification:_identify(log) by extensions ['ignore', 'ignore_ament_install']
[0.665s] Level 1:colcon.colcon_core.package_identification:_identify(log) by extension 'ignore'
[0.665s] Level 1:colcon.colcon_core.package_identification:_identify(log) ignored
[0.666s] Level 1:colcon.colcon_core.package_identification:_identify(src) by extensions ['ignore', 'ignore_ament_install']
[0.666s] Level 1:colcon.colcon_core.package_identification:_identify(src) by extension 'ignore'
[0.666s] Level 1:colcon.colcon_core.package_identification:_identify(src) by extension 'ignore_ament_install'
[0.666s] Level 1:colcon.colcon_core.package_identification:_identify(src) by extensions ['colcon_pkg']
[0.666s] Level 1:colcon.colcon_core.package_identification:_identify(src) by extension 'colcon_pkg'
[0.666s] Level 1:colcon.colcon_core.package_identification:_identify(src) by extensions ['colcon_meta']
[0.666s] Level 1:colcon.colcon_core.package_identification:_identify(src) by extension 'colcon_meta'
[0.666s] Level 1:colcon.colcon_core.package_identification:_identify(src) by extensions ['ros']
[0.666s] Level 1:colcon.colcon_core.package_identification:_identify(src) by extension 'ros'
[0.666s] Level 1:colcon.colcon_core.package_identification:_identify(src) by extensions ['cmake', 'python']
[0.667s] Level 1:colcon.colcon_core.package_identification:_identify(src) by extension 'cmake'
[0.667s] Level 1:colcon.colcon_core.package_identification:_identify(src) by extension 'python'
[0.667s] Level 1:colcon.colcon_core.package_identification:_identify(src) by extensions ['python_setup_py']
[0.667s] Level 1:colcon.colcon_core.package_identification:_identify(src) by extension 'python_setup_py'
[0.667s] Level 1:colcon.colcon_core.package_identification:_identify(src/basic_comms) by extensions ['ignore', 'ignore_ament_install']
[0.667s] Level 1:colcon.colcon_core.package_identification:_identify(src/basic_comms) by extension 'ignore'
[0.667s] Level 1:colcon.colcon_core.package_identification:_identify(src/basic_comms) by extension 'ignore_ament_install'
[0.667s] Level 1:colcon.colcon_core.package_identification:_identify(src/basic_comms) by extensions ['colcon_pkg']
[0.667s] Level 1:colcon.colcon_core.package_identification:_identify(src/basic_comms) by extension 'colcon_pkg'
[0.667s] Level 1:colcon.colcon_core.package_identification:_identify(src/basic_comms) by extensions ['colcon_meta']
[0.668s] Level 1:colcon.colcon_core.package_identification:_identify(src/basic_comms) by extension 'colcon_meta'
[0.668s] Level 1:colcon.colcon_core.package_identification:_identify(src/basic_comms) by extensions ['ros']
[0.668s] Level 1:colcon.colcon_core.package_identification:_identify(src/basic_comms) by extension 'ros'
[0.672s] DEBUG:colcon.colcon_core.package_identification:Package 'src/basic_comms' with type 'ros.ament_python' and name 'basic_comms'
[0.673s] Level 1:colcon.colcon_core.package_identification:_identify(src/build) by extensions ['ignore', 'ignore_ament_install']
[0.673s] Level 1:colcon.colcon_core.package_identification:_identify(src/build) by extension 'ignore'
[0.673s] Level 1:colcon.colcon_core.package_identification:_identify(src/build) ignored
[0.674s] Level 1:colcon.colcon_core.package_identification:_identify(src/challenge01) by extensions ['ignore', 'ignore_ament_install']
[0.674s] Level 1:colcon.colcon_core.package_identification:_identify(src/challenge01) by extension 'ignore'
[0.674s] Level 1:colcon.colcon_core.package_identification:_identify(src/challenge01) by extension 'ignore_ament_install'
[0.674s] Level 1:colcon.colcon_core.package_identification:_identify(src/challenge01) by extensions ['colcon_pkg']
[0.674s] Level 1:colcon.colcon_core.package_identification:_identify(src/challenge01) by extension 'colcon_pkg'
[0.674s] Level 1:colcon.colcon_core.package_identification:_identify(src/challenge01) by extensions ['colcon_meta']
[0.674s] Level 1:colcon.colcon_core.package_identification:_identify(src/challenge01) by extension 'colcon_meta'
[0.674s] Level 1:colcon.colcon_core.package_identification:_identify(src/challenge01) by extensions ['ros']
[0.675s] Level 1:colcon.colcon_core.package_identification:_identify(src/challenge01) by extension 'ros'
[0.676s] DEBUG:colcon.colcon_core.package_identification:Package 'src/challenge01' with type 'ros.ament_python' and name 'challenge01'
[0.676s] Level 1:colcon.colcon_core.package_identification:_identify(src/challenge02) by extensions ['ignore', 'ignore_ament_install']
[0.676s] Level 1:colcon.colcon_core.package_identification:_identify(src/challenge02) by extension 'ignore'
[0.676s] Level 1:colcon.colcon_core.package_identification:_identify(src/challenge02) by extension 'ignore_ament_install'
[0.677s] Level 1:colcon.colcon_core.package_identification:_identify(src/challenge02) by extensions ['colcon_pkg']
[0.677s] Level 1:colcon.colcon_core.package_identification:_identify(src/challenge02) by extension 'colcon_pkg'
[0.677s] Level 1:colcon.colcon_core.package_identification:_identify(src/challenge02) by extensions ['colcon_meta']
[0.677s] Level 1:colcon.colcon_core.package_identification:_identify(src/challenge02) by extension 'colcon_meta'
[0.677s] Level 1:colcon.colcon_core.package_identification:_identify(src/challenge02) by extensions ['ros']
[0.677s] Level 1:colcon.colcon_core.package_identification:_identify(src/challenge02) by extension 'ros'
[0.678s] DEBUG:colcon.colcon_core.package_identification:Package 'src/challenge02' with type 'ros.ament_python' and name 'challenge02'
[0.679s] Level 1:colcon.colcon_core.package_identification:_identify(src/custom_interfaces) by extensions ['ignore', 'ignore_ament_install']
[0.679s] Level 1:colcon.colcon_core.package_identification:_identify(src/custom_interfaces) by extension 'ignore'
[0.679s] Level 1:colcon.colcon_core.package_identification:_identify(src/custom_interfaces) by extension 'ignore_ament_install'
[0.679s] Level 1:colcon.colcon_core.package_identification:_identify(src/custom_interfaces) by extensions ['colcon_pkg']
[0.679s] Level 1:colcon.colcon_core.package_identification:_identify(src/custom_interfaces) by extension 'colcon_pkg'
[0.679s] Level 1:colcon.colcon_core.package_identification:_identify(src/custom_interfaces) by extensions ['colcon_meta']
[0.679s] Level 1:colcon.colcon_core.package_identification:_identify(src/custom_interfaces) by extension 'colcon_meta'
[0.679s] Level 1:colcon.colcon_core.package_identification:_identify(src/custom_interfaces) by extensions ['ros']
[0.679s] Level 1:colcon.colcon_core.package_identification:_identify(src/custom_interfaces) by extension 'ros'
[0.681s] DEBUG:colcon.colcon_core.package_identification:Package 'src/custom_interfaces' with type 'ros.ament_cmake' and name 'custom_interfaces'
[0.681s] Level 1:colcon.colcon_core.package_identification:_identify(src/install) by extensions ['ignore', 'ignore_ament_install']
[0.682s] Level 1:colcon.colcon_core.package_identification:_identify(src/install) by extension 'ignore'
[0.682s] Level 1:colcon.colcon_core.package_identification:_identify(src/install) ignored
[0.682s] Level 1:colcon.colcon_core.package_identification:_identify(src/log) by extensions ['ignore', 'ignore_ament_install']
[0.682s] Level 1:colcon.colcon_core.package_identification:_identify(src/log) by extension 'ignore'
[0.682s] Level 1:colcon.colcon_core.package_identification:_identify(src/log) ignored
[0.683s] Level 1:colcon.colcon_core.package_identification:_identify(src/motor_control) by extensions ['ignore', 'ignore_ament_install']
[0.683s] Level 1:colcon.colcon_core.package_identification:_identify(src/motor_control) by extension 'ignore'
[0.683s] Level 1:colcon.colcon_core.package_identification:_identify(src/motor_control) by extension 'ignore_ament_install'
[0.683s] Level 1:colcon.colcon_core.package_identification:_identify(src/motor_control) by extensions ['colcon_pkg']
[0.683s] Level 1:colcon.colcon_core.package_identification:_identify(src/motor_control) by extension 'colcon_pkg'
[0.683s] Level 1:colcon.colcon_core.package_identification:_identify(src/motor_control) by extensions ['colcon_meta']
[0.683s] Level 1:colcon.colcon_core.package_identification:_identify(src/motor_control) by extension 'colcon_meta'
[0.683s] Level 1:colcon.colcon_core.package_identification:_identify(src/motor_control) by extensions ['ros']
[0.683s] Level 1:colcon.colcon_core.package_identification:_identify(src/motor_control) by extension 'ros'
[0.685s] DEBUG:colcon.colcon_core.package_identification:Package 'src/motor_control' with type 'ros.ament_python' and name 'motor_control'
[0.685s] Level 1:colcon.colcon_core.package_identification:_identify(src/my_pack_clas) by extensions ['ignore', 'ignore_ament_install']
[0.685s] Level 1:colcon.colcon_core.package_identification:_identify(src/my_pack_clas) by extension 'ignore'
[0.686s] Level 1:colcon.colcon_core.package_identification:_identify(src/my_pack_clas) by extension 'ignore_ament_install'
[0.686s] Level 1:colcon.colcon_core.package_identification:_identify(src/my_pack_clas) by extensions ['colcon_pkg']
[0.686s] Level 1:colcon.colcon_core.package_identification:_identify(src/my_pack_clas) by extension 'colcon_pkg'
[0.686s] Level 1:colcon.colcon_core.package_identification:_identify(src/my_pack_clas) by extensions ['colcon_meta']
[0.686s] Level 1:colcon.colcon_core.package_identification:_identify(src/my_pack_clas) by extension 'colcon_meta'
[0.686s] Level 1:colcon.colcon_core.package_identification:_identify(src/my_pack_clas) by extensions ['ros']
[0.686s] Level 1:colcon.colcon_core.package_identification:_identify(src/my_pack_clas) by extension 'ros'
[0.687s] DEBUG:colcon.colcon_core.package_identification:Package 'src/my_pack_clas' with type 'ros.ament_python' and name 'my_pack_clas'
[0.687s] Level 1:colcon.colcon_core.package_discovery:discover_packages(recursive) using defaults
[0.687s] Level 1:colcon.colcon_core.package_discovery:discover_packages(ignore) discover
[0.687s] Level 1:colcon.colcon_core.package_discovery:discover_packages(ignore) using defaults
[0.687s] Level 1:colcon.colcon_core.package_discovery:discover_packages(path) discover
[0.688s] Level 1:colcon.colcon_core.package_discovery:discover_packages(path) using defaults
[0.759s] Level 1:colcon.colcon_core.package_discovery:discover_packages(prefix_path) check parameters
[0.759s] Level 1:colcon.colcon_core.package_discovery:discover_packages(prefix_path) discover
[0.764s] DEBUG:colcon.colcon_installed_package_information.package_discovery:Found 7 installed packages in /home/josea/ros2_ws/install
[0.766s] DEBUG:colcon.colcon_installed_package_information.package_discovery:Found 6 installed packages in /home/josea/ros2_ws/src/install
[0.769s] DEBUG:colcon.colcon_installed_package_information.package_discovery:Found 312 installed packages in /opt/ros/humble
[0.773s] Level 1:colcon.colcon_core.package_discovery:discover_packages(prefix_path) using defaults
[0.862s] Level 5:colcon.colcon_core.verb:set package 'basic_comms' build argument 'cmake_args' from command line to 'None'
[0.862s] Level 5:colcon.colcon_core.verb:set package 'basic_comms' build argument 'cmake_target' from command line to 'None'
[0.862s] Level 5:colcon.colcon_core.verb:set package 'basic_comms' build argument 'cmake_target_skip_unavailable' from command line to 'False'
[0.862s] Level 5:colcon.colcon_core.verb:set package 'basic_comms' build argument 'cmake_clean_cache' from command line to 'False'
[0.862s] Level 5:colcon.colcon_core.verb:set package 'basic_comms' build argument 'cmake_clean_first' from command line to 'False'
[0.862s] Level 5:colcon.colcon_core.verb:set package 'basic_comms' build argument 'cmake_force_configure' from command line to 'False'
[0.862s] Level 5:colcon.colcon_core.verb:set package 'basic_comms' build argument 'ament_cmake_args' from command line to 'None'
[0.862s] Level 5:colcon.colcon_core.verb:set package 'basic_comms' build argument 'catkin_cmake_args' from command line to 'None'
[0.862s] Level 5:colcon.colcon_core.verb:set package 'basic_comms' build argument 'catkin_skip_building_tests' from command line to 'False'
[0.862s] DEBUG:colcon.colcon_core.verb:Building package 'basic_comms' with the following arguments: {'ament_cmake_args': None, 'build_base': '/home/josea/ros2_ws/build/basic_comms', 'catkin_cmake_args': None, 'catkin_skip_building_tests': False, 'cmake_args': None, 'cmake_clean_cache': False, 'cmake_clean_first': False, 'cmake_force_configure': False, 'cmake_target': None, 'cmake_target_skip_unavailable': False, 'install_base': '/home/josea/ros2_ws/install/basic_comms', 'merge_install': False, 'path': '/home/josea/ros2_ws/src/basic_comms', 'symlink_install': False, 'test_result_base': None}
[0.863s] Level 5:colcon.colcon_core.verb:set package 'challenge01' build argument 'cmake_args' from command line to 'None'
[0.863s] Level 5:colcon.colcon_core.verb:set package 'challenge01' build argument 'cmake_target' from command line to 'None'
[0.864s] Level 5:colcon.colcon_core.verb:set package 'challenge01' build argument 'cmake_target_skip_unavailable' from command line to 'False'
[0.864s] Level 5:colcon.colcon_core.verb:set package 'challenge01' build argument 'cmake_clean_cache' from command line to 'False'
[0.864s] Level 5:colcon.colcon_core.verb:set package 'challenge01' build argument 'cmake_clean_first' from command line to 'False'
[0.864s] Level 5:colcon.colcon_core.verb:set package 'challenge01' build argument 'cmake_force_configure' from command line to 'False'
[0.864s] Level 5:colcon.colcon_core.verb:set package 'challenge01' build argument 'ament_cmake_args' from command line to 'None'
[0.864s] Level 5:colcon.colcon_core.verb:set package 'challenge01' build argument 'catkin_cmake_args' from command line to 'None'
[0.864s] Level 5:colcon.colcon_core.verb:set package 'challenge01' build argument 'catkin_skip_building_tests' from command line to 'False'
[0.864s] DEBUG:colcon.colcon_core.verb:Building package 'challenge01' with the following arguments: {'ament_cmake_args': None, 'build_base': '/home/josea/ros2_ws/build/challenge01', 'catkin_cmake_args': None, 'catkin_skip_building_tests': False, 'cmake_args': None, 'cmake_clean_cache': False, 'cmake_clean_first': False, 'cmake_force_configure': False, 'cmake_target': None, 'cmake_target_skip_unavailable': False, 'install_base': '/home/josea/ros2_ws/install/challenge01', 'merge_install': False, 'path': '/home/josea/ros2_ws/src/challenge01', 'symlink_install': False, 'test_result_base': None}
[0.865s] Level 5:colcon.colcon_core.verb:set package 'challenge02' build argument 'cmake_args' from command line to 'None'
[0.865s] Level 5:colcon.colcon_core.verb:set package 'challenge02' build argument 'cmake_target' from command line to 'None'
[0.865s] Level 5:colcon.colcon_core.verb:set package 'challenge02' build argument 'cmake_target_skip_unavailable' from command line to 'False'
[0.865s] Level 5:colcon.colcon_core.verb:set package 'challenge02' build argument 'cmake_clean_cache' from command line to 'False'
[0.865s] Level 5:colcon.colcon_core.verb:set package 'challenge02' build argument 'cmake_clean_first' from command line to 'False'
[0.865s] Level 5:colcon.colcon_core.verb:set package 'challenge02' build argument 'cmake_force_configure' from command line to 'False'
[0.865s] Level 5:colcon.colcon_core.verb:set package 'challenge02' build argument 'ament_cmake_args' from command line to 'None'
[0.865s] Level 5:colcon.colcon_core.verb:set package 'challenge02' build argument 'catkin_cmake_args' from command line to 'None'
[0.865s] Level 5:colcon.colcon_core.verb:set package 'challenge02' build argument 'catkin_skip_building_tests' from command line to 'False'
[0.865s] DEBUG:colcon.colcon_core.verb:Building package 'challenge02' with the following arguments: {'ament_cmake_args': None, 'build_base': '/home/josea/ros2_ws/build/challenge02', 'catkin_cmake_args': None, 'catkin_skip_building_tests': False, 'cmake_args': None, 'cmake_clean_cache': False, 'cmake_clean_first': False, 'cmake_force_configure': False, 'cmake_target': None, 'cmake_target_skip_unavailable': False, 'install_base': '/home/josea/ros2_ws/install/challenge02', 'merge_install': False, 'path': '/home/josea/ros2_ws/src/challenge02', 'symlink_install': False, 'test_result_base': None}
[0.866s] Level 5:colcon.colcon_core.verb:set package 'custom_interfaces' build argument 'cmake_args' from command line to 'None'
[0.866s] Level 5:colcon.colcon_core.verb:set package 'custom_interfaces' build argument 'cmake_target' from command line to 'None'
[0.866s] Level 5:colcon.colcon_core.verb:set package 'custom_interfaces' build argument 'cmake_target_skip_unavailable' from command line to 'False'
[0.866s] Level 5:colcon.colcon_core.verb:set package 'custom_interfaces' build argument 'cmake_clean_cache' from command line to 'False'
[0.866s] Level 5:colcon.colcon_core.verb:set package 'custom_interfaces' build argument 'cmake_clean_first' from command line to 'False'
[0.866s] Level 5:colcon.colcon_core.verb:set package 'custom_interfaces' build argument 'cmake_force_configure' from command line to 'False'
[0.866s] Level 5:colcon.colcon_core.verb:set package 'custom_interfaces' build argument 'ament_cmake_args' from command line to 'None'
[0.866s] Level 5:colcon.colcon_core.verb:set package 'custom_interfaces' build argument 'catkin_cmake_args' from command line to 'None'
[0.866s] Level 5:colcon.colcon_core.verb:set package 'custom_interfaces' build argument 'catkin_skip_building_tests' from command line to 'False'
[0.867s] DEBUG:colcon.colcon_core.verb:Building package 'custom_interfaces' with the following arguments: {'ament_cmake_args': None, 'build_base': '/home/josea/ros2_ws/build/custom_interfaces', 'catkin_cmake_args': None, 'catkin_skip_building_tests': False, 'cmake_args': None, 'cmake_clean_cache': False, 'cmake_clean_first': False, 'cmake_force_configure': False, 'cmake_target': None, 'cmake_target_skip_unavailable': False, 'install_base': '/home/josea/ros2_ws/install/custom_interfaces', 'merge_install': False, 'path': '/home/josea/ros2_ws/src/custom_interfaces', 'symlink_install': False, 'test_result_base': None}
[0.867s] Level 5:colcon.colcon_core.verb:set package 'motor_control' build argument 'cmake_args' from command line to 'None'
[0.867s] Level 5:colcon.colcon_core.verb:set package 'motor_control' build argument 'cmake_target' from command line to 'None'
[0.867s] Level 5:colcon.colcon_core.verb:set package 'motor_control' build argument 'cmake_target_skip_unavailable' from command line to 'False'
[0.867s] Level 5:colcon.colcon_core.verb:set package 'motor_control' build argument 'cmake_clean_cache' from command line to 'False'
[0.868s] Level 5:colcon.colcon_core.verb:set package 'motor_control' build argument 'cmake_clean_first' from command line to 'False'
[0.868s] Level 5:colcon.colcon_core.verb:set package 'motor_control' build argument 'cmake_force_configure' from command line to 'False'
[0.868s] Level 5:colcon.colcon_core.verb:set package 'motor_control' build argument 'ament_cmake_args' from command line to 'None'
[0.868s] Level 5:colcon.colcon_core.verb:set package 'motor_control' build argument 'catkin_cmake_args' from command line to 'None'
[0.868s] Level 5:colcon.colcon_core.verb:set package 'motor_control' build argument 'catkin_skip_building_tests' from command line to 'False'
[0.868s] DEBUG:colcon.colcon_core.verb:Building package 'motor_control' with the following arguments: {'ament_cmake_args': None, 'build_base': '/home/josea/ros2_ws/build/motor_control', 'catkin_cmake_args': None, 'catkin_skip_building_tests': False, 'cmake_args': None, 'cmake_clean_cache': False, 'cmake_clean_first': False, 'cmake_force_configure': False, 'cmake_target': None, 'cmake_target_skip_unavailable': False, 'install_base': '/home/josea/ros2_ws/install/motor_control', 'merge_install': False, 'path': '/home/josea/ros2_ws/src/motor_control', 'symlink_install': False, 'test_result_base': None}
[0.869s] Level 5:colcon.colcon_core.verb:set package 'my_pack_clas' build argument 'cmake_args' from command line to 'None'
[0.869s] Level 5:colcon.colcon_core.verb:set package 'my_pack_clas' build argument 'cmake_target' from command line to 'None'
[0.869s] Level 5:colcon.colcon_core.verb:set package 'my_pack_clas' build argument 'cmake_target_skip_unavailable' from command line to 'False'
[0.869s] Level 5:colcon.colcon_core.verb:set package 'my_pack_clas' build argument 'cmake_clean_cache' from command line to 'False'
[0.869s] Level 5:colcon.colcon_core.verb:set package 'my_pack_clas' build argument 'cmake_clean_first' from command line to 'False'
[0.869s] Level 5:colcon.colcon_core.verb:set package 'my_pack_clas' build argument 'cmake_force_configure' from command line to 'False'
[0.869s] Level 5:colcon.colcon_core.verb:set package 'my_pack_clas' build argument 'ament_cmake_args' from command line to 'None'
[0.869s] Level 5:colcon.colcon_core.verb:set package 'my_pack_clas' build argument 'catkin_cmake_args' from command line to 'None'
[0.869s] Level 5:colcon.colcon_core.verb:set package 'my_pack_clas' build argument 'catkin_skip_building_tests' from command line to 'False'
[0.869s] DEBUG:colcon.colcon_core.verb:Building package 'my_pack_clas' with the following arguments: {'ament_cmake_args': None, 'build_base': '/home/josea/ros2_ws/build/my_pack_clas', 'catkin_cmake_args': None, 'catkin_skip_building_tests': False, 'cmake_args': None, 'cmake_clean_cache': False, 'cmake_clean_first': False, 'cmake_force_configure': False, 'cmake_target': None, 'cmake_target_skip_unavailable': False, 'install_base': '/home/josea/ros2_ws/install/my_pack_clas', 'merge_install': False, 'path': '/home/josea/ros2_ws/src/my_pack_clas', 'symlink_install': False, 'test_result_base': None}
[0.869s] INFO:colcon.colcon_core.executor:Executing jobs using 'parallel' executor
[0.871s] DEBUG:colcon.colcon_parallel_executor.executor.parallel:run_until_complete
[0.872s] INFO:colcon.colcon_ros.task.ament_python.build:Building ROS package in '/home/josea/ros2_ws/src/basic_comms' with build type 'ament_python'
[0.872s] Level 1:colcon.colcon_core.shell:create_environment_hook('basic_comms', 'ament_prefix_path')
[0.878s] INFO:colcon.colcon_core.plugin_system:Skipping extension 'colcon_core.shell.bat': Not used on non-Windows systems
[0.878s] INFO:colcon.colcon_core.shell:Creating environment hook '/home/josea/ros2_ws/install/basic_comms/share/basic_comms/hook/ament_prefix_path.ps1'
[0.879s] INFO:colcon.colcon_core.shell:Creating environment descriptor '/home/josea/ros2_ws/install/basic_comms/share/basic_comms/hook/ament_prefix_path.dsv'
[0.881s] INFO:colcon.colcon_core.shell:Creating environment hook '/home/josea/ros2_ws/install/basic_comms/share/basic_comms/hook/ament_prefix_path.sh'
[0.882s] INFO:colcon.colcon_core.shell:Skip shell extension 'powershell' for command environment: Not usable outside of PowerShell
[0.883s] DEBUG:colcon.colcon_core.shell:Skip shell extension 'dsv' for command environment
[0.892s] INFO:colcon.colcon_ros.task.ament_python.build:Building ROS package in '/home/josea/ros2_ws/src/challenge01' with build type 'ament_python'
[0.892s] Level 1:colcon.colcon_core.shell:create_environment_hook('challenge01', 'ament_prefix_path')
[0.893s] INFO:colcon.colcon_core.shell:Creating environment hook '/home/josea/ros2_ws/install/challenge01/share/challenge01/hook/ament_prefix_path.ps1'
[0.895s] INFO:colcon.colcon_core.shell:Creating environment descriptor '/home/josea/ros2_ws/install/challenge01/share/challenge01/hook/ament_prefix_path.dsv'
[0.896s] INFO:colcon.colcon_core.shell:Creating environment hook '/home/josea/ros2_ws/install/challenge01/share/challenge01/hook/ament_prefix_path.sh'
[0.899s] INFO:colcon.colcon_core.shell:Skip shell extension 'powershell' for command environment: Not usable outside of PowerShell
[0.899s] DEBUG:colcon.colcon_core.shell:Skip shell extension 'dsv' for command environment
[1.500s] INFO:colcon.colcon_core.task.python.build:Building Python package in '/home/josea/ros2_ws/src/basic_comms'
[1.501s] INFO:colcon.colcon_core.shell:Skip shell extension 'powershell' for command environment: Not usable outside of PowerShell
[1.501s] DEBUG:colcon.colcon_core.shell:Skip shell extension 'dsv' for command environment
[2.096s] INFO:colcon.colcon_core.task.python.build:Building Python package in '/home/josea/ros2_ws/src/challenge01'
[2.097s] INFO:colcon.colcon_core.shell:Skip shell extension 'powershell' for command environment: Not usable outside of PowerShell
[2.097s] DEBUG:colcon.colcon_core.shell:Skip shell extension 'dsv' for command environment
[3.150s] DEBUG:colcon.colcon_core.event_handler.log_command:Invoking command in '/home/josea/ros2_ws/src/basic_comms': PYTHONPATH=/home/josea/ros2_ws/build/basic_comms/prefix_override:/usr/lib/python3/dist-packages/colcon_core/task/python/colcon_distutils_commands:/home/josea/ros2_ws/install/basic_comms/lib/python3.10/site-packages:${PYTHONPATH} /usr/bin/python3 -W ignore:setup.py install is deprecated -W ignore:easy_install command is deprecated setup.py egg_info --egg-base ../../build/basic_comms build --build-base /home/josea/ros2_ws/build/basic_comms/build install --record /home/josea/ros2_ws/build/basic_comms/install.log --single-version-externally-managed install_data
[3.313s] DEBUG:colcon.colcon_core.event_handler.log_command:Invoking command in '/home/josea/ros2_ws/src/challenge01': PYTHONPATH=/home/josea/ros2_ws/build/challenge01/prefix_override:/usr/lib/python3/dist-packages/colcon_core/task/python/colcon_distutils_commands:/home/josea/ros2_ws/install/challenge01/lib/python3.10/site-packages:${PYTHONPATH} /usr/bin/python3 -W ignore:setup.py install is deprecated -W ignore:easy_install command is deprecated setup.py egg_info --egg-base ../../build/challenge01 build --build-base /home/josea/ros2_ws/build/challenge01/build install --record /home/josea/ros2_ws/build/challenge01/install.log --single-version-externally-managed install_data
[4.183s] DEBUG:colcon.colcon_core.event_handler.log_command:Invoked command in '/home/josea/ros2_ws/src/basic_comms' returned '0': PYTHONPATH=/home/josea/ros2_ws/build/basic_comms/prefix_override:/usr/lib/python3/dist-packages/colcon_core/task/python/colcon_distutils_commands:/home/josea/ros2_ws/install/basic_comms/lib/python3.10/site-packages:${PYTHONPATH} /usr/bin/python3 -W ignore:setup.py install is deprecated -W ignore:easy_install command is deprecated setup.py egg_info --egg-base ../../build/basic_comms build --build-base /home/josea/ros2_ws/build/basic_comms/build install --record /home/josea/ros2_ws/build/basic_comms/install.log --single-version-externally-managed install_data
[4.191s] Level 1:colcon.colcon_core.environment:checking '/home/josea/ros2_ws/install/basic_comms' for CMake module files
[4.193s] Level 1:colcon.colcon_core.environment:checking '/home/josea/ros2_ws/install/basic_comms' for CMake config files
[4.196s] Level 1:colcon.colcon_core.environment:checking '/home/josea/ros2_ws/install/basic_comms/lib'
[4.196s] Level 1:colcon.colcon_core.environment:checking '/home/josea/ros2_ws/install/basic_comms/bin'
[4.197s] Level 1:colcon.colcon_core.environment:checking '/home/josea/ros2_ws/install/basic_comms/lib/pkgconfig/basic_comms.pc'
[4.197s] Level 1:colcon.colcon_core.environment:checking '/home/josea/ros2_ws/install/basic_comms/lib/python3.10/site-packages'
[4.198s] Level 1:colcon.colcon_core.shell:create_environment_hook('basic_comms', 'pythonpath')
[4.198s] INFO:colcon.colcon_core.shell:Creating environment hook '/home/josea/ros2_ws/install/basic_comms/share/basic_comms/hook/pythonpath.ps1'
[4.199s] INFO:colcon.colcon_core.shell:Creating environment descriptor '/home/josea/ros2_ws/install/basic_comms/share/basic_comms/hook/pythonpath.dsv'
[4.201s] INFO:colcon.colcon_core.shell:Creating environment hook '/home/josea/ros2_ws/install/basic_comms/share/basic_comms/hook/pythonpath.sh'
[4.202s] Level 1:colcon.colcon_core.environment:checking '/home/josea/ros2_ws/install/basic_comms/bin'
[4.203s] Level 1:colcon.colcon_core.environment:create_environment_scripts_only(basic_comms)
[4.203s] INFO:colcon.colcon_core.shell:Creating package script '/home/josea/ros2_ws/install/basic_comms/share/basic_comms/package.ps1'
[4.206s] INFO:colcon.colcon_core.shell:Creating package descriptor '/home/josea/ros2_ws/install/basic_comms/share/basic_comms/package.dsv'
[4.208s] INFO:colcon.colcon_core.shell:Creating package script '/home/josea/ros2_ws/install/basic_comms/share/basic_comms/package.sh'
[4.210s] INFO:colcon.colcon_core.shell:Creating package script '/home/josea/ros2_ws/install/basic_comms/share/basic_comms/package.bash'
[4.212s] INFO:colcon.colcon_core.shell:Creating package script '/home/josea/ros2_ws/install/basic_comms/share/basic_comms/package.zsh'
[4.214s] Level 1:colcon.colcon_core.environment:create_file_with_runtime_dependencies(/home/josea/ros2_ws/install/basic_comms/share/colcon-core/packages/basic_comms)
[4.217s] INFO:colcon.colcon_ros.task.ament_python.build:Building ROS package in '/home/josea/ros2_ws/src/challenge02' with build type 'ament_python'
[4.217s] Level 1:colcon.colcon_core.shell:create_environment_hook('challenge02', 'ament_prefix_path')
[4.218s] INFO:colcon.colcon_core.shell:Creating environment hook '/home/josea/ros2_ws/install/challenge02/share/challenge02/hook/ament_prefix_path.ps1'
[4.220s] INFO:colcon.colcon_core.shell:Creating environment descriptor '/home/josea/ros2_ws/install/challenge02/share/challenge02/hook/ament_prefix_path.dsv'
[4.222s] INFO:colcon.colcon_core.shell:Creating environment hook '/home/josea/ros2_ws/install/challenge02/share/challenge02/hook/ament_prefix_path.sh'
[4.224s] INFO:colcon.colcon_core.shell:Skip shell extension 'powershell' for command environment: Not usable outside of PowerShell
[4.224s] DEBUG:colcon.colcon_core.shell:Skip shell extension 'dsv' for command environment
[4.924s] INFO:colcon.colcon_core.task.python.build:Building Python package in '/home/josea/ros2_ws/src/challenge02'
[4.925s] INFO:colcon.colcon_core.shell:Skip shell extension 'powershell' for command environment: Not usable outside of PowerShell
[4.925s] DEBUG:colcon.colcon_core.shell:Skip shell extension 'dsv' for command environment
[4.943s] Level 1:colcon.colcon_core.environment:checking '/home/josea/ros2_ws/install/challenge01' for CMake module files
[4.946s] DEBUG:colcon.colcon_core.event_handler.log_command:Invoked command in '/home/josea/ros2_ws/src/challenge01' returned '0': PYTHONPATH=/home/josea/ros2_ws/build/challenge01/prefix_override:/usr/lib/python3/dist-packages/colcon_core/task/python/colcon_distutils_commands:/home/josea/ros2_ws/install/challenge01/lib/python3.10/site-packages:${PYTHONPATH} /usr/bin/python3 -W ignore:setup.py install is deprecated -W ignore:easy_install command is deprecated setup.py egg_info --egg-base ../../build/challenge01 build --build-base /home/josea/ros2_ws/build/challenge01/build install --record /home/josea/ros2_ws/build/challenge01/install.log --single-version-externally-managed install_data
[4.946s] Level 1:colcon.colcon_core.environment:checking '/home/josea/ros2_ws/install/challenge01' for CMake config files
[4.948s] Level 1:colcon.colcon_core.environment:checking '/home/josea/ros2_ws/install/challenge01/lib'
[4.948s] Level 1:colcon.colcon_core.environment:checking '/home/josea/ros2_ws/install/challenge01/bin'
[4.948s] Level 1:colcon.colcon_core.environment:checking '/home/josea/ros2_ws/install/challenge01/lib/pkgconfig/challenge01.pc'
[4.949s] Level 1:colcon.colcon_core.environment:checking '/home/josea/ros2_ws/install/challenge01/lib/python3.10/site-packages'
[4.949s] Level 1:colcon.colcon_core.shell:create_environment_hook('challenge01', 'pythonpath')
[4.950s] INFO:colcon.colcon_core.shell:Creating environment hook '/home/josea/ros2_ws/install/challenge01/share/challenge01/hook/pythonpath.ps1'
[4.951s] INFO:colcon.colcon_core.shell:Creating environment descriptor '/home/josea/ros2_ws/install/challenge01/share/challenge01/hook/pythonpath.dsv'
[4.952s] INFO:colcon.colcon_core.shell:Creating environment hook '/home/josea/ros2_ws/install/challenge01/share/challenge01/hook/pythonpath.sh'
[4.954s] Level 1:colcon.colcon_core.environment:checking '/home/josea/ros2_ws/install/challenge01/bin'
[4.954s] Level 1:colcon.colcon_core.environment:create_environment_scripts_only(challenge01)
[4.955s] INFO:colcon.colcon_core.shell:Creating package script '/home/josea/ros2_ws/install/challenge01/share/challenge01/package.ps1'
[4.957s] INFO:colcon.colcon_core.shell:Creating package descriptor '/home/josea/ros2_ws/install/challenge01/share/challenge01/package.dsv'
[4.959s] INFO:colcon.colcon_core.shell:Creating package script '/home/josea/ros2_ws/install/challenge01/share/challenge01/package.sh'
[4.961s] INFO:colcon.colcon_core.shell:Creating package script '/home/josea/ros2_ws/install/challenge01/share/challenge01/package.bash'
[4.962s] INFO:colcon.colcon_core.shell:Creating package script '/home/josea/ros2_ws/install/challenge01/share/challenge01/package.zsh'
[4.964s] Level 1:colcon.colcon_core.environment:create_file_with_runtime_dependencies(/home/josea/ros2_ws/install/challenge01/share/colcon-core/packages/challenge01)
[4.965s] INFO:colcon.colcon_ros.task.ament_cmake.build:Building ROS package in '/home/josea/ros2_ws/src/custom_interfaces' with build type 'ament_cmake'
[4.965s] INFO:colcon.colcon_cmake.task.cmake.build:Building CMake package in '/home/josea/ros2_ws/src/custom_interfaces'
[4.966s] INFO:colcon.colcon_core.shell:Skip shell extension 'powershell' for command environment: Not usable outside of PowerShell
[4.966s] DEBUG:colcon.colcon_core.shell:Skip shell extension 'dsv' for command environment
[4.994s] DEBUG:colcon.colcon_core.event_handler.log_command:Invoking command in '/home/josea/ros2_ws/build/custom_interfaces': CMAKE_PREFIX_PATH=${CMAKE_PREFIX_PATH}:/home/josea/ros2_ws/install/my_pack_clas:/home/josea/ros2_ws/install/motor_control:/home/josea/ros2_ws/install/challenge02:/home/josea/ros2_ws/install/challenge01:/home/josea/ros2_ws/install/basic_comms:/home/josea/ros2_ws/install/Challenge02:/home/josea/ros2_ws/src/install/my_pack_clas:/home/josea/ros2_ws/src/install/motor_control:/home/josea/ros2_ws/src/install/challenge02:/home/josea/ros2_ws/src/install/challenge01:/home/josea/ros2_ws/src/install/basic_comms:/opt/ros/humble /usr/bin/cmake --build /home/josea/ros2_ws/build/custom_interfaces -- -j2 -l2
[6.541s] DEBUG:colcon.colcon_core.event_handler.log_command:Invoking command in '/home/josea/ros2_ws/src/challenge02': PYTHONPATH=/home/josea/ros2_ws/build/challenge02/prefix_override:/usr/lib/python3/dist-packages/colcon_core/task/python/colcon_distutils_commands:/home/josea/ros2_ws/install/challenge02/lib/python3.10/site-packages:${PYTHONPATH} /usr/bin/python3 -W ignore:setup.py install is deprecated -W ignore:easy_install command is deprecated setup.py egg_info --egg-base ../../build/challenge02 build --build-base /home/josea/ros2_ws/build/challenge02/build install --record /home/josea/ros2_ws/build/challenge02/install.log --single-version-externally-managed install_data
[6.808s] DEBUG:colcon.colcon_core.event_handler.log_command:Invoked command in '/home/josea/ros2_ws/build/custom_interfaces' returned '0': CMAKE_PREFIX_PATH=${CMAKE_PREFIX_PATH}:/home/josea/ros2_ws/install/my_pack_clas:/home/josea/ros2_ws/install/motor_control:/home/josea/ros2_ws/install/challenge02:/home/josea/ros2_ws/install/challenge01:/home/josea/ros2_ws/install/basic_comms:/home/josea/ros2_ws/install/Challenge02:/home/josea/ros2_ws/src/install/my_pack_clas:/home/josea/ros2_ws/src/install/motor_control:/home/josea/ros2_ws/src/install/challenge02:/home/josea/ros2_ws/src/install/challenge01:/home/josea/ros2_ws/src/install/basic_comms:/opt/ros/humble /usr/bin/cmake --build /home/josea/ros2_ws/build/custom_interfaces -- -j2 -l2
[6.830s] DEBUG:colcon.colcon_core.event_handler.log_command:Invoking command in '/home/josea/ros2_ws/build/custom_interfaces': CMAKE_PREFIX_PATH=${CMAKE_PREFIX_PATH}:/home/josea/ros2_ws/install/my_pack_clas:/home/josea/ros2_ws/install/motor_control:/home/josea/ros2_ws/install/challenge02:/home/josea/ros2_ws/install/challenge01:/home/josea/ros2_ws/install/basic_comms:/home/josea/ros2_ws/install/Challenge02:/home/josea/ros2_ws/src/install/my_pack_clas:/home/josea/ros2_ws/src/install/motor_control:/home/josea/ros2_ws/src/install/challenge02:/home/josea/ros2_ws/src/install/challenge01:/home/josea/ros2_ws/src/install/basic_comms:/opt/ros/humble /usr/bin/cmake --install /home/josea/ros2_ws/build/custom_interfaces
[7.055s] Level 1:colcon.colcon_core.environment:create_environment_scripts_only(custom_interfaces)
[7.056s] Level 1:colcon.colcon_core.environment:checking '/home/josea/ros2_ws/install/custom_interfaces' for CMake module files
[7.058s] Level 1:colcon.colcon_core.environment:checking '/home/josea/ros2_ws/install/custom_interfaces' for CMake config files
[7.059s] DEBUG:colcon.colcon_core.event_handler.log_command:Invoked command in '/home/josea/ros2_ws/build/custom_interfaces' returned '0': CMAKE_PREFIX_PATH=${CMAKE_PREFIX_PATH}:/home/josea/ros2_ws/install/my_pack_clas:/home/josea/ros2_ws/install/motor_control:/home/josea/ros2_ws/install/challenge02:/home/josea/ros2_ws/install/challenge01:/home/josea/ros2_ws/install/basic_comms:/home/josea/ros2_ws/install/Challenge02:/home/josea/ros2_ws/src/install/my_pack_clas:/home/josea/ros2_ws/src/install/motor_control:/home/josea/ros2_ws/src/install/challenge02:/home/josea/ros2_ws/src/install/challenge01:/home/josea/ros2_ws/src/install/basic_comms:/opt/ros/humble /usr/bin/cmake --install /home/josea/ros2_ws/build/custom_interfaces
[7.060s] Level 1:colcon.colcon_core.shell:create_environment_hook('custom_interfaces', 'cmake_prefix_path')
[7.061s] INFO:colcon.colcon_core.shell:Creating environment hook '/home/josea/ros2_ws/install/custom_interfaces/share/custom_interfaces/hook/cmake_prefix_path.ps1'
[7.062s] INFO:colcon.colcon_core.shell:Creating environment descriptor '/home/josea/ros2_ws/install/custom_interfaces/share/custom_interfaces/hook/cmake_prefix_path.dsv'
[7.063s] INFO:colcon.colcon_core.shell:Creating environment hook '/home/josea/ros2_ws/install/custom_interfaces/share/custom_interfaces/hook/cmake_prefix_path.sh'
[7.065s] Level 1:colcon.colcon_core.environment:checking '/home/josea/ros2_ws/install/custom_interfaces/lib'
[7.065s] Level 1:colcon.colcon_core.shell:create_environment_hook('custom_interfaces', 'ld_library_path_lib')
[7.066s] INFO:colcon.colcon_core.shell:Creating environment hook '/home/josea/ros2_ws/install/custom_interfaces/share/custom_interfaces/hook/ld_library_path_lib.ps1'
[7.067s] INFO:colcon.colcon_core.shell:Creating environment descriptor '/home/josea/ros2_ws/install/custom_interfaces/share/custom_interfaces/hook/ld_library_path_lib.dsv'
[7.068s] INFO:colcon.colcon_core.shell:Creating environment hook '/home/josea/ros2_ws/install/custom_interfaces/share/custom_interfaces/hook/ld_library_path_lib.sh'
[7.074s] Level 1:colcon.colcon_core.environment:checking '/home/josea/ros2_ws/install/custom_interfaces/bin'
[7.075s] Level 1:colcon.colcon_core.environment:checking '/home/josea/ros2_ws/install/custom_interfaces/lib/pkgconfig/custom_interfaces.pc'
[7.075s] Level 1:colcon.colcon_core.environment:checking '/home/josea/ros2_ws/install/custom_interfaces/lib/python3.10/site-packages'
[7.076s] Level 1:colcon.colcon_core.environment:checking '/home/josea/ros2_ws/install/custom_interfaces/bin'
[7.079s] INFO:colcon.colcon_core.shell:Creating package script '/home/josea/ros2_ws/install/custom_interfaces/share/custom_interfaces/package.ps1'
[7.081s] INFO:colcon.colcon_core.shell:Creating package descriptor '/home/josea/ros2_ws/install/custom_interfaces/share/custom_interfaces/package.dsv'
[7.082s] INFO:colcon.colcon_core.shell:Creating package script '/home/josea/ros2_ws/install/custom_interfaces/share/custom_interfaces/package.sh'
[7.084s] INFO:colcon.colcon_core.shell:Creating package script '/home/josea/ros2_ws/install/custom_interfaces/share/custom_interfaces/package.bash'
[7.085s] INFO:colcon.colcon_core.shell:Creating package script '/home/josea/ros2_ws/install/custom_interfaces/share/custom_interfaces/package.zsh'
[7.087s] Level 1:colcon.colcon_core.environment:create_file_with_runtime_dependencies(/home/josea/ros2_ws/install/custom_interfaces/share/colcon-core/packages/custom_interfaces)
[7.089s] Level 1:colcon.colcon_core.environment:create_environment_scripts_only(custom_interfaces)
[7.090s] Level 1:colcon.colcon_core.environment:checking '/home/josea/ros2_ws/install/custom_interfaces' for CMake module files
[7.091s] Level 1:colcon.colcon_core.environment:checking '/home/josea/ros2_ws/install/custom_interfaces' for CMake config files
[7.093s] Level 1:colcon.colcon_core.shell:create_environment_hook('custom_interfaces', 'cmake_prefix_path')
[7.093s] INFO:colcon.colcon_core.shell:Creating environment hook '/home/josea/ros2_ws/install/custom_interfaces/share/custom_interfaces/hook/cmake_prefix_path.ps1'
[7.095s] INFO:colcon.colcon_core.shell:Creating environment descriptor '/home/josea/ros2_ws/install/custom_interfaces/share/custom_interfaces/hook/cmake_prefix_path.dsv'
[7.096s] INFO:colcon.colcon_core.shell:Creating environment hook '/home/josea/ros2_ws/install/custom_interfaces/share/custom_interfaces/hook/cmake_prefix_path.sh'
[7.097s] Level 1:colcon.colcon_core.environment:checking '/home/josea/ros2_ws/install/custom_interfaces/lib'
[7.098s] Level 1:colcon.colcon_core.shell:create_environment_hook('custom_interfaces', 'ld_library_path_lib')
[7.098s] INFO:colcon.colcon_core.shell:Creating environment hook '/home/josea/ros2_ws/install/custom_interfaces/share/custom_interfaces/hook/ld_library_path_lib.ps1'
[7.100s] INFO:colcon.colcon_core.shell:Creating environment descriptor '/home/josea/ros2_ws/install/custom_interfaces/share/custom_interfaces/hook/ld_library_path_lib.dsv'
[7.101s] INFO:colcon.colcon_core.shell:Creating environment hook '/home/josea/ros2_ws/install/custom_interfaces/share/custom_interfaces/hook/ld_library_path_lib.sh'
[7.103s] Level 1:colcon.colcon_core.environment:checking '/home/josea/ros2_ws/install/custom_interfaces/bin'
[7.103s] Level 1:colcon.colcon_core.environment:checking '/home/josea/ros2_ws/install/custom_interfaces/lib/pkgconfig/custom_interfaces.pc'
[7.104s] Level 1:colcon.colcon_core.environment:checking '/home/josea/ros2_ws/install/custom_interfaces/lib/python3.10/site-packages'
[7.104s] Level 1:colcon.colcon_core.environment:checking '/home/josea/ros2_ws/install/custom_interfaces/bin'
[7.105s] INFO:colcon.colcon_core.shell:Creating package script '/home/josea/ros2_ws/install/custom_interfaces/share/custom_interfaces/package.ps1'
[7.107s] INFO:colcon.colcon_core.shell:Creating package descriptor '/home/josea/ros2_ws/install/custom_interfaces/share/custom_interfaces/package.dsv'
[7.109s] INFO:colcon.colcon_core.shell:Creating package script '/home/josea/ros2_ws/install/custom_interfaces/share/custom_interfaces/package.sh'
[7.111s] INFO:colcon.colcon_core.shell:Creating package script '/home/josea/ros2_ws/install/custom_interfaces/share/custom_interfaces/package.bash'
[7.112s] INFO:colcon.colcon_core.shell:Creating package script '/home/josea/ros2_ws/install/custom_interfaces/share/custom_interfaces/package.zsh'
[7.113s] Level 1:colcon.colcon_core.environment:create_file_with_runtime_dependencies(/home/josea/ros2_ws/install/custom_interfaces/share/colcon-core/packages/custom_interfaces)
[7.116s] INFO:colcon.colcon_ros.task.ament_python.build:Building ROS package in '/home/josea/ros2_ws/src/motor_control' with build type 'ament_python'
[7.116s] Level 1:colcon.colcon_core.shell:create_environment_hook('motor_control', 'ament_prefix_path')
[7.117s] INFO:colcon.colcon_core.shell:Creating environment hook '/home/josea/ros2_ws/install/motor_control/share/motor_control/hook/ament_prefix_path.ps1'
[7.118s] INFO:colcon.colcon_core.shell:Creating environment descriptor '/home/josea/ros2_ws/install/motor_control/share/motor_control/hook/ament_prefix_path.dsv'
[7.120s] INFO:colcon.colcon_core.shell:Creating environment hook '/home/josea/ros2_ws/install/motor_control/share/motor_control/hook/ament_prefix_path.sh'
[7.122s] INFO:colcon.colcon_core.shell:Skip shell extension 'powershell' for command environment: Not usable outside of PowerShell
[7.122s] DEBUG:colcon.colcon_core.shell:Skip shell extension 'dsv' for command environment
[8.023s] INFO:colcon.colcon_core.task.python.build:Building Python package in '/home/josea/ros2_ws/src/motor_control'
[8.024s] INFO:colcon.colcon_core.shell:Skip shell extension 'powershell' for command environment: Not usable outside of PowerShell
[8.024s] DEBUG:colcon.colcon_core.shell:Skip shell extension 'dsv' for command environment
[8.039s] Level 1:colcon.colcon_core.environment:checking '/home/josea/ros2_ws/install/challenge02' for CMake module files
[8.041s] DEBUG:colcon.colcon_core.event_handler.log_command:Invoked command in '/home/josea/ros2_ws/src/challenge02' returned '0': PYTHONPATH=/home/josea/ros2_ws/build/challenge02/prefix_override:/usr/lib/python3/dist-packages/colcon_core/task/python/colcon_distutils_commands:/home/josea/ros2_ws/install/challenge02/lib/python3.10/site-packages:${PYTHONPATH} /usr/bin/python3 -W ignore:setup.py install is deprecated -W ignore:easy_install command is deprecated setup.py egg_info --egg-base ../../build/challenge02 build --build-base /home/josea/ros2_ws/build/challenge02/build install --record /home/josea/ros2_ws/build/challenge02/install.log --single-version-externally-managed install_data
[8.042s] Level 1:colcon.colcon_core.environment:checking '/home/josea/ros2_ws/install/challenge02' for CMake config files
[8.043s] Level 1:colcon.colcon_core.environment:checking '/home/josea/ros2_ws/install/challenge02/lib'
[8.043s] Level 1:colcon.colcon_core.environment:checking '/home/josea/ros2_ws/install/challenge02/bin'
[8.043s] Level 1:colcon.colcon_core.environment:checking '/home/josea/ros2_ws/install/challenge02/lib/pkgconfig/challenge02.pc'
[8.044s] Level 1:colcon.colcon_core.environment:checking '/home/josea/ros2_ws/install/challenge02/lib/python3.10/site-packages'
[8.044s] Level 1:colcon.colcon_core.shell:create_environment_hook('challenge02', 'pythonpath')
[8.045s] INFO:colcon.colcon_core.shell:Creating environment hook '/home/josea/ros2_ws/install/challenge02/share/challenge02/hook/pythonpath.ps1'
[8.046s] INFO:colcon.colcon_core.shell:Creating environment descriptor '/home/josea/ros2_ws/install/challenge02/share/challenge02/hook/pythonpath.dsv'
[8.047s] INFO:colcon.colcon_core.shell:Creating environment hook '/home/josea/ros2_ws/install/challenge02/share/challenge02/hook/pythonpath.sh'
[8.049s] Level 1:colcon.colcon_core.environment:checking '/home/josea/ros2_ws/install/challenge02/bin'
[8.049s] Level 1:colcon.colcon_core.environment:create_environment_scripts_only(challenge02)
[8.050s] INFO:colcon.colcon_core.shell:Creating package script '/home/josea/ros2_ws/install/challenge02/share/challenge02/package.ps1'
[8.051s] INFO:colcon.colcon_core.shell:Creating package descriptor '/home/josea/ros2_ws/install/challenge02/share/challenge02/package.dsv'
[8.053s] INFO:colcon.colcon_core.shell:Creating package script '/home/josea/ros2_ws/install/challenge02/share/challenge02/package.sh'
[8.054s] INFO:colcon.colcon_core.shell:Creating package script '/home/josea/ros2_ws/install/challenge02/share/challenge02/package.bash'
[8.055s] INFO:colcon.colcon_core.shell:Creating package script '/home/josea/ros2_ws/install/challenge02/share/challenge02/package.zsh'
[8.057s] Level 1:colcon.colcon_core.environment:create_file_with_runtime_dependencies(/home/josea/ros2_ws/install/challenge02/share/colcon-core/packages/challenge02)
[8.058s] INFO:colcon.colcon_ros.task.ament_python.build:Building ROS package in '/home/josea/ros2_ws/src/my_pack_clas' with build type 'ament_python'
[8.059s] Level 1:colcon.colcon_core.shell:create_environment_hook('my_pack_clas', 'ament_prefix_path')
[8.060s] INFO:colcon.colcon_core.shell:Creating environment hook '/home/josea/ros2_ws/install/my_pack_clas/share/my_pack_clas/hook/ament_prefix_path.ps1'
[8.062s] INFO:colcon.colcon_core.shell:Creating environment descriptor '/home/josea/ros2_ws/install/my_pack_clas/share/my_pack_clas/hook/ament_prefix_path.dsv'
[8.064s] INFO:colcon.colcon_core.shell:Creating environment hook '/home/josea/ros2_ws/install/my_pack_clas/share/my_pack_clas/hook/ament_prefix_path.sh'
[8.065s] INFO:colcon.colcon_core.shell:Skip shell extension 'powershell' for command environment: Not usable outside of PowerShell
[8.066s] DEBUG:colcon.colcon_core.shell:Skip shell extension 'dsv' for command environment
[8.975s] INFO:colcon.colcon_core.task.python.build:Building Python package in '/home/josea/ros2_ws/src/my_pack_clas'
[8.976s] INFO:colcon.colcon_core.shell:Skip shell extension 'powershell' for command environment: Not usable outside of PowerShell
[8.976s] DEBUG:colcon.colcon_core.shell:Skip shell extension 'dsv' for command environment
[9.285s] DEBUG:colcon.colcon_core.event_handler.log_command:Invoking command in '/home/josea/ros2_ws/src/motor_control': PYTHONPATH=/home/josea/ros2_ws/build/motor_control/prefix_override:/usr/lib/python3/dist-packages/colcon_core/task/python/colcon_distutils_commands:/home/josea/ros2_ws/install/motor_control/lib/python3.10/site-packages:${PYTHONPATH} /usr/bin/python3 -W ignore:setup.py install is deprecated -W ignore:easy_install command is deprecated setup.py egg_info --egg-base ../../build/motor_control build --build-base /home/josea/ros2_ws/build/motor_control/build install --record /home/josea/ros2_ws/build/motor_control/install.log --single-version-externally-managed install_data
[10.244s] DEBUG:colcon.colcon_core.event_handler.log_command:Invoking command in '/home/josea/ros2_ws/src/my_pack_clas': PYTHONPATH=/home/josea/ros2_ws/build/my_pack_clas/prefix_override:/usr/lib/python3/dist-packages/colcon_core/task/python/colcon_distutils_commands:/home/josea/ros2_ws/install/my_pack_clas/lib/python3.10/site-packages:${PYTHONPATH} /usr/bin/python3 -W ignore:setup.py install is deprecated -W ignore:easy_install command is deprecated setup.py egg_info --egg-base ../../build/my_pack_clas build --build-base /home/josea/ros2_ws/build/my_pack_clas/build install --record /home/josea/ros2_ws/build/my_pack_clas/install.log --single-version-externally-managed install_data
[10.449s] Level 1:colcon.colcon_core.environment:checking '/home/josea/ros2_ws/install/motor_control' for CMake module files
[10.451s] Level 1:colcon.colcon_core.environment:checking '/home/josea/ros2_ws/install/motor_control' for CMake config files
[10.450s] DEBUG:colcon.colcon_core.event_handler.log_command:Invoked command in '/home/josea/ros2_ws/src/motor_control' returned '0': PYTHONPATH=/home/josea/ros2_ws/build/motor_control/prefix_override:/usr/lib/python3/dist-packages/colcon_core/task/python/colcon_distutils_commands:/home/josea/ros2_ws/install/motor_control/lib/python3.10/site-packages:${PYTHONPATH} /usr/bin/python3 -W ignore:setup.py install is deprecated -W ignore:easy_install command is deprecated setup.py egg_info --egg-base ../../build/motor_control build --build-base /home/josea/ros2_ws/build/motor_control/build install --record /home/josea/ros2_ws/build/motor_control/install.log --single-version-externally-managed install_data
[10.456s] Level 1:colcon.colcon_core.environment:checking '/home/josea/ros2_ws/install/motor_control/lib'
[10.456s] Level 1:colcon.colcon_core.environment:checking '/home/josea/ros2_ws/install/motor_control/bin'
[10.456s] Level 1:colcon.colcon_core.environment:checking '/home/josea/ros2_ws/install/motor_control/lib/pkgconfig/motor_control.pc'
[10.456s] Level 1:colcon.colcon_core.environment:checking '/home/josea/ros2_ws/install/motor_control/lib/python3.10/site-packages'
[10.457s] Level 1:colcon.colcon_core.shell:create_environment_hook('motor_control', 'pythonpath')
[10.458s] INFO:colcon.colcon_core.shell:Creating environment hook '/home/josea/ros2_ws/install/motor_control/share/motor_control/hook/pythonpath.ps1'
[10.462s] INFO:colcon.colcon_core.shell:Creating environment descriptor '/home/josea/ros2_ws/install/motor_control/share/motor_control/hook/pythonpath.dsv'
[10.465s] INFO:colcon.colcon_core.shell:Creating environment hook '/home/josea/ros2_ws/install/motor_control/share/motor_control/hook/pythonpath.sh'
[10.467s] Level 1:colcon.colcon_core.environment:checking '/home/josea/ros2_ws/install/motor_control/bin'
[10.469s] Level 1:colcon.colcon_core.environment:create_environment_scripts_only(motor_control)
[10.470s] INFO:colcon.colcon_core.shell:Creating package script '/home/josea/ros2_ws/install/motor_control/share/motor_control/package.ps1'
[10.474s] INFO:colcon.colcon_core.shell:Creating package descriptor '/home/josea/ros2_ws/install/motor_control/share/motor_control/package.dsv'
[10.478s] INFO:colcon.colcon_core.shell:Creating package script '/home/josea/ros2_ws/install/motor_control/share/motor_control/package.sh'
[10.480s] INFO:colcon.colcon_core.shell:Creating package script '/home/josea/ros2_ws/install/motor_control/share/motor_control/package.bash'
[10.483s] INFO:colcon.colcon_core.shell:Creating package script '/home/josea/ros2_ws/install/motor_control/share/motor_control/package.zsh'
[10.484s] Level 1:colcon.colcon_core.environment:create_file_with_runtime_dependencies(/home/josea/ros2_ws/install/motor_control/share/colcon-core/packages/motor_control)
[11.143s] Level 1:colcon.colcon_core.environment:checking '/home/josea/ros2_ws/install/my_pack_clas' for CMake module files
[11.145s] DEBUG:colcon.colcon_core.event_handler.log_command:Invoked command in '/home/josea/ros2_ws/src/my_pack_clas' returned '0': PYTHONPATH=/home/josea/ros2_ws/build/my_pack_clas/prefix_override:/usr/lib/python3/dist-packages/colcon_core/task/python/colcon_distutils_commands:/home/josea/ros2_ws/install/my_pack_clas/lib/python3.10/site-packages:${PYTHONPATH} /usr/bin/python3 -W ignore:setup.py install is deprecated -W ignore:easy_install command is deprecated setup.py egg_info --egg-base ../../build/my_pack_clas build --build-base /home/josea/ros2_ws/build/my_pack_clas/build install --record /home/josea/ros2_ws/build/my_pack_clas/install.log --single-version-externally-managed install_data
[11.145s] Level 1:colcon.colcon_core.environment:checking '/home/josea/ros2_ws/install/my_pack_clas' for CMake config files
[11.146s] Level 1:colcon.colcon_core.environment:checking '/home/josea/ros2_ws/install/my_pack_clas/lib'
[11.147s] Level 1:colcon.colcon_core.environment:checking '/home/josea/ros2_ws/install/my_pack_clas/bin'
[11.147s] Level 1:colcon.colcon_core.environment:checking '/home/josea/ros2_ws/install/my_pack_clas/lib/pkgconfig/my_pack_clas.pc'
[11.147s] Level 1:colcon.colcon_core.environment:checking '/home/josea/ros2_ws/install/my_pack_clas/lib/python3.10/site-packages'
[11.147s] Level 1:colcon.colcon_core.shell:create_environment_hook('my_pack_clas', 'pythonpath')
[11.148s] INFO:colcon.colcon_core.shell:Creating environment hook '/home/josea/ros2_ws/install/my_pack_clas/share/my_pack_clas/hook/pythonpath.ps1'
[11.149s] INFO:colcon.colcon_core.shell:Creating environment descriptor '/home/josea/ros2_ws/install/my_pack_clas/share/my_pack_clas/hook/pythonpath.dsv'
[11.150s] INFO:colcon.colcon_core.shell:Creating environment hook '/home/josea/ros2_ws/install/my_pack_clas/share/my_pack_clas/hook/pythonpath.sh'
[11.151s] Level 1:colcon.colcon_core.environment:checking '/home/josea/ros2_ws/install/my_pack_clas/bin'
[11.152s] Level 1:colcon.colcon_core.environment:create_environment_scripts_only(my_pack_clas)
[11.152s] INFO:colcon.colcon_core.shell:Creating package script '/home/josea/ros2_ws/install/my_pack_clas/share/my_pack_clas/package.ps1'
[11.154s] INFO:colcon.colcon_core.shell:Creating package descriptor '/home/josea/ros2_ws/install/my_pack_clas/share/my_pack_clas/package.dsv'
[11.155s] INFO:colcon.colcon_core.shell:Creating package script '/home/josea/ros2_ws/install/my_pack_clas/share/my_pack_clas/package.sh'
[11.156s] INFO:colcon.colcon_core.shell:Creating package script '/home/josea/ros2_ws/install/my_pack_clas/share/my_pack_clas/package.bash'
[11.158s] INFO:colcon.colcon_core.shell:Creating package script '/home/josea/ros2_ws/install/my_pack_clas/share/my_pack_clas/package.zsh'
[11.159s] Level 1:colcon.colcon_core.environment:create_file_with_runtime_dependencies(/home/josea/ros2_ws/install/my_pack_clas/share/colcon-core/packages/my_pack_clas)
[11.160s] DEBUG:colcon.colcon_parallel_executor.executor.parallel:closing loop
[11.160s] DEBUG:colcon.colcon_parallel_executor.executor.parallel:loop closed
[11.161s] DEBUG:colcon.colcon_parallel_executor.executor.parallel:run_until_complete finished with '0'
[11.161s] DEBUG:colcon.colcon_core.event_reactor:joining thread
[11.187s] INFO:colcon.colcon_core.plugin_system:Skipping extension 'colcon_notification.desktop_notification.terminal_notifier': Not used on non-Darwin systems
[11.187s] INFO:colcon.colcon_core.plugin_system:Skipping extension 'colcon_notification.desktop_notification.win32': Not used on non-Windows systems
[11.187s] INFO:colcon.colcon_notification.desktop_notification:Sending desktop notification using 'notify2'
[11.238s] DEBUG:colcon.colcon_core.event_reactor:joined thread
[11.240s] INFO:colcon.colcon_core.shell:Creating prefix script '/home/josea/ros2_ws/install/local_setup.ps1'
[11.244s] INFO:colcon.colcon_core.shell:Creating prefix util module '/home/josea/ros2_ws/install/_local_setup_util_ps1.py'
[11.248s] INFO:colcon.colcon_core.shell:Creating prefix chain script '/home/josea/ros2_ws/install/setup.ps1'
[11.252s] INFO:colcon.colcon_core.shell:Creating prefix script '/home/josea/ros2_ws/install/local_setup.sh'
[11.254s] INFO:colcon.colcon_core.shell:Creating prefix util module '/home/josea/ros2_ws/install/_local_setup_util_sh.py'
[11.256s] INFO:colcon.colcon_core.shell:Creating prefix chain script '/home/josea/ros2_ws/install/setup.sh'
[11.263s] INFO:colcon.colcon_core.shell:Creating prefix script '/home/josea/ros2_ws/install/local_setup.bash'
[11.265s] INFO:colcon.colcon_core.shell:Creating prefix chain script '/home/josea/ros2_ws/install/setup.bash'
[11.268s] INFO:colcon.colcon_core.shell:Creating prefix script '/home/josea/ros2_ws/install/local_setup.zsh'
[11.270s] INFO:colcon.colcon_core.shell:Creating prefix chain script '/home/josea/ros2_ws/install/setup.zsh'
