[1.213s] Invoking command in '/home/josea/ros2_ws/src/basic_comms': PYTHONPATH=/home/josea/ros2_ws/build/basic_comms/prefix_override:/usr/lib/python3/dist-packages/colcon_core/task/python/colcon_distutils_commands:/home/josea/ros2_ws/install/basic_comms/lib/python3.10/site-packages:${PYTHONPATH} /usr/bin/python3 -W ignore:setup.py install is deprecated -W ignore:easy_install command is deprecated setup.py egg_info --egg-base ../../build/basic_comms build --build-base /home/josea/ros2_ws/build/basic_comms/build install --record /home/josea/ros2_ws/build/basic_comms/install.log --single-version-externally-managed install_data
[1.706s] running egg_info
[1.707s] writing ../../build/basic_comms/basic_comms.egg-info/PKG-INFO
[1.708s] writing dependency_links to ../../build/basic_comms/basic_comms.egg-info/dependency_links.txt
[1.708s] writing entry points to ../../build/basic_comms/basic_comms.egg-info/entry_points.txt
[1.709s] writing requirements to ../../build/basic_comms/basic_comms.egg-info/requires.txt
[1.709s] writing top-level names to ../../build/basic_comms/basic_comms.egg-info/top_level.txt
[1.713s] reading manifest file '../../build/basic_comms/basic_comms.egg-info/SOURCES.txt'
[1.715s] writing manifest file '../../build/basic_comms/basic_comms.egg-info/SOURCES.txt'
[1.715s] running build
[1.715s] running build_py
[1.716s] copying basic_comms/talker.py -> /home/josea/ros2_ws/build/basic_comms/build/lib/basic_comms
[1.716s] running install
[1.717s] running install_lib
[1.719s] copying /home/josea/ros2_ws/build/basic_comms/build/lib/basic_comms/talker.py -> /home/josea/ros2_ws/install/basic_comms/lib/python3.10/site-packages/basic_comms
[1.720s] byte-compiling /home/josea/ros2_ws/install/basic_comms/lib/python3.10/site-packages/basic_comms/talker.py to talker.cpython-310.pyc
[1.722s] running install_data
[1.723s] running install_egg_info
[1.727s] removing '/home/josea/ros2_ws/install/basic_comms/lib/python3.10/site-packages/basic_comms-0.0.0-py3.10.egg-info' (and everything under it)
[1.727s] Copying ../../build/basic_comms/basic_comms.egg-info to /home/josea/ros2_ws/install/basic_comms/lib/python3.10/site-packages/basic_comms-0.0.0-py3.10.egg-info
[1.728s] running install_scripts
[1.775s] Installing talker script to /home/josea/ros2_ws/install/basic_comms/lib/basic_comms
[1.776s] writing list of installed files to '/home/josea/ros2_ws/build/basic_comms/install.log'
[1.850s] Invoked command in '/home/josea/ros2_ws/src/basic_comms' returned '0': PYTHONPATH=/home/josea/ros2_ws/build/basic_comms/prefix_override:/usr/lib/python3/dist-packages/colcon_core/task/python/colcon_distutils_commands:/home/josea/ros2_ws/install/basic_comms/lib/python3.10/site-packages:${PYTHONPATH} /usr/bin/python3 -W ignore:setup.py install is deprecated -W ignore:easy_install command is deprecated setup.py egg_info --egg-base ../../build/basic_comms build --build-base /home/josea/ros2_ws/build/basic_comms/build install --record /home/josea/ros2_ws/build/basic_comms/install.log --single-version-externally-managed install_data
