[1.896s] Invoking command in '/home/josea/ros2_ws/src/my_pack_clas': PYTHONPATH=/home/josea/ros2_ws/src/build/my_pack_clas/prefix_override:/usr/lib/python3/dist-packages/colcon_core/task/python/colcon_distutils_commands:/home/josea/ros2_ws/src/install/my_pack_clas/lib/python3.10/site-packages:${PYTHONPATH} /usr/bin/python3 -W ignore:setup.py install is deprecated -W ignore:easy_install command is deprecated setup.py egg_info --egg-base ../build/my_pack_clas build --build-base /home/josea/ros2_ws/src/build/my_pack_clas/build install --record /home/josea/ros2_ws/src/build/my_pack_clas/install.log --single-version-externally-managed install_data
[2.698s] running egg_info
[2.701s] writing ../build/my_pack_clas/my_pack_clas.egg-info/PKG-INFO
[2.707s] writing dependency_links to ../build/my_pack_clas/my_pack_clas.egg-info/dependency_links.txt
[2.708s] writing entry points to ../build/my_pack_clas/my_pack_clas.egg-info/entry_points.txt
[2.709s] writing requirements to ../build/my_pack_clas/my_pack_clas.egg-info/requires.txt
[2.709s] writing top-level names to ../build/my_pack_clas/my_pack_clas.egg-info/top_level.txt
[2.714s] reading manifest file '../build/my_pack_clas/my_pack_clas.egg-info/SOURCES.txt'
[2.717s] writing manifest file '../build/my_pack_clas/my_pack_clas.egg-info/SOURCES.txt'
[2.718s] running build
[2.720s] running build_py
[2.723s] running install
[2.725s] running install_lib
[2.732s] running install_data
[2.734s] running install_egg_info
[2.742s] removing '/home/josea/ros2_ws/src/install/my_pack_clas/lib/python3.10/site-packages/my_pack_clas-0.0.0-py3.10.egg-info' (and everything under it)
[2.743s] Copying ../build/my_pack_clas/my_pack_clas.egg-info to /home/josea/ros2_ws/src/install/my_pack_clas/lib/python3.10/site-packages/my_pack_clas-0.0.0-py3.10.egg-info
[2.748s] running install_scripts
[2.830s] Installing my_pack script to /home/josea/ros2_ws/src/install/my_pack_clas/lib/my_pack_clas
[2.831s] Installing my_publisher script to /home/josea/ros2_ws/src/install/my_pack_clas/lib/my_pack_clas
[2.831s] Installing my_subscriber script to /home/josea/ros2_ws/src/install/my_pack_clas/lib/my_pack_clas
[2.833s] writing list of installed files to '/home/josea/ros2_ws/src/build/my_pack_clas/install.log'
[2.917s] Invoked command in '/home/josea/ros2_ws/src/my_pack_clas' returned '0': PYTHONPATH=/home/josea/ros2_ws/src/build/my_pack_clas/prefix_override:/usr/lib/python3/dist-packages/colcon_core/task/python/colcon_distutils_commands:/home/josea/ros2_ws/src/install/my_pack_clas/lib/python3.10/site-packages:${PYTHONPATH} /usr/bin/python3 -W ignore:setup.py install is deprecated -W ignore:easy_install command is deprecated setup.py egg_info --egg-base ../build/my_pack_clas build --build-base /home/josea/ros2_ws/src/build/my_pack_clas/build install --record /home/josea/ros2_ws/src/build/my_pack_clas/install.log --single-version-externally-managed install_data
