[0.544s] DEBUG:colcon:Command line arguments: ['/usr/bin/colcon', 'build']
[0.544s] DEBUG:colcon:Parsed command line arguments: Namespace(log_base=None, log_level=None, verb_name='build', build_base='build', install_base='install', merge_install=False, symlink_install=False, test_result_base=None, continue_on_error=False, executor='parallel', parallel_workers=2, event_handlers=None, ignore_user_meta=False, metas=['./colcon.meta'], base_paths=['.'], packages_ignore=None, packages_ignore_regex=None, paths=None, packages_up_to=None, packages_up_to_regex=None, packages_above=None, packages_above_and_dependencies=None, packages_above_depth=None, packages_select_by_dep=None, packages_skip_by_dep=None, packages_skip_up_to=None, packages_select_build_failed=False, packages_skip_build_finished=False, packages_select_test_failures=False, packages_skip_test_passed=False, packages_select=None, packages_skip=None, packages_select_regex=None, packages_skip_regex=None, packages_start=None, packages_end=None, allow_overriding=[], cmake_args=None, cmake_target=None, cmake_target_skip_unavailable=False, cmake_clean_cache=False, cmake_clean_first=False, cmake_force_configure=False, ament_cmake_args=None, catkin_cmake_args=None, catkin_skip_building_tests=False, mixin_files=None, mixin=None, verb_parser=<colcon_mixin.mixin.mixin_argument.MixinArgumentDecorator object at 0x76225755ccd0>, verb_extension=<colcon_core.verb.build.BuildVerb object at 0x76225755c400>, main=<bound method BuildVerb.main of <colcon_core.verb.build.BuildVerb object at 0x76225755c400>>, mixin_verb=('build',))
[1.186s] Level 1:colcon.colcon_core.package_discovery:discover_packages(colcon_meta) check parameters
[1.186s] Level 1:colcon.colcon_core.package_discovery:discover_packages(recursive) check parameters
[1.186s] Level 1:colcon.colcon_core.package_discovery:discover_packages(ignore) check parameters
[1.187s] Level 1:colcon.colcon_core.package_discovery:discover_packages(path) check parameters
[1.187s] Level 1:colcon.colcon_core.package_discovery:discover_packages(colcon_meta) discover
[1.187s] Level 1:colcon.colcon_core.package_discovery:discover_packages(recursive) discover
[1.187s] INFO:colcon.colcon_core.package_discovery:Crawling recursively for packages in '/home/josea/ros2_ws/src'
[1.187s] Level 1:colcon.colcon_core.package_identification:_identify(.) by extensions ['ignore', 'ignore_ament_install']
[1.188s] Level 1:colcon.colcon_core.package_identification:_identify(.) by extension 'ignore'
[1.188s] Level 1:colcon.colcon_core.package_identification:_identify(.) by extension 'ignore_ament_install'
[1.188s] Level 1:colcon.colcon_core.package_identification:_identify(.) by extensions ['colcon_pkg']
[1.188s] Level 1:colcon.colcon_core.package_identification:_identify(.) by extension 'colcon_pkg'
[1.189s] Level 1:colcon.colcon_core.package_identification:_identify(.) by extensions ['colcon_meta']
[1.189s] Level 1:colcon.colcon_core.package_identification:_identify(.) by extension 'colcon_meta'
[1.189s] Level 1:colcon.colcon_core.package_identification:_identify(.) by extensions ['ros']
[1.189s] Level 1:colcon.colcon_core.package_identification:_identify(.) by extension 'ros'
[1.225s] Level 1:colcon.colcon_core.package_identification:_identify(.) by extensions ['cmake', 'python']
[1.225s] Level 1:colcon.colcon_core.package_identification:_identify(.) by extension 'cmake'
[1.225s] Level 1:colcon.colcon_core.package_identification:_identify(.) by extension 'python'
[1.225s] Level 1:colcon.colcon_core.package_identification:_identify(.) by extensions ['python_setup_py']
[1.225s] Level 1:colcon.colcon_core.package_identification:_identify(.) by extension 'python_setup_py'
[1.226s] Level 1:colcon.colcon_core.package_identification:_identify(basic_comms) by extensions ['ignore', 'ignore_ament_install']
[1.226s] Level 1:colcon.colcon_core.package_identification:_identify(basic_comms) by extension 'ignore'
[1.226s] Level 1:colcon.colcon_core.package_identification:_identify(basic_comms) by extension 'ignore_ament_install'
[1.226s] Level 1:colcon.colcon_core.package_identification:_identify(basic_comms) by extensions ['colcon_pkg']
[1.226s] Level 1:colcon.colcon_core.package_identification:_identify(basic_comms) by extension 'colcon_pkg'
[1.226s] Level 1:colcon.colcon_core.package_identification:_identify(basic_comms) by extensions ['colcon_meta']
[1.227s] Level 1:colcon.colcon_core.package_identification:_identify(basic_comms) by extension 'colcon_meta'
[1.227s] Level 1:colcon.colcon_core.package_identification:_identify(basic_comms) by extensions ['ros']
[1.227s] Level 1:colcon.colcon_core.package_identification:_identify(basic_comms) by extension 'ros'
[1.233s] DEBUG:colcon.colcon_core.package_identification:Package 'basic_comms' with type 'ros.ament_python' and name 'basic_comms'
[1.234s] Level 1:colcon.colcon_core.package_identification:_identify(build) by extensions ['ignore', 'ignore_ament_install']
[1.234s] Level 1:colcon.colcon_core.package_identification:_identify(build) by extension 'ignore'
[1.234s] Level 1:colcon.colcon_core.package_identification:_identify(build) ignored
[1.235s] Level 1:colcon.colcon_core.package_identification:_identify(challenge01) by extensions ['ignore', 'ignore_ament_install']
[1.235s] Level 1:colcon.colcon_core.package_identification:_identify(challenge01) by extension 'ignore'
[1.235s] Level 1:colcon.colcon_core.package_identification:_identify(challenge01) by extension 'ignore_ament_install'
[1.235s] Level 1:colcon.colcon_core.package_identification:_identify(challenge01) by extensions ['colcon_pkg']
[1.235s] Level 1:colcon.colcon_core.package_identification:_identify(challenge01) by extension 'colcon_pkg'
[1.235s] Level 1:colcon.colcon_core.package_identification:_identify(challenge01) by extensions ['colcon_meta']
[1.235s] Level 1:colcon.colcon_core.package_identification:_identify(challenge01) by extension 'colcon_meta'
[1.235s] Level 1:colcon.colcon_core.package_identification:_identify(challenge01) by extensions ['ros']
[1.236s] Level 1:colcon.colcon_core.package_identification:_identify(challenge01) by extension 'ros'
[1.238s] DEBUG:colcon.colcon_core.package_identification:Package 'challenge01' with type 'ros.ament_python' and name 'challenge01'
[1.238s] Level 1:colcon.colcon_core.package_identification:_identify(install) by extensions ['ignore', 'ignore_ament_install']
[1.238s] Level 1:colcon.colcon_core.package_identification:_identify(install) by extension 'ignore'
[1.238s] Level 1:colcon.colcon_core.package_identification:_identify(install) ignored
[1.238s] Level 1:colcon.colcon_core.package_identification:_identify(log) by extensions ['ignore', 'ignore_ament_install']
[1.239s] Level 1:colcon.colcon_core.package_identification:_identify(log) by extension 'ignore'
[1.239s] Level 1:colcon.colcon_core.package_identification:_identify(log) ignored
[1.239s] Level 1:colcon.colcon_core.package_identification:_identify(my_pack_clas) by extensions ['ignore', 'ignore_ament_install']
[1.239s] Level 1:colcon.colcon_core.package_identification:_identify(my_pack_clas) by extension 'ignore'
[1.239s] Level 1:colcon.colcon_core.package_identification:_identify(my_pack_clas) by extension 'ignore_ament_install'
[1.240s] Level 1:colcon.colcon_core.package_identification:_identify(my_pack_clas) by extensions ['colcon_pkg']
[1.240s] Level 1:colcon.colcon_core.package_identification:_identify(my_pack_clas) by extension 'colcon_pkg'
[1.240s] Level 1:colcon.colcon_core.package_identification:_identify(my_pack_clas) by extensions ['colcon_meta']
[1.240s] Level 1:colcon.colcon_core.package_identification:_identify(my_pack_clas) by extension 'colcon_meta'
[1.240s] Level 1:colcon.colcon_core.package_identification:_identify(my_pack_clas) by extensions ['ros']
[1.240s] Level 1:colcon.colcon_core.package_identification:_identify(my_pack_clas) by extension 'ros'
[1.242s] DEBUG:colcon.colcon_core.package_identification:Package 'my_pack_clas' with type 'ros.ament_python' and name 'my_pack_clas'
[1.242s] Level 1:colcon.colcon_core.package_discovery:discover_packages(recursive) using defaults
[1.242s] Level 1:colcon.colcon_core.package_discovery:discover_packages(ignore) discover
[1.242s] Level 1:colcon.colcon_core.package_discovery:discover_packages(ignore) using defaults
[1.242s] Level 1:colcon.colcon_core.package_discovery:discover_packages(path) discover
[1.242s] Level 1:colcon.colcon_core.package_discovery:discover_packages(path) using defaults
[1.344s] Level 1:colcon.colcon_core.package_discovery:discover_packages(prefix_path) check parameters
[1.344s] Level 1:colcon.colcon_core.package_discovery:discover_packages(prefix_path) discover
[1.350s] DEBUG:colcon.colcon_installed_package_information.package_discovery:Found 2 installed packages in /home/josea/ros2_ws/install
[1.354s] DEBUG:colcon.colcon_installed_package_information.package_discovery:Found 310 installed packages in /opt/ros/humble
[1.360s] Level 1:colcon.colcon_core.package_discovery:discover_packages(prefix_path) using defaults
[1.471s] Level 5:colcon.colcon_core.verb:set package 'basic_comms' build argument 'cmake_args' from command line to 'None'
[1.472s] Level 5:colcon.colcon_core.verb:set package 'basic_comms' build argument 'cmake_target' from command line to 'None'
[1.472s] Level 5:colcon.colcon_core.verb:set package 'basic_comms' build argument 'cmake_target_skip_unavailable' from command line to 'False'
[1.472s] Level 5:colcon.colcon_core.verb:set package 'basic_comms' build argument 'cmake_clean_cache' from command line to 'False'
[1.472s] Level 5:colcon.colcon_core.verb:set package 'basic_comms' build argument 'cmake_clean_first' from command line to 'False'
[1.472s] Level 5:colcon.colcon_core.verb:set package 'basic_comms' build argument 'cmake_force_configure' from command line to 'False'
[1.472s] Level 5:colcon.colcon_core.verb:set package 'basic_comms' build argument 'ament_cmake_args' from command line to 'None'
[1.472s] Level 5:colcon.colcon_core.verb:set package 'basic_comms' build argument 'catkin_cmake_args' from command line to 'None'
[1.472s] Level 5:colcon.colcon_core.verb:set package 'basic_comms' build argument 'catkin_skip_building_tests' from command line to 'False'
[1.472s] DEBUG:colcon.colcon_core.verb:Building package 'basic_comms' with the following arguments: {'ament_cmake_args': None, 'build_base': '/home/josea/ros2_ws/src/build/basic_comms', 'catkin_cmake_args': None, 'catkin_skip_building_tests': False, 'cmake_args': None, 'cmake_clean_cache': False, 'cmake_clean_first': False, 'cmake_force_configure': False, 'cmake_target': None, 'cmake_target_skip_unavailable': False, 'install_base': '/home/josea/ros2_ws/src/install/basic_comms', 'merge_install': False, 'path': '/home/josea/ros2_ws/src/basic_comms', 'symlink_install': False, 'test_result_base': None}
[1.473s] Level 5:colcon.colcon_core.verb:set package 'challenge01' build argument 'cmake_args' from command line to 'None'
[1.473s] Level 5:colcon.colcon_core.verb:set package 'challenge01' build argument 'cmake_target' from command line to 'None'
[1.473s] Level 5:colcon.colcon_core.verb:set package 'challenge01' build argument 'cmake_target_skip_unavailable' from command line to 'False'
[1.474s] Level 5:colcon.colcon_core.verb:set package 'challenge01' build argument 'cmake_clean_cache' from command line to 'False'
[1.474s] Level 5:colcon.colcon_core.verb:set package 'challenge01' build argument 'cmake_clean_first' from command line to 'False'
[1.474s] Level 5:colcon.colcon_core.verb:set package 'challenge01' build argument 'cmake_force_configure' from command line to 'False'
[1.474s] Level 5:colcon.colcon_core.verb:set package 'challenge01' build argument 'ament_cmake_args' from command line to 'None'
[1.474s] Level 5:colcon.colcon_core.verb:set package 'challenge01' build argument 'catkin_cmake_args' from command line to 'None'
[1.474s] Level 5:colcon.colcon_core.verb:set package 'challenge01' build argument 'catkin_skip_building_tests' from command line to 'False'
[1.474s] DEBUG:colcon.colcon_core.verb:Building package 'challenge01' with the following arguments: {'ament_cmake_args': None, 'build_base': '/home/josea/ros2_ws/src/build/challenge01', 'catkin_cmake_args': None, 'catkin_skip_building_tests': False, 'cmake_args': None, 'cmake_clean_cache': False, 'cmake_clean_first': False, 'cmake_force_configure': False, 'cmake_target': None, 'cmake_target_skip_unavailable': False, 'install_base': '/home/josea/ros2_ws/src/install/challenge01', 'merge_install': False, 'path': '/home/josea/ros2_ws/src/challenge01', 'symlink_install': False, 'test_result_base': None}
[1.476s] Level 5:colcon.colcon_core.verb:set package 'my_pack_clas' build argument 'cmake_args' from command line to 'None'
[1.476s] Level 5:colcon.colcon_core.verb:set package 'my_pack_clas' build argument 'cmake_target' from command line to 'None'
[1.476s] Level 5:colcon.colcon_core.verb:set package 'my_pack_clas' build argument 'cmake_target_skip_unavailable' from command line to 'False'
[1.476s] Level 5:colcon.colcon_core.verb:set package 'my_pack_clas' build argument 'cmake_clean_cache' from command line to 'False'
[1.476s] Level 5:colcon.colcon_core.verb:set package 'my_pack_clas' build argument 'cmake_clean_first' from command line to 'False'
[1.476s] Level 5:colcon.colcon_core.verb:set package 'my_pack_clas' build argument 'cmake_force_configure' from command line to 'False'
[1.476s] Level 5:colcon.colcon_core.verb:set package 'my_pack_clas' build argument 'ament_cmake_args' from command line to 'None'
[1.476s] Level 5:colcon.colcon_core.verb:set package 'my_pack_clas' build argument 'catkin_cmake_args' from command line to 'None'
[1.476s] Level 5:colcon.colcon_core.verb:set package 'my_pack_clas' build argument 'catkin_skip_building_tests' from command line to 'False'
[1.476s] DEBUG:colcon.colcon_core.verb:Building package 'my_pack_clas' with the following arguments: {'ament_cmake_args': None, 'build_base': '/home/josea/ros2_ws/src/build/my_pack_clas', 'catkin_cmake_args': None, 'catkin_skip_building_tests': False, 'cmake_args': None, 'cmake_clean_cache': False, 'cmake_clean_first': False, 'cmake_force_configure': False, 'cmake_target': None, 'cmake_target_skip_unavailable': False, 'install_base': '/home/josea/ros2_ws/src/install/my_pack_clas', 'merge_install': False, 'path': '/home/josea/ros2_ws/src/my_pack_clas', 'symlink_install': False, 'test_result_base': None}
[1.477s] INFO:colcon.colcon_core.executor:Executing jobs using 'parallel' executor
[1.479s] DEBUG:colcon.colcon_parallel_executor.executor.parallel:run_until_complete
[1.479s] INFO:colcon.colcon_ros.task.ament_python.build:Building ROS package in '/home/josea/ros2_ws/src/basic_comms' with build type 'ament_python'
[1.480s] Level 1:colcon.colcon_core.shell:create_environment_hook('basic_comms', 'ament_prefix_path')
[1.491s] INFO:colcon.colcon_core.plugin_system:Skipping extension 'colcon_core.shell.bat': Not used on non-Windows systems
[1.492s] INFO:colcon.colcon_core.shell:Creating environment hook '/home/josea/ros2_ws/src/install/basic_comms/share/basic_comms/hook/ament_prefix_path.ps1'
[1.496s] INFO:colcon.colcon_core.shell:Creating environment descriptor '/home/josea/ros2_ws/src/install/basic_comms/share/basic_comms/hook/ament_prefix_path.dsv'
[1.498s] INFO:colcon.colcon_core.shell:Creating environment hook '/home/josea/ros2_ws/src/install/basic_comms/share/basic_comms/hook/ament_prefix_path.sh'
[1.501s] INFO:colcon.colcon_core.shell:Skip shell extension 'powershell' for command environment: Not usable outside of PowerShell
[1.502s] DEBUG:colcon.colcon_core.shell:Skip shell extension 'dsv' for command environment
[1.511s] INFO:colcon.colcon_ros.task.ament_python.build:Building ROS package in '/home/josea/ros2_ws/src/challenge01' with build type 'ament_python'
[1.512s] Level 1:colcon.colcon_core.shell:create_environment_hook('challenge01', 'ament_prefix_path')
[1.513s] INFO:colcon.colcon_core.shell:Creating environment hook '/home/josea/ros2_ws/src/install/challenge01/share/challenge01/hook/ament_prefix_path.ps1'
[1.516s] INFO:colcon.colcon_core.shell:Creating environment descriptor '/home/josea/ros2_ws/src/install/challenge01/share/challenge01/hook/ament_prefix_path.dsv'
[1.517s] INFO:colcon.colcon_core.shell:Creating environment hook '/home/josea/ros2_ws/src/install/challenge01/share/challenge01/hook/ament_prefix_path.sh'
[1.520s] INFO:colcon.colcon_core.shell:Skip shell extension 'powershell' for command environment: Not usable outside of PowerShell
[1.520s] DEBUG:colcon.colcon_core.shell:Skip shell extension 'dsv' for command environment
[2.262s] INFO:colcon.colcon_core.task.python.build:Building Python package in '/home/josea/ros2_ws/src/basic_comms'
[2.262s] INFO:colcon.colcon_core.shell:Skip shell extension 'powershell' for command environment: Not usable outside of PowerShell
[2.263s] DEBUG:colcon.colcon_core.shell:Skip shell extension 'dsv' for command environment
[3.010s] INFO:colcon.colcon_core.task.python.build:Building Python package in '/home/josea/ros2_ws/src/challenge01'
[3.010s] INFO:colcon.colcon_core.shell:Skip shell extension 'powershell' for command environment: Not usable outside of PowerShell
[3.011s] DEBUG:colcon.colcon_core.shell:Skip shell extension 'dsv' for command environment
[4.622s] DEBUG:colcon.colcon_core.event_handler.log_command:Invoking command in '/home/josea/ros2_ws/src/basic_comms': PYTHONPATH=/home/josea/ros2_ws/src/build/basic_comms/prefix_override:/usr/lib/python3/dist-packages/colcon_core/task/python/colcon_distutils_commands:/home/josea/ros2_ws/src/install/basic_comms/lib/python3.10/site-packages:${PYTHONPATH} /usr/bin/python3 -W ignore:setup.py install is deprecated -W ignore:easy_install command is deprecated setup.py egg_info --egg-base ../build/basic_comms build --build-base /home/josea/ros2_ws/src/build/basic_comms/build install --record /home/josea/ros2_ws/src/build/basic_comms/install.log --single-version-externally-managed install_data
[4.709s] DEBUG:colcon.colcon_core.event_handler.log_command:Invoking command in '/home/josea/ros2_ws/src/challenge01': PYTHONPATH=/home/josea/ros2_ws/src/build/challenge01/prefix_override:/usr/lib/python3/dist-packages/colcon_core/task/python/colcon_distutils_commands:/home/josea/ros2_ws/src/install/challenge01/lib/python3.10/site-packages:${PYTHONPATH} /usr/bin/python3 -W ignore:setup.py install is deprecated -W ignore:easy_install command is deprecated setup.py egg_info --egg-base ../build/challenge01 build --build-base /home/josea/ros2_ws/src/build/challenge01/build install --record /home/josea/ros2_ws/src/build/challenge01/install.log --single-version-externally-managed install_data
[6.155s] DEBUG:colcon.colcon_core.event_handler.log_command:Invoked command in '/home/josea/ros2_ws/src/basic_comms' returned '0': PYTHONPATH=/home/josea/ros2_ws/src/build/basic_comms/prefix_override:/usr/lib/python3/dist-packages/colcon_core/task/python/colcon_distutils_commands:/home/josea/ros2_ws/src/install/basic_comms/lib/python3.10/site-packages:${PYTHONPATH} /usr/bin/python3 -W ignore:setup.py install is deprecated -W ignore:easy_install command is deprecated setup.py egg_info --egg-base ../build/basic_comms build --build-base /home/josea/ros2_ws/src/build/basic_comms/build install --record /home/josea/ros2_ws/src/build/basic_comms/install.log --single-version-externally-managed install_data
[6.176s] Level 1:colcon.colcon_core.environment:checking '/home/josea/ros2_ws/src/install/basic_comms' for CMake module files
[6.178s] Level 1:colcon.colcon_core.environment:checking '/home/josea/ros2_ws/src/install/basic_comms' for CMake config files
[6.180s] Level 1:colcon.colcon_core.environment:checking '/home/josea/ros2_ws/src/install/basic_comms/lib'
[6.180s] Level 1:colcon.colcon_core.environment:checking '/home/josea/ros2_ws/src/install/basic_comms/bin'
[6.180s] Level 1:colcon.colcon_core.environment:checking '/home/josea/ros2_ws/src/install/basic_comms/lib/pkgconfig/basic_comms.pc'
[6.181s] Level 1:colcon.colcon_core.environment:checking '/home/josea/ros2_ws/src/install/basic_comms/lib/python3.10/site-packages'
[6.181s] Level 1:colcon.colcon_core.shell:create_environment_hook('basic_comms', 'pythonpath')
[6.181s] INFO:colcon.colcon_core.shell:Creating environment hook '/home/josea/ros2_ws/src/install/basic_comms/share/basic_comms/hook/pythonpath.ps1'
[6.182s] INFO:colcon.colcon_core.shell:Creating environment descriptor '/home/josea/ros2_ws/src/install/basic_comms/share/basic_comms/hook/pythonpath.dsv'
[6.183s] INFO:colcon.colcon_core.shell:Creating environment hook '/home/josea/ros2_ws/src/install/basic_comms/share/basic_comms/hook/pythonpath.sh'
[6.185s] Level 1:colcon.colcon_core.environment:checking '/home/josea/ros2_ws/src/install/basic_comms/bin'
[6.185s] Level 1:colcon.colcon_core.environment:create_environment_scripts_only(basic_comms)
[6.186s] INFO:colcon.colcon_core.shell:Creating package script '/home/josea/ros2_ws/src/install/basic_comms/share/basic_comms/package.ps1'
[6.189s] INFO:colcon.colcon_core.shell:Creating package descriptor '/home/josea/ros2_ws/src/install/basic_comms/share/basic_comms/package.dsv'
[6.192s] INFO:colcon.colcon_core.shell:Creating package script '/home/josea/ros2_ws/src/install/basic_comms/share/basic_comms/package.sh'
[6.195s] INFO:colcon.colcon_core.shell:Creating package script '/home/josea/ros2_ws/src/install/basic_comms/share/basic_comms/package.bash'
[6.198s] INFO:colcon.colcon_core.shell:Creating package script '/home/josea/ros2_ws/src/install/basic_comms/share/basic_comms/package.zsh'
[6.200s] Level 1:colcon.colcon_core.environment:create_file_with_runtime_dependencies(/home/josea/ros2_ws/src/install/basic_comms/share/colcon-core/packages/basic_comms)
[6.203s] INFO:colcon.colcon_ros.task.ament_python.build:Building ROS package in '/home/josea/ros2_ws/src/my_pack_clas' with build type 'ament_python'
[6.203s] Level 1:colcon.colcon_core.shell:create_environment_hook('my_pack_clas', 'ament_prefix_path')
[6.203s] INFO:colcon.colcon_core.shell:Creating environment hook '/home/josea/ros2_ws/src/install/my_pack_clas/share/my_pack_clas/hook/ament_prefix_path.ps1'
[6.207s] INFO:colcon.colcon_core.shell:Creating environment descriptor '/home/josea/ros2_ws/src/install/my_pack_clas/share/my_pack_clas/hook/ament_prefix_path.dsv'
[6.209s] INFO:colcon.colcon_core.shell:Creating environment hook '/home/josea/ros2_ws/src/install/my_pack_clas/share/my_pack_clas/hook/ament_prefix_path.sh'
[6.213s] INFO:colcon.colcon_core.shell:Skip shell extension 'powershell' for command environment: Not usable outside of PowerShell
[6.213s] DEBUG:colcon.colcon_core.shell:Skip shell extension 'dsv' for command environment
[6.974s] INFO:colcon.colcon_core.task.python.build:Building Python package in '/home/josea/ros2_ws/src/my_pack_clas'
[6.974s] INFO:colcon.colcon_core.shell:Skip shell extension 'powershell' for command environment: Not usable outside of PowerShell
[6.975s] DEBUG:colcon.colcon_core.shell:Skip shell extension 'dsv' for command environment
[6.983s] Level 1:colcon.colcon_core.environment:checking '/home/josea/ros2_ws/src/install/challenge01' for CMake module files
[6.984s] DEBUG:colcon.colcon_core.event_handler.log_command:Invoked command in '/home/josea/ros2_ws/src/challenge01' returned '0': PYTHONPATH=/home/josea/ros2_ws/src/build/challenge01/prefix_override:/usr/lib/python3/dist-packages/colcon_core/task/python/colcon_distutils_commands:/home/josea/ros2_ws/src/install/challenge01/lib/python3.10/site-packages:${PYTHONPATH} /usr/bin/python3 -W ignore:setup.py install is deprecated -W ignore:easy_install command is deprecated setup.py egg_info --egg-base ../build/challenge01 build --build-base /home/josea/ros2_ws/src/build/challenge01/build install --record /home/josea/ros2_ws/src/build/challenge01/install.log --single-version-externally-managed install_data
[6.987s] Level 1:colcon.colcon_core.environment:checking '/home/josea/ros2_ws/src/install/challenge01' for CMake config files
[6.989s] Level 1:colcon.colcon_core.environment:checking '/home/josea/ros2_ws/src/install/challenge01/lib'
[6.990s] Level 1:colcon.colcon_core.environment:checking '/home/josea/ros2_ws/src/install/challenge01/bin'
[6.990s] Level 1:colcon.colcon_core.environment:checking '/home/josea/ros2_ws/src/install/challenge01/lib/pkgconfig/challenge01.pc'
[6.990s] Level 1:colcon.colcon_core.environment:checking '/home/josea/ros2_ws/src/install/challenge01/lib/python3.10/site-packages'
[6.991s] Level 1:colcon.colcon_core.shell:create_environment_hook('challenge01', 'pythonpath')
[6.991s] INFO:colcon.colcon_core.shell:Creating environment hook '/home/josea/ros2_ws/src/install/challenge01/share/challenge01/hook/pythonpath.ps1'
[6.992s] INFO:colcon.colcon_core.shell:Creating environment descriptor '/home/josea/ros2_ws/src/install/challenge01/share/challenge01/hook/pythonpath.dsv'
[6.994s] INFO:colcon.colcon_core.shell:Creating environment hook '/home/josea/ros2_ws/src/install/challenge01/share/challenge01/hook/pythonpath.sh'
[6.996s] Level 1:colcon.colcon_core.environment:checking '/home/josea/ros2_ws/src/install/challenge01/bin'
[6.997s] Level 1:colcon.colcon_core.environment:create_environment_scripts_only(challenge01)
[6.998s] INFO:colcon.colcon_core.shell:Creating package script '/home/josea/ros2_ws/src/install/challenge01/share/challenge01/package.ps1'
[6.999s] INFO:colcon.colcon_core.shell:Creating package descriptor '/home/josea/ros2_ws/src/install/challenge01/share/challenge01/package.dsv'
[7.000s] INFO:colcon.colcon_core.shell:Creating package script '/home/josea/ros2_ws/src/install/challenge01/share/challenge01/package.sh'
[7.002s] INFO:colcon.colcon_core.shell:Creating package script '/home/josea/ros2_ws/src/install/challenge01/share/challenge01/package.bash'
[7.004s] INFO:colcon.colcon_core.shell:Creating package script '/home/josea/ros2_ws/src/install/challenge01/share/challenge01/package.zsh'
[7.004s] Level 1:colcon.colcon_core.environment:create_file_with_runtime_dependencies(/home/josea/ros2_ws/src/install/challenge01/share/colcon-core/packages/challenge01)
[8.101s] DEBUG:colcon.colcon_core.event_handler.log_command:Invoking command in '/home/josea/ros2_ws/src/my_pack_clas': PYTHONPATH=/home/josea/ros2_ws/src/build/my_pack_clas/prefix_override:/usr/lib/python3/dist-packages/colcon_core/task/python/colcon_distutils_commands:/home/josea/ros2_ws/src/install/my_pack_clas/lib/python3.10/site-packages:${PYTHONPATH} /usr/bin/python3 -W ignore:setup.py install is deprecated -W ignore:easy_install command is deprecated setup.py egg_info --egg-base ../build/my_pack_clas build --build-base /home/josea/ros2_ws/src/build/my_pack_clas/build install --record /home/josea/ros2_ws/src/build/my_pack_clas/install.log --single-version-externally-managed install_data
[9.121s] Level 1:colcon.colcon_core.environment:checking '/home/josea/ros2_ws/src/install/my_pack_clas' for CMake module files
[9.123s] DEBUG:colcon.colcon_core.event_handler.log_command:Invoked command in '/home/josea/ros2_ws/src/my_pack_clas' returned '0': PYTHONPATH=/home/josea/ros2_ws/src/build/my_pack_clas/prefix_override:/usr/lib/python3/dist-packages/colcon_core/task/python/colcon_distutils_commands:/home/josea/ros2_ws/src/install/my_pack_clas/lib/python3.10/site-packages:${PYTHONPATH} /usr/bin/python3 -W ignore:setup.py install is deprecated -W ignore:easy_install command is deprecated setup.py egg_info --egg-base ../build/my_pack_clas build --build-base /home/josea/ros2_ws/src/build/my_pack_clas/build install --record /home/josea/ros2_ws/src/build/my_pack_clas/install.log --single-version-externally-managed install_data
[9.124s] Level 1:colcon.colcon_core.environment:checking '/home/josea/ros2_ws/src/install/my_pack_clas' for CMake config files
[9.129s] Level 1:colcon.colcon_core.environment:checking '/home/josea/ros2_ws/src/install/my_pack_clas/lib'
[9.129s] Level 1:colcon.colcon_core.environment:checking '/home/josea/ros2_ws/src/install/my_pack_clas/bin'
[9.129s] Level 1:colcon.colcon_core.environment:checking '/home/josea/ros2_ws/src/install/my_pack_clas/lib/pkgconfig/my_pack_clas.pc'
[9.130s] Level 1:colcon.colcon_core.environment:checking '/home/josea/ros2_ws/src/install/my_pack_clas/lib/python3.10/site-packages'
[9.131s] Level 1:colcon.colcon_core.shell:create_environment_hook('my_pack_clas', 'pythonpath')
[9.131s] INFO:colcon.colcon_core.shell:Creating environment hook '/home/josea/ros2_ws/src/install/my_pack_clas/share/my_pack_clas/hook/pythonpath.ps1'
[9.134s] INFO:colcon.colcon_core.shell:Creating environment descriptor '/home/josea/ros2_ws/src/install/my_pack_clas/share/my_pack_clas/hook/pythonpath.dsv'
[9.137s] INFO:colcon.colcon_core.shell:Creating environment hook '/home/josea/ros2_ws/src/install/my_pack_clas/share/my_pack_clas/hook/pythonpath.sh'
[9.139s] Level 1:colcon.colcon_core.environment:checking '/home/josea/ros2_ws/src/install/my_pack_clas/bin'
[9.139s] Level 1:colcon.colcon_core.environment:create_environment_scripts_only(my_pack_clas)
[9.141s] INFO:colcon.colcon_core.shell:Creating package script '/home/josea/ros2_ws/src/install/my_pack_clas/share/my_pack_clas/package.ps1'
[9.143s] INFO:colcon.colcon_core.shell:Creating package descriptor '/home/josea/ros2_ws/src/install/my_pack_clas/share/my_pack_clas/package.dsv'
[9.144s] INFO:colcon.colcon_core.shell:Creating package script '/home/josea/ros2_ws/src/install/my_pack_clas/share/my_pack_clas/package.sh'
[9.146s] INFO:colcon.colcon_core.shell:Creating package script '/home/josea/ros2_ws/src/install/my_pack_clas/share/my_pack_clas/package.bash'
[9.148s] INFO:colcon.colcon_core.shell:Creating package script '/home/josea/ros2_ws/src/install/my_pack_clas/share/my_pack_clas/package.zsh'
[9.150s] Level 1:colcon.colcon_core.environment:create_file_with_runtime_dependencies(/home/josea/ros2_ws/src/install/my_pack_clas/share/colcon-core/packages/my_pack_clas)
[9.152s] DEBUG:colcon.colcon_parallel_executor.executor.parallel:closing loop
[9.153s] DEBUG:colcon.colcon_parallel_executor.executor.parallel:loop closed
[9.154s] DEBUG:colcon.colcon_parallel_executor.executor.parallel:run_until_complete finished with '0'
[9.154s] DEBUG:colcon.colcon_core.event_reactor:joining thread
[9.180s] INFO:colcon.colcon_core.plugin_system:Skipping extension 'colcon_notification.desktop_notification.terminal_notifier': Not used on non-Darwin systems
[9.180s] INFO:colcon.colcon_core.plugin_system:Skipping extension 'colcon_notification.desktop_notification.win32': Not used on non-Windows systems
[9.180s] INFO:colcon.colcon_notification.desktop_notification:Sending desktop notification using 'notify2'
[9.288s] DEBUG:colcon.colcon_core.event_reactor:joined thread
[9.289s] INFO:colcon.colcon_core.shell:Creating prefix script '/home/josea/ros2_ws/src/install/local_setup.ps1'
[9.292s] INFO:colcon.colcon_core.shell:Creating prefix util module '/home/josea/ros2_ws/src/install/_local_setup_util_ps1.py'
[9.298s] INFO:colcon.colcon_core.shell:Creating prefix chain script '/home/josea/ros2_ws/src/install/setup.ps1'
[9.302s] INFO:colcon.colcon_core.shell:Creating prefix script '/home/josea/ros2_ws/src/install/local_setup.sh'
[9.306s] INFO:colcon.colcon_core.shell:Creating prefix util module '/home/josea/ros2_ws/src/install/_local_setup_util_sh.py'
[9.308s] INFO:colcon.colcon_core.shell:Creating prefix chain script '/home/josea/ros2_ws/src/install/setup.sh'
[9.313s] INFO:colcon.colcon_core.shell:Creating prefix script '/home/josea/ros2_ws/src/install/local_setup.bash'
[9.317s] INFO:colcon.colcon_core.shell:Creating prefix chain script '/home/josea/ros2_ws/src/install/setup.bash'
[9.322s] INFO:colcon.colcon_core.shell:Creating prefix script '/home/josea/ros2_ws/src/install/local_setup.zsh'
[9.329s] INFO:colcon.colcon_core.shell:Creating prefix chain script '/home/josea/ros2_ws/src/install/setup.zsh'
