[2.137s] Invoking command in '/home/josea/ros2_ws/src/challenge01': PYTHONPATH=/home/josea/ros2_ws/src/build/challenge01/prefix_override:/usr/lib/python3/dist-packages/colcon_core/task/python/colcon_distutils_commands:/home/josea/ros2_ws/src/install/challenge01/lib/python3.10/site-packages:${PYTHONPATH} /usr/bin/python3 -W ignore:setup.py install is deprecated -W ignore:easy_install command is deprecated setup.py egg_info --egg-base ../build/challenge01 build --build-base /home/josea/ros2_ws/src/build/challenge01/build install --record /home/josea/ros2_ws/src/build/challenge01/install.log --single-version-externally-managed install_data
[2.865s] running egg_info
[2.866s] writing ../build/challenge01/challenge01.egg-info/PKG-INFO
[2.869s] writing dependency_links to ../build/challenge01/challenge01.egg-info/dependency_links.txt
[2.872s] writing entry points to ../build/challenge01/challenge01.egg-info/entry_points.txt
[2.872s] writing requirements to ../build/challenge01/challenge01.egg-info/requires.txt
[2.873s] writing top-level names to ../build/challenge01/challenge01.egg-info/top_level.txt
[2.885s] reading manifest file '../build/challenge01/challenge01.egg-info/SOURCES.txt'
[2.889s] writing manifest file '../build/challenge01/challenge01.egg-info/SOURCES.txt'
[2.891s] running build
[2.892s] running build_py
[2.892s] copying challenge01/signal_generetor.py -> /home/josea/ros2_ws/src/build/challenge01/build/lib/challenge01
[2.895s] copying challenge01/proccess.py -> /home/josea/ros2_ws/src/build/challenge01/build/lib/challenge01
[2.897s] running install
[2.899s] running install_lib
[2.905s] copying /home/josea/ros2_ws/src/build/challenge01/build/lib/challenge01/signal_generetor.py -> /home/josea/ros2_ws/src/install/challenge01/lib/python3.10/site-packages/challenge01
[2.908s] copying /home/josea/ros2_ws/src/build/challenge01/build/lib/challenge01/proccess.py -> /home/josea/ros2_ws/src/install/challenge01/lib/python3.10/site-packages/challenge01
[2.911s] byte-compiling /home/josea/ros2_ws/src/install/challenge01/lib/python3.10/site-packages/challenge01/signal_generetor.py to signal_generetor.cpython-310.pyc
[2.915s] byte-compiling /home/josea/ros2_ws/src/install/challenge01/lib/python3.10/site-packages/challenge01/proccess.py to proccess.cpython-310.pyc
[2.923s] running install_data
[2.925s] running install_egg_info
[2.936s] removing '/home/josea/ros2_ws/src/install/challenge01/lib/python3.10/site-packages/challenge01-0.0.0-py3.10.egg-info' (and everything under it)
[2.941s] Copying ../build/challenge01/challenge01.egg-info to /home/josea/ros2_ws/src/install/challenge01/lib/python3.10/site-packages/challenge01-0.0.0-py3.10.egg-info
[2.951s] running install_scripts
[3.006s] Installing proccess script to /home/josea/ros2_ws/src/install/challenge01/lib/challenge01
[3.008s] Installing signal_generetor script to /home/josea/ros2_ws/src/install/challenge01/lib/challenge01
[3.011s] writing list of installed files to '/home/josea/ros2_ws/src/build/challenge01/install.log'
[3.145s] Invoked command in '/home/josea/ros2_ws/src/challenge01' returned '0': PYTHONPATH=/home/josea/ros2_ws/src/build/challenge01/prefix_override:/usr/lib/python3/dist-packages/colcon_core/task/python/colcon_distutils_commands:/home/josea/ros2_ws/src/install/challenge01/lib/python3.10/site-packages:${PYTHONPATH} /usr/bin/python3 -W ignore:setup.py install is deprecated -W ignore:easy_install command is deprecated setup.py egg_info --egg-base ../build/challenge01 build --build-base /home/josea/ros2_ws/src/build/challenge01/build install --record /home/josea/ros2_ws/src/build/challenge01/install.log --single-version-externally-managed install_data
