[1.256s] Invoking command in '/home/josea/ros2_ws/src/basic_comms': PYTHONPATH=/home/josea/ros2_ws/build/basic_comms/prefix_override:/usr/lib/python3/dist-packages/colcon_core/task/python/colcon_distutils_commands:/home/josea/ros2_ws/install/basic_comms/lib/python3.10/site-packages:${PYTHONPATH} /usr/bin/python3 -W ignore:setup.py install is deprecated -W ignore:easy_install command is deprecated setup.py egg_info --egg-base ../../build/basic_comms build --build-base /home/josea/ros2_ws/build/basic_comms/build install --record /home/josea/ros2_ws/build/basic_comms/install.log --single-version-externally-managed install_data
[1.738s] running egg_info
[1.739s] writing ../../build/basic_comms/basic_comms.egg-info/PKG-INFO
[1.739s] writing dependency_links to ../../build/basic_comms/basic_comms.egg-info/dependency_links.txt
[1.739s] writing entry points to ../../build/basic_comms/basic_comms.egg-info/entry_points.txt
[1.740s] writing requirements to ../../build/basic_comms/basic_comms.egg-info/requires.txt
[1.740s] writing top-level names to ../../build/basic_comms/basic_comms.egg-info/top_level.txt
[1.743s] reading manifest file '../../build/basic_comms/basic_comms.egg-info/SOURCES.txt'
[1.745s] writing manifest file '../../build/basic_comms/basic_comms.egg-info/SOURCES.txt'
[1.746s] running build
[1.746s] running build_py
[1.746s] copying basic_comms/talker.py -> /home/josea/ros2_ws/build/basic_comms/build/lib/basic_comms
[1.747s] running install
[1.748s] running install_lib
[1.750s] copying /home/josea/ros2_ws/build/basic_comms/build/lib/basic_comms/talker.py -> /home/josea/ros2_ws/install/basic_comms/lib/python3.10/site-packages/basic_comms
[1.752s] byte-compiling /home/josea/ros2_ws/install/basic_comms/lib/python3.10/site-packages/basic_comms/talker.py to talker.cpython-310.pyc
[1.753s] running install_data
[1.754s] running install_egg_info
[1.758s] removing '/home/josea/ros2_ws/install/basic_comms/lib/python3.10/site-packages/basic_comms-0.0.0-py3.10.egg-info' (and everything under it)
[1.758s] Copying ../../build/basic_comms/basic_comms.egg-info to /home/josea/ros2_ws/install/basic_comms/lib/python3.10/site-packages/basic_comms-0.0.0-py3.10.egg-info
[1.759s] running install_scripts
[1.802s] Installing talker script to /home/josea/ros2_ws/install/basic_comms/lib/basic_comms
[1.803s] writing list of installed files to '/home/josea/ros2_ws/build/basic_comms/install.log'
[1.877s] Invoked command in '/home/josea/ros2_ws/src/basic_comms' returned '0': PYTHONPATH=/home/josea/ros2_ws/build/basic_comms/prefix_override:/usr/lib/python3/dist-packages/colcon_core/task/python/colcon_distutils_commands:/home/josea/ros2_ws/install/basic_comms/lib/python3.10/site-packages:${PYTHONPATH} /usr/bin/python3 -W ignore:setup.py install is deprecated -W ignore:easy_install command is deprecated setup.py egg_info --egg-base ../../build/basic_comms build --build-base /home/josea/ros2_ws/build/basic_comms/build install --record /home/josea/ros2_ws/build/basic_comms/install.log --single-version-externally-managed install_data
