[1.704s] Invoking command in '/home/josea/ros2_ws/src/challenge02': PYTHONPATH=/home/josea/ros2_ws/build/challenge02/prefix_override:/usr/lib/python3/dist-packages/colcon_core/task/python/colcon_distutils_commands:/home/josea/ros2_ws/install/challenge02/lib/python3.10/site-packages:${PYTHONPATH} /usr/bin/python3 -W ignore:setup.py install is deprecated -W ignore:easy_install command is deprecated setup.py egg_info --egg-base ../../build/challenge02 build --build-base /home/josea/ros2_ws/build/challenge02/build install --record /home/josea/ros2_ws/build/challenge02/install.log --single-version-externally-managed install_data
[2.483s] running egg_info
[2.485s] writing ../../build/challenge02/challenge02.egg-info/PKG-INFO
[2.487s] writing dependency_links to ../../build/challenge02/challenge02.egg-info/dependency_links.txt
[2.487s] writing entry points to ../../build/challenge02/challenge02.egg-info/entry_points.txt
[2.488s] writing requirements to ../../build/challenge02/challenge02.egg-info/requires.txt
[2.489s] writing top-level names to ../../build/challenge02/challenge02.egg-info/top_level.txt
[2.498s] reading manifest file '../../build/challenge02/challenge02.egg-info/SOURCES.txt'
[2.498s] writing manifest file '../../build/challenge02/challenge02.egg-info/SOURCES.txt'
[2.499s] running build
[2.499s] running build_py
[2.501s] running install
[2.503s] running install_lib
[2.510s] running install_data
[2.511s] copying launch/launch.py -> /home/josea/ros2_ws/install/challenge02/share/challenge02
[2.512s] running install_egg_info
[2.518s] removing '/home/josea/ros2_ws/install/challenge02/lib/python3.10/site-packages/challenge02-0.0.0-py3.10.egg-info' (and everything under it)
[2.522s] Copying ../../build/challenge02/challenge02.egg-info to /home/josea/ros2_ws/install/challenge02/lib/python3.10/site-packages/challenge02-0.0.0-py3.10.egg-info
[2.525s] running install_scripts
[2.591s] Installing controller script to /home/josea/ros2_ws/install/challenge02/lib/challenge02
[2.591s] Installing dc_motor script to /home/josea/ros2_ws/install/challenge02/lib/challenge02
[2.592s] Installing plant_test script to /home/josea/ros2_ws/install/challenge02/lib/challenge02
[2.593s] Installing set_point script to /home/josea/ros2_ws/install/challenge02/lib/challenge02
[2.596s] writing list of installed files to '/home/josea/ros2_ws/build/challenge02/install.log'
[2.700s] Invoked command in '/home/josea/ros2_ws/src/challenge02' returned '0': PYTHONPATH=/home/josea/ros2_ws/build/challenge02/prefix_override:/usr/lib/python3/dist-packages/colcon_core/task/python/colcon_distutils_commands:/home/josea/ros2_ws/install/challenge02/lib/python3.10/site-packages:${PYTHONPATH} /usr/bin/python3 -W ignore:setup.py install is deprecated -W ignore:easy_install command is deprecated setup.py egg_info --egg-base ../../build/challenge02 build --build-base /home/josea/ros2_ws/build/challenge02/build install --record /home/josea/ros2_ws/build/challenge02/install.log --single-version-externally-managed install_data
