/home/josea/ros2_ws/install/my_pack_clas/lib/python3.10/site-packages/my_pack_clas/my_publisher.py
/home/josea/ros2_ws/install/my_pack_clas/lib/python3.10/site-packages/my_pack_clas/my_subscriber.py
/home/josea/ros2_ws/install/my_pack_clas/lib/python3.10/site-packages/my_pack_clas/__init__.py
/home/josea/ros2_ws/install/my_pack_clas/lib/python3.10/site-packages/my_pack_clas/my_pack.py
/home/josea/ros2_ws/install/my_pack_clas/lib/python3.10/site-packages/my_pack_clas/__pycache__/my_publisher.cpython-310.pyc
/home/josea/ros2_ws/install/my_pack_clas/lib/python3.10/site-packages/my_pack_clas/__pycache__/my_subscriber.cpython-310.pyc
/home/josea/ros2_ws/install/my_pack_clas/lib/python3.10/site-packages/my_pack_clas/__pycache__/__init__.cpython-310.pyc
/home/josea/ros2_ws/install/my_pack_clas/lib/python3.10/site-packages/my_pack_clas/__pycache__/my_pack.cpython-310.pyc
/home/josea/ros2_ws/install/my_pack_clas/share/ament_index/resource_index/packages/my_pack_clas
/home/josea/ros2_ws/install/my_pack_clas/share/my_pack_clas/package.xml
/home/josea/ros2_ws/install/my_pack_clas/share/my_pack_clas/start_two_nodes.launch.py
/home/josea/ros2_ws/install/my_pack_clas/lib/python3.10/site-packages/my_pack_clas-0.0.0-py3.10.egg-info/dependency_links.txt
/home/josea/ros2_ws/install/my_pack_clas/lib/python3.10/site-packages/my_pack_clas-0.0.0-py3.10.egg-info/PKG-INFO
/home/josea/ros2_ws/install/my_pack_clas/lib/python3.10/site-packages/my_pack_clas-0.0.0-py3.10.egg-info/SOURCES.txt
/home/josea/ros2_ws/install/my_pack_clas/lib/python3.10/site-packages/my_pack_clas-0.0.0-py3.10.egg-info/entry_points.txt
/home/josea/ros2_ws/install/my_pack_clas/lib/python3.10/site-packages/my_pack_clas-0.0.0-py3.10.egg-info/requires.txt
/home/josea/ros2_ws/install/my_pack_clas/lib/python3.10/site-packages/my_pack_clas-0.0.0-py3.10.egg-info/zip-safe
/home/josea/ros2_ws/install/my_pack_clas/lib/python3.10/site-packages/my_pack_clas-0.0.0-py3.10.egg-info/top_level.txt
/home/josea/ros2_ws/install/my_pack_clas/lib/my_pack_clas/my_pack
/home/josea/ros2_ws/install/my_pack_clas/lib/my_pack_clas/my_publisher
/home/josea/ros2_ws/install/my_pack_clas/lib/my_pack_clas/my_subscriber
