[2.035s] Invoking command in '/home/josea/ros2_ws/src/challenge02': PYTHONPATH=/home/josea/ros2_ws/build/challenge02/prefix_override:/usr/lib/python3/dist-packages/colcon_core/task/python/colcon_distutils_commands:/home/josea/ros2_ws/install/challenge02/lib/python3.10/site-packages:${PYTHONPATH} /usr/bin/python3 -W ignore:setup.py install is deprecated -W ignore:easy_install command is deprecated setup.py egg_info --egg-base ../../build/challenge02 build --build-base /home/josea/ros2_ws/build/challenge02/build install --record /home/josea/ros2_ws/build/challenge02/install.log --single-version-externally-managed install_data
[2.886s] running egg_info
[2.888s] writing ../../build/challenge02/challenge02.egg-info/PKG-INFO
[2.889s] writing dependency_links to ../../build/challenge02/challenge02.egg-info/dependency_links.txt
[2.891s] writing entry points to ../../build/challenge02/challenge02.egg-info/entry_points.txt
[2.891s] writing requirements to ../../build/challenge02/challenge02.egg-info/requires.txt
[2.891s] writing top-level names to ../../build/challenge02/challenge02.egg-info/top_level.txt
[2.897s] reading manifest file '../../build/challenge02/challenge02.egg-info/SOURCES.txt'
[2.897s] writing manifest file '../../build/challenge02/challenge02.egg-info/SOURCES.txt'
[2.899s] running build
[2.899s] running build_py
[2.899s] running install
[2.900s] running install_lib
[2.908s] running install_data
[2.908s] running install_egg_info
[2.915s] removing '/home/josea/ros2_ws/install/challenge02/lib/python3.10/site-packages/challenge02-0.0.0-py3.10.egg-info' (and everything under it)
[2.919s] Copying ../../build/challenge02/challenge02.egg-info to /home/josea/ros2_ws/install/challenge02/lib/python3.10/site-packages/challenge02-0.0.0-py3.10.egg-info
[2.928s] running install_scripts
[2.987s] Installing controller script to /home/josea/ros2_ws/install/challenge02/lib/challenge02
[2.988s] Installing dc_motor script to /home/josea/ros2_ws/install/challenge02/lib/challenge02
[2.989s] Installing plant_test script to /home/josea/ros2_ws/install/challenge02/lib/challenge02
[2.989s] Installing set_point script to /home/josea/ros2_ws/install/challenge02/lib/challenge02
[2.991s] writing list of installed files to '/home/josea/ros2_ws/build/challenge02/install.log'
[3.374s] Invoked command in '/home/josea/ros2_ws/src/challenge02' returned '0': PYTHONPATH=/home/josea/ros2_ws/build/challenge02/prefix_override:/usr/lib/python3/dist-packages/colcon_core/task/python/colcon_distutils_commands:/home/josea/ros2_ws/install/challenge02/lib/python3.10/site-packages:${PYTHONPATH} /usr/bin/python3 -W ignore:setup.py install is deprecated -W ignore:easy_install command is deprecated setup.py egg_info --egg-base ../../build/challenge02 build --build-base /home/josea/ros2_ws/build/challenge02/build install --record /home/josea/ros2_ws/build/challenge02/install.log --single-version-externally-managed install_data
