[1.376s] Invoking command in '/home/josea/ros2_ws/src/basic_comms': PYTHONPATH=/home/josea/ros2_ws/build/basic_comms/prefix_override:/usr/lib/python3/dist-packages/colcon_core/task/python/colcon_distutils_commands:/home/josea/ros2_ws/install/basic_comms/lib/python3.10/site-packages:${PYTHONPATH} /usr/bin/python3 -W ignore:setup.py install is deprecated -W ignore:easy_install command is deprecated setup.py egg_info --egg-base ../../build/basic_comms build --build-base /home/josea/ros2_ws/build/basic_comms/build install --record /home/josea/ros2_ws/build/basic_comms/install.log --single-version-externally-managed install_data
[1.879s] running egg_info
[1.881s] writing ../../build/basic_comms/basic_comms.egg-info/PKG-INFO
[1.882s] writing dependency_links to ../../build/basic_comms/basic_comms.egg-info/dependency_links.txt
[1.882s] writing entry points to ../../build/basic_comms/basic_comms.egg-info/entry_points.txt
[1.882s] writing requirements to ../../build/basic_comms/basic_comms.egg-info/requires.txt
[1.886s] writing top-level names to ../../build/basic_comms/basic_comms.egg-info/top_level.txt
[1.887s] reading manifest file '../../build/basic_comms/basic_comms.egg-info/SOURCES.txt'
[1.888s] writing manifest file '../../build/basic_comms/basic_comms.egg-info/SOURCES.txt'
[1.890s] running build
[1.891s] running build_py
[1.891s] copying basic_comms/talker.py -> /home/josea/ros2_ws/build/basic_comms/build/lib/basic_comms
[1.891s] running install
[1.891s] running install_lib
[1.894s] copying /home/josea/ros2_ws/build/basic_comms/build/lib/basic_comms/talker.py -> /home/josea/ros2_ws/install/basic_comms/lib/python3.10/site-packages/basic_comms
[1.895s] byte-compiling /home/josea/ros2_ws/install/basic_comms/lib/python3.10/site-packages/basic_comms/talker.py to talker.cpython-310.pyc
[1.897s] running install_data
[1.897s] copying package.xml -> /home/josea/ros2_ws/install/basic_comms/share/basic_comms
[1.897s] running install_egg_info
[1.900s] removing '/home/josea/ros2_ws/install/basic_comms/lib/python3.10/site-packages/basic_comms-0.0.0-py3.10.egg-info' (and everything under it)
[1.902s] Copying ../../build/basic_comms/basic_comms.egg-info to /home/josea/ros2_ws/install/basic_comms/lib/python3.10/site-packages/basic_comms-0.0.0-py3.10.egg-info
[1.902s] running install_scripts
[1.951s] Installing talker script to /home/josea/ros2_ws/install/basic_comms/lib/basic_comms
[1.951s] writing list of installed files to '/home/josea/ros2_ws/build/basic_comms/install.log'
[2.016s] Invoked command in '/home/josea/ros2_ws/src/basic_comms' returned '0': PYTHONPATH=/home/josea/ros2_ws/build/basic_comms/prefix_override:/usr/lib/python3/dist-packages/colcon_core/task/python/colcon_distutils_commands:/home/josea/ros2_ws/install/basic_comms/lib/python3.10/site-packages:${PYTHONPATH} /usr/bin/python3 -W ignore:setup.py install is deprecated -W ignore:easy_install command is deprecated setup.py egg_info --egg-base ../../build/basic_comms build --build-base /home/josea/ros2_ws/build/basic_comms/build install --record /home/josea/ros2_ws/build/basic_comms/install.log --single-version-externally-managed install_data
