[2.122s] Invoking command in '/home/josea/ros2_ws/src/motor_control': PYTHONPATH=/home/josea/ros2_ws/build/motor_control/prefix_override:/usr/lib/python3/dist-packages/colcon_core/task/python/colcon_distutils_commands:/home/josea/ros2_ws/install/motor_control/lib/python3.10/site-packages:${PYTHONPATH} /usr/bin/python3 -W ignore:setup.py install is deprecated -W ignore:easy_install command is deprecated setup.py egg_info --egg-base ../../build/motor_control build --build-base /home/josea/ros2_ws/build/motor_control/build install --record /home/josea/ros2_ws/build/motor_control/install.log --single-version-externally-managed install_data
[2.839s] running egg_info
[2.842s] writing ../../build/motor_control/motor_control.egg-info/PKG-INFO
[2.844s] writing dependency_links to ../../build/motor_control/motor_control.egg-info/dependency_links.txt
[2.845s] writing entry points to ../../build/motor_control/motor_control.egg-info/entry_points.txt
[2.847s] writing requirements to ../../build/motor_control/motor_control.egg-info/requires.txt
[2.848s] writing top-level names to ../../build/motor_control/motor_control.egg-info/top_level.txt
[2.855s] reading manifest file '../../build/motor_control/motor_control.egg-info/SOURCES.txt'
[2.858s] adding license file 'LICENSE'
[2.860s] writing manifest file '../../build/motor_control/motor_control.egg-info/SOURCES.txt'
[2.862s] running build
[2.862s] running build_py
[2.869s] running install
[2.870s] running install_lib
[2.879s] running install_data
[2.882s] running install_egg_info
[2.887s] removing '/home/josea/ros2_ws/install/motor_control/lib/python3.10/site-packages/motor_control-0.0.0-py3.10.egg-info' (and everything under it)
[2.889s] Copying ../../build/motor_control/motor_control.egg-info to /home/josea/ros2_ws/install/motor_control/lib/python3.10/site-packages/motor_control-0.0.0-py3.10.egg-info
[2.893s] running install_scripts
[2.956s] Installing dc_motor script to /home/josea/ros2_ws/install/motor_control/lib/motor_control
[2.956s] Installing set_point script to /home/josea/ros2_ws/install/motor_control/lib/motor_control
[2.956s] writing list of installed files to '/home/josea/ros2_ws/build/motor_control/install.log'
[3.591s] Invoked command in '/home/josea/ros2_ws/src/motor_control' returned '0': PYTHONPATH=/home/josea/ros2_ws/build/motor_control/prefix_override:/usr/lib/python3/dist-packages/colcon_core/task/python/colcon_distutils_commands:/home/josea/ros2_ws/install/motor_control/lib/python3.10/site-packages:${PYTHONPATH} /usr/bin/python3 -W ignore:setup.py install is deprecated -W ignore:easy_install command is deprecated setup.py egg_info --egg-base ../../build/motor_control build --build-base /home/josea/ros2_ws/build/motor_control/build install --record /home/josea/ros2_ws/build/motor_control/install.log --single-version-externally-managed install_data
