[2.671s] DEBUG:colcon:Command line arguments: ['/usr/bin/colcon', 'list', '-p', '--base-paths', '/home/josea/ros2_ws']
[2.671s] DEBUG:colcon:Parsed command line arguments: Namespace(log_base=None, log_level=None, verb_name='list', build_base='build', ignore_user_meta=False, metas=['./colcon.meta'], base_paths=['/home/josea/ros2_ws'], packages_ignore=None, packages_ignore_regex=None, paths=None, packages_up_to=None, packages_up_to_regex=None, packages_above=None, packages_above_and_dependencies=None, packages_above_depth=None, packages_select_by_dep=None, packages_skip_by_dep=None, packages_skip_up_to=None, packages_select_build_failed=False, packages_skip_build_finished=False, packages_select_test_failures=False, packages_skip_test_passed=False, packages_select=None, packages_skip=None, packages_select_regex=None, packages_skip_regex=None, packages_start=None, packages_end=None, allow_overriding=[], topological_order=False, names_only=False, paths_only=True, topological_graph=False, topological_graph_dot=False, topological_graph_density=False, topological_graph_legend=False, topological_graph_dot_cluster=False, topological_graph_dot_include_skipped=False, mixin_files=None, mixin=None, verb_parser=<colcon_mixin.mixin.mixin_argument.MixinArgumentDecorator object at 0x7856496594e0>, verb_extension=<colcon_package_information.verb.list.ListVerb object at 0x785649769960>, main=<bound method ListVerb.main of <colcon_package_information.verb.list.ListVerb object at 0x785649769960>>, mixin_verb=('list',))
[5.974s] Level 1:colcon.colcon_core.package_discovery:discover_packages(colcon_meta) check parameters
[5.975s] Level 1:colcon.colcon_core.package_discovery:discover_packages(recursive) check parameters
[5.978s] Level 1:colcon.colcon_core.package_discovery:discover_packages(ignore) check parameters
[5.978s] Level 1:colcon.colcon_core.package_discovery:discover_packages(path) check parameters
[5.978s] Level 1:colcon.colcon_core.package_discovery:discover_packages(recursive) discover
[5.978s] INFO:colcon.colcon_core.package_discovery:Crawling recursively for packages in '/home/josea/ros2_ws'
[5.979s] Level 1:colcon.colcon_core.package_identification:_identify(/home/josea/ros2_ws) by extensions ['ignore', 'ignore_ament_install']
[5.980s] Level 1:colcon.colcon_core.package_identification:_identify(/home/josea/ros2_ws) by extension 'ignore'
[5.982s] Level 1:colcon.colcon_core.package_identification:_identify(/home/josea/ros2_ws) by extension 'ignore_ament_install'
[5.982s] Level 1:colcon.colcon_core.package_identification:_identify(/home/josea/ros2_ws) by extensions ['colcon_pkg']
[5.982s] Level 1:colcon.colcon_core.package_identification:_identify(/home/josea/ros2_ws) by extension 'colcon_pkg'
[5.982s] Level 1:colcon.colcon_core.package_identification:_identify(/home/josea/ros2_ws) by extensions ['colcon_meta']
[5.982s] Level 1:colcon.colcon_core.package_identification:_identify(/home/josea/ros2_ws) by extension 'colcon_meta'
[5.983s] Level 1:colcon.colcon_core.package_identification:_identify(/home/josea/ros2_ws) by extensions ['ros']
[5.989s] Level 1:colcon.colcon_core.package_identification:_identify(/home/josea/ros2_ws) by extension 'ros'
[6.183s] Level 1:colcon.colcon_core.package_identification:_identify(/home/josea/ros2_ws) by extensions ['cmake', 'python']
[6.185s] Level 1:colcon.colcon_core.package_identification:_identify(/home/josea/ros2_ws) by extension 'cmake'
[6.186s] Level 1:colcon.colcon_core.package_identification:_identify(/home/josea/ros2_ws) by extension 'python'
[6.186s] Level 1:colcon.colcon_core.package_identification:_identify(/home/josea/ros2_ws) by extensions ['python_setup_py']
[6.186s] Level 1:colcon.colcon_core.package_identification:_identify(/home/josea/ros2_ws) by extension 'python_setup_py'
[6.186s] Level 1:colcon.colcon_core.package_identification:_identify(/home/josea/ros2_ws/build) by extensions ['ignore', 'ignore_ament_install']
[6.187s] Level 1:colcon.colcon_core.package_identification:_identify(/home/josea/ros2_ws/build) by extension 'ignore'
[6.187s] Level 1:colcon.colcon_core.package_identification:_identify(/home/josea/ros2_ws/build) ignored
[6.192s] Level 1:colcon.colcon_core.package_identification:_identify(/home/josea/ros2_ws/install) by extensions ['ignore', 'ignore_ament_install']
[6.193s] Level 1:colcon.colcon_core.package_identification:_identify(/home/josea/ros2_ws/install) by extension 'ignore'
[6.200s] Level 1:colcon.colcon_core.package_identification:_identify(/home/josea/ros2_ws/install) ignored
[6.201s] Level 1:colcon.colcon_core.package_identification:_identify(/home/josea/ros2_ws/log) by extensions ['ignore', 'ignore_ament_install']
[6.206s] Level 1:colcon.colcon_core.package_identification:_identify(/home/josea/ros2_ws/log) by extension 'ignore'
[6.211s] Level 1:colcon.colcon_core.package_identification:_identify(/home/josea/ros2_ws/log) ignored
[6.212s] Level 1:colcon.colcon_core.package_identification:_identify(/home/josea/ros2_ws/src) by extensions ['ignore', 'ignore_ament_install']
[6.212s] Level 1:colcon.colcon_core.package_identification:_identify(/home/josea/ros2_ws/src) by extension 'ignore'
[6.212s] Level 1:colcon.colcon_core.package_identification:_identify(/home/josea/ros2_ws/src) by extension 'ignore_ament_install'
[6.213s] Level 1:colcon.colcon_core.package_identification:_identify(/home/josea/ros2_ws/src) by extensions ['colcon_pkg']
[6.213s] Level 1:colcon.colcon_core.package_identification:_identify(/home/josea/ros2_ws/src) by extension 'colcon_pkg'
[6.221s] Level 1:colcon.colcon_core.package_identification:_identify(/home/josea/ros2_ws/src) by extensions ['colcon_meta']
[6.221s] Level 1:colcon.colcon_core.package_identification:_identify(/home/josea/ros2_ws/src) by extension 'colcon_meta'
[6.221s] Level 1:colcon.colcon_core.package_identification:_identify(/home/josea/ros2_ws/src) by extensions ['ros']
[6.221s] Level 1:colcon.colcon_core.package_identification:_identify(/home/josea/ros2_ws/src) by extension 'ros'
[6.221s] Level 1:colcon.colcon_core.package_identification:_identify(/home/josea/ros2_ws/src) by extensions ['cmake', 'python']
[6.221s] Level 1:colcon.colcon_core.package_identification:_identify(/home/josea/ros2_ws/src) by extension 'cmake'
[6.221s] Level 1:colcon.colcon_core.package_identification:_identify(/home/josea/ros2_ws/src) by extension 'python'
[6.222s] Level 1:colcon.colcon_core.package_identification:_identify(/home/josea/ros2_ws/src) by extensions ['python_setup_py']
[6.222s] Level 1:colcon.colcon_core.package_identification:_identify(/home/josea/ros2_ws/src) by extension 'python_setup_py'
[6.232s] Level 1:colcon.colcon_core.package_identification:_identify(/home/josea/ros2_ws/src/basic_comms) by extensions ['ignore', 'ignore_ament_install']
[6.233s] Level 1:colcon.colcon_core.package_identification:_identify(/home/josea/ros2_ws/src/basic_comms) by extension 'ignore'
[6.233s] Level 1:colcon.colcon_core.package_identification:_identify(/home/josea/ros2_ws/src/basic_comms) by extension 'ignore_ament_install'
[6.234s] Level 1:colcon.colcon_core.package_identification:_identify(/home/josea/ros2_ws/src/basic_comms) by extensions ['colcon_pkg']
[6.234s] Level 1:colcon.colcon_core.package_identification:_identify(/home/josea/ros2_ws/src/basic_comms) by extension 'colcon_pkg'
[6.234s] Level 1:colcon.colcon_core.package_identification:_identify(/home/josea/ros2_ws/src/basic_comms) by extensions ['colcon_meta']
[6.234s] Level 1:colcon.colcon_core.package_identification:_identify(/home/josea/ros2_ws/src/basic_comms) by extension 'colcon_meta'
[6.234s] Level 1:colcon.colcon_core.package_identification:_identify(/home/josea/ros2_ws/src/basic_comms) by extensions ['ros']
[6.244s] Level 1:colcon.colcon_core.package_identification:_identify(/home/josea/ros2_ws/src/basic_comms) by extension 'ros'
[6.276s] DEBUG:colcon.colcon_core.package_identification:Package '/home/josea/ros2_ws/src/basic_comms' with type 'ros.ament_python' and name 'basic_comms'
[6.276s] Level 1:colcon.colcon_core.package_discovery:discover_packages(recursive) using defaults
