[0.029s] Invoking command in '/home/josea/ros2_ws/build/custom_interfaces': CMAKE_PREFIX_PATH=/home/josea/ros2_ws/install/my_pack_clas:/home/josea/ros2_ws/install/motor_control:/home/josea/ros2_ws/install/challenge01:/home/josea/ros2_ws/install/basic_comms:/opt/ros/humble /usr/bin/cmake /home/josea/ros2_ws/src/custom_interfaces -DCMAKE_INSTALL_PREFIX=/home/josea/ros2_ws/install/custom_interfaces
[0.292s] -- The C compiler identification is GNU 11.4.0
[0.488s] -- The CXX compiler identification is GNU 11.4.0
[0.511s] -- Detecting C compiler ABI info
[0.699s] -- Detecting C compiler ABI info - done
[0.727s] -- Check for working C compiler: /usr/bin/cc - skipped
[0.729s] -- Detecting C compile features
[0.730s] -- Detecting C compile features - done
[0.742s] -- Detecting CXX compiler ABI info
[0.940s] -- Detecting CXX compiler ABI info - done
[0.962s] -- Check for working CXX compiler: /usr/bin/c++ - skipped
[0.962s] -- Detecting CXX compile features
[0.964s] -- Detecting CXX compile features - done
[0.977s] -- Found ament_cmake: 1.3.11 (/opt/ros/humble/share/ament_cmake/cmake)
[1.451s] -- Found Python3: /usr/bin/python3 (found version "3.10.12") found components: Interpreter 
[1.765s] -- Found std_msgs: 4.2.4 (/opt/ros/humble/share/std_msgs/cmake)
[1.898s] -- Found rosidl_generator_c: 3.1.6 (/opt/ros/humble/share/rosidl_generator_c/cmake)
[1.936s] -- Found rosidl_adapter: 3.1.6 (/opt/ros/humble/share/rosidl_adapter/cmake)
[1.971s] -- Found rosidl_generator_cpp: 3.1.6 (/opt/ros/humble/share/rosidl_generator_cpp/cmake)
[2.038s] -- Using all available rosidl_typesupport_c: rosidl_typesupport_fastrtps_c;rosidl_typesupport_introspection_c
[2.097s] -- Using all available rosidl_typesupport_cpp: rosidl_typesupport_fastrtps_cpp;rosidl_typesupport_introspection_cpp
[2.203s] -- Found geometry_msgs: 4.2.4 (/opt/ros/humble/share/geometry_msgs/cmake)
[2.249s] -- Found rosidl_default_generators: 1.2.0 (/opt/ros/humble/share/rosidl_default_generators/cmake)
[2.276s] [31mCMake Error at /opt/ros/humble/share/rosidl_cmake/cmake/rosidl_generate_interfaces.cmake:93 (message):
[2.276s]   rosidl_generate_interfaces() the passed file 'srv/' doesn't exist relative
[2.276s]   to the CMAKE_CURRENT_SOURCE_DIR '/home/josea/ros2_ws/src/custom_interfaces'
[2.276s] Call Stack (most recent call first):
[2.277s]   CMakeLists.txt:14 (rosidl_generate_interfaces)
[2.277s] 
[2.277s] [0m
[2.277s] -- Configuring incomplete, errors occurred!
[2.277s] See also "/home/josea/ros2_ws/build/custom_interfaces/CMakeFiles/CMakeOutput.log".
[2.650s] Invoked command in '/home/josea/ros2_ws/build/custom_interfaces' returned '1': CMAKE_PREFIX_PATH=/home/josea/ros2_ws/install/my_pack_clas:/home/josea/ros2_ws/install/motor_control:/home/josea/ros2_ws/install/challenge01:/home/josea/ros2_ws/install/basic_comms:/opt/ros/humble /usr/bin/cmake /home/josea/ros2_ws/src/custom_interfaces -DCMAKE_INSTALL_PREFIX=/home/josea/ros2_ws/install/custom_interfaces
