[2.560s] Invoking command in '/home/josea/ros2_ws/src/basic_comms': PYTHONPATH=/home/josea/ros2_ws/build/basic_comms/prefix_override:/usr/lib/python3/dist-packages/colcon_core/task/python/colcon_distutils_commands:/home/josea/ros2_ws/install/basic_comms/lib/python3.10/site-packages:${PYTHONPATH} /usr/bin/python3 -W ignore:setup.py install is deprecated -W ignore:easy_install command is deprecated setup.py egg_info --egg-base ../../build/basic_comms build --build-base /home/josea/ros2_ws/build/basic_comms/build install --record /home/josea/ros2_ws/build/basic_comms/install.log --single-version-externally-managed install_data
[3.411s] running egg_info
[3.414s] writing ../../build/basic_comms/basic_comms.egg-info/PKG-INFO
[3.418s] writing dependency_links to ../../build/basic_comms/basic_comms.egg-info/dependency_links.txt
[3.418s] writing entry points to ../../build/basic_comms/basic_comms.egg-info/entry_points.txt
[3.418s] writing requirements to ../../build/basic_comms/basic_comms.egg-info/requires.txt
[3.418s] writing top-level names to ../../build/basic_comms/basic_comms.egg-info/top_level.txt
[3.422s] reading manifest file '../../build/basic_comms/basic_comms.egg-info/SOURCES.txt'
[3.426s] writing manifest file '../../build/basic_comms/basic_comms.egg-info/SOURCES.txt'
[3.427s] running build
[3.427s] running build_py
[3.431s] running install
[3.432s] running install_lib
[3.444s] running install_data
[3.446s] running install_egg_info
[3.450s] removing '/home/josea/ros2_ws/install/basic_comms/lib/python3.10/site-packages/basic_comms-0.0.0-py3.10.egg-info' (and everything under it)
[3.451s] Copying ../../build/basic_comms/basic_comms.egg-info to /home/josea/ros2_ws/install/basic_comms/lib/python3.10/site-packages/basic_comms-0.0.0-py3.10.egg-info
[3.461s] running install_scripts
[3.528s] Installing talker script to /home/josea/ros2_ws/install/basic_comms/lib/basic_comms
[3.529s] writing list of installed files to '/home/josea/ros2_ws/build/basic_comms/install.log'
[3.673s] Invoked command in '/home/josea/ros2_ws/src/basic_comms' returned '0': PYTHONPATH=/home/josea/ros2_ws/build/basic_comms/prefix_override:/usr/lib/python3/dist-packages/colcon_core/task/python/colcon_distutils_commands:/home/josea/ros2_ws/install/basic_comms/lib/python3.10/site-packages:${PYTHONPATH} /usr/bin/python3 -W ignore:setup.py install is deprecated -W ignore:easy_install command is deprecated setup.py egg_info --egg-base ../../build/basic_comms build --build-base /home/josea/ros2_ws/build/basic_comms/build install --record /home/josea/ros2_ws/build/basic_comms/install.log --single-version-externally-managed install_data
