[3.969s] Invoking command in '/home/josea/ros2_ws/src/challenge01': PYTHONPATH=/home/josea/ros2_ws/build/challenge01/prefix_override:/usr/lib/python3/dist-packages/colcon_core/task/python/colcon_distutils_commands:/home/josea/ros2_ws/install/challenge01/lib/python3.10/site-packages:${PYTHONPATH} /usr/bin/python3 -W ignore:setup.py install is deprecated -W ignore:easy_install command is deprecated setup.py egg_info --egg-base ../../build/challenge01 build --build-base /home/josea/ros2_ws/build/challenge01/build install --record /home/josea/ros2_ws/build/challenge01/install.log --single-version-externally-managed install_data
[5.658s] running egg_info
[5.663s] writing ../../build/challenge01/challenge01.egg-info/PKG-INFO
[5.664s] writing dependency_links to ../../build/challenge01/challenge01.egg-info/dependency_links.txt
[5.665s] writing entry points to ../../build/challenge01/challenge01.egg-info/entry_points.txt
[5.669s] writing requirements to ../../build/challenge01/challenge01.egg-info/requires.txt
[5.670s] writing top-level names to ../../build/challenge01/challenge01.egg-info/top_level.txt
[5.679s] reading manifest file '../../build/challenge01/challenge01.egg-info/SOURCES.txt'
[5.685s] writing manifest file '../../build/challenge01/challenge01.egg-info/SOURCES.txt'
[5.685s] running build
[5.685s] running build_py
[5.691s] running install
[5.693s] running install_lib
[5.712s] running install_data
[5.713s] running install_egg_info
[5.728s] removing '/home/josea/ros2_ws/install/challenge01/lib/python3.10/site-packages/challenge01-0.0.0-py3.10.egg-info' (and everything under it)
[5.734s] Copying ../../build/challenge01/challenge01.egg-info to /home/josea/ros2_ws/install/challenge01/lib/python3.10/site-packages/challenge01-0.0.0-py3.10.egg-info
[5.739s] running install_scripts
[5.858s] Installing proccess script to /home/josea/ros2_ws/install/challenge01/lib/challenge01
[5.861s] Installing signal_generetor script to /home/josea/ros2_ws/install/challenge01/lib/challenge01
[5.862s] writing list of installed files to '/home/josea/ros2_ws/build/challenge01/install.log'
[6.026s] Invoked command in '/home/josea/ros2_ws/src/challenge01' returned '0': PYTHONPATH=/home/josea/ros2_ws/build/challenge01/prefix_override:/usr/lib/python3/dist-packages/colcon_core/task/python/colcon_distutils_commands:/home/josea/ros2_ws/install/challenge01/lib/python3.10/site-packages:${PYTHONPATH} /usr/bin/python3 -W ignore:setup.py install is deprecated -W ignore:easy_install command is deprecated setup.py egg_info --egg-base ../../build/challenge01 build --build-base /home/josea/ros2_ws/build/challenge01/build install --record /home/josea/ros2_ws/build/challenge01/install.log --single-version-externally-managed install_data
