[1.908s] Invoking command in '/home/josea/ros2_ws/src/challenge02': PYTHONPATH=/home/josea/ros2_ws/build/challenge02/prefix_override:/usr/lib/python3/dist-packages/colcon_core/task/python/colcon_distutils_commands:/home/josea/ros2_ws/install/challenge02/lib/python3.10/site-packages:${PYTHONPATH} /usr/bin/python3 -W ignore:setup.py install is deprecated -W ignore:easy_install command is deprecated setup.py egg_info --egg-base ../../build/challenge02 build --build-base /home/josea/ros2_ws/build/challenge02/build install --record /home/josea/ros2_ws/build/challenge02/install.log --single-version-externally-managed install_data
[2.761s] running egg_info
[2.764s] writing ../../build/challenge02/challenge02.egg-info/PKG-INFO
[2.770s] writing dependency_links to ../../build/challenge02/challenge02.egg-info/dependency_links.txt
[2.775s] writing entry points to ../../build/challenge02/challenge02.egg-info/entry_points.txt
[2.775s] writing requirements to ../../build/challenge02/challenge02.egg-info/requires.txt
[2.775s] writing top-level names to ../../build/challenge02/challenge02.egg-info/top_level.txt
[2.780s] reading manifest file '../../build/challenge02/challenge02.egg-info/SOURCES.txt'
[2.783s] writing manifest file '../../build/challenge02/challenge02.egg-info/SOURCES.txt'
[2.783s] running build
[2.785s] running build_py
[2.787s] running install
[2.788s] running install_lib
[2.799s] running install_data
[2.800s] running install_egg_info
[2.805s] removing '/home/josea/ros2_ws/install/challenge02/lib/python3.10/site-packages/challenge02-0.0.0-py3.10.egg-info' (and everything under it)
[2.809s] Copying ../../build/challenge02/challenge02.egg-info to /home/josea/ros2_ws/install/challenge02/lib/python3.10/site-packages/challenge02-0.0.0-py3.10.egg-info
[2.820s] running install_scripts
[2.878s] Installing controller script to /home/josea/ros2_ws/install/challenge02/lib/challenge02
[2.883s] Installing dc_motor script to /home/josea/ros2_ws/install/challenge02/lib/challenge02
[2.891s] Installing plant_test script to /home/josea/ros2_ws/install/challenge02/lib/challenge02
[2.891s] Installing set_point script to /home/josea/ros2_ws/install/challenge02/lib/challenge02
[2.892s] writing list of installed files to '/home/josea/ros2_ws/build/challenge02/install.log'
[2.980s] Invoked command in '/home/josea/ros2_ws/src/challenge02' returned '0': PYTHONPATH=/home/josea/ros2_ws/build/challenge02/prefix_override:/usr/lib/python3/dist-packages/colcon_core/task/python/colcon_distutils_commands:/home/josea/ros2_ws/install/challenge02/lib/python3.10/site-packages:${PYTHONPATH} /usr/bin/python3 -W ignore:setup.py install is deprecated -W ignore:easy_install command is deprecated setup.py egg_info --egg-base ../../build/challenge02 build --build-base /home/josea/ros2_ws/build/challenge02/build install --record /home/josea/ros2_ws/build/challenge02/install.log --single-version-externally-managed install_data
