[3.142s] Invoking command in '/home/josea/ros2_ws/src/basic_comms': PYTHONPATH=/home/josea/ros2_ws/src/build/basic_comms/prefix_override:/usr/lib/python3/dist-packages/colcon_core/task/python/colcon_distutils_commands:/home/josea/ros2_ws/src/install/basic_comms/lib/python3.10/site-packages:${PYTHONPATH} /usr/bin/python3 -W ignore:setup.py install is deprecated -W ignore:easy_install command is deprecated setup.py egg_info --egg-base ../build/basic_comms build --build-base /home/josea/ros2_ws/src/build/basic_comms/build install --record /home/josea/ros2_ws/src/build/basic_comms/install.log --single-version-externally-managed install_data
[4.391s] running egg_info
[4.394s] writing ../build/basic_comms/basic_comms.egg-info/PKG-INFO
[4.397s] writing dependency_links to ../build/basic_comms/basic_comms.egg-info/dependency_links.txt
[4.397s] writing entry points to ../build/basic_comms/basic_comms.egg-info/entry_points.txt
[4.400s] writing requirements to ../build/basic_comms/basic_comms.egg-info/requires.txt
[4.401s] writing top-level names to ../build/basic_comms/basic_comms.egg-info/top_level.txt
[4.411s] reading manifest file '../build/basic_comms/basic_comms.egg-info/SOURCES.txt'
[4.418s] writing manifest file '../build/basic_comms/basic_comms.egg-info/SOURCES.txt'
[4.419s] running build
[4.419s] running build_py
[4.420s] running install
[4.423s] running install_lib
[4.428s] running install_data
[4.428s] running install_egg_info
[4.434s] removing '/home/josea/ros2_ws/src/install/basic_comms/lib/python3.10/site-packages/basic_comms-0.0.0-py3.10.egg-info' (and everything under it)
[4.439s] Copying ../build/basic_comms/basic_comms.egg-info to /home/josea/ros2_ws/src/install/basic_comms/lib/python3.10/site-packages/basic_comms-0.0.0-py3.10.egg-info
[4.443s] running install_scripts
[4.544s] Installing talker script to /home/josea/ros2_ws/src/install/basic_comms/lib/basic_comms
[4.545s] writing list of installed files to '/home/josea/ros2_ws/src/build/basic_comms/install.log'
[4.676s] Invoked command in '/home/josea/ros2_ws/src/basic_comms' returned '0': PYTHONPATH=/home/josea/ros2_ws/src/build/basic_comms/prefix_override:/usr/lib/python3/dist-packages/colcon_core/task/python/colcon_distutils_commands:/home/josea/ros2_ws/src/install/basic_comms/lib/python3.10/site-packages:${PYTHONPATH} /usr/bin/python3 -W ignore:setup.py install is deprecated -W ignore:easy_install command is deprecated setup.py egg_info --egg-base ../build/basic_comms build --build-base /home/josea/ros2_ws/src/build/basic_comms/build install --record /home/josea/ros2_ws/src/build/basic_comms/install.log --single-version-externally-managed install_data
