[0.240s] DEBUG:colcon:Command line arguments: ['/usr/bin/colcon', 'build']
[0.240s] DEBUG:colcon:Parsed command line arguments: Namespace(log_base=None, log_level=None, verb_name='build', build_base='build', install_base='install', merge_install=False, symlink_install=False, test_result_base=None, continue_on_error=False, executor='parallel', parallel_workers=2, event_handlers=None, ignore_user_meta=False, metas=['./colcon.meta'], base_paths=['.'], packages_ignore=None, packages_ignore_regex=None, paths=None, packages_up_to=None, packages_up_to_regex=None, packages_above=None, packages_above_and_dependencies=None, packages_above_depth=None, packages_select_by_dep=None, packages_skip_by_dep=None, packages_skip_up_to=None, packages_select_build_failed=False, packages_skip_build_finished=False, packages_select_test_failures=False, packages_skip_test_passed=False, packages_select=None, packages_skip=None, packages_select_regex=None, packages_skip_regex=None, packages_start=None, packages_end=None, allow_overriding=[], cmake_args=None, cmake_target=None, cmake_target_skip_unavailable=False, cmake_clean_cache=False, cmake_clean_first=False, cmake_force_configure=False, ament_cmake_args=None, catkin_cmake_args=None, catkin_skip_building_tests=False, mixin_files=None, mixin=None, verb_parser=<colcon_mixin.mixin.mixin_argument.MixinArgumentDecorator object at 0x78d18f752fe0>, verb_extension=<colcon_core.verb.build.BuildVerb object at 0x78d18f752230>, main=<bound method BuildVerb.main of <colcon_core.verb.build.BuildVerb object at 0x78d18f752230>>, mixin_verb=('build',))
[0.602s] Level 1:colcon.colcon_core.package_discovery:discover_packages(colcon_meta) check parameters
[0.602s] Level 1:colcon.colcon_core.package_discovery:discover_packages(recursive) check parameters
[0.602s] Level 1:colcon.colcon_core.package_discovery:discover_packages(ignore) check parameters
[0.602s] Level 1:colcon.colcon_core.package_discovery:discover_packages(path) check parameters
[0.602s] Level 1:colcon.colcon_core.package_discovery:discover_packages(colcon_meta) discover
[0.603s] Level 1:colcon.colcon_core.package_discovery:discover_packages(recursive) discover
[0.603s] INFO:colcon.colcon_core.package_discovery:Crawling recursively for packages in '/home/josea/ros2_ws/src'
[0.603s] Level 1:colcon.colcon_core.package_identification:_identify(.) by extensions ['ignore', 'ignore_ament_install']
[0.603s] Level 1:colcon.colcon_core.package_identification:_identify(.) by extension 'ignore'
[0.603s] Level 1:colcon.colcon_core.package_identification:_identify(.) by extension 'ignore_ament_install'
[0.604s] Level 1:colcon.colcon_core.package_identification:_identify(.) by extensions ['colcon_pkg']
[0.604s] Level 1:colcon.colcon_core.package_identification:_identify(.) by extension 'colcon_pkg'
[0.604s] Level 1:colcon.colcon_core.package_identification:_identify(.) by extensions ['colcon_meta']
[0.604s] Level 1:colcon.colcon_core.package_identification:_identify(.) by extension 'colcon_meta'
[0.604s] Level 1:colcon.colcon_core.package_identification:_identify(.) by extensions ['ros']
[0.604s] Level 1:colcon.colcon_core.package_identification:_identify(.) by extension 'ros'
[0.627s] Level 1:colcon.colcon_core.package_identification:_identify(.) by extensions ['cmake', 'python']
[0.627s] Level 1:colcon.colcon_core.package_identification:_identify(.) by extension 'cmake'
[0.627s] Level 1:colcon.colcon_core.package_identification:_identify(.) by extension 'python'
[0.628s] Level 1:colcon.colcon_core.package_identification:_identify(.) by extensions ['python_setup_py']
[0.628s] Level 1:colcon.colcon_core.package_identification:_identify(.) by extension 'python_setup_py'
[0.628s] Level 1:colcon.colcon_core.package_identification:_identify(basic_comms) by extensions ['ignore', 'ignore_ament_install']
[0.628s] Level 1:colcon.colcon_core.package_identification:_identify(basic_comms) by extension 'ignore'
[0.628s] Level 1:colcon.colcon_core.package_identification:_identify(basic_comms) by extension 'ignore_ament_install'
[0.628s] Level 1:colcon.colcon_core.package_identification:_identify(basic_comms) by extensions ['colcon_pkg']
[0.629s] Level 1:colcon.colcon_core.package_identification:_identify(basic_comms) by extension 'colcon_pkg'
[0.629s] Level 1:colcon.colcon_core.package_identification:_identify(basic_comms) by extensions ['colcon_meta']
[0.629s] Level 1:colcon.colcon_core.package_identification:_identify(basic_comms) by extension 'colcon_meta'
[0.629s] Level 1:colcon.colcon_core.package_identification:_identify(basic_comms) by extensions ['ros']
[0.629s] Level 1:colcon.colcon_core.package_identification:_identify(basic_comms) by extension 'ros'
[0.634s] DEBUG:colcon.colcon_core.package_identification:Package 'basic_comms' with type 'ros.ament_python' and name 'basic_comms'
[0.634s] Level 1:colcon.colcon_core.package_identification:_identify(build) by extensions ['ignore', 'ignore_ament_install']
[0.634s] Level 1:colcon.colcon_core.package_identification:_identify(build) by extension 'ignore'
[0.635s] Level 1:colcon.colcon_core.package_identification:_identify(build) ignored
[0.635s] Level 1:colcon.colcon_core.package_identification:_identify(challenge01) by extensions ['ignore', 'ignore_ament_install']
[0.635s] Level 1:colcon.colcon_core.package_identification:_identify(challenge01) by extension 'ignore'
[0.635s] Level 1:colcon.colcon_core.package_identification:_identify(challenge01) by extension 'ignore_ament_install'
[0.635s] Level 1:colcon.colcon_core.package_identification:_identify(challenge01) by extensions ['colcon_pkg']
[0.635s] Level 1:colcon.colcon_core.package_identification:_identify(challenge01) by extension 'colcon_pkg'
[0.636s] Level 1:colcon.colcon_core.package_identification:_identify(challenge01) by extensions ['colcon_meta']
[0.636s] Level 1:colcon.colcon_core.package_identification:_identify(challenge01) by extension 'colcon_meta'
[0.636s] Level 1:colcon.colcon_core.package_identification:_identify(challenge01) by extensions ['ros']
[0.636s] Level 1:colcon.colcon_core.package_identification:_identify(challenge01) by extension 'ros'
[0.637s] DEBUG:colcon.colcon_core.package_identification:Package 'challenge01' with type 'ros.ament_python' and name 'challenge01'
[0.637s] Level 1:colcon.colcon_core.package_identification:_identify(challenge02) by extensions ['ignore', 'ignore_ament_install']
[0.638s] Level 1:colcon.colcon_core.package_identification:_identify(challenge02) by extension 'ignore'
[0.638s] Level 1:colcon.colcon_core.package_identification:_identify(challenge02) by extension 'ignore_ament_install'
[0.638s] Level 1:colcon.colcon_core.package_identification:_identify(challenge02) by extensions ['colcon_pkg']
[0.638s] Level 1:colcon.colcon_core.package_identification:_identify(challenge02) by extension 'colcon_pkg'
[0.638s] Level 1:colcon.colcon_core.package_identification:_identify(challenge02) by extensions ['colcon_meta']
[0.638s] Level 1:colcon.colcon_core.package_identification:_identify(challenge02) by extension 'colcon_meta'
[0.638s] Level 1:colcon.colcon_core.package_identification:_identify(challenge02) by extensions ['ros']
[0.638s] Level 1:colcon.colcon_core.package_identification:_identify(challenge02) by extension 'ros'
[0.640s] DEBUG:colcon.colcon_core.package_identification:Package 'challenge02' with type 'ros.ament_python' and name 'challenge02'
[0.640s] Level 1:colcon.colcon_core.package_identification:_identify(custom_interfaces) by extensions ['ignore', 'ignore_ament_install']
[0.640s] Level 1:colcon.colcon_core.package_identification:_identify(custom_interfaces) by extension 'ignore'
[0.641s] Level 1:colcon.colcon_core.package_identification:_identify(custom_interfaces) by extension 'ignore_ament_install'
[0.641s] Level 1:colcon.colcon_core.package_identification:_identify(custom_interfaces) by extensions ['colcon_pkg']
[0.641s] Level 1:colcon.colcon_core.package_identification:_identify(custom_interfaces) by extension 'colcon_pkg'
[0.641s] Level 1:colcon.colcon_core.package_identification:_identify(custom_interfaces) by extensions ['colcon_meta']
[0.641s] Level 1:colcon.colcon_core.package_identification:_identify(custom_interfaces) by extension 'colcon_meta'
[0.641s] Level 1:colcon.colcon_core.package_identification:_identify(custom_interfaces) by extensions ['ros']
[0.641s] Level 1:colcon.colcon_core.package_identification:_identify(custom_interfaces) by extension 'ros'
[0.643s] DEBUG:colcon.colcon_core.package_identification:Package 'custom_interfaces' with type 'ros.ament_cmake' and name 'custom_interfaces'
[0.643s] Level 1:colcon.colcon_core.package_identification:_identify(install) by extensions ['ignore', 'ignore_ament_install']
[0.643s] Level 1:colcon.colcon_core.package_identification:_identify(install) by extension 'ignore'
[0.643s] Level 1:colcon.colcon_core.package_identification:_identify(install) ignored
[0.644s] Level 1:colcon.colcon_core.package_identification:_identify(log) by extensions ['ignore', 'ignore_ament_install']
[0.644s] Level 1:colcon.colcon_core.package_identification:_identify(log) by extension 'ignore'
[0.644s] Level 1:colcon.colcon_core.package_identification:_identify(log) ignored
[0.644s] Level 1:colcon.colcon_core.package_identification:_identify(motor_control) by extensions ['ignore', 'ignore_ament_install']
[0.645s] Level 1:colcon.colcon_core.package_identification:_identify(motor_control) by extension 'ignore'
[0.645s] Level 1:colcon.colcon_core.package_identification:_identify(motor_control) by extension 'ignore_ament_install'
[0.645s] Level 1:colcon.colcon_core.package_identification:_identify(motor_control) by extensions ['colcon_pkg']
[0.645s] Level 1:colcon.colcon_core.package_identification:_identify(motor_control) by extension 'colcon_pkg'
[0.645s] Level 1:colcon.colcon_core.package_identification:_identify(motor_control) by extensions ['colcon_meta']
[0.645s] Level 1:colcon.colcon_core.package_identification:_identify(motor_control) by extension 'colcon_meta'
[0.645s] Level 1:colcon.colcon_core.package_identification:_identify(motor_control) by extensions ['ros']
[0.645s] Level 1:colcon.colcon_core.package_identification:_identify(motor_control) by extension 'ros'
[0.647s] DEBUG:colcon.colcon_core.package_identification:Package 'motor_control' with type 'ros.ament_python' and name 'motor_control'
[0.647s] Level 1:colcon.colcon_core.package_identification:_identify(my_pack_clas) by extensions ['ignore', 'ignore_ament_install']
[0.648s] Level 1:colcon.colcon_core.package_identification:_identify(my_pack_clas) by extension 'ignore'
[0.648s] Level 1:colcon.colcon_core.package_identification:_identify(my_pack_clas) by extension 'ignore_ament_install'
[0.648s] Level 1:colcon.colcon_core.package_identification:_identify(my_pack_clas) by extensions ['colcon_pkg']
[0.648s] Level 1:colcon.colcon_core.package_identification:_identify(my_pack_clas) by extension 'colcon_pkg'
[0.648s] Level 1:colcon.colcon_core.package_identification:_identify(my_pack_clas) by extensions ['colcon_meta']
[0.648s] Level 1:colcon.colcon_core.package_identification:_identify(my_pack_clas) by extension 'colcon_meta'
[0.648s] Level 1:colcon.colcon_core.package_identification:_identify(my_pack_clas) by extensions ['ros']
[0.648s] Level 1:colcon.colcon_core.package_identification:_identify(my_pack_clas) by extension 'ros'
[0.649s] DEBUG:colcon.colcon_core.package_identification:Package 'my_pack_clas' with type 'ros.ament_python' and name 'my_pack_clas'
[0.650s] Level 1:colcon.colcon_core.package_discovery:discover_packages(recursive) using defaults
[0.650s] Level 1:colcon.colcon_core.package_discovery:discover_packages(ignore) discover
[0.650s] Level 1:colcon.colcon_core.package_discovery:discover_packages(ignore) using defaults
[0.650s] Level 1:colcon.colcon_core.package_discovery:discover_packages(path) discover
[0.650s] Level 1:colcon.colcon_core.package_discovery:discover_packages(path) using defaults
[0.722s] Level 1:colcon.colcon_core.package_discovery:discover_packages(prefix_path) check parameters
[0.722s] Level 1:colcon.colcon_core.package_discovery:discover_packages(prefix_path) discover
[0.727s] DEBUG:colcon.colcon_installed_package_information.package_discovery:Found 6 installed packages in /home/josea/ros2_ws/src/install
[0.728s] DEBUG:colcon.colcon_installed_package_information.package_discovery:Found 7 installed packages in /home/josea/ros2_ws/install
[0.732s] DEBUG:colcon.colcon_installed_package_information.package_discovery:Found 312 installed packages in /opt/ros/humble
[0.736s] Level 1:colcon.colcon_core.package_discovery:discover_packages(prefix_path) using defaults
[0.825s] Level 5:colcon.colcon_core.verb:set package 'basic_comms' build argument 'cmake_args' from command line to 'None'
[0.825s] Level 5:colcon.colcon_core.verb:set package 'basic_comms' build argument 'cmake_target' from command line to 'None'
[0.825s] Level 5:colcon.colcon_core.verb:set package 'basic_comms' build argument 'cmake_target_skip_unavailable' from command line to 'False'
[0.825s] Level 5:colcon.colcon_core.verb:set package 'basic_comms' build argument 'cmake_clean_cache' from command line to 'False'
[0.825s] Level 5:colcon.colcon_core.verb:set package 'basic_comms' build argument 'cmake_clean_first' from command line to 'False'
[0.825s] Level 5:colcon.colcon_core.verb:set package 'basic_comms' build argument 'cmake_force_configure' from command line to 'False'
[0.825s] Level 5:colcon.colcon_core.verb:set package 'basic_comms' build argument 'ament_cmake_args' from command line to 'None'
[0.826s] Level 5:colcon.colcon_core.verb:set package 'basic_comms' build argument 'catkin_cmake_args' from command line to 'None'
[0.826s] Level 5:colcon.colcon_core.verb:set package 'basic_comms' build argument 'catkin_skip_building_tests' from command line to 'False'
[0.826s] DEBUG:colcon.colcon_core.verb:Building package 'basic_comms' with the following arguments: {'ament_cmake_args': None, 'build_base': '/home/josea/ros2_ws/src/build/basic_comms', 'catkin_cmake_args': None, 'catkin_skip_building_tests': False, 'cmake_args': None, 'cmake_clean_cache': False, 'cmake_clean_first': False, 'cmake_force_configure': False, 'cmake_target': None, 'cmake_target_skip_unavailable': False, 'install_base': '/home/josea/ros2_ws/src/install/basic_comms', 'merge_install': False, 'path': '/home/josea/ros2_ws/src/basic_comms', 'symlink_install': False, 'test_result_base': None}
[0.827s] Level 5:colcon.colcon_core.verb:set package 'challenge01' build argument 'cmake_args' from command line to 'None'
[0.827s] Level 5:colcon.colcon_core.verb:set package 'challenge01' build argument 'cmake_target' from command line to 'None'
[0.827s] Level 5:colcon.colcon_core.verb:set package 'challenge01' build argument 'cmake_target_skip_unavailable' from command line to 'False'
[0.827s] Level 5:colcon.colcon_core.verb:set package 'challenge01' build argument 'cmake_clean_cache' from command line to 'False'
[0.827s] Level 5:colcon.colcon_core.verb:set package 'challenge01' build argument 'cmake_clean_first' from command line to 'False'
[0.827s] Level 5:colcon.colcon_core.verb:set package 'challenge01' build argument 'cmake_force_configure' from command line to 'False'
[0.827s] Level 5:colcon.colcon_core.verb:set package 'challenge01' build argument 'ament_cmake_args' from command line to 'None'
[0.827s] Level 5:colcon.colcon_core.verb:set package 'challenge01' build argument 'catkin_cmake_args' from command line to 'None'
[0.828s] Level 5:colcon.colcon_core.verb:set package 'challenge01' build argument 'catkin_skip_building_tests' from command line to 'False'
[0.828s] DEBUG:colcon.colcon_core.verb:Building package 'challenge01' with the following arguments: {'ament_cmake_args': None, 'build_base': '/home/josea/ros2_ws/src/build/challenge01', 'catkin_cmake_args': None, 'catkin_skip_building_tests': False, 'cmake_args': None, 'cmake_clean_cache': False, 'cmake_clean_first': False, 'cmake_force_configure': False, 'cmake_target': None, 'cmake_target_skip_unavailable': False, 'install_base': '/home/josea/ros2_ws/src/install/challenge01', 'merge_install': False, 'path': '/home/josea/ros2_ws/src/challenge01', 'symlink_install': False, 'test_result_base': None}
[0.829s] Level 5:colcon.colcon_core.verb:set package 'challenge02' build argument 'cmake_args' from command line to 'None'
[0.829s] Level 5:colcon.colcon_core.verb:set package 'challenge02' build argument 'cmake_target' from command line to 'None'
[0.829s] Level 5:colcon.colcon_core.verb:set package 'challenge02' build argument 'cmake_target_skip_unavailable' from command line to 'False'
[0.829s] Level 5:colcon.colcon_core.verb:set package 'challenge02' build argument 'cmake_clean_cache' from command line to 'False'
[0.829s] Level 5:colcon.colcon_core.verb:set package 'challenge02' build argument 'cmake_clean_first' from command line to 'False'
[0.829s] Level 5:colcon.colcon_core.verb:set package 'challenge02' build argument 'cmake_force_configure' from command line to 'False'
[0.829s] Level 5:colcon.colcon_core.verb:set package 'challenge02' build argument 'ament_cmake_args' from command line to 'None'
[0.829s] Level 5:colcon.colcon_core.verb:set package 'challenge02' build argument 'catkin_cmake_args' from command line to 'None'
[0.829s] Level 5:colcon.colcon_core.verb:set package 'challenge02' build argument 'catkin_skip_building_tests' from command line to 'False'
[0.830s] DEBUG:colcon.colcon_core.verb:Building package 'challenge02' with the following arguments: {'ament_cmake_args': None, 'build_base': '/home/josea/ros2_ws/src/build/challenge02', 'catkin_cmake_args': None, 'catkin_skip_building_tests': False, 'cmake_args': None, 'cmake_clean_cache': False, 'cmake_clean_first': False, 'cmake_force_configure': False, 'cmake_target': None, 'cmake_target_skip_unavailable': False, 'install_base': '/home/josea/ros2_ws/src/install/challenge02', 'merge_install': False, 'path': '/home/josea/ros2_ws/src/challenge02', 'symlink_install': False, 'test_result_base': None}
[0.831s] Level 5:colcon.colcon_core.verb:set package 'custom_interfaces' build argument 'cmake_args' from command line to 'None'
[0.831s] Level 5:colcon.colcon_core.verb:set package 'custom_interfaces' build argument 'cmake_target' from command line to 'None'
[0.831s] Level 5:colcon.colcon_core.verb:set package 'custom_interfaces' build argument 'cmake_target_skip_unavailable' from command line to 'False'
[0.831s] Level 5:colcon.colcon_core.verb:set package 'custom_interfaces' build argument 'cmake_clean_cache' from command line to 'False'
[0.831s] Level 5:colcon.colcon_core.verb:set package 'custom_interfaces' build argument 'cmake_clean_first' from command line to 'False'
[0.831s] Level 5:colcon.colcon_core.verb:set package 'custom_interfaces' build argument 'cmake_force_configure' from command line to 'False'
[0.831s] Level 5:colcon.colcon_core.verb:set package 'custom_interfaces' build argument 'ament_cmake_args' from command line to 'None'
[0.831s] Level 5:colcon.colcon_core.verb:set package 'custom_interfaces' build argument 'catkin_cmake_args' from command line to 'None'
[0.831s] Level 5:colcon.colcon_core.verb:set package 'custom_interfaces' build argument 'catkin_skip_building_tests' from command line to 'False'
[0.831s] DEBUG:colcon.colcon_core.verb:Building package 'custom_interfaces' with the following arguments: {'ament_cmake_args': None, 'build_base': '/home/josea/ros2_ws/src/build/custom_interfaces', 'catkin_cmake_args': None, 'catkin_skip_building_tests': False, 'cmake_args': None, 'cmake_clean_cache': False, 'cmake_clean_first': False, 'cmake_force_configure': False, 'cmake_target': None, 'cmake_target_skip_unavailable': False, 'install_base': '/home/josea/ros2_ws/src/install/custom_interfaces', 'merge_install': False, 'path': '/home/josea/ros2_ws/src/custom_interfaces', 'symlink_install': False, 'test_result_base': None}
[0.833s] Level 5:colcon.colcon_core.verb:set package 'motor_control' build argument 'cmake_args' from command line to 'None'
[0.833s] Level 5:colcon.colcon_core.verb:set package 'motor_control' build argument 'cmake_target' from command line to 'None'
[0.833s] Level 5:colcon.colcon_core.verb:set package 'motor_control' build argument 'cmake_target_skip_unavailable' from command line to 'False'
[0.833s] Level 5:colcon.colcon_core.verb:set package 'motor_control' build argument 'cmake_clean_cache' from command line to 'False'
[0.833s] Level 5:colcon.colcon_core.verb:set package 'motor_control' build argument 'cmake_clean_first' from command line to 'False'
[0.833s] Level 5:colcon.colcon_core.verb:set package 'motor_control' build argument 'cmake_force_configure' from command line to 'False'
[0.833s] Level 5:colcon.colcon_core.verb:set package 'motor_control' build argument 'ament_cmake_args' from command line to 'None'
[0.833s] Level 5:colcon.colcon_core.verb:set package 'motor_control' build argument 'catkin_cmake_args' from command line to 'None'
[0.833s] Level 5:colcon.colcon_core.verb:set package 'motor_control' build argument 'catkin_skip_building_tests' from command line to 'False'
[0.833s] DEBUG:colcon.colcon_core.verb:Building package 'motor_control' with the following arguments: {'ament_cmake_args': None, 'build_base': '/home/josea/ros2_ws/src/build/motor_control', 'catkin_cmake_args': None, 'catkin_skip_building_tests': False, 'cmake_args': None, 'cmake_clean_cache': False, 'cmake_clean_first': False, 'cmake_force_configure': False, 'cmake_target': None, 'cmake_target_skip_unavailable': False, 'install_base': '/home/josea/ros2_ws/src/install/motor_control', 'merge_install': False, 'path': '/home/josea/ros2_ws/src/motor_control', 'symlink_install': False, 'test_result_base': None}
[0.834s] Level 5:colcon.colcon_core.verb:set package 'my_pack_clas' build argument 'cmake_args' from command line to 'None'
[0.834s] Level 5:colcon.colcon_core.verb:set package 'my_pack_clas' build argument 'cmake_target' from command line to 'None'
[0.834s] Level 5:colcon.colcon_core.verb:set package 'my_pack_clas' build argument 'cmake_target_skip_unavailable' from command line to 'False'
[0.834s] Level 5:colcon.colcon_core.verb:set package 'my_pack_clas' build argument 'cmake_clean_cache' from command line to 'False'
[0.835s] Level 5:colcon.colcon_core.verb:set package 'my_pack_clas' build argument 'cmake_clean_first' from command line to 'False'
[0.835s] Level 5:colcon.colcon_core.verb:set package 'my_pack_clas' build argument 'cmake_force_configure' from command line to 'False'
[0.835s] Level 5:colcon.colcon_core.verb:set package 'my_pack_clas' build argument 'ament_cmake_args' from command line to 'None'
[0.835s] Level 5:colcon.colcon_core.verb:set package 'my_pack_clas' build argument 'catkin_cmake_args' from command line to 'None'
[0.835s] Level 5:colcon.colcon_core.verb:set package 'my_pack_clas' build argument 'catkin_skip_building_tests' from command line to 'False'
[0.835s] DEBUG:colcon.colcon_core.verb:Building package 'my_pack_clas' with the following arguments: {'ament_cmake_args': None, 'build_base': '/home/josea/ros2_ws/src/build/my_pack_clas', 'catkin_cmake_args': None, 'catkin_skip_building_tests': False, 'cmake_args': None, 'cmake_clean_cache': False, 'cmake_clean_first': False, 'cmake_force_configure': False, 'cmake_target': None, 'cmake_target_skip_unavailable': False, 'install_base': '/home/josea/ros2_ws/src/install/my_pack_clas', 'merge_install': False, 'path': '/home/josea/ros2_ws/src/my_pack_clas', 'symlink_install': False, 'test_result_base': None}
[0.835s] INFO:colcon.colcon_core.executor:Executing jobs using 'parallel' executor
[0.840s] DEBUG:colcon.colcon_parallel_executor.executor.parallel:run_until_complete
[0.841s] INFO:colcon.colcon_ros.task.ament_python.build:Building ROS package in '/home/josea/ros2_ws/src/basic_comms' with build type 'ament_python'
[0.842s] Level 1:colcon.colcon_core.shell:create_environment_hook('basic_comms', 'ament_prefix_path')
[0.850s] INFO:colcon.colcon_core.plugin_system:Skipping extension 'colcon_core.shell.bat': Not used on non-Windows systems
[0.851s] INFO:colcon.colcon_core.shell:Creating environment hook '/home/josea/ros2_ws/src/install/basic_comms/share/basic_comms/hook/ament_prefix_path.ps1'
[0.852s] INFO:colcon.colcon_core.shell:Creating environment descriptor '/home/josea/ros2_ws/src/install/basic_comms/share/basic_comms/hook/ament_prefix_path.dsv'
[0.854s] INFO:colcon.colcon_core.shell:Creating environment hook '/home/josea/ros2_ws/src/install/basic_comms/share/basic_comms/hook/ament_prefix_path.sh'
[0.857s] INFO:colcon.colcon_core.shell:Skip shell extension 'powershell' for command environment: Not usable outside of PowerShell
[0.857s] DEBUG:colcon.colcon_core.shell:Skip shell extension 'dsv' for command environment
[0.872s] INFO:colcon.colcon_ros.task.ament_python.build:Building ROS package in '/home/josea/ros2_ws/src/challenge01' with build type 'ament_python'
[0.872s] Level 1:colcon.colcon_core.shell:create_environment_hook('challenge01', 'ament_prefix_path')
[0.873s] INFO:colcon.colcon_core.shell:Creating environment hook '/home/josea/ros2_ws/src/install/challenge01/share/challenge01/hook/ament_prefix_path.ps1'
[0.879s] INFO:colcon.colcon_core.shell:Creating environment descriptor '/home/josea/ros2_ws/src/install/challenge01/share/challenge01/hook/ament_prefix_path.dsv'
[0.881s] INFO:colcon.colcon_core.shell:Creating environment hook '/home/josea/ros2_ws/src/install/challenge01/share/challenge01/hook/ament_prefix_path.sh'
[0.885s] INFO:colcon.colcon_core.shell:Skip shell extension 'powershell' for command environment: Not usable outside of PowerShell
[0.885s] DEBUG:colcon.colcon_core.shell:Skip shell extension 'dsv' for command environment
[1.581s] INFO:colcon.colcon_core.task.python.build:Building Python package in '/home/josea/ros2_ws/src/basic_comms'
[1.582s] INFO:colcon.colcon_core.shell:Skip shell extension 'powershell' for command environment: Not usable outside of PowerShell
[1.582s] DEBUG:colcon.colcon_core.shell:Skip shell extension 'dsv' for command environment
[2.168s] INFO:colcon.colcon_core.task.python.build:Building Python package in '/home/josea/ros2_ws/src/challenge01'
[2.168s] INFO:colcon.colcon_core.shell:Skip shell extension 'powershell' for command environment: Not usable outside of PowerShell
[2.168s] DEBUG:colcon.colcon_core.shell:Skip shell extension 'dsv' for command environment
[3.240s] DEBUG:colcon.colcon_core.event_handler.log_command:Invoking command in '/home/josea/ros2_ws/src/basic_comms': PYTHONPATH=/home/josea/ros2_ws/src/build/basic_comms/prefix_override:/usr/lib/python3/dist-packages/colcon_core/task/python/colcon_distutils_commands:/home/josea/ros2_ws/src/install/basic_comms/lib/python3.10/site-packages:${PYTHONPATH} /usr/bin/python3 -W ignore:setup.py install is deprecated -W ignore:easy_install command is deprecated setup.py egg_info --egg-base ../build/basic_comms build --build-base /home/josea/ros2_ws/src/build/basic_comms/build install --record /home/josea/ros2_ws/src/build/basic_comms/install.log --single-version-externally-managed install_data
[3.259s] DEBUG:colcon.colcon_core.event_handler.log_command:Invoking command in '/home/josea/ros2_ws/src/challenge01': PYTHONPATH=/home/josea/ros2_ws/src/build/challenge01/prefix_override:/usr/lib/python3/dist-packages/colcon_core/task/python/colcon_distutils_commands:/home/josea/ros2_ws/src/install/challenge01/lib/python3.10/site-packages:${PYTHONPATH} /usr/bin/python3 -W ignore:setup.py install is deprecated -W ignore:easy_install command is deprecated setup.py egg_info --egg-base ../build/challenge01 build --build-base /home/josea/ros2_ws/src/build/challenge01/build install --record /home/josea/ros2_ws/src/build/challenge01/install.log --single-version-externally-managed install_data
[4.259s] DEBUG:colcon.colcon_core.event_handler.log_command:Invoked command in '/home/josea/ros2_ws/src/challenge01' returned '0': PYTHONPATH=/home/josea/ros2_ws/src/build/challenge01/prefix_override:/usr/lib/python3/dist-packages/colcon_core/task/python/colcon_distutils_commands:/home/josea/ros2_ws/src/install/challenge01/lib/python3.10/site-packages:${PYTHONPATH} /usr/bin/python3 -W ignore:setup.py install is deprecated -W ignore:easy_install command is deprecated setup.py egg_info --egg-base ../build/challenge01 build --build-base /home/josea/ros2_ws/src/build/challenge01/build install --record /home/josea/ros2_ws/src/build/challenge01/install.log --single-version-externally-managed install_data
[4.267s] Level 1:colcon.colcon_core.environment:checking '/home/josea/ros2_ws/src/install/challenge01' for CMake module files
[4.268s] Level 1:colcon.colcon_core.environment:checking '/home/josea/ros2_ws/src/install/challenge01' for CMake config files
[4.270s] Level 1:colcon.colcon_core.environment:checking '/home/josea/ros2_ws/src/install/challenge01/lib'
[4.271s] Level 1:colcon.colcon_core.environment:checking '/home/josea/ros2_ws/src/install/challenge01/bin'
[4.271s] Level 1:colcon.colcon_core.environment:checking '/home/josea/ros2_ws/src/install/challenge01/lib/pkgconfig/challenge01.pc'
[4.272s] Level 1:colcon.colcon_core.environment:checking '/home/josea/ros2_ws/src/install/challenge01/lib/python3.10/site-packages'
[4.272s] Level 1:colcon.colcon_core.shell:create_environment_hook('challenge01', 'pythonpath')
[4.273s] INFO:colcon.colcon_core.shell:Creating environment hook '/home/josea/ros2_ws/src/install/challenge01/share/challenge01/hook/pythonpath.ps1'
[4.275s] INFO:colcon.colcon_core.shell:Creating environment descriptor '/home/josea/ros2_ws/src/install/challenge01/share/challenge01/hook/pythonpath.dsv'
[4.276s] INFO:colcon.colcon_core.shell:Creating environment hook '/home/josea/ros2_ws/src/install/challenge01/share/challenge01/hook/pythonpath.sh'
[4.278s] Level 1:colcon.colcon_core.environment:checking '/home/josea/ros2_ws/src/install/challenge01/bin'
[4.278s] Level 1:colcon.colcon_core.environment:create_environment_scripts_only(challenge01)
[4.279s] INFO:colcon.colcon_core.shell:Creating package script '/home/josea/ros2_ws/src/install/challenge01/share/challenge01/package.ps1'
[4.282s] INFO:colcon.colcon_core.shell:Creating package descriptor '/home/josea/ros2_ws/src/install/challenge01/share/challenge01/package.dsv'
[4.283s] INFO:colcon.colcon_core.shell:Creating package script '/home/josea/ros2_ws/src/install/challenge01/share/challenge01/package.sh'
[4.286s] INFO:colcon.colcon_core.shell:Creating package script '/home/josea/ros2_ws/src/install/challenge01/share/challenge01/package.bash'
[4.288s] INFO:colcon.colcon_core.shell:Creating package script '/home/josea/ros2_ws/src/install/challenge01/share/challenge01/package.zsh'
[4.290s] Level 1:colcon.colcon_core.environment:create_file_with_runtime_dependencies(/home/josea/ros2_ws/src/install/challenge01/share/colcon-core/packages/challenge01)
[4.292s] INFO:colcon.colcon_ros.task.ament_python.build:Building ROS package in '/home/josea/ros2_ws/src/challenge02' with build type 'ament_python'
[4.293s] Level 1:colcon.colcon_core.shell:create_environment_hook('challenge02', 'ament_prefix_path')
[4.293s] INFO:colcon.colcon_core.shell:Creating environment hook '/home/josea/ros2_ws/src/install/challenge02/share/challenge02/hook/ament_prefix_path.ps1'
[4.294s] INFO:colcon.colcon_core.shell:Creating environment descriptor '/home/josea/ros2_ws/src/install/challenge02/share/challenge02/hook/ament_prefix_path.dsv'
[4.295s] INFO:colcon.colcon_core.shell:Creating environment hook '/home/josea/ros2_ws/src/install/challenge02/share/challenge02/hook/ament_prefix_path.sh'
[4.297s] INFO:colcon.colcon_core.shell:Skip shell extension 'powershell' for command environment: Not usable outside of PowerShell
[4.297s] DEBUG:colcon.colcon_core.shell:Skip shell extension 'dsv' for command environment
[4.311s] Level 1:colcon.colcon_core.environment:checking '/home/josea/ros2_ws/src/install/basic_comms' for CMake module files
[4.313s] DEBUG:colcon.colcon_core.event_handler.log_command:Invoked command in '/home/josea/ros2_ws/src/basic_comms' returned '0': PYTHONPATH=/home/josea/ros2_ws/src/build/basic_comms/prefix_override:/usr/lib/python3/dist-packages/colcon_core/task/python/colcon_distutils_commands:/home/josea/ros2_ws/src/install/basic_comms/lib/python3.10/site-packages:${PYTHONPATH} /usr/bin/python3 -W ignore:setup.py install is deprecated -W ignore:easy_install command is deprecated setup.py egg_info --egg-base ../build/basic_comms build --build-base /home/josea/ros2_ws/src/build/basic_comms/build install --record /home/josea/ros2_ws/src/build/basic_comms/install.log --single-version-externally-managed install_data
[4.313s] Level 1:colcon.colcon_core.environment:checking '/home/josea/ros2_ws/src/install/basic_comms' for CMake config files
[4.315s] Level 1:colcon.colcon_core.environment:checking '/home/josea/ros2_ws/src/install/basic_comms/lib'
[4.317s] Level 1:colcon.colcon_core.environment:checking '/home/josea/ros2_ws/src/install/basic_comms/bin'
[4.319s] Level 1:colcon.colcon_core.environment:checking '/home/josea/ros2_ws/src/install/basic_comms/lib/pkgconfig/basic_comms.pc'
[4.319s] Level 1:colcon.colcon_core.environment:checking '/home/josea/ros2_ws/src/install/basic_comms/lib/python3.10/site-packages'
[4.320s] Level 1:colcon.colcon_core.shell:create_environment_hook('basic_comms', 'pythonpath')
[4.321s] INFO:colcon.colcon_core.shell:Creating environment hook '/home/josea/ros2_ws/src/install/basic_comms/share/basic_comms/hook/pythonpath.ps1'
[4.323s] INFO:colcon.colcon_core.shell:Creating environment descriptor '/home/josea/ros2_ws/src/install/basic_comms/share/basic_comms/hook/pythonpath.dsv'
[4.327s] INFO:colcon.colcon_core.shell:Creating environment hook '/home/josea/ros2_ws/src/install/basic_comms/share/basic_comms/hook/pythonpath.sh'
[4.329s] Level 1:colcon.colcon_core.environment:checking '/home/josea/ros2_ws/src/install/basic_comms/bin'
[4.329s] Level 1:colcon.colcon_core.environment:create_environment_scripts_only(basic_comms)
[4.330s] INFO:colcon.colcon_core.shell:Creating package script '/home/josea/ros2_ws/src/install/basic_comms/share/basic_comms/package.ps1'
[4.331s] INFO:colcon.colcon_core.shell:Creating package descriptor '/home/josea/ros2_ws/src/install/basic_comms/share/basic_comms/package.dsv'
[4.332s] INFO:colcon.colcon_core.shell:Creating package script '/home/josea/ros2_ws/src/install/basic_comms/share/basic_comms/package.sh'
[4.334s] INFO:colcon.colcon_core.shell:Creating package script '/home/josea/ros2_ws/src/install/basic_comms/share/basic_comms/package.bash'
[4.335s] INFO:colcon.colcon_core.shell:Creating package script '/home/josea/ros2_ws/src/install/basic_comms/share/basic_comms/package.zsh'
[4.336s] Level 1:colcon.colcon_core.environment:create_file_with_runtime_dependencies(/home/josea/ros2_ws/src/install/basic_comms/share/colcon-core/packages/basic_comms)
[4.338s] INFO:colcon.colcon_ros.task.ament_cmake.build:Building ROS package in '/home/josea/ros2_ws/src/custom_interfaces' with build type 'ament_cmake'
[4.338s] INFO:colcon.colcon_cmake.task.cmake.build:Building CMake package in '/home/josea/ros2_ws/src/custom_interfaces'
[4.340s] INFO:colcon.colcon_core.shell:Skip shell extension 'powershell' for command environment: Not usable outside of PowerShell
[4.340s] DEBUG:colcon.colcon_core.shell:Skip shell extension 'dsv' for command environment
[4.956s] INFO:colcon.colcon_core.task.python.build:Building Python package in '/home/josea/ros2_ws/src/challenge02'
[4.957s] INFO:colcon.colcon_core.shell:Skip shell extension 'powershell' for command environment: Not usable outside of PowerShell
[4.957s] DEBUG:colcon.colcon_core.shell:Skip shell extension 'dsv' for command environment
[4.981s] DEBUG:colcon.colcon_core.event_handler.log_command:Invoking command in '/home/josea/ros2_ws/src/build/custom_interfaces': CMAKE_PREFIX_PATH=${CMAKE_PREFIX_PATH}:/home/josea/ros2_ws/src/install/my_pack_clas:/home/josea/ros2_ws/src/install/motor_control:/home/josea/ros2_ws/src/install/challenge02:/home/josea/ros2_ws/src/install/challenge01:/home/josea/ros2_ws/src/install/basic_comms:/home/josea/ros2_ws/install/my_pack_clas:/home/josea/ros2_ws/install/motor_control:/home/josea/ros2_ws/install/challenge02:/home/josea/ros2_ws/install/challenge01:/home/josea/ros2_ws/install/basic_comms:/home/josea/ros2_ws/install/Challenge02:/opt/ros/humble /usr/bin/cmake --build /home/josea/ros2_ws/src/build/custom_interfaces -- -j2 -l2
[6.604s] DEBUG:colcon.colcon_core.event_handler.log_command:Invoking command in '/home/josea/ros2_ws/src/challenge02': PYTHONPATH=/home/josea/ros2_ws/src/build/challenge02/prefix_override:/usr/lib/python3/dist-packages/colcon_core/task/python/colcon_distutils_commands:/home/josea/ros2_ws/src/install/challenge02/lib/python3.10/site-packages:${PYTHONPATH} /usr/bin/python3 -W ignore:setup.py install is deprecated -W ignore:easy_install command is deprecated setup.py egg_info --egg-base ../build/challenge02 build --build-base /home/josea/ros2_ws/src/build/challenge02/build install --record /home/josea/ros2_ws/src/build/challenge02/install.log --single-version-externally-managed install_data
[6.776s] DEBUG:colcon.colcon_core.event_handler.log_command:Invoked command in '/home/josea/ros2_ws/src/build/custom_interfaces' returned '0': CMAKE_PREFIX_PATH=${CMAKE_PREFIX_PATH}:/home/josea/ros2_ws/src/install/my_pack_clas:/home/josea/ros2_ws/src/install/motor_control:/home/josea/ros2_ws/src/install/challenge02:/home/josea/ros2_ws/src/install/challenge01:/home/josea/ros2_ws/src/install/basic_comms:/home/josea/ros2_ws/install/my_pack_clas:/home/josea/ros2_ws/install/motor_control:/home/josea/ros2_ws/install/challenge02:/home/josea/ros2_ws/install/challenge01:/home/josea/ros2_ws/install/basic_comms:/home/josea/ros2_ws/install/Challenge02:/opt/ros/humble /usr/bin/cmake --build /home/josea/ros2_ws/src/build/custom_interfaces -- -j2 -l2
[6.796s] DEBUG:colcon.colcon_core.event_handler.log_command:Invoking command in '/home/josea/ros2_ws/src/build/custom_interfaces': CMAKE_PREFIX_PATH=${CMAKE_PREFIX_PATH}:/home/josea/ros2_ws/src/install/my_pack_clas:/home/josea/ros2_ws/src/install/motor_control:/home/josea/ros2_ws/src/install/challenge02:/home/josea/ros2_ws/src/install/challenge01:/home/josea/ros2_ws/src/install/basic_comms:/home/josea/ros2_ws/install/my_pack_clas:/home/josea/ros2_ws/install/motor_control:/home/josea/ros2_ws/install/challenge02:/home/josea/ros2_ws/install/challenge01:/home/josea/ros2_ws/install/basic_comms:/home/josea/ros2_ws/install/Challenge02:/opt/ros/humble /usr/bin/cmake --install /home/josea/ros2_ws/src/build/custom_interfaces
[7.033s] Level 1:colcon.colcon_core.environment:create_environment_scripts_only(custom_interfaces)
[7.040s] Level 1:colcon.colcon_core.environment:checking '/home/josea/ros2_ws/src/install/custom_interfaces' for CMake module files
[7.040s] DEBUG:colcon.colcon_core.event_handler.log_command:Invoked command in '/home/josea/ros2_ws/src/build/custom_interfaces' returned '0': CMAKE_PREFIX_PATH=${CMAKE_PREFIX_PATH}:/home/josea/ros2_ws/src/install/my_pack_clas:/home/josea/ros2_ws/src/install/motor_control:/home/josea/ros2_ws/src/install/challenge02:/home/josea/ros2_ws/src/install/challenge01:/home/josea/ros2_ws/src/install/basic_comms:/home/josea/ros2_ws/install/my_pack_clas:/home/josea/ros2_ws/install/motor_control:/home/josea/ros2_ws/install/challenge02:/home/josea/ros2_ws/install/challenge01:/home/josea/ros2_ws/install/basic_comms:/home/josea/ros2_ws/install/Challenge02:/opt/ros/humble /usr/bin/cmake --install /home/josea/ros2_ws/src/build/custom_interfaces
[7.044s] Level 1:colcon.colcon_core.environment:checking '/home/josea/ros2_ws/src/install/custom_interfaces' for CMake config files
[7.045s] Level 1:colcon.colcon_core.shell:create_environment_hook('custom_interfaces', 'cmake_prefix_path')
[7.046s] INFO:colcon.colcon_core.shell:Creating environment hook '/home/josea/ros2_ws/src/install/custom_interfaces/share/custom_interfaces/hook/cmake_prefix_path.ps1'
[7.048s] INFO:colcon.colcon_core.shell:Creating environment descriptor '/home/josea/ros2_ws/src/install/custom_interfaces/share/custom_interfaces/hook/cmake_prefix_path.dsv'
[7.049s] INFO:colcon.colcon_core.shell:Creating environment hook '/home/josea/ros2_ws/src/install/custom_interfaces/share/custom_interfaces/hook/cmake_prefix_path.sh'
[7.051s] Level 1:colcon.colcon_core.environment:checking '/home/josea/ros2_ws/src/install/custom_interfaces/lib'
[7.051s] Level 1:colcon.colcon_core.shell:create_environment_hook('custom_interfaces', 'ld_library_path_lib')
[7.051s] INFO:colcon.colcon_core.shell:Creating environment hook '/home/josea/ros2_ws/src/install/custom_interfaces/share/custom_interfaces/hook/ld_library_path_lib.ps1'
[7.053s] INFO:colcon.colcon_core.shell:Creating environment descriptor '/home/josea/ros2_ws/src/install/custom_interfaces/share/custom_interfaces/hook/ld_library_path_lib.dsv'
[7.055s] INFO:colcon.colcon_core.shell:Creating environment hook '/home/josea/ros2_ws/src/install/custom_interfaces/share/custom_interfaces/hook/ld_library_path_lib.sh'
[7.056s] Level 1:colcon.colcon_core.environment:checking '/home/josea/ros2_ws/src/install/custom_interfaces/bin'
[7.057s] Level 1:colcon.colcon_core.environment:checking '/home/josea/ros2_ws/src/install/custom_interfaces/lib/pkgconfig/custom_interfaces.pc'
[7.057s] Level 1:colcon.colcon_core.environment:checking '/home/josea/ros2_ws/src/install/custom_interfaces/lib/python3.10/site-packages'
[7.058s] Level 1:colcon.colcon_core.environment:checking '/home/josea/ros2_ws/src/install/custom_interfaces/bin'
[7.059s] INFO:colcon.colcon_core.shell:Creating package script '/home/josea/ros2_ws/src/install/custom_interfaces/share/custom_interfaces/package.ps1'
[7.061s] INFO:colcon.colcon_core.shell:Creating package descriptor '/home/josea/ros2_ws/src/install/custom_interfaces/share/custom_interfaces/package.dsv'
[7.063s] INFO:colcon.colcon_core.shell:Creating package script '/home/josea/ros2_ws/src/install/custom_interfaces/share/custom_interfaces/package.sh'
[7.065s] INFO:colcon.colcon_core.shell:Creating package script '/home/josea/ros2_ws/src/install/custom_interfaces/share/custom_interfaces/package.bash'
[7.066s] INFO:colcon.colcon_core.shell:Creating package script '/home/josea/ros2_ws/src/install/custom_interfaces/share/custom_interfaces/package.zsh'
[7.068s] Level 1:colcon.colcon_core.environment:create_file_with_runtime_dependencies(/home/josea/ros2_ws/src/install/custom_interfaces/share/colcon-core/packages/custom_interfaces)
[7.070s] Level 1:colcon.colcon_core.environment:create_environment_scripts_only(custom_interfaces)
[7.071s] Level 1:colcon.colcon_core.environment:checking '/home/josea/ros2_ws/src/install/custom_interfaces' for CMake module files
[7.073s] Level 1:colcon.colcon_core.environment:checking '/home/josea/ros2_ws/src/install/custom_interfaces' for CMake config files
[7.074s] Level 1:colcon.colcon_core.shell:create_environment_hook('custom_interfaces', 'cmake_prefix_path')
[7.075s] INFO:colcon.colcon_core.shell:Creating environment hook '/home/josea/ros2_ws/src/install/custom_interfaces/share/custom_interfaces/hook/cmake_prefix_path.ps1'
[7.077s] INFO:colcon.colcon_core.shell:Creating environment descriptor '/home/josea/ros2_ws/src/install/custom_interfaces/share/custom_interfaces/hook/cmake_prefix_path.dsv'
[7.078s] INFO:colcon.colcon_core.shell:Creating environment hook '/home/josea/ros2_ws/src/install/custom_interfaces/share/custom_interfaces/hook/cmake_prefix_path.sh'
[7.080s] Level 1:colcon.colcon_core.environment:checking '/home/josea/ros2_ws/src/install/custom_interfaces/lib'
[7.080s] Level 1:colcon.colcon_core.shell:create_environment_hook('custom_interfaces', 'ld_library_path_lib')
[7.081s] INFO:colcon.colcon_core.shell:Creating environment hook '/home/josea/ros2_ws/src/install/custom_interfaces/share/custom_interfaces/hook/ld_library_path_lib.ps1'
[7.083s] INFO:colcon.colcon_core.shell:Creating environment descriptor '/home/josea/ros2_ws/src/install/custom_interfaces/share/custom_interfaces/hook/ld_library_path_lib.dsv'
[7.084s] INFO:colcon.colcon_core.shell:Creating environment hook '/home/josea/ros2_ws/src/install/custom_interfaces/share/custom_interfaces/hook/ld_library_path_lib.sh'
[7.085s] Level 1:colcon.colcon_core.environment:checking '/home/josea/ros2_ws/src/install/custom_interfaces/bin'
[7.086s] Level 1:colcon.colcon_core.environment:checking '/home/josea/ros2_ws/src/install/custom_interfaces/lib/pkgconfig/custom_interfaces.pc'
[7.087s] Level 1:colcon.colcon_core.environment:checking '/home/josea/ros2_ws/src/install/custom_interfaces/lib/python3.10/site-packages'
[7.087s] Level 1:colcon.colcon_core.environment:checking '/home/josea/ros2_ws/src/install/custom_interfaces/bin'
[7.089s] INFO:colcon.colcon_core.shell:Creating package script '/home/josea/ros2_ws/src/install/custom_interfaces/share/custom_interfaces/package.ps1'
[7.090s] INFO:colcon.colcon_core.shell:Creating package descriptor '/home/josea/ros2_ws/src/install/custom_interfaces/share/custom_interfaces/package.dsv'
[7.092s] INFO:colcon.colcon_core.shell:Creating package script '/home/josea/ros2_ws/src/install/custom_interfaces/share/custom_interfaces/package.sh'
[7.094s] INFO:colcon.colcon_core.shell:Creating package script '/home/josea/ros2_ws/src/install/custom_interfaces/share/custom_interfaces/package.bash'
[7.095s] INFO:colcon.colcon_core.shell:Creating package script '/home/josea/ros2_ws/src/install/custom_interfaces/share/custom_interfaces/package.zsh'
[7.097s] Level 1:colcon.colcon_core.environment:create_file_with_runtime_dependencies(/home/josea/ros2_ws/src/install/custom_interfaces/share/colcon-core/packages/custom_interfaces)
[7.100s] INFO:colcon.colcon_ros.task.ament_python.build:Building ROS package in '/home/josea/ros2_ws/src/motor_control' with build type 'ament_python'
[7.101s] Level 1:colcon.colcon_core.shell:create_environment_hook('motor_control', 'ament_prefix_path')
[7.102s] INFO:colcon.colcon_core.shell:Creating environment hook '/home/josea/ros2_ws/src/install/motor_control/share/motor_control/hook/ament_prefix_path.ps1'
[7.103s] INFO:colcon.colcon_core.shell:Creating environment descriptor '/home/josea/ros2_ws/src/install/motor_control/share/motor_control/hook/ament_prefix_path.dsv'
[7.104s] INFO:colcon.colcon_core.shell:Creating environment hook '/home/josea/ros2_ws/src/install/motor_control/share/motor_control/hook/ament_prefix_path.sh'
[7.106s] INFO:colcon.colcon_core.shell:Skip shell extension 'powershell' for command environment: Not usable outside of PowerShell
[7.107s] DEBUG:colcon.colcon_core.shell:Skip shell extension 'dsv' for command environment
[7.933s] INFO:colcon.colcon_core.task.python.build:Building Python package in '/home/josea/ros2_ws/src/motor_control'
[7.934s] INFO:colcon.colcon_core.shell:Skip shell extension 'powershell' for command environment: Not usable outside of PowerShell
[7.934s] DEBUG:colcon.colcon_core.shell:Skip shell extension 'dsv' for command environment
[7.957s] Level 1:colcon.colcon_core.environment:checking '/home/josea/ros2_ws/src/install/challenge02' for CMake module files
[7.959s] DEBUG:colcon.colcon_core.event_handler.log_command:Invoked command in '/home/josea/ros2_ws/src/challenge02' returned '0': PYTHONPATH=/home/josea/ros2_ws/src/build/challenge02/prefix_override:/usr/lib/python3/dist-packages/colcon_core/task/python/colcon_distutils_commands:/home/josea/ros2_ws/src/install/challenge02/lib/python3.10/site-packages:${PYTHONPATH} /usr/bin/python3 -W ignore:setup.py install is deprecated -W ignore:easy_install command is deprecated setup.py egg_info --egg-base ../build/challenge02 build --build-base /home/josea/ros2_ws/src/build/challenge02/build install --record /home/josea/ros2_ws/src/build/challenge02/install.log --single-version-externally-managed install_data
[7.959s] Level 1:colcon.colcon_core.environment:checking '/home/josea/ros2_ws/src/install/challenge02' for CMake config files
[7.961s] Level 1:colcon.colcon_core.environment:checking '/home/josea/ros2_ws/src/install/challenge02/lib'
[7.961s] Level 1:colcon.colcon_core.environment:checking '/home/josea/ros2_ws/src/install/challenge02/bin'
[7.961s] Level 1:colcon.colcon_core.environment:checking '/home/josea/ros2_ws/src/install/challenge02/lib/pkgconfig/challenge02.pc'
[7.962s] Level 1:colcon.colcon_core.environment:checking '/home/josea/ros2_ws/src/install/challenge02/lib/python3.10/site-packages'
[7.962s] Level 1:colcon.colcon_core.shell:create_environment_hook('challenge02', 'pythonpath')
[7.962s] INFO:colcon.colcon_core.shell:Creating environment hook '/home/josea/ros2_ws/src/install/challenge02/share/challenge02/hook/pythonpath.ps1'
[7.964s] INFO:colcon.colcon_core.shell:Creating environment descriptor '/home/josea/ros2_ws/src/install/challenge02/share/challenge02/hook/pythonpath.dsv'
[7.965s] INFO:colcon.colcon_core.shell:Creating environment hook '/home/josea/ros2_ws/src/install/challenge02/share/challenge02/hook/pythonpath.sh'
[7.967s] Level 1:colcon.colcon_core.environment:checking '/home/josea/ros2_ws/src/install/challenge02/bin'
[7.968s] Level 1:colcon.colcon_core.environment:create_environment_scripts_only(challenge02)
[7.969s] INFO:colcon.colcon_core.shell:Creating package script '/home/josea/ros2_ws/src/install/challenge02/share/challenge02/package.ps1'
[7.970s] INFO:colcon.colcon_core.shell:Creating package descriptor '/home/josea/ros2_ws/src/install/challenge02/share/challenge02/package.dsv'
[7.972s] INFO:colcon.colcon_core.shell:Creating package script '/home/josea/ros2_ws/src/install/challenge02/share/challenge02/package.sh'
[7.974s] INFO:colcon.colcon_core.shell:Creating package script '/home/josea/ros2_ws/src/install/challenge02/share/challenge02/package.bash'
[7.976s] INFO:colcon.colcon_core.shell:Creating package script '/home/josea/ros2_ws/src/install/challenge02/share/challenge02/package.zsh'
[7.977s] Level 1:colcon.colcon_core.environment:create_file_with_runtime_dependencies(/home/josea/ros2_ws/src/install/challenge02/share/colcon-core/packages/challenge02)
[7.979s] INFO:colcon.colcon_ros.task.ament_python.build:Building ROS package in '/home/josea/ros2_ws/src/my_pack_clas' with build type 'ament_python'
[7.980s] Level 1:colcon.colcon_core.shell:create_environment_hook('my_pack_clas', 'ament_prefix_path')
[7.980s] INFO:colcon.colcon_core.shell:Creating environment hook '/home/josea/ros2_ws/src/install/my_pack_clas/share/my_pack_clas/hook/ament_prefix_path.ps1'
[7.983s] INFO:colcon.colcon_core.shell:Creating environment descriptor '/home/josea/ros2_ws/src/install/my_pack_clas/share/my_pack_clas/hook/ament_prefix_path.dsv'
[7.985s] INFO:colcon.colcon_core.shell:Creating environment hook '/home/josea/ros2_ws/src/install/my_pack_clas/share/my_pack_clas/hook/ament_prefix_path.sh'
[7.988s] INFO:colcon.colcon_core.shell:Skip shell extension 'powershell' for command environment: Not usable outside of PowerShell
[7.988s] DEBUG:colcon.colcon_core.shell:Skip shell extension 'dsv' for command environment
[8.885s] INFO:colcon.colcon_core.task.python.build:Building Python package in '/home/josea/ros2_ws/src/my_pack_clas'
[8.886s] INFO:colcon.colcon_core.shell:Skip shell extension 'powershell' for command environment: Not usable outside of PowerShell
[8.886s] DEBUG:colcon.colcon_core.shell:Skip shell extension 'dsv' for command environment
[9.085s] DEBUG:colcon.colcon_core.event_handler.log_command:Invoking command in '/home/josea/ros2_ws/src/motor_control': PYTHONPATH=/home/josea/ros2_ws/src/build/motor_control/prefix_override:/usr/lib/python3/dist-packages/colcon_core/task/python/colcon_distutils_commands:/home/josea/ros2_ws/src/install/motor_control/lib/python3.10/site-packages:${PYTHONPATH} /usr/bin/python3 -W ignore:setup.py install is deprecated -W ignore:easy_install command is deprecated setup.py egg_info --egg-base ../build/motor_control build --build-base /home/josea/ros2_ws/src/build/motor_control/build install --record /home/josea/ros2_ws/src/build/motor_control/install.log --single-version-externally-managed install_data
[10.039s] DEBUG:colcon.colcon_core.event_handler.log_command:Invoking command in '/home/josea/ros2_ws/src/my_pack_clas': PYTHONPATH=/home/josea/ros2_ws/src/build/my_pack_clas/prefix_override:/usr/lib/python3/dist-packages/colcon_core/task/python/colcon_distutils_commands:/home/josea/ros2_ws/src/install/my_pack_clas/lib/python3.10/site-packages:${PYTHONPATH} /usr/bin/python3 -W ignore:setup.py install is deprecated -W ignore:easy_install command is deprecated setup.py egg_info --egg-base ../build/my_pack_clas build --build-base /home/josea/ros2_ws/src/build/my_pack_clas/build install --record /home/josea/ros2_ws/src/build/my_pack_clas/install.log --single-version-externally-managed install_data
[10.202s] Level 1:colcon.colcon_core.environment:checking '/home/josea/ros2_ws/src/install/motor_control' for CMake module files
[10.204s] DEBUG:colcon.colcon_core.event_handler.log_command:Invoked command in '/home/josea/ros2_ws/src/motor_control' returned '0': PYTHONPATH=/home/josea/ros2_ws/src/build/motor_control/prefix_override:/usr/lib/python3/dist-packages/colcon_core/task/python/colcon_distutils_commands:/home/josea/ros2_ws/src/install/motor_control/lib/python3.10/site-packages:${PYTHONPATH} /usr/bin/python3 -W ignore:setup.py install is deprecated -W ignore:easy_install command is deprecated setup.py egg_info --egg-base ../build/motor_control build --build-base /home/josea/ros2_ws/src/build/motor_control/build install --record /home/josea/ros2_ws/src/build/motor_control/install.log --single-version-externally-managed install_data
[10.205s] Level 1:colcon.colcon_core.environment:checking '/home/josea/ros2_ws/src/install/motor_control' for CMake config files
[10.206s] Level 1:colcon.colcon_core.environment:checking '/home/josea/ros2_ws/src/install/motor_control/lib'
[10.207s] Level 1:colcon.colcon_core.environment:checking '/home/josea/ros2_ws/src/install/motor_control/bin'
[10.207s] Level 1:colcon.colcon_core.environment:checking '/home/josea/ros2_ws/src/install/motor_control/lib/pkgconfig/motor_control.pc'
[10.207s] Level 1:colcon.colcon_core.environment:checking '/home/josea/ros2_ws/src/install/motor_control/lib/python3.10/site-packages'
[10.208s] Level 1:colcon.colcon_core.shell:create_environment_hook('motor_control', 'pythonpath')
[10.208s] INFO:colcon.colcon_core.shell:Creating environment hook '/home/josea/ros2_ws/src/install/motor_control/share/motor_control/hook/pythonpath.ps1'
[10.210s] INFO:colcon.colcon_core.shell:Creating environment descriptor '/home/josea/ros2_ws/src/install/motor_control/share/motor_control/hook/pythonpath.dsv'
[10.212s] INFO:colcon.colcon_core.shell:Creating environment hook '/home/josea/ros2_ws/src/install/motor_control/share/motor_control/hook/pythonpath.sh'
[10.214s] Level 1:colcon.colcon_core.environment:checking '/home/josea/ros2_ws/src/install/motor_control/bin'
[10.215s] Level 1:colcon.colcon_core.environment:create_environment_scripts_only(motor_control)
[10.216s] INFO:colcon.colcon_core.shell:Creating package script '/home/josea/ros2_ws/src/install/motor_control/share/motor_control/package.ps1'
[10.218s] INFO:colcon.colcon_core.shell:Creating package descriptor '/home/josea/ros2_ws/src/install/motor_control/share/motor_control/package.dsv'
[10.220s] INFO:colcon.colcon_core.shell:Creating package script '/home/josea/ros2_ws/src/install/motor_control/share/motor_control/package.sh'
[10.221s] INFO:colcon.colcon_core.shell:Creating package script '/home/josea/ros2_ws/src/install/motor_control/share/motor_control/package.bash'
[10.223s] INFO:colcon.colcon_core.shell:Creating package script '/home/josea/ros2_ws/src/install/motor_control/share/motor_control/package.zsh'
[10.224s] Level 1:colcon.colcon_core.environment:create_file_with_runtime_dependencies(/home/josea/ros2_ws/src/install/motor_control/share/colcon-core/packages/motor_control)
[10.998s] Level 1:colcon.colcon_core.environment:checking '/home/josea/ros2_ws/src/install/my_pack_clas' for CMake module files
[11.001s] DEBUG:colcon.colcon_core.event_handler.log_command:Invoked command in '/home/josea/ros2_ws/src/my_pack_clas' returned '0': PYTHONPATH=/home/josea/ros2_ws/src/build/my_pack_clas/prefix_override:/usr/lib/python3/dist-packages/colcon_core/task/python/colcon_distutils_commands:/home/josea/ros2_ws/src/install/my_pack_clas/lib/python3.10/site-packages:${PYTHONPATH} /usr/bin/python3 -W ignore:setup.py install is deprecated -W ignore:easy_install command is deprecated setup.py egg_info --egg-base ../build/my_pack_clas build --build-base /home/josea/ros2_ws/src/build/my_pack_clas/build install --record /home/josea/ros2_ws/src/build/my_pack_clas/install.log --single-version-externally-managed install_data
[11.003s] Level 1:colcon.colcon_core.environment:checking '/home/josea/ros2_ws/src/install/my_pack_clas' for CMake config files
[11.007s] Level 1:colcon.colcon_core.environment:checking '/home/josea/ros2_ws/src/install/my_pack_clas/lib'
[11.007s] Level 1:colcon.colcon_core.environment:checking '/home/josea/ros2_ws/src/install/my_pack_clas/bin'
[11.007s] Level 1:colcon.colcon_core.environment:checking '/home/josea/ros2_ws/src/install/my_pack_clas/lib/pkgconfig/my_pack_clas.pc'
[11.008s] Level 1:colcon.colcon_core.environment:checking '/home/josea/ros2_ws/src/install/my_pack_clas/lib/python3.10/site-packages'
[11.008s] Level 1:colcon.colcon_core.shell:create_environment_hook('my_pack_clas', 'pythonpath')
[11.010s] INFO:colcon.colcon_core.shell:Creating environment hook '/home/josea/ros2_ws/src/install/my_pack_clas/share/my_pack_clas/hook/pythonpath.ps1'
[11.012s] INFO:colcon.colcon_core.shell:Creating environment descriptor '/home/josea/ros2_ws/src/install/my_pack_clas/share/my_pack_clas/hook/pythonpath.dsv'
[11.014s] INFO:colcon.colcon_core.shell:Creating environment hook '/home/josea/ros2_ws/src/install/my_pack_clas/share/my_pack_clas/hook/pythonpath.sh'
[11.016s] Level 1:colcon.colcon_core.environment:checking '/home/josea/ros2_ws/src/install/my_pack_clas/bin'
[11.016s] Level 1:colcon.colcon_core.environment:create_environment_scripts_only(my_pack_clas)
[11.017s] INFO:colcon.colcon_core.shell:Creating package script '/home/josea/ros2_ws/src/install/my_pack_clas/share/my_pack_clas/package.ps1'
[11.018s] INFO:colcon.colcon_core.shell:Creating package descriptor '/home/josea/ros2_ws/src/install/my_pack_clas/share/my_pack_clas/package.dsv'
[11.019s] INFO:colcon.colcon_core.shell:Creating package script '/home/josea/ros2_ws/src/install/my_pack_clas/share/my_pack_clas/package.sh'
[11.020s] INFO:colcon.colcon_core.shell:Creating package script '/home/josea/ros2_ws/src/install/my_pack_clas/share/my_pack_clas/package.bash'
[11.022s] INFO:colcon.colcon_core.shell:Creating package script '/home/josea/ros2_ws/src/install/my_pack_clas/share/my_pack_clas/package.zsh'
[11.023s] Level 1:colcon.colcon_core.environment:create_file_with_runtime_dependencies(/home/josea/ros2_ws/src/install/my_pack_clas/share/colcon-core/packages/my_pack_clas)
[11.023s] DEBUG:colcon.colcon_parallel_executor.executor.parallel:closing loop
[11.024s] DEBUG:colcon.colcon_parallel_executor.executor.parallel:loop closed
[11.024s] DEBUG:colcon.colcon_parallel_executor.executor.parallel:run_until_complete finished with '0'
[11.024s] DEBUG:colcon.colcon_core.event_reactor:joining thread
[11.037s] INFO:colcon.colcon_core.plugin_system:Skipping extension 'colcon_notification.desktop_notification.terminal_notifier': Not used on non-Darwin systems
[11.037s] INFO:colcon.colcon_core.plugin_system:Skipping extension 'colcon_notification.desktop_notification.win32': Not used on non-Windows systems
[11.037s] INFO:colcon.colcon_notification.desktop_notification:Sending desktop notification using 'notify2'
[11.070s] DEBUG:colcon.colcon_core.event_reactor:joined thread
[11.071s] INFO:colcon.colcon_core.shell:Creating prefix script '/home/josea/ros2_ws/src/install/local_setup.ps1'
[11.075s] INFO:colcon.colcon_core.shell:Creating prefix util module '/home/josea/ros2_ws/src/install/_local_setup_util_ps1.py'
[11.083s] INFO:colcon.colcon_core.shell:Creating prefix chain script '/home/josea/ros2_ws/src/install/setup.ps1'
[11.093s] INFO:colcon.colcon_core.shell:Creating prefix script '/home/josea/ros2_ws/src/install/local_setup.sh'
[11.098s] INFO:colcon.colcon_core.shell:Creating prefix util module '/home/josea/ros2_ws/src/install/_local_setup_util_sh.py'
[11.102s] INFO:colcon.colcon_core.shell:Creating prefix chain script '/home/josea/ros2_ws/src/install/setup.sh'
[11.110s] INFO:colcon.colcon_core.shell:Creating prefix script '/home/josea/ros2_ws/src/install/local_setup.bash'
[11.113s] INFO:colcon.colcon_core.shell:Creating prefix chain script '/home/josea/ros2_ws/src/install/setup.bash'
[11.120s] INFO:colcon.colcon_core.shell:Creating prefix script '/home/josea/ros2_ws/src/install/local_setup.zsh'
[11.125s] INFO:colcon.colcon_core.shell:Creating prefix chain script '/home/josea/ros2_ws/src/install/setup.zsh'
