[2.148s] Invoking command in '/home/josea/ros2_ws/src/Challenge02': PYTHONPATH=/home/josea/ros2_ws/build/Challenge02/prefix_override:/usr/lib/python3/dist-packages/colcon_core/task/python/colcon_distutils_commands:/home/josea/ros2_ws/install/Challenge02/lib/python3.10/site-packages:${PYTHONPATH} /usr/bin/python3 -W ignore:setup.py install is deprecated -W ignore:easy_install command is deprecated setup.py egg_info --egg-base ../../build/Challenge02 build --build-base /home/josea/ros2_ws/build/Challenge02/build install --record /home/josea/ros2_ws/build/Challenge02/install.log --single-version-externally-managed install_data
[2.814s] running egg_info
[2.815s] writing ../../build/Challenge02/Challenge02.egg-info/PKG-INFO
[2.822s] writing dependency_links to ../../build/Challenge02/Challenge02.egg-info/dependency_links.txt
[2.824s] writing entry points to ../../build/Challenge02/Challenge02.egg-info/entry_points.txt
[2.825s] writing requirements to ../../build/Challenge02/Challenge02.egg-info/requires.txt
[2.825s] writing top-level names to ../../build/Challenge02/Challenge02.egg-info/top_level.txt
[2.828s] reading manifest file '../../build/Challenge02/Challenge02.egg-info/SOURCES.txt'
[2.833s] writing manifest file '../../build/Challenge02/Challenge02.egg-info/SOURCES.txt'
[2.833s] running build
[2.833s] running build_py
[2.838s] running install
[2.844s] running install_lib
[2.846s] running install_data
[2.850s] running install_egg_info
[2.858s] removing '/home/josea/ros2_ws/install/Challenge02/lib/python3.10/site-packages/Challenge02-0.0.0-py3.10.egg-info' (and everything under it)
[2.862s] Copying ../../build/Challenge02/Challenge02.egg-info to /home/josea/ros2_ws/install/Challenge02/lib/python3.10/site-packages/Challenge02-0.0.0-py3.10.egg-info
[2.866s] running install_scripts
[2.920s] Installing controller script to /home/josea/ros2_ws/install/Challenge02/lib/Challenge02
[2.922s] Installing dc_motor script to /home/josea/ros2_ws/install/Challenge02/lib/Challenge02
[2.923s] Installing plant_test script to /home/josea/ros2_ws/install/Challenge02/lib/Challenge02
[2.923s] Installing set_point script to /home/josea/ros2_ws/install/Challenge02/lib/Challenge02
[2.923s] writing list of installed files to '/home/josea/ros2_ws/build/Challenge02/install.log'
[3.076s] Invoked command in '/home/josea/ros2_ws/src/Challenge02' returned '0': PYTHONPATH=/home/josea/ros2_ws/build/Challenge02/prefix_override:/usr/lib/python3/dist-packages/colcon_core/task/python/colcon_distutils_commands:/home/josea/ros2_ws/install/Challenge02/lib/python3.10/site-packages:${PYTHONPATH} /usr/bin/python3 -W ignore:setup.py install is deprecated -W ignore:easy_install command is deprecated setup.py egg_info --egg-base ../../build/Challenge02 build --build-base /home/josea/ros2_ws/build/Challenge02/build install --record /home/josea/ros2_ws/build/Challenge02/install.log --single-version-externally-managed install_data
