[2.055s] Invoking command in '/home/josea/ros2_ws/src/challengefinal': PYTHONPATH=/home/josea/ros2_ws/build/challengefinal/prefix_override:/usr/lib/python3/dist-packages/colcon_core/task/python/colcon_distutils_commands:/home/josea/ros2_ws/install/challengefinal/lib/python3.10/site-packages:${PYTHONPATH} /usr/bin/python3 -W ignore:setup.py install is deprecated -W ignore:easy_install command is deprecated setup.py egg_info --egg-base ../../build/challengefinal build --build-base /home/josea/ros2_ws/build/challengefinal/build install --record /home/josea/ros2_ws/build/challengefinal/install.log --single-version-externally-managed install_data
[2.867s] running egg_info
[2.870s] writing ../../build/challengefinal/challengefinal.egg-info/PKG-INFO
[2.871s] writing dependency_links to ../../build/challengefinal/challengefinal.egg-info/dependency_links.txt
[2.871s] writing entry points to ../../build/challengefinal/challengefinal.egg-info/entry_points.txt
[2.871s] writing requirements to ../../build/challengefinal/challengefinal.egg-info/requires.txt
[2.871s] writing top-level names to ../../build/challengefinal/challengefinal.egg-info/top_level.txt
[2.875s] reading manifest file '../../build/challengefinal/challengefinal.egg-info/SOURCES.txt'
[2.879s] writing manifest file '../../build/challengefinal/challengefinal.egg-info/SOURCES.txt'
[2.880s] running build
[2.880s] running build_py
[2.880s] running install
[2.881s] running install_lib
[2.888s] running install_data
[2.890s] running install_egg_info
[2.904s] removing '/home/josea/ros2_ws/install/challengefinal/lib/python3.10/site-packages/challengefinal-0.0.0-py3.10.egg-info' (and everything under it)
[2.905s] Copying ../../build/challengefinal/challengefinal.egg-info to /home/josea/ros2_ws/install/challengefinal/lib/python3.10/site-packages/challengefinal-0.0.0-py3.10.egg-info
[2.912s] running install_scripts
[2.970s] Installing signal_generator script to /home/josea/ros2_ws/install/challengefinal/lib/challengefinal
[2.971s] writing list of installed files to '/home/josea/ros2_ws/build/challengefinal/install.log'
[3.407s] Invoked command in '/home/josea/ros2_ws/src/challengefinal' returned '0': PYTHONPATH=/home/josea/ros2_ws/build/challengefinal/prefix_override:/usr/lib/python3/dist-packages/colcon_core/task/python/colcon_distutils_commands:/home/josea/ros2_ws/install/challengefinal/lib/python3.10/site-packages:${PYTHONPATH} /usr/bin/python3 -W ignore:setup.py install is deprecated -W ignore:easy_install command is deprecated setup.py egg_info --egg-base ../../build/challengefinal build --build-base /home/josea/ros2_ws/build/challengefinal/build install --record /home/josea/ros2_ws/build/challengefinal/install.log --single-version-externally-managed install_data
