[2.229s] Invoking command in '/home/josea/ros2_ws/src/challenge03': PYTHONPATH=/home/josea/ros2_ws/build/challenge03/prefix_override:/usr/lib/python3/dist-packages/colcon_core/task/python/colcon_distutils_commands:/home/josea/ros2_ws/install/challenge03/lib/python3.10/site-packages:${PYTHONPATH} /usr/bin/python3 -W ignore:setup.py install is deprecated -W ignore:easy_install command is deprecated setup.py egg_info --egg-base ../../build/challenge03 build --build-base /home/josea/ros2_ws/build/challenge03/build install --record /home/josea/ros2_ws/build/challenge03/install.log --single-version-externally-managed install_data
[3.121s] running egg_info
[3.124s] writing ../../build/challenge03/challenge03.egg-info/PKG-INFO
[3.131s] writing dependency_links to ../../build/challenge03/challenge03.egg-info/dependency_links.txt
[3.131s] writing entry points to ../../build/challenge03/challenge03.egg-info/entry_points.txt
[3.131s] writing requirements to ../../build/challenge03/challenge03.egg-info/requires.txt
[3.131s] writing top-level names to ../../build/challenge03/challenge03.egg-info/top_level.txt
[3.138s] reading manifest file '../../build/challenge03/challenge03.egg-info/SOURCES.txt'
[3.141s] writing manifest file '../../build/challenge03/challenge03.egg-info/SOURCES.txt'
[3.141s] running build
[3.142s] running build_py
[3.146s] running install
[3.146s] running install_lib
[3.156s] running install_data
[3.158s] running install_egg_info
[3.163s] removing '/home/josea/ros2_ws/install/challenge03/lib/python3.10/site-packages/challenge03-0.0.0-py3.10.egg-info' (and everything under it)
[3.165s] Copying ../../build/challenge03/challenge03.egg-info to /home/josea/ros2_ws/install/challenge03/lib/python3.10/site-packages/challenge03-0.0.0-py3.10.egg-info
[3.172s] running install_scripts
[3.248s] Installing publisher_pwm script to /home/josea/ros2_ws/install/challenge03/lib/challenge03
[3.248s] writing list of installed files to '/home/josea/ros2_ws/build/challenge03/install.log'
[3.351s] Invoked command in '/home/josea/ros2_ws/src/challenge03' returned '0': PYTHONPATH=/home/josea/ros2_ws/build/challenge03/prefix_override:/usr/lib/python3/dist-packages/colcon_core/task/python/colcon_distutils_commands:/home/josea/ros2_ws/install/challenge03/lib/python3.10/site-packages:${PYTHONPATH} /usr/bin/python3 -W ignore:setup.py install is deprecated -W ignore:easy_install command is deprecated setup.py egg_info --egg-base ../../build/challenge03 build --build-base /home/josea/ros2_ws/build/challenge03/build install --record /home/josea/ros2_ws/build/challenge03/install.log --single-version-externally-managed install_data
