[2.766s] Invoking command in '/home/josea/ros2_ws/src/challenge02': PYTHONPATH=/home/josea/ros2_ws/build/challenge02/prefix_override:/usr/lib/python3/dist-packages/colcon_core/task/python/colcon_distutils_commands:/home/josea/ros2_ws/install/challenge02/lib/python3.10/site-packages:${PYTHONPATH} /usr/bin/python3 -W ignore:setup.py install is deprecated -W ignore:easy_install command is deprecated setup.py egg_info --egg-base ../../build/challenge02 build --build-base /home/josea/ros2_ws/build/challenge02/build install --record /home/josea/ros2_ws/build/challenge02/install.log --single-version-externally-managed install_data
[4.243s] running egg_info
[4.252s] writing ../../build/challenge02/challenge02.egg-info/PKG-INFO
[4.252s] writing dependency_links to ../../build/challenge02/challenge02.egg-info/dependency_links.txt
[4.252s] writing entry points to ../../build/challenge02/challenge02.egg-info/entry_points.txt
[4.254s] writing requirements to ../../build/challenge02/challenge02.egg-info/requires.txt
[4.254s] writing top-level names to ../../build/challenge02/challenge02.egg-info/top_level.txt
[4.258s] reading manifest file '../../build/challenge02/challenge02.egg-info/SOURCES.txt'
[4.262s] writing manifest file '../../build/challenge02/challenge02.egg-info/SOURCES.txt'
[4.263s] running build
[4.263s] running build_py
[4.263s] copying challenge02/set_point.py -> /home/josea/ros2_ws/build/challenge02/build/lib/challenge02
[4.263s] copying challenge02/controller.py -> /home/josea/ros2_ws/build/challenge02/build/lib/challenge02
[4.264s] running install
[4.268s] running install_lib
[4.281s] copying /home/josea/ros2_ws/build/challenge02/build/lib/challenge02/set_point.py -> /home/josea/ros2_ws/install/challenge02/lib/python3.10/site-packages/challenge02
[4.284s] copying /home/josea/ros2_ws/build/challenge02/build/lib/challenge02/controller.py -> /home/josea/ros2_ws/install/challenge02/lib/python3.10/site-packages/challenge02
[4.294s] byte-compiling /home/josea/ros2_ws/install/challenge02/lib/python3.10/site-packages/challenge02/set_point.py to set_point.cpython-310.pyc
[4.295s] byte-compiling /home/josea/ros2_ws/install/challenge02/lib/python3.10/site-packages/challenge02/controller.py to controller.cpython-310.pyc
[4.299s] running install_data
[4.301s] running install_egg_info
[4.313s] removing '/home/josea/ros2_ws/install/challenge02/lib/python3.10/site-packages/challenge02-0.0.0-py3.10.egg-info' (and everything under it)
[4.322s] Copying ../../build/challenge02/challenge02.egg-info to /home/josea/ros2_ws/install/challenge02/lib/python3.10/site-packages/challenge02-0.0.0-py3.10.egg-info
[4.325s] running install_scripts
[4.428s] Installing controller script to /home/josea/ros2_ws/install/challenge02/lib/challenge02
[4.428s] Installing dc_motor script to /home/josea/ros2_ws/install/challenge02/lib/challenge02
[4.432s] Installing plant_test script to /home/josea/ros2_ws/install/challenge02/lib/challenge02
[4.436s] Installing set_point script to /home/josea/ros2_ws/install/challenge02/lib/challenge02
[4.438s] writing list of installed files to '/home/josea/ros2_ws/build/challenge02/install.log'
[5.168s] Invoked command in '/home/josea/ros2_ws/src/challenge02' returned '0': PYTHONPATH=/home/josea/ros2_ws/build/challenge02/prefix_override:/usr/lib/python3/dist-packages/colcon_core/task/python/colcon_distutils_commands:/home/josea/ros2_ws/install/challenge02/lib/python3.10/site-packages:${PYTHONPATH} /usr/bin/python3 -W ignore:setup.py install is deprecated -W ignore:easy_install command is deprecated setup.py egg_info --egg-base ../../build/challenge02 build --build-base /home/josea/ros2_ws/build/challenge02/build install --record /home/josea/ros2_ws/build/challenge02/install.log --single-version-externally-managed install_data
