[0.639s] Invoking command in '/home/josea/ros2_ws/src/build/custom_interfaces': CMAKE_PREFIX_PATH=/home/josea/ros2_ws/install/my_pack_clas:/home/josea/ros2_ws/install/motor_control:/home/josea/ros2_ws/install/challenge02:/home/josea/ros2_ws/install/challenge01:/home/josea/ros2_ws/install/basic_comms:/home/josea/ros2_ws/install/Challenge02:/opt/ros/humble /usr/bin/cmake /home/josea/ros2_ws/src/custom_interfaces -DCMAKE_INSTALL_PREFIX=/home/josea/ros2_ws/src/install/custom_interfaces
[0.675s] -- Found ament_cmake: 1.3.11 (/opt/ros/humble/share/ament_cmake/cmake)
[1.117s] -- Found std_msgs: 4.2.4 (/opt/ros/humble/share/std_msgs/cmake)
[1.193s] -- Found rosidl_generator_c: 3.1.6 (/opt/ros/humble/share/rosidl_generator_c/cmake)
[1.200s] -- Found rosidl_adapter: 3.1.6 (/opt/ros/humble/share/rosidl_adapter/cmake)
[1.219s] -- Found rosidl_generator_cpp: 3.1.6 (/opt/ros/humble/share/rosidl_generator_cpp/cmake)
[1.245s] -- Using all available rosidl_typesupport_c: rosidl_typesupport_fastrtps_c;rosidl_typesupport_introspection_c
[1.293s] -- Using all available rosidl_typesupport_cpp: rosidl_typesupport_fastrtps_cpp;rosidl_typesupport_introspection_cpp
[1.391s] [31mCMake Error at CMakeLists.txt:11 (find_package):
[1.391s]   By not providing "Findgeometry_msgs--license.cmake" in CMAKE_MODULE_PATH
[1.391s]   this project has asked CMake to find a package configuration file provided
[1.391s]   by "geometry_msgs--license", but CMake did not find one.
[1.391s] 
[1.394s]   Could not find a package configuration file provided by
[1.394s]   "geometry_msgs--license" with any of the following names:
[1.394s] 
[1.394s]     geometry_msgs--licenseConfig.cmake
[1.395s]     geometry_msgs--license-config.cmake
[1.395s] 
[1.395s]   Add the installation prefix of "geometry_msgs--license" to
[1.395s]   CMAKE_PREFIX_PATH or set "geometry_msgs--license_DIR" to a directory
[1.395s]   containing one of the above files.  If "geometry_msgs--license" provides a
[1.395s]   separate development package or SDK, be sure it has been installed.
[1.395s] 
[1.395s] [0m
[1.398s] -- Configuring incomplete, errors occurred!
[1.398s] See also "/home/josea/ros2_ws/src/build/custom_interfaces/CMakeFiles/CMakeOutput.log".
[1.413s] Invoked command in '/home/josea/ros2_ws/src/build/custom_interfaces' returned '1': CMAKE_PREFIX_PATH=/home/josea/ros2_ws/install/my_pack_clas:/home/josea/ros2_ws/install/motor_control:/home/josea/ros2_ws/install/challenge02:/home/josea/ros2_ws/install/challenge01:/home/josea/ros2_ws/install/basic_comms:/home/josea/ros2_ws/install/Challenge02:/opt/ros/humble /usr/bin/cmake /home/josea/ros2_ws/src/custom_interfaces -DCMAKE_INSTALL_PREFIX=/home/josea/ros2_ws/src/install/custom_interfaces
