[2.194s] Invoking command in '/home/josea/ros2_ws/src/basic_comms': PYTHONPATH=/home/josea/ros2_ws/build/basic_comms/prefix_override:/usr/lib/python3/dist-packages/colcon_core/task/python/colcon_distutils_commands:/home/josea/ros2_ws/install/basic_comms/lib/python3.10/site-packages:${PYTHONPATH} /usr/bin/python3 -W ignore:setup.py install is deprecated -W ignore:easy_install command is deprecated setup.py egg_info --egg-base ../../build/basic_comms build --build-base /home/josea/ros2_ws/build/basic_comms/build install --record /home/josea/ros2_ws/build/basic_comms/install.log --single-version-externally-managed install_data
[2.909s] running egg_info
[2.909s] writing ../../build/basic_comms/basic_comms.egg-info/PKG-INFO
[2.910s] writing dependency_links to ../../build/basic_comms/basic_comms.egg-info/dependency_links.txt
[2.910s] writing entry points to ../../build/basic_comms/basic_comms.egg-info/entry_points.txt
[2.912s] writing requirements to ../../build/basic_comms/basic_comms.egg-info/requires.txt
[2.912s] writing top-level names to ../../build/basic_comms/basic_comms.egg-info/top_level.txt
[2.917s] reading manifest file '../../build/basic_comms/basic_comms.egg-info/SOURCES.txt'
[2.919s] writing manifest file '../../build/basic_comms/basic_comms.egg-info/SOURCES.txt'
[2.920s] running build
[2.922s] running build_py
[2.924s] running install
[2.925s] running install_lib
[2.928s] running install_data
[2.928s] running install_egg_info
[2.939s] removing '/home/josea/ros2_ws/install/basic_comms/lib/python3.10/site-packages/basic_comms-0.0.0-py3.10.egg-info' (and everything under it)
[2.942s] Copying ../../build/basic_comms/basic_comms.egg-info to /home/josea/ros2_ws/install/basic_comms/lib/python3.10/site-packages/basic_comms-0.0.0-py3.10.egg-info
[2.946s] running install_scripts
[3.000s] Installing talker script to /home/josea/ros2_ws/install/basic_comms/lib/basic_comms
[3.002s] writing list of installed files to '/home/josea/ros2_ws/build/basic_comms/install.log'
[3.098s] Invoked command in '/home/josea/ros2_ws/src/basic_comms' returned '0': PYTHONPATH=/home/josea/ros2_ws/build/basic_comms/prefix_override:/usr/lib/python3/dist-packages/colcon_core/task/python/colcon_distutils_commands:/home/josea/ros2_ws/install/basic_comms/lib/python3.10/site-packages:${PYTHONPATH} /usr/bin/python3 -W ignore:setup.py install is deprecated -W ignore:easy_install command is deprecated setup.py egg_info --egg-base ../../build/basic_comms build --build-base /home/josea/ros2_ws/build/basic_comms/build install --record /home/josea/ros2_ws/build/basic_comms/install.log --single-version-externally-managed install_data
