[0.427s] DEBUG:colcon:Command line arguments: ['/usr/bin/colcon', 'build']
[0.427s] DEBUG:colcon:Parsed command line arguments: Namespace(log_base=None, log_level=None, verb_name='build', build_base='build', install_base='install', merge_install=False, symlink_install=False, test_result_base=None, continue_on_error=False, executor='parallel', parallel_workers=2, event_handlers=None, ignore_user_meta=False, metas=['./colcon.meta'], base_paths=['.'], packages_ignore=None, packages_ignore_regex=None, paths=None, packages_up_to=None, packages_up_to_regex=None, packages_above=None, packages_above_and_dependencies=None, packages_above_depth=None, packages_select_by_dep=None, packages_skip_by_dep=None, packages_skip_up_to=None, packages_select_build_failed=False, packages_skip_build_finished=False, packages_select_test_failures=False, packages_skip_test_passed=False, packages_select=None, packages_skip=None, packages_select_regex=None, packages_skip_regex=None, packages_start=None, packages_end=None, allow_overriding=[], cmake_args=None, cmake_target=None, cmake_target_skip_unavailable=False, cmake_clean_cache=False, cmake_clean_first=False, cmake_force_configure=False, ament_cmake_args=None, catkin_cmake_args=None, catkin_skip_building_tests=False, mixin_files=None, mixin=None, verb_parser=<colcon_mixin.mixin.mixin_argument.MixinArgumentDecorator object at 0x76f67e54eda0>, verb_extension=<colcon_core.verb.build.BuildVerb object at 0x76f67e54dff0>, main=<bound method BuildVerb.main of <colcon_core.verb.build.BuildVerb object at 0x76f67e54dff0>>, mixin_verb=('build',))
[0.906s] Level 1:colcon.colcon_core.package_discovery:discover_packages(colcon_meta) check parameters
[0.907s] Level 1:colcon.colcon_core.package_discovery:discover_packages(recursive) check parameters
[0.907s] Level 1:colcon.colcon_core.package_discovery:discover_packages(ignore) check parameters
[0.907s] Level 1:colcon.colcon_core.package_discovery:discover_packages(path) check parameters
[0.907s] Level 1:colcon.colcon_core.package_discovery:discover_packages(colcon_meta) discover
[0.907s] Level 1:colcon.colcon_core.package_discovery:discover_packages(recursive) discover
[0.907s] INFO:colcon.colcon_core.package_discovery:Crawling recursively for packages in '/home/josea/ros2_ws'
[0.907s] Level 1:colcon.colcon_core.package_identification:_identify(.) by extensions ['ignore', 'ignore_ament_install']
[0.908s] Level 1:colcon.colcon_core.package_identification:_identify(.) by extension 'ignore'
[0.908s] Level 1:colcon.colcon_core.package_identification:_identify(.) by extension 'ignore_ament_install'
[0.908s] Level 1:colcon.colcon_core.package_identification:_identify(.) by extensions ['colcon_pkg']
[0.908s] Level 1:colcon.colcon_core.package_identification:_identify(.) by extension 'colcon_pkg'
[0.908s] Level 1:colcon.colcon_core.package_identification:_identify(.) by extensions ['colcon_meta']
[0.908s] Level 1:colcon.colcon_core.package_identification:_identify(.) by extension 'colcon_meta'
[0.908s] Level 1:colcon.colcon_core.package_identification:_identify(.) by extensions ['ros']
[0.908s] Level 1:colcon.colcon_core.package_identification:_identify(.) by extension 'ros'
[0.933s] Level 1:colcon.colcon_core.package_identification:_identify(.) by extensions ['cmake', 'python']
[0.933s] Level 1:colcon.colcon_core.package_identification:_identify(.) by extension 'cmake'
[0.934s] Level 1:colcon.colcon_core.package_identification:_identify(.) by extension 'python'
[0.934s] Level 1:colcon.colcon_core.package_identification:_identify(.) by extensions ['python_setup_py']
[0.934s] Level 1:colcon.colcon_core.package_identification:_identify(.) by extension 'python_setup_py'
[0.934s] Level 1:colcon.colcon_core.package_identification:_identify(build) by extensions ['ignore', 'ignore_ament_install']
[0.935s] Level 1:colcon.colcon_core.package_identification:_identify(build) by extension 'ignore'
[0.935s] Level 1:colcon.colcon_core.package_identification:_identify(build) ignored
[0.935s] Level 1:colcon.colcon_core.package_identification:_identify(install) by extensions ['ignore', 'ignore_ament_install']
[0.936s] Level 1:colcon.colcon_core.package_identification:_identify(install) by extension 'ignore'
[0.936s] Level 1:colcon.colcon_core.package_identification:_identify(install) ignored
[0.936s] Level 1:colcon.colcon_core.package_identification:_identify(log) by extensions ['ignore', 'ignore_ament_install']
[0.936s] Level 1:colcon.colcon_core.package_identification:_identify(log) by extension 'ignore'
[0.936s] Level 1:colcon.colcon_core.package_identification:_identify(log) ignored
[0.937s] Level 1:colcon.colcon_core.package_identification:_identify(src) by extensions ['ignore', 'ignore_ament_install']
[0.937s] Level 1:colcon.colcon_core.package_identification:_identify(src) by extension 'ignore'
[0.937s] Level 1:colcon.colcon_core.package_identification:_identify(src) by extension 'ignore_ament_install'
[0.937s] Level 1:colcon.colcon_core.package_identification:_identify(src) by extensions ['colcon_pkg']
[0.937s] Level 1:colcon.colcon_core.package_identification:_identify(src) by extension 'colcon_pkg'
[0.937s] Level 1:colcon.colcon_core.package_identification:_identify(src) by extensions ['colcon_meta']
[0.937s] Level 1:colcon.colcon_core.package_identification:_identify(src) by extension 'colcon_meta'
[0.937s] Level 1:colcon.colcon_core.package_identification:_identify(src) by extensions ['ros']
[0.937s] Level 1:colcon.colcon_core.package_identification:_identify(src) by extension 'ros'
[0.937s] Level 1:colcon.colcon_core.package_identification:_identify(src) by extensions ['cmake', 'python']
[0.937s] Level 1:colcon.colcon_core.package_identification:_identify(src) by extension 'cmake'
[0.938s] Level 1:colcon.colcon_core.package_identification:_identify(src) by extension 'python'
[0.938s] Level 1:colcon.colcon_core.package_identification:_identify(src) by extensions ['python_setup_py']
[0.938s] Level 1:colcon.colcon_core.package_identification:_identify(src) by extension 'python_setup_py'
[0.938s] Level 1:colcon.colcon_core.package_identification:_identify(src/basic_comms) by extensions ['ignore', 'ignore_ament_install']
[0.938s] Level 1:colcon.colcon_core.package_identification:_identify(src/basic_comms) by extension 'ignore'
[0.938s] Level 1:colcon.colcon_core.package_identification:_identify(src/basic_comms) by extension 'ignore_ament_install'
[0.939s] Level 1:colcon.colcon_core.package_identification:_identify(src/basic_comms) by extensions ['colcon_pkg']
[0.939s] Level 1:colcon.colcon_core.package_identification:_identify(src/basic_comms) by extension 'colcon_pkg'
[0.939s] Level 1:colcon.colcon_core.package_identification:_identify(src/basic_comms) by extensions ['colcon_meta']
[0.939s] Level 1:colcon.colcon_core.package_identification:_identify(src/basic_comms) by extension 'colcon_meta'
[0.939s] Level 1:colcon.colcon_core.package_identification:_identify(src/basic_comms) by extensions ['ros']
[0.939s] Level 1:colcon.colcon_core.package_identification:_identify(src/basic_comms) by extension 'ros'
[0.945s] DEBUG:colcon.colcon_core.package_identification:Package 'src/basic_comms' with type 'ros.ament_python' and name 'basic_comms'
[0.946s] Level 1:colcon.colcon_core.package_identification:_identify(src/build) by extensions ['ignore', 'ignore_ament_install']
[0.946s] Level 1:colcon.colcon_core.package_identification:_identify(src/build) by extension 'ignore'
[0.946s] Level 1:colcon.colcon_core.package_identification:_identify(src/build) ignored
[0.946s] Level 1:colcon.colcon_core.package_identification:_identify(src/challenge01) by extensions ['ignore', 'ignore_ament_install']
[0.946s] Level 1:colcon.colcon_core.package_identification:_identify(src/challenge01) by extension 'ignore'
[0.947s] Level 1:colcon.colcon_core.package_identification:_identify(src/challenge01) by extension 'ignore_ament_install'
[0.947s] Level 1:colcon.colcon_core.package_identification:_identify(src/challenge01) by extensions ['colcon_pkg']
[0.947s] Level 1:colcon.colcon_core.package_identification:_identify(src/challenge01) by extension 'colcon_pkg'
[0.947s] Level 1:colcon.colcon_core.package_identification:_identify(src/challenge01) by extensions ['colcon_meta']
[0.947s] Level 1:colcon.colcon_core.package_identification:_identify(src/challenge01) by extension 'colcon_meta'
[0.947s] Level 1:colcon.colcon_core.package_identification:_identify(src/challenge01) by extensions ['ros']
[0.947s] Level 1:colcon.colcon_core.package_identification:_identify(src/challenge01) by extension 'ros'
[0.948s] DEBUG:colcon.colcon_core.package_identification:Package 'src/challenge01' with type 'ros.ament_python' and name 'challenge01'
[0.949s] Level 1:colcon.colcon_core.package_identification:_identify(src/challenge02) by extensions ['ignore', 'ignore_ament_install']
[0.949s] Level 1:colcon.colcon_core.package_identification:_identify(src/challenge02) by extension 'ignore'
[0.949s] Level 1:colcon.colcon_core.package_identification:_identify(src/challenge02) by extension 'ignore_ament_install'
[0.949s] Level 1:colcon.colcon_core.package_identification:_identify(src/challenge02) by extensions ['colcon_pkg']
[0.950s] Level 1:colcon.colcon_core.package_identification:_identify(src/challenge02) by extension 'colcon_pkg'
[0.950s] Level 1:colcon.colcon_core.package_identification:_identify(src/challenge02) by extensions ['colcon_meta']
[0.950s] Level 1:colcon.colcon_core.package_identification:_identify(src/challenge02) by extension 'colcon_meta'
[0.950s] Level 1:colcon.colcon_core.package_identification:_identify(src/challenge02) by extensions ['ros']
[0.950s] Level 1:colcon.colcon_core.package_identification:_identify(src/challenge02) by extension 'ros'
[0.952s] DEBUG:colcon.colcon_core.package_identification:Package 'src/challenge02' with type 'ros.ament_python' and name 'challenge02'
[0.952s] Level 1:colcon.colcon_core.package_identification:_identify(src/custom_interfaces) by extensions ['ignore', 'ignore_ament_install']
[0.952s] Level 1:colcon.colcon_core.package_identification:_identify(src/custom_interfaces) by extension 'ignore'
[0.953s] Level 1:colcon.colcon_core.package_identification:_identify(src/custom_interfaces) by extension 'ignore_ament_install'
[0.953s] Level 1:colcon.colcon_core.package_identification:_identify(src/custom_interfaces) by extensions ['colcon_pkg']
[0.953s] Level 1:colcon.colcon_core.package_identification:_identify(src/custom_interfaces) by extension 'colcon_pkg'
[0.953s] Level 1:colcon.colcon_core.package_identification:_identify(src/custom_interfaces) by extensions ['colcon_meta']
[0.953s] Level 1:colcon.colcon_core.package_identification:_identify(src/custom_interfaces) by extension 'colcon_meta'
[0.953s] Level 1:colcon.colcon_core.package_identification:_identify(src/custom_interfaces) by extensions ['ros']
[0.953s] Level 1:colcon.colcon_core.package_identification:_identify(src/custom_interfaces) by extension 'ros'
[0.955s] DEBUG:colcon.colcon_core.package_identification:Package 'src/custom_interfaces' with type 'ros.ament_cmake' and name 'custom_interfaces'
[0.955s] Level 1:colcon.colcon_core.package_identification:_identify(src/install) by extensions ['ignore', 'ignore_ament_install']
[0.956s] Level 1:colcon.colcon_core.package_identification:_identify(src/install) by extension 'ignore'
[0.956s] Level 1:colcon.colcon_core.package_identification:_identify(src/install) ignored
[0.956s] Level 1:colcon.colcon_core.package_identification:_identify(src/log) by extensions ['ignore', 'ignore_ament_install']
[0.956s] Level 1:colcon.colcon_core.package_identification:_identify(src/log) by extension 'ignore'
[0.956s] Level 1:colcon.colcon_core.package_identification:_identify(src/log) ignored
[0.957s] Level 1:colcon.colcon_core.package_identification:_identify(src/motor_control) by extensions ['ignore', 'ignore_ament_install']
[0.957s] Level 1:colcon.colcon_core.package_identification:_identify(src/motor_control) by extension 'ignore'
[0.957s] Level 1:colcon.colcon_core.package_identification:_identify(src/motor_control) by extension 'ignore_ament_install'
[0.957s] Level 1:colcon.colcon_core.package_identification:_identify(src/motor_control) by extensions ['colcon_pkg']
[0.957s] Level 1:colcon.colcon_core.package_identification:_identify(src/motor_control) by extension 'colcon_pkg'
[0.957s] Level 1:colcon.colcon_core.package_identification:_identify(src/motor_control) by extensions ['colcon_meta']
[0.958s] Level 1:colcon.colcon_core.package_identification:_identify(src/motor_control) by extension 'colcon_meta'
[0.958s] Level 1:colcon.colcon_core.package_identification:_identify(src/motor_control) by extensions ['ros']
[0.958s] Level 1:colcon.colcon_core.package_identification:_identify(src/motor_control) by extension 'ros'
[0.960s] DEBUG:colcon.colcon_core.package_identification:Package 'src/motor_control' with type 'ros.ament_python' and name 'motor_control'
[0.960s] Level 1:colcon.colcon_core.package_identification:_identify(src/my_pack_clas) by extensions ['ignore', 'ignore_ament_install']
[0.960s] Level 1:colcon.colcon_core.package_identification:_identify(src/my_pack_clas) by extension 'ignore'
[0.960s] Level 1:colcon.colcon_core.package_identification:_identify(src/my_pack_clas) by extension 'ignore_ament_install'
[0.960s] Level 1:colcon.colcon_core.package_identification:_identify(src/my_pack_clas) by extensions ['colcon_pkg']
[0.961s] Level 1:colcon.colcon_core.package_identification:_identify(src/my_pack_clas) by extension 'colcon_pkg'
[0.961s] Level 1:colcon.colcon_core.package_identification:_identify(src/my_pack_clas) by extensions ['colcon_meta']
[0.961s] Level 1:colcon.colcon_core.package_identification:_identify(src/my_pack_clas) by extension 'colcon_meta'
[0.961s] Level 1:colcon.colcon_core.package_identification:_identify(src/my_pack_clas) by extensions ['ros']
[0.961s] Level 1:colcon.colcon_core.package_identification:_identify(src/my_pack_clas) by extension 'ros'
[0.962s] DEBUG:colcon.colcon_core.package_identification:Package 'src/my_pack_clas' with type 'ros.ament_python' and name 'my_pack_clas'
[0.962s] Level 1:colcon.colcon_core.package_discovery:discover_packages(recursive) using defaults
[0.963s] Level 1:colcon.colcon_core.package_discovery:discover_packages(ignore) discover
[0.963s] Level 1:colcon.colcon_core.package_discovery:discover_packages(ignore) using defaults
[0.963s] Level 1:colcon.colcon_core.package_discovery:discover_packages(path) discover
[0.963s] Level 1:colcon.colcon_core.package_discovery:discover_packages(path) using defaults
[1.089s] Level 1:colcon.colcon_core.package_discovery:discover_packages(prefix_path) check parameters
[1.090s] Level 1:colcon.colcon_core.package_discovery:discover_packages(prefix_path) discover
[1.097s] DEBUG:colcon.colcon_installed_package_information.package_discovery:Found 6 installed packages in /home/josea/ros2_ws/install
[1.098s] DEBUG:colcon.colcon_installed_package_information.package_discovery:Found 6 installed packages in /home/josea/ros2_ws/src/install
[1.102s] DEBUG:colcon.colcon_installed_package_information.package_discovery:Found 312 installed packages in /opt/ros/humble
[1.105s] Level 1:colcon.colcon_core.package_discovery:discover_packages(prefix_path) using defaults
[1.194s] Level 5:colcon.colcon_core.verb:set package 'basic_comms' build argument 'cmake_args' from command line to 'None'
[1.195s] Level 5:colcon.colcon_core.verb:set package 'basic_comms' build argument 'cmake_target' from command line to 'None'
[1.195s] Level 5:colcon.colcon_core.verb:set package 'basic_comms' build argument 'cmake_target_skip_unavailable' from command line to 'False'
[1.195s] Level 5:colcon.colcon_core.verb:set package 'basic_comms' build argument 'cmake_clean_cache' from command line to 'False'
[1.195s] Level 5:colcon.colcon_core.verb:set package 'basic_comms' build argument 'cmake_clean_first' from command line to 'False'
[1.195s] Level 5:colcon.colcon_core.verb:set package 'basic_comms' build argument 'cmake_force_configure' from command line to 'False'
[1.195s] Level 5:colcon.colcon_core.verb:set package 'basic_comms' build argument 'ament_cmake_args' from command line to 'None'
[1.195s] Level 5:colcon.colcon_core.verb:set package 'basic_comms' build argument 'catkin_cmake_args' from command line to 'None'
[1.195s] Level 5:colcon.colcon_core.verb:set package 'basic_comms' build argument 'catkin_skip_building_tests' from command line to 'False'
[1.195s] DEBUG:colcon.colcon_core.verb:Building package 'basic_comms' with the following arguments: {'ament_cmake_args': None, 'build_base': '/home/josea/ros2_ws/build/basic_comms', 'catkin_cmake_args': None, 'catkin_skip_building_tests': False, 'cmake_args': None, 'cmake_clean_cache': False, 'cmake_clean_first': False, 'cmake_force_configure': False, 'cmake_target': None, 'cmake_target_skip_unavailable': False, 'install_base': '/home/josea/ros2_ws/install/basic_comms', 'merge_install': False, 'path': '/home/josea/ros2_ws/src/basic_comms', 'symlink_install': False, 'test_result_base': None}
[1.196s] Level 5:colcon.colcon_core.verb:set package 'challenge01' build argument 'cmake_args' from command line to 'None'
[1.196s] Level 5:colcon.colcon_core.verb:set package 'challenge01' build argument 'cmake_target' from command line to 'None'
[1.196s] Level 5:colcon.colcon_core.verb:set package 'challenge01' build argument 'cmake_target_skip_unavailable' from command line to 'False'
[1.196s] Level 5:colcon.colcon_core.verb:set package 'challenge01' build argument 'cmake_clean_cache' from command line to 'False'
[1.196s] Level 5:colcon.colcon_core.verb:set package 'challenge01' build argument 'cmake_clean_first' from command line to 'False'
[1.196s] Level 5:colcon.colcon_core.verb:set package 'challenge01' build argument 'cmake_force_configure' from command line to 'False'
[1.196s] Level 5:colcon.colcon_core.verb:set package 'challenge01' build argument 'ament_cmake_args' from command line to 'None'
[1.196s] Level 5:colcon.colcon_core.verb:set package 'challenge01' build argument 'catkin_cmake_args' from command line to 'None'
[1.196s] Level 5:colcon.colcon_core.verb:set package 'challenge01' build argument 'catkin_skip_building_tests' from command line to 'False'
[1.196s] DEBUG:colcon.colcon_core.verb:Building package 'challenge01' with the following arguments: {'ament_cmake_args': None, 'build_base': '/home/josea/ros2_ws/build/challenge01', 'catkin_cmake_args': None, 'catkin_skip_building_tests': False, 'cmake_args': None, 'cmake_clean_cache': False, 'cmake_clean_first': False, 'cmake_force_configure': False, 'cmake_target': None, 'cmake_target_skip_unavailable': False, 'install_base': '/home/josea/ros2_ws/install/challenge01', 'merge_install': False, 'path': '/home/josea/ros2_ws/src/challenge01', 'symlink_install': False, 'test_result_base': None}
[1.197s] Level 5:colcon.colcon_core.verb:set package 'challenge02' build argument 'cmake_args' from command line to 'None'
[1.197s] Level 5:colcon.colcon_core.verb:set package 'challenge02' build argument 'cmake_target' from command line to 'None'
[1.197s] Level 5:colcon.colcon_core.verb:set package 'challenge02' build argument 'cmake_target_skip_unavailable' from command line to 'False'
[1.197s] Level 5:colcon.colcon_core.verb:set package 'challenge02' build argument 'cmake_clean_cache' from command line to 'False'
[1.197s] Level 5:colcon.colcon_core.verb:set package 'challenge02' build argument 'cmake_clean_first' from command line to 'False'
[1.197s] Level 5:colcon.colcon_core.verb:set package 'challenge02' build argument 'cmake_force_configure' from command line to 'False'
[1.197s] Level 5:colcon.colcon_core.verb:set package 'challenge02' build argument 'ament_cmake_args' from command line to 'None'
[1.197s] Level 5:colcon.colcon_core.verb:set package 'challenge02' build argument 'catkin_cmake_args' from command line to 'None'
[1.198s] Level 5:colcon.colcon_core.verb:set package 'challenge02' build argument 'catkin_skip_building_tests' from command line to 'False'
[1.198s] DEBUG:colcon.colcon_core.verb:Building package 'challenge02' with the following arguments: {'ament_cmake_args': None, 'build_base': '/home/josea/ros2_ws/build/challenge02', 'catkin_cmake_args': None, 'catkin_skip_building_tests': False, 'cmake_args': None, 'cmake_clean_cache': False, 'cmake_clean_first': False, 'cmake_force_configure': False, 'cmake_target': None, 'cmake_target_skip_unavailable': False, 'install_base': '/home/josea/ros2_ws/install/challenge02', 'merge_install': False, 'path': '/home/josea/ros2_ws/src/challenge02', 'symlink_install': False, 'test_result_base': None}
[1.198s] Level 5:colcon.colcon_core.verb:set package 'custom_interfaces' build argument 'cmake_args' from command line to 'None'
[1.198s] Level 5:colcon.colcon_core.verb:set package 'custom_interfaces' build argument 'cmake_target' from command line to 'None'
[1.199s] Level 5:colcon.colcon_core.verb:set package 'custom_interfaces' build argument 'cmake_target_skip_unavailable' from command line to 'False'
[1.199s] Level 5:colcon.colcon_core.verb:set package 'custom_interfaces' build argument 'cmake_clean_cache' from command line to 'False'
[1.199s] Level 5:colcon.colcon_core.verb:set package 'custom_interfaces' build argument 'cmake_clean_first' from command line to 'False'
[1.199s] Level 5:colcon.colcon_core.verb:set package 'custom_interfaces' build argument 'cmake_force_configure' from command line to 'False'
[1.199s] Level 5:colcon.colcon_core.verb:set package 'custom_interfaces' build argument 'ament_cmake_args' from command line to 'None'
[1.199s] Level 5:colcon.colcon_core.verb:set package 'custom_interfaces' build argument 'catkin_cmake_args' from command line to 'None'
[1.199s] Level 5:colcon.colcon_core.verb:set package 'custom_interfaces' build argument 'catkin_skip_building_tests' from command line to 'False'
[1.199s] DEBUG:colcon.colcon_core.verb:Building package 'custom_interfaces' with the following arguments: {'ament_cmake_args': None, 'build_base': '/home/josea/ros2_ws/build/custom_interfaces', 'catkin_cmake_args': None, 'catkin_skip_building_tests': False, 'cmake_args': None, 'cmake_clean_cache': False, 'cmake_clean_first': False, 'cmake_force_configure': False, 'cmake_target': None, 'cmake_target_skip_unavailable': False, 'install_base': '/home/josea/ros2_ws/install/custom_interfaces', 'merge_install': False, 'path': '/home/josea/ros2_ws/src/custom_interfaces', 'symlink_install': False, 'test_result_base': None}
[1.200s] Level 5:colcon.colcon_core.verb:set package 'motor_control' build argument 'cmake_args' from command line to 'None'
[1.200s] Level 5:colcon.colcon_core.verb:set package 'motor_control' build argument 'cmake_target' from command line to 'None'
[1.200s] Level 5:colcon.colcon_core.verb:set package 'motor_control' build argument 'cmake_target_skip_unavailable' from command line to 'False'
[1.200s] Level 5:colcon.colcon_core.verb:set package 'motor_control' build argument 'cmake_clean_cache' from command line to 'False'
[1.200s] Level 5:colcon.colcon_core.verb:set package 'motor_control' build argument 'cmake_clean_first' from command line to 'False'
[1.200s] Level 5:colcon.colcon_core.verb:set package 'motor_control' build argument 'cmake_force_configure' from command line to 'False'
[1.200s] Level 5:colcon.colcon_core.verb:set package 'motor_control' build argument 'ament_cmake_args' from command line to 'None'
[1.200s] Level 5:colcon.colcon_core.verb:set package 'motor_control' build argument 'catkin_cmake_args' from command line to 'None'
[1.200s] Level 5:colcon.colcon_core.verb:set package 'motor_control' build argument 'catkin_skip_building_tests' from command line to 'False'
[1.200s] DEBUG:colcon.colcon_core.verb:Building package 'motor_control' with the following arguments: {'ament_cmake_args': None, 'build_base': '/home/josea/ros2_ws/build/motor_control', 'catkin_cmake_args': None, 'catkin_skip_building_tests': False, 'cmake_args': None, 'cmake_clean_cache': False, 'cmake_clean_first': False, 'cmake_force_configure': False, 'cmake_target': None, 'cmake_target_skip_unavailable': False, 'install_base': '/home/josea/ros2_ws/install/motor_control', 'merge_install': False, 'path': '/home/josea/ros2_ws/src/motor_control', 'symlink_install': False, 'test_result_base': None}
[1.201s] Level 5:colcon.colcon_core.verb:set package 'my_pack_clas' build argument 'cmake_args' from command line to 'None'
[1.201s] Level 5:colcon.colcon_core.verb:set package 'my_pack_clas' build argument 'cmake_target' from command line to 'None'
[1.201s] Level 5:colcon.colcon_core.verb:set package 'my_pack_clas' build argument 'cmake_target_skip_unavailable' from command line to 'False'
[1.201s] Level 5:colcon.colcon_core.verb:set package 'my_pack_clas' build argument 'cmake_clean_cache' from command line to 'False'
[1.201s] Level 5:colcon.colcon_core.verb:set package 'my_pack_clas' build argument 'cmake_clean_first' from command line to 'False'
[1.201s] Level 5:colcon.colcon_core.verb:set package 'my_pack_clas' build argument 'cmake_force_configure' from command line to 'False'
[1.201s] Level 5:colcon.colcon_core.verb:set package 'my_pack_clas' build argument 'ament_cmake_args' from command line to 'None'
[1.201s] Level 5:colcon.colcon_core.verb:set package 'my_pack_clas' build argument 'catkin_cmake_args' from command line to 'None'
[1.201s] Level 5:colcon.colcon_core.verb:set package 'my_pack_clas' build argument 'catkin_skip_building_tests' from command line to 'False'
[1.201s] DEBUG:colcon.colcon_core.verb:Building package 'my_pack_clas' with the following arguments: {'ament_cmake_args': None, 'build_base': '/home/josea/ros2_ws/build/my_pack_clas', 'catkin_cmake_args': None, 'catkin_skip_building_tests': False, 'cmake_args': None, 'cmake_clean_cache': False, 'cmake_clean_first': False, 'cmake_force_configure': False, 'cmake_target': None, 'cmake_target_skip_unavailable': False, 'install_base': '/home/josea/ros2_ws/install/my_pack_clas', 'merge_install': False, 'path': '/home/josea/ros2_ws/src/my_pack_clas', 'symlink_install': False, 'test_result_base': None}
[1.202s] INFO:colcon.colcon_core.executor:Executing jobs using 'parallel' executor
[1.203s] DEBUG:colcon.colcon_parallel_executor.executor.parallel:run_until_complete
[1.204s] INFO:colcon.colcon_ros.task.ament_python.build:Building ROS package in '/home/josea/ros2_ws/src/basic_comms' with build type 'ament_python'
[1.205s] Level 1:colcon.colcon_core.shell:create_environment_hook('basic_comms', 'ament_prefix_path')
[1.213s] INFO:colcon.colcon_core.plugin_system:Skipping extension 'colcon_core.shell.bat': Not used on non-Windows systems
[1.214s] INFO:colcon.colcon_core.shell:Creating environment hook '/home/josea/ros2_ws/install/basic_comms/share/basic_comms/hook/ament_prefix_path.ps1'
[1.216s] INFO:colcon.colcon_core.shell:Creating environment descriptor '/home/josea/ros2_ws/install/basic_comms/share/basic_comms/hook/ament_prefix_path.dsv'
[1.218s] INFO:colcon.colcon_core.shell:Creating environment hook '/home/josea/ros2_ws/install/basic_comms/share/basic_comms/hook/ament_prefix_path.sh'
[1.221s] INFO:colcon.colcon_core.shell:Skip shell extension 'powershell' for command environment: Not usable outside of PowerShell
[1.221s] DEBUG:colcon.colcon_core.shell:Skip shell extension 'dsv' for command environment
[1.230s] INFO:colcon.colcon_ros.task.ament_python.build:Building ROS package in '/home/josea/ros2_ws/src/challenge01' with build type 'ament_python'
[1.230s] Level 1:colcon.colcon_core.shell:create_environment_hook('challenge01', 'ament_prefix_path')
[1.231s] INFO:colcon.colcon_core.shell:Creating environment hook '/home/josea/ros2_ws/install/challenge01/share/challenge01/hook/ament_prefix_path.ps1'
[1.233s] INFO:colcon.colcon_core.shell:Creating environment descriptor '/home/josea/ros2_ws/install/challenge01/share/challenge01/hook/ament_prefix_path.dsv'
[1.235s] INFO:colcon.colcon_core.shell:Creating environment hook '/home/josea/ros2_ws/install/challenge01/share/challenge01/hook/ament_prefix_path.sh'
[1.237s] INFO:colcon.colcon_core.shell:Skip shell extension 'powershell' for command environment: Not usable outside of PowerShell
[1.237s] DEBUG:colcon.colcon_core.shell:Skip shell extension 'dsv' for command environment
[1.805s] INFO:colcon.colcon_core.task.python.build:Building Python package in '/home/josea/ros2_ws/src/basic_comms'
[1.805s] INFO:colcon.colcon_core.shell:Skip shell extension 'powershell' for command environment: Not usable outside of PowerShell
[1.805s] DEBUG:colcon.colcon_core.shell:Skip shell extension 'dsv' for command environment
[2.370s] INFO:colcon.colcon_core.task.python.build:Building Python package in '/home/josea/ros2_ws/src/challenge01'
[2.371s] INFO:colcon.colcon_core.shell:Skip shell extension 'powershell' for command environment: Not usable outside of PowerShell
[2.371s] DEBUG:colcon.colcon_core.shell:Skip shell extension 'dsv' for command environment
[3.718s] DEBUG:colcon.colcon_core.event_handler.log_command:Invoking command in '/home/josea/ros2_ws/src/challenge01': PYTHONPATH=/home/josea/ros2_ws/build/challenge01/prefix_override:/usr/lib/python3/dist-packages/colcon_core/task/python/colcon_distutils_commands:/home/josea/ros2_ws/install/challenge01/lib/python3.10/site-packages:${PYTHONPATH} /usr/bin/python3 -W ignore:setup.py install is deprecated -W ignore:easy_install command is deprecated setup.py egg_info --egg-base ../../build/challenge01 build --build-base /home/josea/ros2_ws/build/challenge01/build install --record /home/josea/ros2_ws/build/challenge01/install.log --single-version-externally-managed install_data
[3.763s] DEBUG:colcon.colcon_core.event_handler.log_command:Invoking command in '/home/josea/ros2_ws/src/basic_comms': PYTHONPATH=/home/josea/ros2_ws/build/basic_comms/prefix_override:/usr/lib/python3/dist-packages/colcon_core/task/python/colcon_distutils_commands:/home/josea/ros2_ws/install/basic_comms/lib/python3.10/site-packages:${PYTHONPATH} /usr/bin/python3 -W ignore:setup.py install is deprecated -W ignore:easy_install command is deprecated setup.py egg_info --egg-base ../../build/basic_comms build --build-base /home/josea/ros2_ws/build/basic_comms/build install --record /home/josea/ros2_ws/build/basic_comms/install.log --single-version-externally-managed install_data
[5.327s] DEBUG:colcon.colcon_core.event_handler.log_command:Invoked command in '/home/josea/ros2_ws/src/basic_comms' returned '0': PYTHONPATH=/home/josea/ros2_ws/build/basic_comms/prefix_override:/usr/lib/python3/dist-packages/colcon_core/task/python/colcon_distutils_commands:/home/josea/ros2_ws/install/basic_comms/lib/python3.10/site-packages:${PYTHONPATH} /usr/bin/python3 -W ignore:setup.py install is deprecated -W ignore:easy_install command is deprecated setup.py egg_info --egg-base ../../build/basic_comms build --build-base /home/josea/ros2_ws/build/basic_comms/build install --record /home/josea/ros2_ws/build/basic_comms/install.log --single-version-externally-managed install_data
[5.357s] Level 1:colcon.colcon_core.environment:checking '/home/josea/ros2_ws/install/basic_comms' for CMake module files
[5.362s] Level 1:colcon.colcon_core.environment:checking '/home/josea/ros2_ws/install/basic_comms' for CMake config files
[5.364s] Level 1:colcon.colcon_core.environment:checking '/home/josea/ros2_ws/install/basic_comms/lib'
[5.365s] Level 1:colcon.colcon_core.environment:checking '/home/josea/ros2_ws/install/basic_comms/bin'
[5.370s] Level 1:colcon.colcon_core.environment:checking '/home/josea/ros2_ws/install/basic_comms/lib/pkgconfig/basic_comms.pc'
[5.371s] Level 1:colcon.colcon_core.environment:checking '/home/josea/ros2_ws/install/basic_comms/lib/python3.10/site-packages'
[5.373s] Level 1:colcon.colcon_core.shell:create_environment_hook('basic_comms', 'pythonpath')
[5.375s] INFO:colcon.colcon_core.shell:Creating environment hook '/home/josea/ros2_ws/install/basic_comms/share/basic_comms/hook/pythonpath.ps1'
[5.378s] INFO:colcon.colcon_core.shell:Creating environment descriptor '/home/josea/ros2_ws/install/basic_comms/share/basic_comms/hook/pythonpath.dsv'
[5.380s] INFO:colcon.colcon_core.shell:Creating environment hook '/home/josea/ros2_ws/install/basic_comms/share/basic_comms/hook/pythonpath.sh'
[5.387s] Level 1:colcon.colcon_core.environment:checking '/home/josea/ros2_ws/install/basic_comms/bin'
[5.387s] Level 1:colcon.colcon_core.environment:create_environment_scripts_only(basic_comms)
[5.388s] INFO:colcon.colcon_core.shell:Creating package script '/home/josea/ros2_ws/install/basic_comms/share/basic_comms/package.ps1'
[5.398s] INFO:colcon.colcon_core.shell:Creating package descriptor '/home/josea/ros2_ws/install/basic_comms/share/basic_comms/package.dsv'
[5.410s] INFO:colcon.colcon_core.shell:Creating package script '/home/josea/ros2_ws/install/basic_comms/share/basic_comms/package.sh'
[5.418s] INFO:colcon.colcon_core.shell:Creating package script '/home/josea/ros2_ws/install/basic_comms/share/basic_comms/package.bash'
[5.426s] INFO:colcon.colcon_core.shell:Creating package script '/home/josea/ros2_ws/install/basic_comms/share/basic_comms/package.zsh'
[5.434s] Level 1:colcon.colcon_core.environment:create_file_with_runtime_dependencies(/home/josea/ros2_ws/install/basic_comms/share/colcon-core/packages/basic_comms)
[5.439s] INFO:colcon.colcon_ros.task.ament_python.build:Building ROS package in '/home/josea/ros2_ws/src/challenge02' with build type 'ament_python'
[5.443s] Level 1:colcon.colcon_core.shell:create_environment_hook('challenge02', 'ament_prefix_path')
[5.444s] INFO:colcon.colcon_core.shell:Creating environment hook '/home/josea/ros2_ws/install/challenge02/share/challenge02/hook/ament_prefix_path.ps1'
[5.454s] INFO:colcon.colcon_core.shell:Creating environment descriptor '/home/josea/ros2_ws/install/challenge02/share/challenge02/hook/ament_prefix_path.dsv'
[5.460s] INFO:colcon.colcon_core.shell:Creating environment hook '/home/josea/ros2_ws/install/challenge02/share/challenge02/hook/ament_prefix_path.sh'
[5.465s] INFO:colcon.colcon_core.shell:Skip shell extension 'powershell' for command environment: Not usable outside of PowerShell
[5.465s] DEBUG:colcon.colcon_core.shell:Skip shell extension 'dsv' for command environment
[5.499s] Level 1:colcon.colcon_core.environment:checking '/home/josea/ros2_ws/install/challenge01' for CMake module files
[5.504s] Level 1:colcon.colcon_core.environment:checking '/home/josea/ros2_ws/install/challenge01' for CMake config files
[5.509s] DEBUG:colcon.colcon_core.event_handler.log_command:Invoked command in '/home/josea/ros2_ws/src/challenge01' returned '0': PYTHONPATH=/home/josea/ros2_ws/build/challenge01/prefix_override:/usr/lib/python3/dist-packages/colcon_core/task/python/colcon_distutils_commands:/home/josea/ros2_ws/install/challenge01/lib/python3.10/site-packages:${PYTHONPATH} /usr/bin/python3 -W ignore:setup.py install is deprecated -W ignore:easy_install command is deprecated setup.py egg_info --egg-base ../../build/challenge01 build --build-base /home/josea/ros2_ws/build/challenge01/build install --record /home/josea/ros2_ws/build/challenge01/install.log --single-version-externally-managed install_data
[5.510s] Level 1:colcon.colcon_core.environment:checking '/home/josea/ros2_ws/install/challenge01/lib'
[5.510s] Level 1:colcon.colcon_core.environment:checking '/home/josea/ros2_ws/install/challenge01/bin'
[5.510s] Level 1:colcon.colcon_core.environment:checking '/home/josea/ros2_ws/install/challenge01/lib/pkgconfig/challenge01.pc'
[5.513s] Level 1:colcon.colcon_core.environment:checking '/home/josea/ros2_ws/install/challenge01/lib/python3.10/site-packages'
[5.513s] Level 1:colcon.colcon_core.shell:create_environment_hook('challenge01', 'pythonpath')
[5.514s] INFO:colcon.colcon_core.shell:Creating environment hook '/home/josea/ros2_ws/install/challenge01/share/challenge01/hook/pythonpath.ps1'
[5.516s] INFO:colcon.colcon_core.shell:Creating environment descriptor '/home/josea/ros2_ws/install/challenge01/share/challenge01/hook/pythonpath.dsv'
[5.519s] INFO:colcon.colcon_core.shell:Creating environment hook '/home/josea/ros2_ws/install/challenge01/share/challenge01/hook/pythonpath.sh'
[5.522s] Level 1:colcon.colcon_core.environment:checking '/home/josea/ros2_ws/install/challenge01/bin'
[5.523s] Level 1:colcon.colcon_core.environment:create_environment_scripts_only(challenge01)
[5.526s] INFO:colcon.colcon_core.shell:Creating package script '/home/josea/ros2_ws/install/challenge01/share/challenge01/package.ps1'
[5.527s] INFO:colcon.colcon_core.shell:Creating package descriptor '/home/josea/ros2_ws/install/challenge01/share/challenge01/package.dsv'
[5.532s] INFO:colcon.colcon_core.shell:Creating package script '/home/josea/ros2_ws/install/challenge01/share/challenge01/package.sh'
[5.536s] INFO:colcon.colcon_core.shell:Creating package script '/home/josea/ros2_ws/install/challenge01/share/challenge01/package.bash'
[5.539s] INFO:colcon.colcon_core.shell:Creating package script '/home/josea/ros2_ws/install/challenge01/share/challenge01/package.zsh'
[5.543s] Level 1:colcon.colcon_core.environment:create_file_with_runtime_dependencies(/home/josea/ros2_ws/install/challenge01/share/colcon-core/packages/challenge01)
[5.547s] INFO:colcon.colcon_ros.task.ament_cmake.build:Building ROS package in '/home/josea/ros2_ws/src/custom_interfaces' with build type 'ament_cmake'
[5.550s] INFO:colcon.colcon_cmake.task.cmake.build:Building CMake package in '/home/josea/ros2_ws/src/custom_interfaces'
[5.551s] INFO:colcon.colcon_core.shell:Skip shell extension 'powershell' for command environment: Not usable outside of PowerShell
[5.551s] DEBUG:colcon.colcon_core.shell:Skip shell extension 'dsv' for command environment
[6.383s] INFO:colcon.colcon_core.task.python.build:Building Python package in '/home/josea/ros2_ws/src/challenge02'
[6.383s] INFO:colcon.colcon_core.shell:Skip shell extension 'powershell' for command environment: Not usable outside of PowerShell
[6.383s] DEBUG:colcon.colcon_core.shell:Skip shell extension 'dsv' for command environment
[6.407s] DEBUG:colcon.colcon_core.event_handler.log_command:Invoking command in '/home/josea/ros2_ws/build/custom_interfaces': CMAKE_PREFIX_PATH=${CMAKE_PREFIX_PATH}:/home/josea/ros2_ws/install/my_pack_clas:/home/josea/ros2_ws/install/motor_control:/home/josea/ros2_ws/install/challenge02:/home/josea/ros2_ws/install/challenge01:/home/josea/ros2_ws/install/basic_comms:/home/josea/ros2_ws/src/install/my_pack_clas:/home/josea/ros2_ws/src/install/motor_control:/home/josea/ros2_ws/src/install/challenge02:/home/josea/ros2_ws/src/install/challenge01:/home/josea/ros2_ws/src/install/basic_comms:/opt/ros/humble /usr/bin/cmake --build /home/josea/ros2_ws/build/custom_interfaces -- -j2 -l2
[8.263s] DEBUG:colcon.colcon_core.event_handler.log_command:Invoking command in '/home/josea/ros2_ws/src/challenge02': PYTHONPATH=/home/josea/ros2_ws/build/challenge02/prefix_override:/usr/lib/python3/dist-packages/colcon_core/task/python/colcon_distutils_commands:/home/josea/ros2_ws/install/challenge02/lib/python3.10/site-packages:${PYTHONPATH} /usr/bin/python3 -W ignore:setup.py install is deprecated -W ignore:easy_install command is deprecated setup.py egg_info --egg-base ../../build/challenge02 build --build-base /home/josea/ros2_ws/build/challenge02/build install --record /home/josea/ros2_ws/build/challenge02/install.log --single-version-externally-managed install_data
[10.532s] Level 1:colcon.colcon_core.environment:checking '/home/josea/ros2_ws/install/challenge02' for CMake module files
[10.533s] DEBUG:colcon.colcon_core.event_handler.log_command:Invoked command in '/home/josea/ros2_ws/src/challenge02' returned '0': PYTHONPATH=/home/josea/ros2_ws/build/challenge02/prefix_override:/usr/lib/python3/dist-packages/colcon_core/task/python/colcon_distutils_commands:/home/josea/ros2_ws/install/challenge02/lib/python3.10/site-packages:${PYTHONPATH} /usr/bin/python3 -W ignore:setup.py install is deprecated -W ignore:easy_install command is deprecated setup.py egg_info --egg-base ../../build/challenge02 build --build-base /home/josea/ros2_ws/build/challenge02/build install --record /home/josea/ros2_ws/build/challenge02/install.log --single-version-externally-managed install_data
[10.537s] Level 1:colcon.colcon_core.environment:checking '/home/josea/ros2_ws/install/challenge02' for CMake config files
[10.542s] Level 1:colcon.colcon_core.environment:checking '/home/josea/ros2_ws/install/challenge02/lib'
[10.542s] Level 1:colcon.colcon_core.environment:checking '/home/josea/ros2_ws/install/challenge02/bin'
[10.542s] Level 1:colcon.colcon_core.environment:checking '/home/josea/ros2_ws/install/challenge02/lib/pkgconfig/challenge02.pc'
[10.545s] Level 1:colcon.colcon_core.environment:checking '/home/josea/ros2_ws/install/challenge02/lib/python3.10/site-packages'
[10.545s] Level 1:colcon.colcon_core.shell:create_environment_hook('challenge02', 'pythonpath')
[10.546s] INFO:colcon.colcon_core.shell:Creating environment hook '/home/josea/ros2_ws/install/challenge02/share/challenge02/hook/pythonpath.ps1'
[10.547s] INFO:colcon.colcon_core.shell:Creating environment descriptor '/home/josea/ros2_ws/install/challenge02/share/challenge02/hook/pythonpath.dsv'
[10.549s] INFO:colcon.colcon_core.shell:Creating environment hook '/home/josea/ros2_ws/install/challenge02/share/challenge02/hook/pythonpath.sh'
[10.557s] Level 1:colcon.colcon_core.environment:checking '/home/josea/ros2_ws/install/challenge02/bin'
[10.557s] Level 1:colcon.colcon_core.environment:create_environment_scripts_only(challenge02)
[10.558s] INFO:colcon.colcon_core.shell:Creating package script '/home/josea/ros2_ws/install/challenge02/share/challenge02/package.ps1'
[10.564s] INFO:colcon.colcon_core.shell:Creating package descriptor '/home/josea/ros2_ws/install/challenge02/share/challenge02/package.dsv'
[10.576s] INFO:colcon.colcon_core.shell:Creating package script '/home/josea/ros2_ws/install/challenge02/share/challenge02/package.sh'
[10.581s] INFO:colcon.colcon_core.shell:Creating package script '/home/josea/ros2_ws/install/challenge02/share/challenge02/package.bash'
[10.584s] INFO:colcon.colcon_core.shell:Creating package script '/home/josea/ros2_ws/install/challenge02/share/challenge02/package.zsh'
[10.590s] Level 1:colcon.colcon_core.environment:create_file_with_runtime_dependencies(/home/josea/ros2_ws/install/challenge02/share/colcon-core/packages/challenge02)
[10.595s] INFO:colcon.colcon_ros.task.ament_python.build:Building ROS package in '/home/josea/ros2_ws/src/motor_control' with build type 'ament_python'
[10.596s] Level 1:colcon.colcon_core.shell:create_environment_hook('motor_control', 'ament_prefix_path')
[10.596s] INFO:colcon.colcon_core.shell:Creating environment hook '/home/josea/ros2_ws/install/motor_control/share/motor_control/hook/ament_prefix_path.ps1'
[10.598s] INFO:colcon.colcon_core.shell:Creating environment descriptor '/home/josea/ros2_ws/install/motor_control/share/motor_control/hook/ament_prefix_path.dsv'
[10.599s] INFO:colcon.colcon_core.shell:Creating environment hook '/home/josea/ros2_ws/install/motor_control/share/motor_control/hook/ament_prefix_path.sh'
[10.610s] INFO:colcon.colcon_core.shell:Skip shell extension 'powershell' for command environment: Not usable outside of PowerShell
[10.610s] DEBUG:colcon.colcon_core.shell:Skip shell extension 'dsv' for command environment
[10.654s] DEBUG:colcon.colcon_core.event_handler.log_command:Invoked command in '/home/josea/ros2_ws/build/custom_interfaces' returned '0': CMAKE_PREFIX_PATH=${CMAKE_PREFIX_PATH}:/home/josea/ros2_ws/install/my_pack_clas:/home/josea/ros2_ws/install/motor_control:/home/josea/ros2_ws/install/challenge02:/home/josea/ros2_ws/install/challenge01:/home/josea/ros2_ws/install/basic_comms:/home/josea/ros2_ws/src/install/my_pack_clas:/home/josea/ros2_ws/src/install/motor_control:/home/josea/ros2_ws/src/install/challenge02:/home/josea/ros2_ws/src/install/challenge01:/home/josea/ros2_ws/src/install/basic_comms:/opt/ros/humble /usr/bin/cmake --build /home/josea/ros2_ws/build/custom_interfaces -- -j2 -l2
[10.698s] DEBUG:colcon.colcon_core.event_handler.log_command:Invoking command in '/home/josea/ros2_ws/build/custom_interfaces': CMAKE_PREFIX_PATH=${CMAKE_PREFIX_PATH}:/home/josea/ros2_ws/install/my_pack_clas:/home/josea/ros2_ws/install/motor_control:/home/josea/ros2_ws/install/challenge02:/home/josea/ros2_ws/install/challenge01:/home/josea/ros2_ws/install/basic_comms:/home/josea/ros2_ws/src/install/my_pack_clas:/home/josea/ros2_ws/src/install/motor_control:/home/josea/ros2_ws/src/install/challenge02:/home/josea/ros2_ws/src/install/challenge01:/home/josea/ros2_ws/src/install/basic_comms:/opt/ros/humble /usr/bin/cmake --install /home/josea/ros2_ws/build/custom_interfaces
[11.488s] INFO:colcon.colcon_core.task.python.build:Building Python package in '/home/josea/ros2_ws/src/motor_control'
[11.489s] INFO:colcon.colcon_core.shell:Skip shell extension 'powershell' for command environment: Not usable outside of PowerShell
[11.489s] DEBUG:colcon.colcon_core.shell:Skip shell extension 'dsv' for command environment
[11.504s] Level 1:colcon.colcon_core.environment:create_environment_scripts_only(custom_interfaces)
[11.507s] Level 1:colcon.colcon_core.environment:checking '/home/josea/ros2_ws/install/custom_interfaces' for CMake module files
[11.508s] DEBUG:colcon.colcon_core.event_handler.log_command:Invoked command in '/home/josea/ros2_ws/build/custom_interfaces' returned '0': CMAKE_PREFIX_PATH=${CMAKE_PREFIX_PATH}:/home/josea/ros2_ws/install/my_pack_clas:/home/josea/ros2_ws/install/motor_control:/home/josea/ros2_ws/install/challenge02:/home/josea/ros2_ws/install/challenge01:/home/josea/ros2_ws/install/basic_comms:/home/josea/ros2_ws/src/install/my_pack_clas:/home/josea/ros2_ws/src/install/motor_control:/home/josea/ros2_ws/src/install/challenge02:/home/josea/ros2_ws/src/install/challenge01:/home/josea/ros2_ws/src/install/basic_comms:/opt/ros/humble /usr/bin/cmake --install /home/josea/ros2_ws/build/custom_interfaces
[11.509s] Level 1:colcon.colcon_core.environment:checking '/home/josea/ros2_ws/install/custom_interfaces' for CMake config files
[11.511s] Level 1:colcon.colcon_core.shell:create_environment_hook('custom_interfaces', 'cmake_prefix_path')
[11.512s] INFO:colcon.colcon_core.shell:Creating environment hook '/home/josea/ros2_ws/install/custom_interfaces/share/custom_interfaces/hook/cmake_prefix_path.ps1'
[11.514s] INFO:colcon.colcon_core.shell:Creating environment descriptor '/home/josea/ros2_ws/install/custom_interfaces/share/custom_interfaces/hook/cmake_prefix_path.dsv'
[11.514s] INFO:colcon.colcon_core.shell:Creating environment hook '/home/josea/ros2_ws/install/custom_interfaces/share/custom_interfaces/hook/cmake_prefix_path.sh'
[11.516s] Level 1:colcon.colcon_core.environment:checking '/home/josea/ros2_ws/install/custom_interfaces/lib'
[11.516s] Level 1:colcon.colcon_core.shell:create_environment_hook('custom_interfaces', 'ld_library_path_lib')
[11.517s] INFO:colcon.colcon_core.shell:Creating environment hook '/home/josea/ros2_ws/install/custom_interfaces/share/custom_interfaces/hook/ld_library_path_lib.ps1'
[11.518s] INFO:colcon.colcon_core.shell:Creating environment descriptor '/home/josea/ros2_ws/install/custom_interfaces/share/custom_interfaces/hook/ld_library_path_lib.dsv'
[11.519s] INFO:colcon.colcon_core.shell:Creating environment hook '/home/josea/ros2_ws/install/custom_interfaces/share/custom_interfaces/hook/ld_library_path_lib.sh'
[11.520s] Level 1:colcon.colcon_core.environment:checking '/home/josea/ros2_ws/install/custom_interfaces/bin'
[11.520s] Level 1:colcon.colcon_core.environment:checking '/home/josea/ros2_ws/install/custom_interfaces/lib/pkgconfig/custom_interfaces.pc'
[11.521s] Level 1:colcon.colcon_core.environment:checking '/home/josea/ros2_ws/install/custom_interfaces/lib/python3.10/site-packages'
[11.521s] Level 1:colcon.colcon_core.environment:checking '/home/josea/ros2_ws/install/custom_interfaces/bin'
[11.522s] INFO:colcon.colcon_core.shell:Creating package script '/home/josea/ros2_ws/install/custom_interfaces/share/custom_interfaces/package.ps1'
[11.523s] INFO:colcon.colcon_core.shell:Creating package descriptor '/home/josea/ros2_ws/install/custom_interfaces/share/custom_interfaces/package.dsv'
[11.525s] INFO:colcon.colcon_core.shell:Creating package script '/home/josea/ros2_ws/install/custom_interfaces/share/custom_interfaces/package.sh'
[11.526s] INFO:colcon.colcon_core.shell:Creating package script '/home/josea/ros2_ws/install/custom_interfaces/share/custom_interfaces/package.bash'
[11.527s] INFO:colcon.colcon_core.shell:Creating package script '/home/josea/ros2_ws/install/custom_interfaces/share/custom_interfaces/package.zsh'
[11.528s] Level 1:colcon.colcon_core.environment:create_file_with_runtime_dependencies(/home/josea/ros2_ws/install/custom_interfaces/share/colcon-core/packages/custom_interfaces)
[11.529s] Level 1:colcon.colcon_core.environment:create_environment_scripts_only(custom_interfaces)
[11.530s] Level 1:colcon.colcon_core.environment:checking '/home/josea/ros2_ws/install/custom_interfaces' for CMake module files
[11.531s] Level 1:colcon.colcon_core.environment:checking '/home/josea/ros2_ws/install/custom_interfaces' for CMake config files
[11.532s] Level 1:colcon.colcon_core.shell:create_environment_hook('custom_interfaces', 'cmake_prefix_path')
[11.533s] INFO:colcon.colcon_core.shell:Creating environment hook '/home/josea/ros2_ws/install/custom_interfaces/share/custom_interfaces/hook/cmake_prefix_path.ps1'
[11.534s] INFO:colcon.colcon_core.shell:Creating environment descriptor '/home/josea/ros2_ws/install/custom_interfaces/share/custom_interfaces/hook/cmake_prefix_path.dsv'
[11.535s] INFO:colcon.colcon_core.shell:Creating environment hook '/home/josea/ros2_ws/install/custom_interfaces/share/custom_interfaces/hook/cmake_prefix_path.sh'
[11.536s] Level 1:colcon.colcon_core.environment:checking '/home/josea/ros2_ws/install/custom_interfaces/lib'
[11.536s] Level 1:colcon.colcon_core.shell:create_environment_hook('custom_interfaces', 'ld_library_path_lib')
[11.537s] INFO:colcon.colcon_core.shell:Creating environment hook '/home/josea/ros2_ws/install/custom_interfaces/share/custom_interfaces/hook/ld_library_path_lib.ps1'
[11.538s] INFO:colcon.colcon_core.shell:Creating environment descriptor '/home/josea/ros2_ws/install/custom_interfaces/share/custom_interfaces/hook/ld_library_path_lib.dsv'
[11.539s] INFO:colcon.colcon_core.shell:Creating environment hook '/home/josea/ros2_ws/install/custom_interfaces/share/custom_interfaces/hook/ld_library_path_lib.sh'
[11.540s] Level 1:colcon.colcon_core.environment:checking '/home/josea/ros2_ws/install/custom_interfaces/bin'
[11.540s] Level 1:colcon.colcon_core.environment:checking '/home/josea/ros2_ws/install/custom_interfaces/lib/pkgconfig/custom_interfaces.pc'
[11.541s] Level 1:colcon.colcon_core.environment:checking '/home/josea/ros2_ws/install/custom_interfaces/lib/python3.10/site-packages'
[11.541s] Level 1:colcon.colcon_core.environment:checking '/home/josea/ros2_ws/install/custom_interfaces/bin'
[11.542s] INFO:colcon.colcon_core.shell:Creating package script '/home/josea/ros2_ws/install/custom_interfaces/share/custom_interfaces/package.ps1'
[11.543s] INFO:colcon.colcon_core.shell:Creating package descriptor '/home/josea/ros2_ws/install/custom_interfaces/share/custom_interfaces/package.dsv'
[11.545s] INFO:colcon.colcon_core.shell:Creating package script '/home/josea/ros2_ws/install/custom_interfaces/share/custom_interfaces/package.sh'
[11.546s] INFO:colcon.colcon_core.shell:Creating package script '/home/josea/ros2_ws/install/custom_interfaces/share/custom_interfaces/package.bash'
[11.547s] INFO:colcon.colcon_core.shell:Creating package script '/home/josea/ros2_ws/install/custom_interfaces/share/custom_interfaces/package.zsh'
[11.548s] Level 1:colcon.colcon_core.environment:create_file_with_runtime_dependencies(/home/josea/ros2_ws/install/custom_interfaces/share/colcon-core/packages/custom_interfaces)
[11.550s] INFO:colcon.colcon_ros.task.ament_python.build:Building ROS package in '/home/josea/ros2_ws/src/my_pack_clas' with build type 'ament_python'
[11.551s] Level 1:colcon.colcon_core.shell:create_environment_hook('my_pack_clas', 'ament_prefix_path')
[11.551s] INFO:colcon.colcon_core.shell:Creating environment hook '/home/josea/ros2_ws/install/my_pack_clas/share/my_pack_clas/hook/ament_prefix_path.ps1'
[11.553s] INFO:colcon.colcon_core.shell:Creating environment descriptor '/home/josea/ros2_ws/install/my_pack_clas/share/my_pack_clas/hook/ament_prefix_path.dsv'
[11.554s] INFO:colcon.colcon_core.shell:Creating environment hook '/home/josea/ros2_ws/install/my_pack_clas/share/my_pack_clas/hook/ament_prefix_path.sh'
[11.555s] INFO:colcon.colcon_core.shell:Skip shell extension 'powershell' for command environment: Not usable outside of PowerShell
[11.556s] DEBUG:colcon.colcon_core.shell:Skip shell extension 'dsv' for command environment
[12.990s] INFO:colcon.colcon_core.task.python.build:Building Python package in '/home/josea/ros2_ws/src/my_pack_clas'
[12.992s] INFO:colcon.colcon_core.shell:Skip shell extension 'powershell' for command environment: Not usable outside of PowerShell
[12.993s] DEBUG:colcon.colcon_core.shell:Skip shell extension 'dsv' for command environment
[13.570s] DEBUG:colcon.colcon_core.event_handler.log_command:Invoking command in '/home/josea/ros2_ws/src/motor_control': PYTHONPATH=/home/josea/ros2_ws/build/motor_control/prefix_override:/usr/lib/python3/dist-packages/colcon_core/task/python/colcon_distutils_commands:/home/josea/ros2_ws/install/motor_control/lib/python3.10/site-packages:${PYTHONPATH} /usr/bin/python3 -W ignore:setup.py install is deprecated -W ignore:easy_install command is deprecated setup.py egg_info --egg-base ../../build/motor_control build --build-base /home/josea/ros2_ws/build/motor_control/build install --record /home/josea/ros2_ws/build/motor_control/install.log --single-version-externally-managed install_data
[15.532s] DEBUG:colcon.colcon_core.event_handler.log_command:Invoking command in '/home/josea/ros2_ws/src/my_pack_clas': PYTHONPATH=/home/josea/ros2_ws/build/my_pack_clas/prefix_override:/usr/lib/python3/dist-packages/colcon_core/task/python/colcon_distutils_commands:/home/josea/ros2_ws/install/my_pack_clas/lib/python3.10/site-packages:${PYTHONPATH} /usr/bin/python3 -W ignore:setup.py install is deprecated -W ignore:easy_install command is deprecated setup.py egg_info --egg-base ../../build/my_pack_clas build --build-base /home/josea/ros2_ws/build/my_pack_clas/build install --record /home/josea/ros2_ws/build/my_pack_clas/install.log --single-version-externally-managed install_data
[15.784s] Level 1:colcon.colcon_core.environment:checking '/home/josea/ros2_ws/install/motor_control' for CMake module files
[15.786s] DEBUG:colcon.colcon_core.event_handler.log_command:Invoked command in '/home/josea/ros2_ws/src/motor_control' returned '0': PYTHONPATH=/home/josea/ros2_ws/build/motor_control/prefix_override:/usr/lib/python3/dist-packages/colcon_core/task/python/colcon_distutils_commands:/home/josea/ros2_ws/install/motor_control/lib/python3.10/site-packages:${PYTHONPATH} /usr/bin/python3 -W ignore:setup.py install is deprecated -W ignore:easy_install command is deprecated setup.py egg_info --egg-base ../../build/motor_control build --build-base /home/josea/ros2_ws/build/motor_control/build install --record /home/josea/ros2_ws/build/motor_control/install.log --single-version-externally-managed install_data
[15.789s] Level 1:colcon.colcon_core.environment:checking '/home/josea/ros2_ws/install/motor_control' for CMake config files
[15.798s] Level 1:colcon.colcon_core.environment:checking '/home/josea/ros2_ws/install/motor_control/lib'
[15.799s] Level 1:colcon.colcon_core.environment:checking '/home/josea/ros2_ws/install/motor_control/bin'
[15.799s] Level 1:colcon.colcon_core.environment:checking '/home/josea/ros2_ws/install/motor_control/lib/pkgconfig/motor_control.pc'
[15.800s] Level 1:colcon.colcon_core.environment:checking '/home/josea/ros2_ws/install/motor_control/lib/python3.10/site-packages'
[15.800s] Level 1:colcon.colcon_core.shell:create_environment_hook('motor_control', 'pythonpath')
[15.804s] INFO:colcon.colcon_core.shell:Creating environment hook '/home/josea/ros2_ws/install/motor_control/share/motor_control/hook/pythonpath.ps1'
[15.806s] INFO:colcon.colcon_core.shell:Creating environment descriptor '/home/josea/ros2_ws/install/motor_control/share/motor_control/hook/pythonpath.dsv'
[15.809s] INFO:colcon.colcon_core.shell:Creating environment hook '/home/josea/ros2_ws/install/motor_control/share/motor_control/hook/pythonpath.sh'
[15.813s] Level 1:colcon.colcon_core.environment:checking '/home/josea/ros2_ws/install/motor_control/bin'
[15.813s] Level 1:colcon.colcon_core.environment:create_environment_scripts_only(motor_control)
[15.815s] INFO:colcon.colcon_core.shell:Creating package script '/home/josea/ros2_ws/install/motor_control/share/motor_control/package.ps1'
[15.818s] INFO:colcon.colcon_core.shell:Creating package descriptor '/home/josea/ros2_ws/install/motor_control/share/motor_control/package.dsv'
[15.821s] INFO:colcon.colcon_core.shell:Creating package script '/home/josea/ros2_ws/install/motor_control/share/motor_control/package.sh'
[15.825s] INFO:colcon.colcon_core.shell:Creating package script '/home/josea/ros2_ws/install/motor_control/share/motor_control/package.bash'
[15.827s] INFO:colcon.colcon_core.shell:Creating package script '/home/josea/ros2_ws/install/motor_control/share/motor_control/package.zsh'
[15.830s] Level 1:colcon.colcon_core.environment:create_file_with_runtime_dependencies(/home/josea/ros2_ws/install/motor_control/share/colcon-core/packages/motor_control)
[16.910s] Level 1:colcon.colcon_core.environment:checking '/home/josea/ros2_ws/install/my_pack_clas' for CMake module files
[16.915s] DEBUG:colcon.colcon_core.event_handler.log_command:Invoked command in '/home/josea/ros2_ws/src/my_pack_clas' returned '0': PYTHONPATH=/home/josea/ros2_ws/build/my_pack_clas/prefix_override:/usr/lib/python3/dist-packages/colcon_core/task/python/colcon_distutils_commands:/home/josea/ros2_ws/install/my_pack_clas/lib/python3.10/site-packages:${PYTHONPATH} /usr/bin/python3 -W ignore:setup.py install is deprecated -W ignore:easy_install command is deprecated setup.py egg_info --egg-base ../../build/my_pack_clas build --build-base /home/josea/ros2_ws/build/my_pack_clas/build install --record /home/josea/ros2_ws/build/my_pack_clas/install.log --single-version-externally-managed install_data
[16.916s] Level 1:colcon.colcon_core.environment:checking '/home/josea/ros2_ws/install/my_pack_clas' for CMake config files
[16.919s] Level 1:colcon.colcon_core.environment:checking '/home/josea/ros2_ws/install/my_pack_clas/lib'
[16.920s] Level 1:colcon.colcon_core.environment:checking '/home/josea/ros2_ws/install/my_pack_clas/bin'
[16.921s] Level 1:colcon.colcon_core.environment:checking '/home/josea/ros2_ws/install/my_pack_clas/lib/pkgconfig/my_pack_clas.pc'
[16.922s] Level 1:colcon.colcon_core.environment:checking '/home/josea/ros2_ws/install/my_pack_clas/lib/python3.10/site-packages'
[16.923s] Level 1:colcon.colcon_core.shell:create_environment_hook('my_pack_clas', 'pythonpath')
[16.924s] INFO:colcon.colcon_core.shell:Creating environment hook '/home/josea/ros2_ws/install/my_pack_clas/share/my_pack_clas/hook/pythonpath.ps1'
[16.927s] INFO:colcon.colcon_core.shell:Creating environment descriptor '/home/josea/ros2_ws/install/my_pack_clas/share/my_pack_clas/hook/pythonpath.dsv'
[16.928s] INFO:colcon.colcon_core.shell:Creating environment hook '/home/josea/ros2_ws/install/my_pack_clas/share/my_pack_clas/hook/pythonpath.sh'
[16.931s] Level 1:colcon.colcon_core.environment:checking '/home/josea/ros2_ws/install/my_pack_clas/bin'
[16.931s] Level 1:colcon.colcon_core.environment:create_environment_scripts_only(my_pack_clas)
[16.932s] INFO:colcon.colcon_core.shell:Creating package script '/home/josea/ros2_ws/install/my_pack_clas/share/my_pack_clas/package.ps1'
[16.934s] INFO:colcon.colcon_core.shell:Creating package descriptor '/home/josea/ros2_ws/install/my_pack_clas/share/my_pack_clas/package.dsv'
[16.937s] INFO:colcon.colcon_core.shell:Creating package script '/home/josea/ros2_ws/install/my_pack_clas/share/my_pack_clas/package.sh'
[16.939s] INFO:colcon.colcon_core.shell:Creating package script '/home/josea/ros2_ws/install/my_pack_clas/share/my_pack_clas/package.bash'
[16.940s] INFO:colcon.colcon_core.shell:Creating package script '/home/josea/ros2_ws/install/my_pack_clas/share/my_pack_clas/package.zsh'
[16.943s] Level 1:colcon.colcon_core.environment:create_file_with_runtime_dependencies(/home/josea/ros2_ws/install/my_pack_clas/share/colcon-core/packages/my_pack_clas)
[16.944s] DEBUG:colcon.colcon_parallel_executor.executor.parallel:closing loop
[16.945s] DEBUG:colcon.colcon_parallel_executor.executor.parallel:loop closed
[16.946s] DEBUG:colcon.colcon_parallel_executor.executor.parallel:run_until_complete finished with '0'
[16.947s] DEBUG:colcon.colcon_core.event_reactor:joining thread
[16.980s] INFO:colcon.colcon_core.plugin_system:Skipping extension 'colcon_notification.desktop_notification.terminal_notifier': Not used on non-Darwin systems
[16.980s] INFO:colcon.colcon_core.plugin_system:Skipping extension 'colcon_notification.desktop_notification.win32': Not used on non-Windows systems
[16.981s] INFO:colcon.colcon_notification.desktop_notification:Sending desktop notification using 'notify2'
[17.087s] DEBUG:colcon.colcon_core.event_reactor:joined thread
[17.088s] INFO:colcon.colcon_core.shell:Creating prefix script '/home/josea/ros2_ws/install/local_setup.ps1'
[17.093s] INFO:colcon.colcon_core.shell:Creating prefix util module '/home/josea/ros2_ws/install/_local_setup_util_ps1.py'
[17.100s] INFO:colcon.colcon_core.shell:Creating prefix chain script '/home/josea/ros2_ws/install/setup.ps1'
[17.106s] INFO:colcon.colcon_core.shell:Creating prefix script '/home/josea/ros2_ws/install/local_setup.sh'
[17.110s] INFO:colcon.colcon_core.shell:Creating prefix util module '/home/josea/ros2_ws/install/_local_setup_util_sh.py'
[17.113s] INFO:colcon.colcon_core.shell:Creating prefix chain script '/home/josea/ros2_ws/install/setup.sh'
[17.119s] INFO:colcon.colcon_core.shell:Creating prefix script '/home/josea/ros2_ws/install/local_setup.bash'
[17.122s] INFO:colcon.colcon_core.shell:Creating prefix chain script '/home/josea/ros2_ws/install/setup.bash'
[17.128s] INFO:colcon.colcon_core.shell:Creating prefix script '/home/josea/ros2_ws/install/local_setup.zsh'
[17.133s] INFO:colcon.colcon_core.shell:Creating prefix chain script '/home/josea/ros2_ws/install/setup.zsh'
