[2.308s] Invoking command in '/home/josea/ros2_ws/src/motor_control': PYTHONPATH=/home/josea/ros2_ws/build/motor_control/prefix_override:/usr/lib/python3/dist-packages/colcon_core/task/python/colcon_distutils_commands:/home/josea/ros2_ws/install/motor_control/lib/python3.10/site-packages:${PYTHONPATH} /usr/bin/python3 -W ignore:setup.py install is deprecated -W ignore:easy_install command is deprecated setup.py egg_info --egg-base ../../build/motor_control build --build-base /home/josea/ros2_ws/build/motor_control/build install --record /home/josea/ros2_ws/build/motor_control/install.log --single-version-externally-managed install_data
[3.349s] running egg_info
[3.351s] writing ../../build/motor_control/motor_control.egg-info/PKG-INFO
[3.353s] writing dependency_links to ../../build/motor_control/motor_control.egg-info/dependency_links.txt
[3.353s] writing entry points to ../../build/motor_control/motor_control.egg-info/entry_points.txt
[3.355s] writing requirements to ../../build/motor_control/motor_control.egg-info/requires.txt
[3.355s] writing top-level names to ../../build/motor_control/motor_control.egg-info/top_level.txt
[3.370s] reading manifest file '../../build/motor_control/motor_control.egg-info/SOURCES.txt'
[3.370s] adding license file 'LICENSE'
[3.370s] writing manifest file '../../build/motor_control/motor_control.egg-info/SOURCES.txt'
[3.371s] running build
[3.371s] running build_py
[3.372s] running install
[3.373s] running install_lib
[3.381s] running install_data
[3.382s] running install_egg_info
[3.386s] removing '/home/josea/ros2_ws/install/motor_control/lib/python3.10/site-packages/motor_control-0.0.0-py3.10.egg-info' (and everything under it)
[3.390s] Copying ../../build/motor_control/motor_control.egg-info to /home/josea/ros2_ws/install/motor_control/lib/python3.10/site-packages/motor_control-0.0.0-py3.10.egg-info
[3.399s] running install_scripts
[3.477s] Installing dc_motor script to /home/josea/ros2_ws/install/motor_control/lib/motor_control
[3.479s] Installing set_point script to /home/josea/ros2_ws/install/motor_control/lib/motor_control
[3.484s] writing list of installed files to '/home/josea/ros2_ws/build/motor_control/install.log'
[3.592s] Invoked command in '/home/josea/ros2_ws/src/motor_control' returned '0': PYTHONPATH=/home/josea/ros2_ws/build/motor_control/prefix_override:/usr/lib/python3/dist-packages/colcon_core/task/python/colcon_distutils_commands:/home/josea/ros2_ws/install/motor_control/lib/python3.10/site-packages:${PYTHONPATH} /usr/bin/python3 -W ignore:setup.py install is deprecated -W ignore:easy_install command is deprecated setup.py egg_info --egg-base ../../build/motor_control build --build-base /home/josea/ros2_ws/build/motor_control/build install --record /home/josea/ros2_ws/build/motor_control/install.log --single-version-externally-managed install_data
