[2.321s] Invoking command in '/home/josea/ros2_ws/src/challenge02': PYTHONPATH=/home/josea/ros2_ws/build/challenge02/prefix_override:/usr/lib/python3/dist-packages/colcon_core/task/python/colcon_distutils_commands:/home/josea/ros2_ws/install/challenge02/lib/python3.10/site-packages:${PYTHONPATH} /usr/bin/python3 -W ignore:setup.py install is deprecated -W ignore:easy_install command is deprecated setup.py egg_info --egg-base ../../build/challenge02 build --build-base /home/josea/ros2_ws/build/challenge02/build install --record /home/josea/ros2_ws/build/challenge02/install.log --single-version-externally-managed install_data
[3.233s] running egg_info
[3.239s] writing ../../build/challenge02/challenge02.egg-info/PKG-INFO
[3.240s] writing dependency_links to ../../build/challenge02/challenge02.egg-info/dependency_links.txt
[3.240s] writing entry points to ../../build/challenge02/challenge02.egg-info/entry_points.txt
[3.240s] writing requirements to ../../build/challenge02/challenge02.egg-info/requires.txt
[3.245s] writing top-level names to ../../build/challenge02/challenge02.egg-info/top_level.txt
[3.249s] reading manifest file '../../build/challenge02/challenge02.egg-info/SOURCES.txt'
[3.252s] writing manifest file '../../build/challenge02/challenge02.egg-info/SOURCES.txt'
[3.252s] running build
[3.253s] running build_py
[3.260s] copying challenge02/set_point.py -> /home/josea/ros2_ws/build/challenge02/build/lib/challenge02
[3.261s] copying challenge02/controller.py -> /home/josea/ros2_ws/build/challenge02/build/lib/challenge02
[3.264s] running install
[3.266s] running install_lib
[3.271s] copying /home/josea/ros2_ws/build/challenge02/build/lib/challenge02/set_point.py -> /home/josea/ros2_ws/install/challenge02/lib/python3.10/site-packages/challenge02
[3.273s] copying /home/josea/ros2_ws/build/challenge02/build/lib/challenge02/controller.py -> /home/josea/ros2_ws/install/challenge02/lib/python3.10/site-packages/challenge02
[3.276s] byte-compiling /home/josea/ros2_ws/install/challenge02/lib/python3.10/site-packages/challenge02/set_point.py to set_point.cpython-310.pyc
[3.281s] byte-compiling /home/josea/ros2_ws/install/challenge02/lib/python3.10/site-packages/challenge02/controller.py to controller.cpython-310.pyc
[3.287s] running install_data
[3.287s] running install_egg_info
[3.293s] removing '/home/josea/ros2_ws/install/challenge02/lib/python3.10/site-packages/challenge02-0.0.0-py3.10.egg-info' (and everything under it)
[3.298s] Copying ../../build/challenge02/challenge02.egg-info to /home/josea/ros2_ws/install/challenge02/lib/python3.10/site-packages/challenge02-0.0.0-py3.10.egg-info
[3.302s] running install_scripts
[3.389s] Installing controller script to /home/josea/ros2_ws/install/challenge02/lib/challenge02
[3.392s] Installing dc_motor script to /home/josea/ros2_ws/install/challenge02/lib/challenge02
[3.393s] Installing plant_test script to /home/josea/ros2_ws/install/challenge02/lib/challenge02
[3.393s] Installing set_point script to /home/josea/ros2_ws/install/challenge02/lib/challenge02
[3.393s] writing list of installed files to '/home/josea/ros2_ws/build/challenge02/install.log'
[3.822s] Invoked command in '/home/josea/ros2_ws/src/challenge02' returned '0': PYTHONPATH=/home/josea/ros2_ws/build/challenge02/prefix_override:/usr/lib/python3/dist-packages/colcon_core/task/python/colcon_distutils_commands:/home/josea/ros2_ws/install/challenge02/lib/python3.10/site-packages:${PYTHONPATH} /usr/bin/python3 -W ignore:setup.py install is deprecated -W ignore:easy_install command is deprecated setup.py egg_info --egg-base ../../build/challenge02 build --build-base /home/josea/ros2_ws/build/challenge02/build install --record /home/josea/ros2_ws/build/challenge02/install.log --single-version-externally-managed install_data
