[2.489s] Invoking command in '/home/josea/ros2_ws/src/challengefinal': PYTHONPATH=/home/josea/ros2_ws/build/challengefinal/prefix_override:/usr/lib/python3/dist-packages/colcon_core/task/python/colcon_distutils_commands:/home/josea/ros2_ws/install/challengefinal/lib/python3.10/site-packages:${PYTHONPATH} /usr/bin/python3 -W ignore:setup.py install is deprecated -W ignore:easy_install command is deprecated setup.py egg_info --egg-base ../../build/challengefinal build --build-base /home/josea/ros2_ws/build/challengefinal/build install --record /home/josea/ros2_ws/build/challengefinal/install.log --single-version-externally-managed install_data
[3.693s] running egg_info
[3.693s] writing ../../build/challengefinal/challengefinal.egg-info/PKG-INFO
[3.695s] writing dependency_links to ../../build/challengefinal/challengefinal.egg-info/dependency_links.txt
[3.700s] writing entry points to ../../build/challengefinal/challengefinal.egg-info/entry_points.txt
[3.700s] writing requirements to ../../build/challengefinal/challengefinal.egg-info/requires.txt
[3.702s] writing top-level names to ../../build/challengefinal/challengefinal.egg-info/top_level.txt
[3.708s] reading manifest file '../../build/challengefinal/challengefinal.egg-info/SOURCES.txt'
[3.712s] writing manifest file '../../build/challengefinal/challengefinal.egg-info/SOURCES.txt'
[3.713s] running build
[3.714s] running build_py
[3.714s] running install
[3.716s] running install_lib
[3.724s] running install_data
[3.725s] running install_egg_info
[3.732s] removing '/home/josea/ros2_ws/install/challengefinal/lib/python3.10/site-packages/challengefinal-0.0.0-py3.10.egg-info' (and everything under it)
[3.737s] Copying ../../build/challengefinal/challengefinal.egg-info to /home/josea/ros2_ws/install/challengefinal/lib/python3.10/site-packages/challengefinal-0.0.0-py3.10.egg-info
[3.745s] running install_scripts
[3.831s] Installing signal_generator script to /home/josea/ros2_ws/install/challengefinal/lib/challengefinal
[3.833s] writing list of installed files to '/home/josea/ros2_ws/build/challengefinal/install.log'
[4.202s] Invoked command in '/home/josea/ros2_ws/src/challengefinal' returned '0': PYTHONPATH=/home/josea/ros2_ws/build/challengefinal/prefix_override:/usr/lib/python3/dist-packages/colcon_core/task/python/colcon_distutils_commands:/home/josea/ros2_ws/install/challengefinal/lib/python3.10/site-packages:${PYTHONPATH} /usr/bin/python3 -W ignore:setup.py install is deprecated -W ignore:easy_install command is deprecated setup.py egg_info --egg-base ../../build/challengefinal build --build-base /home/josea/ros2_ws/build/challengefinal/build install --record /home/josea/ros2_ws/build/challengefinal/install.log --single-version-externally-managed install_data
