[0.020s] Invoking command in '/home/josea/ros2_ws/src/build/custom_interfaces': CMAKE_PREFIX_PATH=/home/josea/ros2_ws/install/my_pack_clas:/home/josea/ros2_ws/install/motor_control:/home/josea/ros2_ws/install/challenge02:/home/josea/ros2_ws/install/challenge01:/home/josea/ros2_ws/install/basic_comms:/home/josea/ros2_ws/install/Challenge02:/opt/ros/humble /usr/bin/cmake /home/josea/ros2_ws/src/custom_interfaces -DCMAKE_INSTALL_PREFIX=/home/josea/ros2_ws/src/install/custom_interfaces
[0.061s] -- Found ament_cmake: 1.3.11 (/opt/ros/humble/share/ament_cmake/cmake)
[0.471s] -- Found std_msgs: 4.2.4 (/opt/ros/humble/share/std_msgs/cmake)
[0.560s] -- Found rosidl_generator_c: 3.1.6 (/opt/ros/humble/share/rosidl_generator_c/cmake)
[0.571s] -- Found rosidl_adapter: 3.1.6 (/opt/ros/humble/share/rosidl_adapter/cmake)
[0.587s] -- Found rosidl_generator_cpp: 3.1.6 (/opt/ros/humble/share/rosidl_generator_cpp/cmake)
[0.630s] -- Using all available rosidl_typesupport_c: rosidl_typesupport_fastrtps_c;rosidl_typesupport_introspection_c
[0.671s] -- Using all available rosidl_typesupport_cpp: rosidl_typesupport_fastrtps_cpp;rosidl_typesupport_introspection_cpp
[0.773s] [31mCMake Error at CMakeLists.txt:11 (find_package):
[0.774s]   By not providing "Findgeometry_msgs--license.cmake" in CMAKE_MODULE_PATH
[0.774s]   this project has asked CMake to find a package configuration file provided
[0.774s]   by "geometry_msgs--license", but CMake did not find one.
[0.774s] 
[0.774s]   Could not find a package configuration file provided by
[0.774s]   "geometry_msgs--license" with any of the following names:
[0.774s] 
[0.774s]     geometry_msgs--licenseConfig.cmake
[0.775s]     geometry_msgs--license-config.cmake
[0.775s] 
[0.775s]   Add the installation prefix of "geometry_msgs--license" to
[0.775s]   CMAKE_PREFIX_PATH or set "geometry_msgs--license_DIR" to a directory
[0.775s]   containing one of the above files.  If "geometry_msgs--license" provides a
[0.775s]   separate development package or SDK, be sure it has been installed.
[0.782s] 
[0.782s] [0m
[0.783s] -- Configuring incomplete, errors occurred!
[0.783s] See also "/home/josea/ros2_ws/src/build/custom_interfaces/CMakeFiles/CMakeOutput.log".
[0.792s] Invoked command in '/home/josea/ros2_ws/src/build/custom_interfaces' returned '1': CMAKE_PREFIX_PATH=/home/josea/ros2_ws/install/my_pack_clas:/home/josea/ros2_ws/install/motor_control:/home/josea/ros2_ws/install/challenge02:/home/josea/ros2_ws/install/challenge01:/home/josea/ros2_ws/install/basic_comms:/home/josea/ros2_ws/install/Challenge02:/opt/ros/humble /usr/bin/cmake /home/josea/ros2_ws/src/custom_interfaces -DCMAKE_INSTALL_PREFIX=/home/josea/ros2_ws/src/install/custom_interfaces
