running egg_info
writing ../../build/challenge03/challenge03.egg-info/PKG-INFO
writing dependency_links to ../../build/challenge03/challenge03.egg-info/dependency_links.txt
writing entry points to ../../build/challenge03/challenge03.egg-info/entry_points.txt
writing requirements to ../../build/challenge03/challenge03.egg-info/requires.txt
writing top-level names to ../../build/challenge03/challenge03.egg-info/top_level.txt
reading manifest file '../../build/challenge03/challenge03.egg-info/SOURCES.txt'
writing manifest file '../../build/challenge03/challenge03.egg-info/SOURCES.txt'
running build
running build_py
copying challenge03/publisher_pwm.py -> /home/josea/ros2_ws/build/challenge03/build/lib/challenge03
running install
running install_lib
copying /home/josea/ros2_ws/build/challenge03/build/lib/challenge03/publisher_pwm.py -> /home/josea/ros2_ws/install/challenge03/lib/python3.10/site-packages/challenge03
byte-compiling /home/josea/ros2_ws/install/challenge03/lib/python3.10/site-packages/challenge03/publisher_pwm.py to publisher_pwm.cpython-310.pyc
running install_data
running install_egg_info
removing '/home/josea/ros2_ws/install/challenge03/lib/python3.10/site-packages/challenge03-0.0.0-py3.10.egg-info' (and everything under it)
Copying ../../build/challenge03/challenge03.egg-info to /home/josea/ros2_ws/install/challenge03/lib/python3.10/site-packages/challenge03-0.0.0-py3.10.egg-info
running install_scripts
Installing publisher_pwm script to /home/josea/ros2_ws/install/challenge03/lib/challenge03
writing list of installed files to '/home/josea/ros2_ws/build/challenge03/install.log'
