[2.417s] Invoking command in '/home/josea/ros2_ws/src/challenge02': PYTHONPATH=/home/josea/ros2_ws/src/build/challenge02/prefix_override:/usr/lib/python3/dist-packages/colcon_core/task/python/colcon_distutils_commands:/home/josea/ros2_ws/src/install/challenge02/lib/python3.10/site-packages:${PYTHONPATH} /usr/bin/python3 -W ignore:setup.py install is deprecated -W ignore:easy_install command is deprecated setup.py egg_info --egg-base ../build/challenge02 build --build-base /home/josea/ros2_ws/src/build/challenge02/build install --record /home/josea/ros2_ws/src/build/challenge02/install.log --single-version-externally-managed install_data
[3.268s] running egg_info
[3.269s] writing ../build/challenge02/challenge02.egg-info/PKG-INFO
[3.270s] writing dependency_links to ../build/challenge02/challenge02.egg-info/dependency_links.txt
[3.273s] writing entry points to ../build/challenge02/challenge02.egg-info/entry_points.txt
[3.273s] writing requirements to ../build/challenge02/challenge02.egg-info/requires.txt
[3.273s] writing top-level names to ../build/challenge02/challenge02.egg-info/top_level.txt
[3.278s] reading manifest file '../build/challenge02/challenge02.egg-info/SOURCES.txt'
[3.280s] writing manifest file '../build/challenge02/challenge02.egg-info/SOURCES.txt'
[3.281s] running build
[3.281s] running build_py
[3.281s] copying challenge02/dc_motor.py -> /home/josea/ros2_ws/src/build/challenge02/build/lib/challenge02
[3.281s] running install
[3.282s] running install_lib
[3.288s] copying /home/josea/ros2_ws/src/build/challenge02/build/lib/challenge02/dc_motor.py -> /home/josea/ros2_ws/src/install/challenge02/lib/python3.10/site-packages/challenge02
[3.289s] byte-compiling /home/josea/ros2_ws/src/install/challenge02/lib/python3.10/site-packages/challenge02/dc_motor.py to dc_motor.cpython-310.pyc
[3.292s] running install_data
[3.294s] running install_egg_info
[3.297s] removing '/home/josea/ros2_ws/src/install/challenge02/lib/python3.10/site-packages/challenge02-0.0.0-py3.10.egg-info' (and everything under it)
[3.297s] Copying ../build/challenge02/challenge02.egg-info to /home/josea/ros2_ws/src/install/challenge02/lib/python3.10/site-packages/challenge02-0.0.0-py3.10.egg-info
[3.302s] running install_scripts
[3.364s] Installing controller script to /home/josea/ros2_ws/src/install/challenge02/lib/challenge02
[3.365s] Installing dc_motor script to /home/josea/ros2_ws/src/install/challenge02/lib/challenge02
[3.365s] Installing plant_test script to /home/josea/ros2_ws/src/install/challenge02/lib/challenge02
[3.365s] Installing set_point script to /home/josea/ros2_ws/src/install/challenge02/lib/challenge02
[3.371s] writing list of installed files to '/home/josea/ros2_ws/src/build/challenge02/install.log'
[3.670s] Invoked command in '/home/josea/ros2_ws/src/challenge02' returned '0': PYTHONPATH=/home/josea/ros2_ws/src/build/challenge02/prefix_override:/usr/lib/python3/dist-packages/colcon_core/task/python/colcon_distutils_commands:/home/josea/ros2_ws/src/install/challenge02/lib/python3.10/site-packages:${PYTHONPATH} /usr/bin/python3 -W ignore:setup.py install is deprecated -W ignore:easy_install command is deprecated setup.py egg_info --egg-base ../build/challenge02 build --build-base /home/josea/ros2_ws/src/build/challenge02/build install --record /home/josea/ros2_ws/src/build/challenge02/install.log --single-version-externally-managed install_data
