[5.520s] Invoking command in '/home/josea/ros2_ws/src/challenge01': PYTHONPATH=/home/josea/ros2_ws/build/challenge01/prefix_override:/usr/lib/python3/dist-packages/colcon_core/task/python/colcon_distutils_commands:/home/josea/ros2_ws/install/challenge01/lib/python3.10/site-packages:${PYTHONPATH} /usr/bin/python3 -W ignore:setup.py install is deprecated -W ignore:easy_install command is deprecated setup.py egg_info --egg-base ../../build/challenge01 build --build-base /home/josea/ros2_ws/build/challenge01/build install --record /home/josea/ros2_ws/build/challenge01/install.log --single-version-externally-managed install_data
[7.593s] running egg_info
[7.598s] writing ../../build/challenge01/challenge01.egg-info/PKG-INFO
[7.598s] writing dependency_links to ../../build/challenge01/challenge01.egg-info/dependency_links.txt
[7.598s] writing entry points to ../../build/challenge01/challenge01.egg-info/entry_points.txt
[7.598s] writing requirements to ../../build/challenge01/challenge01.egg-info/requires.txt
[7.603s] writing top-level names to ../../build/challenge01/challenge01.egg-info/top_level.txt
[7.616s] reading manifest file '../../build/challenge01/challenge01.egg-info/SOURCES.txt'
[7.621s] writing manifest file '../../build/challenge01/challenge01.egg-info/SOURCES.txt'
[7.624s] running build
[7.626s] running build_py
[7.628s] running install
[7.632s] running install_lib
[7.648s] running install_data
[7.648s] running install_egg_info
[7.666s] removing '/home/josea/ros2_ws/install/challenge01/lib/python3.10/site-packages/challenge01-0.0.0-py3.10.egg-info' (and everything under it)
[7.667s] Copying ../../build/challenge01/challenge01.egg-info to /home/josea/ros2_ws/install/challenge01/lib/python3.10/site-packages/challenge01-0.0.0-py3.10.egg-info
[7.675s] running install_scripts
[7.800s] Installing proccess script to /home/josea/ros2_ws/install/challenge01/lib/challenge01
[7.803s] Installing signal_generetor script to /home/josea/ros2_ws/install/challenge01/lib/challenge01
[7.817s] writing list of installed files to '/home/josea/ros2_ws/build/challenge01/install.log'
[8.068s] Invoked command in '/home/josea/ros2_ws/src/challenge01' returned '0': PYTHONPATH=/home/josea/ros2_ws/build/challenge01/prefix_override:/usr/lib/python3/dist-packages/colcon_core/task/python/colcon_distutils_commands:/home/josea/ros2_ws/install/challenge01/lib/python3.10/site-packages:${PYTHONPATH} /usr/bin/python3 -W ignore:setup.py install is deprecated -W ignore:easy_install command is deprecated setup.py egg_info --egg-base ../../build/challenge01 build --build-base /home/josea/ros2_ws/build/challenge01/build install --record /home/josea/ros2_ws/build/challenge01/install.log --single-version-externally-managed install_data
