[2.173s] Invoking command in '/home/josea/ros2_ws/src/Challenge02': PYTHONPATH=/home/josea/ros2_ws/build/Challenge02/prefix_override:/usr/lib/python3/dist-packages/colcon_core/task/python/colcon_distutils_commands:/home/josea/ros2_ws/install/Challenge02/lib/python3.10/site-packages:${PYTHONPATH} /usr/bin/python3 -W ignore:setup.py install is deprecated -W ignore:easy_install command is deprecated setup.py egg_info --egg-base ../../build/Challenge02 build --build-base /home/josea/ros2_ws/build/Challenge02/build install --record /home/josea/ros2_ws/build/Challenge02/install.log --single-version-externally-managed install_data
[2.889s] running egg_info
[2.890s] writing ../../build/Challenge02/Challenge02.egg-info/PKG-INFO
[2.891s] writing dependency_links to ../../build/Challenge02/Challenge02.egg-info/dependency_links.txt
[2.892s] writing entry points to ../../build/Challenge02/Challenge02.egg-info/entry_points.txt
[2.895s] writing requirements to ../../build/Challenge02/Challenge02.egg-info/requires.txt
[2.895s] writing top-level names to ../../build/Challenge02/Challenge02.egg-info/top_level.txt
[2.900s] reading manifest file '../../build/Challenge02/Challenge02.egg-info/SOURCES.txt'
[2.901s] writing manifest file '../../build/Challenge02/Challenge02.egg-info/SOURCES.txt'
[2.901s] running build
[2.901s] running build_py
[2.903s] running install
[2.907s] running install_lib
[2.913s] running install_data
[2.913s] running install_egg_info
[2.915s] removing '/home/josea/ros2_ws/install/Challenge02/lib/python3.10/site-packages/Challenge02-0.0.0-py3.10.egg-info' (and everything under it)
[2.922s] Copying ../../build/Challenge02/Challenge02.egg-info to /home/josea/ros2_ws/install/Challenge02/lib/python3.10/site-packages/Challenge02-0.0.0-py3.10.egg-info
[2.928s] running install_scripts
[2.982s] Installing controller script to /home/josea/ros2_ws/install/Challenge02/lib/Challenge02
[2.984s] Installing dc_motor script to /home/josea/ros2_ws/install/Challenge02/lib/Challenge02
[2.984s] Installing plant_test script to /home/josea/ros2_ws/install/Challenge02/lib/Challenge02
[2.984s] Installing set_point script to /home/josea/ros2_ws/install/Challenge02/lib/Challenge02
[2.985s] writing list of installed files to '/home/josea/ros2_ws/build/Challenge02/install.log'
[3.131s] Invoked command in '/home/josea/ros2_ws/src/Challenge02' returned '0': PYTHONPATH=/home/josea/ros2_ws/build/Challenge02/prefix_override:/usr/lib/python3/dist-packages/colcon_core/task/python/colcon_distutils_commands:/home/josea/ros2_ws/install/Challenge02/lib/python3.10/site-packages:${PYTHONPATH} /usr/bin/python3 -W ignore:setup.py install is deprecated -W ignore:easy_install command is deprecated setup.py egg_info --egg-base ../../build/Challenge02 build --build-base /home/josea/ros2_ws/build/Challenge02/build install --record /home/josea/ros2_ws/build/Challenge02/install.log --single-version-externally-managed install_data
